#
# There is insufficient memory for the Java Runtime Environment to continue.
# Native memory allocation (mmap) failed to map 1235222528 bytes for G1 virtual space
# Possible reasons:
#   The system is out of physical RAM or swap space
#   The process is running with CompressedOops enabled, and the Java Heap may be blocking the growth of the native heap
# Possible solutions:
#   Reduce memory load on the system
#   Increase physical memory or swap space
#   Check if swap backing store is full
#   Decrease Java heap size (-Xmx/-Xms)
#   Decrease number of Java threads
#   Decrease Java thread stack sizes (-Xss)
#   Set larger code cache with -XX:ReservedCodeCacheSize=
#   JVM is running with Zero Based Compressed Oops mode in which the Java heap is
#     placed in the first 32GB address space. The Java Heap base address is the
#     maximum limit for the native heap growth. Please use -XX:HeapBaseMinAddress
#     to set the Java Heap base and to place the Java Heap above 32GB virtual address.
# This output file may be truncated or incomplete.
#
#  Out of Memory Error (os_windows.cpp:3527), pid=11744, tid=20660
#
# JRE version: Java(TM) SE Runtime Environment (19.0+36) (build 19+36-2238)
# Java VM: Java HotSpot(TM) 64-Bit Server VM (19+36-2238, mixed mode, sharing, tiered, compressed oops, compressed class ptrs, g1 gc, windows-amd64)
# No core dump will be written. Minidumps are not enabled by default on client versions of Windows
#

---------------  S U M M A R Y ------------

Command Line: -Dfile.encoding=windows-1252 -Duser.country=US -Duser.language=en -Duser.variant org.example.Main

Host: AMD Ryzen 7 4700U with Radeon Graphics         , 8 cores, 15G,  Windows 10 , 64 bit Build 19041 (10.0.19041.3636)
Time: Mon Apr  8 12:06:11 2024 W. Europe Daylight Time elapsed time: 1.346539 seconds (0d 0h 0m 1s)

---------------  T H R E A D  ---------------

Current thread (0x000001dd2bb973d0):  VMThread "VM Thread" [stack: 0x0000001e14e00000,0x0000001e14f00000] [id=20660]

Stack: [0x0000001e14e00000,0x0000001e14f00000]
Native frames: (J=compiled Java code, j=interpreted, Vv=VM code, C=native code)
V  [jvm.dll+0x6ee8fa]
V  [jvm.dll+0x857a1e]
V  [jvm.dll+0x85940e]
V  [jvm.dll+0x859ac3]
V  [jvm.dll+0x28291f]
V  [jvm.dll+0x6eb6e9]
V  [jvm.dll+0x6e028a]
V  [jvm.dll+0x357136]
V  [jvm.dll+0x35eb96]
V  [jvm.dll+0x3b555e]
V  [jvm.dll+0x3b578f]
V  [jvm.dll+0x32c6ea]
V  [jvm.dll+0x32c797]
V  [jvm.dll+0x374b52]
V  [jvm.dll+0x37328f]
V  [jvm.dll+0x32bf10]
V  [jvm.dll+0x37282b]
V  [jvm.dll+0x85ef83]
V  [jvm.dll+0x85fd49]
V  [jvm.dll+0x86027d]
V  [jvm.dll+0x86070b]
V  [jvm.dll+0x8607c7]
V  [jvm.dll+0x8015fa]
V  [jvm.dll+0x6ed5eb]
C  [ucrtbase.dll+0x21bb2]
C  [KERNEL32.DLL+0x17344]
C  [ntdll.dll+0x526b1]

VM_Operation (0x0000001e148fedc0): G1CollectForAllocation, mode: safepoint, requested by thread 0x000001dd07383430


---------------  P R O C E S S  ---------------

Threads class SMR info:
_java_thread_list=0x000001dd30523d70, length=12, elements={
0x000001dd07383430, 0x000001dd2bbb52c0, 0x000001dd2bbb5eb0, 0x000001dd2bbb8bf0,
0x000001dd2bbbb680, 0x000001dd2bbbc3c0, 0x000001dd2bbbccf0, 0x000001dd2bbbd950,
0x000001dd2bbbe540, 0x000001dd2bbcbc20, 0x000001dd3053f8d0, 0x000001dd30546290
}

Java Threads: ( => current thread )
  0x000001dd07383430 JavaThread "main" [_thread_blocked, id=10044, stack(0x0000001e14800000,0x0000001e14900000)]
  0x000001dd2bbb52c0 JavaThread "Reference Handler" daemon [_thread_blocked, id=13864, stack(0x0000001e14f00000,0x0000001e15000000)]
  0x000001dd2bbb5eb0 JavaThread "Finalizer" daemon [_thread_blocked, id=4036, stack(0x0000001e15000000,0x0000001e15100000)]
  0x000001dd2bbb8bf0 JavaThread "Signal Dispatcher" daemon [_thread_blocked, id=25156, stack(0x0000001e15100000,0x0000001e15200000)]
  0x000001dd2bbbb680 JavaThread "Attach Listener" daemon [_thread_blocked, id=17084, stack(0x0000001e15200000,0x0000001e15300000)]
  0x000001dd2bbbc3c0 JavaThread "Service Thread" daemon [_thread_blocked, id=5228, stack(0x0000001e15300000,0x0000001e15400000)]
  0x000001dd2bbbccf0 JavaThread "Monitor Deflation Thread" daemon [_thread_blocked, id=10188, stack(0x0000001e15400000,0x0000001e15500000)]
  0x000001dd2bbbd950 JavaThread "C2 CompilerThread0" daemon [_thread_blocked, id=8304, stack(0x0000001e15500000,0x0000001e15600000)]
  0x000001dd2bbbe540 JavaThread "C1 CompilerThread0" daemon [_thread_blocked, id=18976, stack(0x0000001e15600000,0x0000001e15700000)]
  0x000001dd2bbcbc20 JavaThread "Sweeper thread" daemon [_thread_blocked, id=18376, stack(0x0000001e15700000,0x0000001e15800000)]
  0x000001dd3053f8d0 JavaThread "Notification Thread" daemon [_thread_blocked, id=25752, stack(0x0000001e15800000,0x0000001e15900000)]
  0x000001dd30546290 JavaThread "Common-Cleaner" daemon [_thread_blocked, id=23184, stack(0x0000001e15a00000,0x0000001e15b00000)]

Other Threads:
=>0x000001dd2bb973d0 VMThread "VM Thread" [stack: 0x0000001e14e00000,0x0000001e14f00000] [id=20660]
  0x000001dd30545e30 WatcherThread "VM Periodic Task Thread" [stack: 0x0000001e15900000,0x0000001e15a00000] [id=24344]
  0x000001dd073f1920 WorkerThread "GC Thread#0" [stack: 0x0000001e14900000,0x0000001e14a00000] [id=13536]
  0x000001dd305f0660 WorkerThread "GC Thread#1" [stack: 0x0000001e15b00000,0x0000001e15c00000] [id=23496]
  0x000001dd30549040 WorkerThread "GC Thread#2" [stack: 0x0000001e15c00000,0x0000001e15d00000] [id=12716]
  0x000001dd30549310 WorkerThread "GC Thread#3" [stack: 0x0000001e15d00000,0x0000001e15e00000] [id=22172]
  0x000001dd305495e0 WorkerThread "GC Thread#4" [stack: 0x0000001e15e00000,0x0000001e15f00000] [id=13744]
  0x000001dd306a2140 WorkerThread "GC Thread#5" [stack: 0x0000001e16600000,0x0000001e16700000] [id=24424]
  0x000001dd306e89c0 WorkerThread "GC Thread#6" [stack: 0x0000001e16700000,0x0000001e16800000] [id=17580]
  0x000001dd309c6330 WorkerThread "GC Thread#7" [stack: 0x0000001e16800000,0x0000001e16900000] [id=22032]
  0x000001dd07402020 ConcurrentGCThread "G1 Main Marker" [stack: 0x0000001e14a00000,0x0000001e14b00000] [id=1128]
  0x000001dd07403a60 WorkerThread "G1 Conc#0" [stack: 0x0000001e14b00000,0x0000001e14c00000] [id=20492]
  0x000001dd309c6ba0 WorkerThread "G1 Conc#1" [stack: 0x0000001e16900000,0x0000001e16a00000] [id=10904]
  0x000001dd2ba55fe0 ConcurrentGCThread "G1 Refine#0" [stack: 0x0000001e14c00000,0x0000001e14d00000] [id=24696]
  0x000001dd305f3170 ConcurrentGCThread "G1 Refine#1" [stack: 0x0000001e15f00000,0x0000001e16000000] [id=16696]
  0x000001dd306a2450 ConcurrentGCThread "G1 Refine#2" [stack: 0x0000001e16000000,0x0000001e16100000] [id=25772]
  0x000001dd306c60f0 ConcurrentGCThread "G1 Refine#3" [stack: 0x0000001e16100000,0x0000001e16200000] [id=17060]
  0x000001dd306e8680 ConcurrentGCThread "G1 Refine#4" [stack: 0x0000001e16200000,0x0000001e16300000] [id=20028]
  0x000001dd307eaaa0 ConcurrentGCThread "G1 Refine#5" [stack: 0x0000001e16300000,0x0000001e16400000] [id=15076]
  0x000001dd307eb460 ConcurrentGCThread "G1 Refine#6" [stack: 0x0000001e16400000,0x0000001e16500000] [id=25208]
  0x000001dd307ec4a0 ConcurrentGCThread "G1 Refine#7" [stack: 0x0000001e16500000,0x0000001e16600000] [id=19100]
  0x000001dd2ba56a20 ConcurrentGCThread "G1 Service" [stack: 0x0000001e14d00000,0x0000001e14e00000] [id=6740]

Threads with active compile tasks:

VM state: at safepoint (normal execution)

VM Mutex/Monitor currently owned by a thread:  ([mutex/lock_event])
[0x000001dd0737de80] Threads_lock - owner thread: 0x000001dd2bb973d0
[0x000001dd0737eb70] Heap_lock - owner thread: 0x000001dd07383430

Heap address: 0x000000070a000000, size: 3936 MB, Compressed Oops mode: Zero based, Oop shift amount: 3

CDS archive(s) mapped at: [0x0000000800000000-0x0000000800c40000-0x0000000800c40000), size 12845056, SharedBaseAddress: 0x0000000800000000, ArchiveRelocationMode: 0.
Compressed class space mapped at: 0x0000000801000000-0x0000000841000000, reserved size: 1073741824
Narrow klass base: 0x0000000800000000, Narrow klass shift: 0, Narrow klass range: 0x100000000

GC Precious Log:
 CardTable entry size: 512
 Card Set container configuration: InlinePtr #cards 4 size 8 Array Of Cards #cards 8 size 32 Howl #buckets 8 coarsen threshold 3686 Howl Bitmap #cards 512 size 80 coarsen threshold 460 Card regions per heap region 1 cards per card region 4096
 CPUs: 8 total, 8 available
 Memory: 15741M
 Large Page Support: Disabled
 NUMA Support: Disabled
 Compressed Oops: Enabled (Zero based)
 Heap Region Size: 2M
 Heap Min Capacity: 8M
 Heap Initial Capacity: 246M
 Heap Max Capacity: 3936M
 Pre-touch: Disabled
 Parallel Workers: 8
 Concurrent Workers: 2
 Concurrent Refinement Workers: 8
 Periodic GC: Disabled

Heap:
 garbage-first heap   total 606208K, used 594800K [0x000000070a000000, 0x0000000800000000)
  region size 2048K, 1 young (2048K), 1 survivors (2048K)
 Metaspace       used 173K, committed 384K, reserved 1114112K
  class space    used 7K, committed 128K, reserved 1048576K

Heap Regions: E=young(eden), S=young(survivor), O=old, HS=humongous(starts), HC=humongous(continues), CS=collection set, F=free, OA=open archive, CA=closed archive, TAMS=top-at-mark-start (previous, next)
|   0|0x000000070a000000, 0x000000070a200000, 0x000000070a200000|100%|HS|  |TAMS 0x000000070a000000, 0x000000070a000000| Complete 
|   1|0x000000070a200000, 0x000000070a400000, 0x000000070a400000|100%|HS|  |TAMS 0x000000070a200000, 0x000000070a200000| Complete 
|   2|0x000000070a400000, 0x000000070a600000, 0x000000070a600000|100%|HS|  |TAMS 0x000000070a400000, 0x000000070a400000| Complete 
|   3|0x000000070a600000, 0x000000070a800000, 0x000000070a800000|100%|HS|  |TAMS 0x000000070a600000, 0x000000070a600000| Complete 
|   4|0x000000070a800000, 0x000000070aa00000, 0x000000070aa00000|100%|HS|  |TAMS 0x000000070a800000, 0x000000070a800000| Complete 
|   5|0x000000070aa00000, 0x000000070ac00000, 0x000000070ac00000|100%|HS|  |TAMS 0x000000070aa00000, 0x000000070aa00000| Complete 
|   6|0x000000070ac00000, 0x000000070ae00000, 0x000000070ae00000|100%|HS|  |TAMS 0x000000070ac00000, 0x000000070ac00000| Complete 
|   7|0x000000070ae00000, 0x000000070b000000, 0x000000070b000000|100%|HS|  |TAMS 0x000000070ae00000, 0x000000070ae00000| Complete 
|   8|0x000000070b000000, 0x000000070b200000, 0x000000070b200000|100%|HS|  |TAMS 0x000000070b000000, 0x000000070b000000| Complete 
|   9|0x000000070b200000, 0x000000070b400000, 0x000000070b400000|100%|HS|  |TAMS 0x000000070b200000, 0x000000070b200000| Complete 
|  10|0x000000070b400000, 0x000000070b600000, 0x000000070b600000|100%|HS|  |TAMS 0x000000070b400000, 0x000000070b400000| Complete 
|  11|0x000000070b600000, 0x000000070b800000, 0x000000070b800000|100%|HS|  |TAMS 0x000000070b600000, 0x000000070b600000| Complete 
|  12|0x000000070b800000, 0x000000070ba00000, 0x000000070ba00000|100%|HS|  |TAMS 0x000000070b800000, 0x000000070b800000| Complete 
|  13|0x000000070ba00000, 0x000000070bc00000, 0x000000070bc00000|100%|HS|  |TAMS 0x000000070ba00000, 0x000000070ba00000| Complete 
|  14|0x000000070bc00000, 0x000000070be00000, 0x000000070be00000|100%|HS|  |TAMS 0x000000070bc00000, 0x000000070bc00000| Complete 
|  15|0x000000070be00000, 0x000000070c000000, 0x000000070c000000|100%|HS|  |TAMS 0x000000070be00000, 0x000000070be00000| Complete 
|  16|0x000000070c000000, 0x000000070c200000, 0x000000070c200000|100%|HS|  |TAMS 0x000000070c000000, 0x000000070c000000| Complete 
|  17|0x000000070c200000, 0x000000070c400000, 0x000000070c400000|100%|HS|  |TAMS 0x000000070c200000, 0x000000070c200000| Complete 
|  18|0x000000070c400000, 0x000000070c600000, 0x000000070c600000|100%|HS|  |TAMS 0x000000070c400000, 0x000000070c400000| Complete 
|  19|0x000000070c600000, 0x000000070c800000, 0x000000070c800000|100%|HS|  |TAMS 0x000000070c600000, 0x000000070c600000| Complete 
|  20|0x000000070c800000, 0x000000070ca00000, 0x000000070ca00000|100%|HS|  |TAMS 0x000000070c800000, 0x000000070c800000| Complete 
|  21|0x000000070ca00000, 0x000000070cc00000, 0x000000070cc00000|100%|HS|  |TAMS 0x000000070ca00000, 0x000000070ca00000| Complete 
|  22|0x000000070cc00000, 0x000000070ce00000, 0x000000070ce00000|100%|HS|  |TAMS 0x000000070cc00000, 0x000000070cc00000| Complete 
|  23|0x000000070ce00000, 0x000000070d000000, 0x000000070d000000|100%|HS|  |TAMS 0x000000070ce00000, 0x000000070ce00000| Complete 
|  24|0x000000070d000000, 0x000000070d200000, 0x000000070d200000|100%|HS|  |TAMS 0x000000070d000000, 0x000000070d000000| Complete 
|  25|0x000000070d200000, 0x000000070d400000, 0x000000070d400000|100%|HS|  |TAMS 0x000000070d200000, 0x000000070d200000| Complete 
|  26|0x000000070d400000, 0x000000070d600000, 0x000000070d600000|100%|HS|  |TAMS 0x000000070d400000, 0x000000070d400000| Complete 
|  27|0x000000070d600000, 0x000000070d800000, 0x000000070d800000|100%|HS|  |TAMS 0x000000070d600000, 0x000000070d600000| Complete 
|  28|0x000000070d800000, 0x000000070da00000, 0x000000070da00000|100%|HS|  |TAMS 0x000000070d800000, 0x000000070d800000| Complete 
|  29|0x000000070da00000, 0x000000070dc00000, 0x000000070dc00000|100%|HS|  |TAMS 0x000000070da00000, 0x000000070da00000| Complete 
|  30|0x000000070dc00000, 0x000000070de00000, 0x000000070de00000|100%|HS|  |TAMS 0x000000070dc00000, 0x000000070dc00000| Complete 
|  31|0x000000070de00000, 0x000000070e000000, 0x000000070e000000|100%|HS|  |TAMS 0x000000070de00000, 0x000000070de00000| Complete 
|  32|0x000000070e000000, 0x000000070e200000, 0x000000070e200000|100%|HS|  |TAMS 0x000000070e000000, 0x000000070e000000| Complete 
|  33|0x000000070e200000, 0x000000070e400000, 0x000000070e400000|100%|HS|  |TAMS 0x000000070e200000, 0x000000070e200000| Complete 
|  34|0x000000070e400000, 0x000000070e600000, 0x000000070e600000|100%|HS|  |TAMS 0x000000070e400000, 0x000000070e400000| Complete 
|  35|0x000000070e600000, 0x000000070e800000, 0x000000070e800000|100%|HS|  |TAMS 0x000000070e600000, 0x000000070e600000| Complete 
|  36|0x000000070e800000, 0x000000070ea00000, 0x000000070ea00000|100%|HS|  |TAMS 0x000000070e800000, 0x000000070e800000| Complete 
|  37|0x000000070ea00000, 0x000000070ec00000, 0x000000070ec00000|100%|HS|  |TAMS 0x000000070ea00000, 0x000000070ea00000| Complete 
|  38|0x000000070ec00000, 0x000000070ee00000, 0x000000070ee00000|100%|HS|  |TAMS 0x000000070ec00000, 0x000000070ec00000| Complete 
|  39|0x000000070ee00000, 0x000000070f000000, 0x000000070f000000|100%|HS|  |TAMS 0x000000070ee00000, 0x000000070ee00000| Complete 
|  40|0x000000070f000000, 0x000000070f200000, 0x000000070f200000|100%|HS|  |TAMS 0x000000070f000000, 0x000000070f000000| Complete 
|  41|0x000000070f200000, 0x000000070f400000, 0x000000070f400000|100%|HS|  |TAMS 0x000000070f200000, 0x000000070f200000| Complete 
|  42|0x000000070f400000, 0x000000070f600000, 0x000000070f600000|100%|HS|  |TAMS 0x000000070f400000, 0x000000070f400000| Complete 
|  43|0x000000070f600000, 0x000000070f800000, 0x000000070f800000|100%|HS|  |TAMS 0x000000070f600000, 0x000000070f600000| Complete 
|  44|0x000000070f800000, 0x000000070fa00000, 0x000000070fa00000|100%|HS|  |TAMS 0x000000070f800000, 0x000000070f800000| Complete 
|  45|0x000000070fa00000, 0x000000070fc00000, 0x000000070fc00000|100%|HS|  |TAMS 0x000000070fa00000, 0x000000070fa00000| Complete 
|  46|0x000000070fc00000, 0x000000070fe00000, 0x000000070fe00000|100%|HS|  |TAMS 0x000000070fc00000, 0x000000070fc00000| Complete 
|  47|0x000000070fe00000, 0x0000000710000000, 0x0000000710000000|100%|HS|  |TAMS 0x000000070fe00000, 0x000000070fe00000| Complete 
|  48|0x0000000710000000, 0x0000000710200000, 0x0000000710200000|100%|HS|  |TAMS 0x0000000710000000, 0x0000000710000000| Complete 
|  49|0x0000000710200000, 0x0000000710400000, 0x0000000710400000|100%|HS|  |TAMS 0x0000000710200000, 0x0000000710200000| Complete 
|  50|0x0000000710400000, 0x0000000710600000, 0x0000000710600000|100%|HS|  |TAMS 0x0000000710400000, 0x0000000710400000| Complete 
|  51|0x0000000710600000, 0x0000000710800000, 0x0000000710800000|100%|HS|  |TAMS 0x0000000710600000, 0x0000000710600000| Complete 
|  52|0x0000000710800000, 0x0000000710a00000, 0x0000000710a00000|100%|HS|  |TAMS 0x0000000710800000, 0x0000000710800000| Complete 
|  53|0x0000000710a00000, 0x0000000710c00000, 0x0000000710c00000|100%|HS|  |TAMS 0x0000000710a00000, 0x0000000710a00000| Complete 
|  54|0x0000000710c00000, 0x0000000710e00000, 0x0000000710e00000|100%|HS|  |TAMS 0x0000000710c00000, 0x0000000710c00000| Complete 
|  55|0x0000000710e00000, 0x0000000711000000, 0x0000000711000000|100%|HS|  |TAMS 0x0000000710e00000, 0x0000000710e00000| Complete 
|  56|0x0000000711000000, 0x0000000711200000, 0x0000000711200000|100%|HS|  |TAMS 0x0000000711000000, 0x0000000711000000| Complete 
|  57|0x0000000711200000, 0x0000000711400000, 0x0000000711400000|100%|HS|  |TAMS 0x0000000711200000, 0x0000000711200000| Complete 
|  58|0x0000000711400000, 0x0000000711600000, 0x0000000711600000|100%|HS|  |TAMS 0x0000000711400000, 0x0000000711400000| Complete 
|  59|0x0000000711600000, 0x0000000711800000, 0x0000000711800000|100%|HS|  |TAMS 0x0000000711600000, 0x0000000711600000| Complete 
|  60|0x0000000711800000, 0x0000000711a00000, 0x0000000711a00000|100%|HS|  |TAMS 0x0000000711800000, 0x0000000711800000| Complete 
|  61|0x0000000711a00000, 0x0000000711c00000, 0x0000000711c00000|100%|HS|  |TAMS 0x0000000711a00000, 0x0000000711a00000| Complete 
|  62|0x0000000711c00000, 0x0000000711e00000, 0x0000000711e00000|100%|HS|  |TAMS 0x0000000711c00000, 0x0000000711c00000| Complete 
|  63|0x0000000711e00000, 0x0000000712000000, 0x0000000712000000|100%|HS|  |TAMS 0x0000000711e00000, 0x0000000711e00000| Complete 
|  64|0x0000000712000000, 0x0000000712200000, 0x0000000712200000|100%|HS|  |TAMS 0x0000000712000000, 0x0000000712000000| Complete 
|  65|0x0000000712200000, 0x0000000712400000, 0x0000000712400000|100%|HS|  |TAMS 0x0000000712200000, 0x0000000712200000| Complete 
|  66|0x0000000712400000, 0x0000000712600000, 0x0000000712600000|100%|HS|  |TAMS 0x0000000712400000, 0x0000000712400000| Complete 
|  67|0x0000000712600000, 0x0000000712800000, 0x0000000712800000|100%|HS|  |TAMS 0x0000000712600000, 0x0000000712600000| Complete 
|  68|0x0000000712800000, 0x0000000712a00000, 0x0000000712a00000|100%|HS|  |TAMS 0x0000000712800000, 0x0000000712800000| Complete 
|  69|0x0000000712a00000, 0x0000000712c00000, 0x0000000712c00000|100%|HS|  |TAMS 0x0000000712a00000, 0x0000000712a00000| Complete 
|  70|0x0000000712c00000, 0x0000000712e00000, 0x0000000712e00000|100%|HS|  |TAMS 0x0000000712c00000, 0x0000000712c00000| Complete 
|  71|0x0000000712e00000, 0x0000000713000000, 0x0000000713000000|100%|HS|  |TAMS 0x0000000712e00000, 0x0000000712e00000| Complete 
|  72|0x0000000713000000, 0x0000000713200000, 0x0000000713200000|100%|HS|  |TAMS 0x0000000713000000, 0x0000000713000000| Complete 
|  73|0x0000000713200000, 0x0000000713400000, 0x0000000713400000|100%|HS|  |TAMS 0x0000000713200000, 0x0000000713200000| Complete 
|  74|0x0000000713400000, 0x0000000713600000, 0x0000000713600000|100%|HS|  |TAMS 0x0000000713400000, 0x0000000713400000| Complete 
|  75|0x0000000713600000, 0x0000000713800000, 0x0000000713800000|100%|HS|  |TAMS 0x0000000713600000, 0x0000000713600000| Complete 
|  76|0x0000000713800000, 0x0000000713a00000, 0x0000000713a00000|100%|HS|  |TAMS 0x0000000713800000, 0x0000000713800000| Complete 
|  77|0x0000000713a00000, 0x0000000713c00000, 0x0000000713c00000|100%|HS|  |TAMS 0x0000000713a00000, 0x0000000713a00000| Complete 
|  78|0x0000000713c00000, 0x0000000713e00000, 0x0000000713e00000|100%|HS|  |TAMS 0x0000000713c00000, 0x0000000713c00000| Complete 
|  79|0x0000000713e00000, 0x0000000714000000, 0x0000000714000000|100%|HS|  |TAMS 0x0000000713e00000, 0x0000000713e00000| Complete 
|  80|0x0000000714000000, 0x0000000714200000, 0x0000000714200000|100%|HS|  |TAMS 0x0000000714000000, 0x0000000714000000| Complete 
|  81|0x0000000714200000, 0x0000000714400000, 0x0000000714400000|100%|HS|  |TAMS 0x0000000714200000, 0x0000000714200000| Complete 
|  82|0x0000000714400000, 0x0000000714600000, 0x0000000714600000|100%|HS|  |TAMS 0x0000000714400000, 0x0000000714400000| Complete 
|  83|0x0000000714600000, 0x0000000714800000, 0x0000000714800000|100%|HS|  |TAMS 0x0000000714600000, 0x0000000714600000| Complete 
|  84|0x0000000714800000, 0x0000000714a00000, 0x0000000714a00000|100%|HS|  |TAMS 0x0000000714800000, 0x0000000714800000| Complete 
|  85|0x0000000714a00000, 0x0000000714c00000, 0x0000000714c00000|100%|HS|  |TAMS 0x0000000714a00000, 0x0000000714a00000| Complete 
|  86|0x0000000714c00000, 0x0000000714e00000, 0x0000000714e00000|100%|HS|  |TAMS 0x0000000714c00000, 0x0000000714c00000| Complete 
|  87|0x0000000714e00000, 0x0000000715000000, 0x0000000715000000|100%|HC|  |TAMS 0x0000000714e00000, 0x0000000714e00000| Complete 
|  88|0x0000000715000000, 0x0000000715200000, 0x0000000715200000|100%|HS|  |TAMS 0x0000000715000000, 0x0000000715000000| Complete 
|  89|0x0000000715200000, 0x0000000715400000, 0x0000000715400000|100%|HC|  |TAMS 0x0000000715200000, 0x0000000715200000| Complete 
|  90|0x0000000715400000, 0x0000000715600000, 0x0000000715600000|100%|HS|  |TAMS 0x0000000715400000, 0x0000000715400000| Complete 
|  91|0x0000000715600000, 0x0000000715800000, 0x0000000715800000|100%|HC|  |TAMS 0x0000000715600000, 0x0000000715600000| Complete 
|  92|0x0000000715800000, 0x0000000715800000, 0x0000000715a00000|  0%| F|  |TAMS 0x0000000715800000, 0x0000000715800000| Untracked 
|  93|0x0000000715a00000, 0x0000000715a00000, 0x0000000715c00000|  0%| F|  |TAMS 0x0000000715a00000, 0x0000000715a00000| Untracked 
|  94|0x0000000715c00000, 0x0000000715e00000, 0x0000000715e00000|100%|HS|  |TAMS 0x0000000715c00000, 0x0000000715c00000| Complete 
|  95|0x0000000715e00000, 0x0000000716000000, 0x0000000716000000|100%|HC|  |TAMS 0x0000000715e00000, 0x0000000715e00000| Complete 
|  96|0x0000000716000000, 0x0000000716200000, 0x0000000716200000|100%|HS|  |TAMS 0x0000000716000000, 0x0000000716000000| Complete 
|  97|0x0000000716200000, 0x0000000716400000, 0x0000000716400000|100%|HC|  |TAMS 0x0000000716200000, 0x0000000716200000| Complete 
|  98|0x0000000716400000, 0x0000000716600000, 0x0000000716600000|100%|HS|  |TAMS 0x0000000716400000, 0x0000000716400000| Complete 
|  99|0x0000000716600000, 0x0000000716800000, 0x0000000716800000|100%|HC|  |TAMS 0x0000000716600000, 0x0000000716600000| Complete 
| 100|0x0000000716800000, 0x0000000716a00000, 0x0000000716a00000|100%|HS|  |TAMS 0x0000000716800000, 0x0000000716800000| Complete 
| 101|0x0000000716a00000, 0x0000000716c00000, 0x0000000716c00000|100%|HC|  |TAMS 0x0000000716a00000, 0x0000000716a00000| Complete 
| 102|0x0000000716c00000, 0x0000000716e00000, 0x0000000716e00000|100%|HS|  |TAMS 0x0000000716c00000, 0x0000000716c00000| Complete 
| 103|0x0000000716e00000, 0x0000000717000000, 0x0000000717000000|100%|HC|  |TAMS 0x0000000716e00000, 0x0000000716e00000| Complete 
| 104|0x0000000717000000, 0x0000000717200000, 0x0000000717200000|100%|HS|  |TAMS 0x0000000717000000, 0x0000000717000000| Complete 
| 105|0x0000000717200000, 0x0000000717400000, 0x0000000717400000|100%|HC|  |TAMS 0x0000000717200000, 0x0000000717200000| Complete 
| 106|0x0000000717400000, 0x0000000717600000, 0x0000000717600000|100%|HS|  |TAMS 0x0000000717400000, 0x0000000717400000| Complete 
| 107|0x0000000717600000, 0x0000000717800000, 0x0000000717800000|100%|HC|  |TAMS 0x0000000717600000, 0x0000000717600000| Complete 
| 108|0x0000000717800000, 0x0000000717a00000, 0x0000000717a00000|100%|HS|  |TAMS 0x0000000717800000, 0x0000000717800000| Complete 
| 109|0x0000000717a00000, 0x0000000717c00000, 0x0000000717c00000|100%|HC|  |TAMS 0x0000000717a00000, 0x0000000717a00000| Complete 
| 110|0x0000000717c00000, 0x0000000717e00000, 0x0000000717e00000|100%|HS|  |TAMS 0x0000000717c00000, 0x0000000717c00000| Complete 
| 111|0x0000000717e00000, 0x0000000718000000, 0x0000000718000000|100%|HC|  |TAMS 0x0000000717e00000, 0x0000000717e00000| Complete 
| 112|0x0000000718000000, 0x0000000718200000, 0x0000000718200000|100%|HS|  |TAMS 0x0000000718000000, 0x0000000718000000| Complete 
| 113|0x0000000718200000, 0x0000000718400000, 0x0000000718400000|100%|HS|  |TAMS 0x0000000718200000, 0x0000000718200000| Complete 
| 114|0x0000000718400000, 0x0000000718600000, 0x0000000718600000|100%|HC|  |TAMS 0x0000000718400000, 0x0000000718400000| Complete 
| 115|0x0000000718600000, 0x0000000718800000, 0x0000000718800000|100%| O|  |TAMS 0x0000000718800000, 0x0000000718600000| Untracked 
| 116|0x0000000718800000, 0x0000000718a00000, 0x0000000718a00000|100%| O|  |TAMS 0x0000000718a00000, 0x0000000718800000| Untracked 
| 117|0x0000000718a00000, 0x0000000718c00000, 0x0000000718c00000|100%|HS|  |TAMS 0x0000000718a00000, 0x0000000718a00000| Complete 
| 118|0x0000000718c00000, 0x0000000718e00000, 0x0000000718e00000|100%|HC|  |TAMS 0x0000000718c00000, 0x0000000718c00000| Complete 
| 119|0x0000000718e00000, 0x0000000719000000, 0x0000000719000000|100%|HS|  |TAMS 0x0000000718e00000, 0x0000000718e00000| Complete 
| 120|0x0000000719000000, 0x0000000719200000, 0x0000000719200000|100%|HC|  |TAMS 0x0000000719000000, 0x0000000719000000| Complete 
| 121|0x0000000719200000, 0x0000000719400000, 0x0000000719400000|100%|HS|  |TAMS 0x0000000719200000, 0x0000000719200000| Complete 
| 122|0x0000000719400000, 0x0000000719600000, 0x0000000719600000|100%|HC|  |TAMS 0x0000000719400000, 0x0000000719400000| Complete 
| 123|0x0000000719600000, 0x0000000719800000, 0x0000000719800000|100%|HS|  |TAMS 0x0000000719600000, 0x0000000719600000| Complete 
| 124|0x0000000719800000, 0x0000000719a00000, 0x0000000719a00000|100%|HC|  |TAMS 0x0000000719800000, 0x0000000719800000| Complete 
| 125|0x0000000719a00000, 0x0000000719c00000, 0x0000000719c00000|100%|HS|  |TAMS 0x0000000719a00000, 0x0000000719a00000| Complete 
| 126|0x0000000719c00000, 0x0000000719e00000, 0x0000000719e00000|100%|HC|  |TAMS 0x0000000719c00000, 0x0000000719c00000| Complete 
| 127|0x0000000719e00000, 0x000000071a000000, 0x000000071a000000|100%|HS|  |TAMS 0x0000000719e00000, 0x0000000719e00000| Complete 
| 128|0x000000071a000000, 0x000000071a200000, 0x000000071a200000|100%|HC|  |TAMS 0x000000071a000000, 0x000000071a000000| Complete 
| 129|0x000000071a200000, 0x000000071a400000, 0x000000071a400000|100%|HS|  |TAMS 0x000000071a200000, 0x000000071a200000| Complete 
| 130|0x000000071a400000, 0x000000071a600000, 0x000000071a600000|100%|HC|  |TAMS 0x000000071a400000, 0x000000071a400000| Complete 
| 131|0x000000071a600000, 0x000000071a800000, 0x000000071a800000|100%|HS|  |TAMS 0x000000071a600000, 0x000000071a600000| Complete 
| 132|0x000000071a800000, 0x000000071aa00000, 0x000000071aa00000|100%|HC|  |TAMS 0x000000071a800000, 0x000000071a800000| Complete 
| 133|0x000000071aa00000, 0x000000071ac00000, 0x000000071ac00000|100%|HS|  |TAMS 0x000000071aa00000, 0x000000071aa00000| Complete 
| 134|0x000000071ac00000, 0x000000071ae00000, 0x000000071ae00000|100%|HC|  |TAMS 0x000000071ac00000, 0x000000071ac00000| Complete 
| 135|0x000000071ae00000, 0x000000071b000000, 0x000000071b000000|100%|HS|  |TAMS 0x000000071ae00000, 0x000000071ae00000| Complete 
| 136|0x000000071b000000, 0x000000071b200000, 0x000000071b200000|100%|HC|  |TAMS 0x000000071b000000, 0x000000071b000000| Complete 
| 137|0x000000071b200000, 0x000000071b400000, 0x000000071b400000|100%|HS|  |TAMS 0x000000071b200000, 0x000000071b200000| Complete 
| 138|0x000000071b400000, 0x000000071b600000, 0x000000071b600000|100%|HC|  |TAMS 0x000000071b400000, 0x000000071b400000| Complete 
| 139|0x000000071b600000, 0x000000071b800000, 0x000000071b800000|100%|HS|  |TAMS 0x000000071b600000, 0x000000071b600000| Complete 
| 140|0x000000071b800000, 0x000000071ba00000, 0x000000071ba00000|100%|HC|  |TAMS 0x000000071b800000, 0x000000071b800000| Complete 
| 141|0x000000071ba00000, 0x000000071bc00000, 0x000000071bc00000|100%|HS|  |TAMS 0x000000071ba00000, 0x000000071ba00000| Complete 
| 142|0x000000071bc00000, 0x000000071be00000, 0x000000071be00000|100%|HC|  |TAMS 0x000000071bc00000, 0x000000071bc00000| Complete 
| 143|0x000000071be00000, 0x000000071c000000, 0x000000071c000000|100%|HS|  |TAMS 0x000000071be00000, 0x000000071be00000| Complete 
| 144|0x000000071c000000, 0x000000071c200000, 0x000000071c200000|100%|HC|  |TAMS 0x000000071c000000, 0x000000071c000000| Complete 
| 145|0x000000071c200000, 0x000000071c400000, 0x000000071c400000|100%|HS|  |TAMS 0x000000071c200000, 0x000000071c200000| Complete 
| 146|0x000000071c400000, 0x000000071c600000, 0x000000071c600000|100%|HC|  |TAMS 0x000000071c400000, 0x000000071c400000| Complete 
| 147|0x000000071c600000, 0x000000071c800000, 0x000000071c800000|100%|HS|  |TAMS 0x000000071c600000, 0x000000071c600000| Complete 
| 148|0x000000071c800000, 0x000000071ca00000, 0x000000071ca00000|100%|HC|  |TAMS 0x000000071c800000, 0x000000071c800000| Complete 
| 149|0x000000071ca00000, 0x000000071cc00000, 0x000000071cc00000|100%|HS|  |TAMS 0x000000071ca00000, 0x000000071ca00000| Complete 
| 150|0x000000071cc00000, 0x000000071ce00000, 0x000000071ce00000|100%|HC|  |TAMS 0x000000071cc00000, 0x000000071cc00000| Complete 
| 151|0x000000071ce00000, 0x000000071d000000, 0x000000071d000000|100%|HS|  |TAMS 0x000000071ce00000, 0x000000071ce00000| Complete 
| 152|0x000000071d000000, 0x000000071d200000, 0x000000071d200000|100%|HC|  |TAMS 0x000000071d000000, 0x000000071d000000| Complete 
| 153|0x000000071d200000, 0x000000071d400000, 0x000000071d400000|100%|HS|  |TAMS 0x000000071d200000, 0x000000071d200000| Complete 
| 154|0x000000071d400000, 0x000000071d600000, 0x000000071d600000|100%|HC|  |TAMS 0x000000071d400000, 0x000000071d400000| Complete 
| 155|0x000000071d600000, 0x000000071d800000, 0x000000071d800000|100%|HS|  |TAMS 0x000000071d600000, 0x000000071d600000| Complete 
| 156|0x000000071d800000, 0x000000071da00000, 0x000000071da00000|100%|HC|  |TAMS 0x000000071d800000, 0x000000071d800000| Complete 
| 157|0x000000071da00000, 0x000000071dc00000, 0x000000071dc00000|100%|HS|  |TAMS 0x000000071da00000, 0x000000071da00000| Complete 
| 158|0x000000071dc00000, 0x000000071de00000, 0x000000071de00000|100%|HC|  |TAMS 0x000000071dc00000, 0x000000071dc00000| Complete 
| 159|0x000000071de00000, 0x000000071e000000, 0x000000071e000000|100%|HS|  |TAMS 0x000000071de00000, 0x000000071de00000| Complete 
| 160|0x000000071e000000, 0x000000071e200000, 0x000000071e200000|100%|HC|  |TAMS 0x000000071e000000, 0x000000071e000000| Complete 
| 161|0x000000071e200000, 0x000000071e400000, 0x000000071e400000|100%|HS|  |TAMS 0x000000071e200000, 0x000000071e200000| Complete 
| 162|0x000000071e400000, 0x000000071e600000, 0x000000071e600000|100%|HC|  |TAMS 0x000000071e400000, 0x000000071e400000| Complete 
| 163|0x000000071e600000, 0x000000071e800000, 0x000000071e800000|100%|HS|  |TAMS 0x000000071e600000, 0x000000071e600000| Complete 
| 164|0x000000071e800000, 0x000000071ea00000, 0x000000071ea00000|100%|HC|  |TAMS 0x000000071e800000, 0x000000071e800000| Complete 
| 165|0x000000071ea00000, 0x000000071ec00000, 0x000000071ec00000|100%|HS|  |TAMS 0x000000071ea00000, 0x000000071ea00000| Complete 
| 166|0x000000071ec00000, 0x000000071ee00000, 0x000000071ee00000|100%|HC|  |TAMS 0x000000071ec00000, 0x000000071ec00000| Complete 
| 167|0x000000071ee00000, 0x000000071f000000, 0x000000071f000000|100%|HS|  |TAMS 0x000000071ee00000, 0x000000071ee00000| Complete 
| 168|0x000000071f000000, 0x000000071f200000, 0x000000071f200000|100%|HC|  |TAMS 0x000000071f000000, 0x000000071f000000| Complete 
| 169|0x000000071f200000, 0x000000071f400000, 0x000000071f400000|100%|HS|  |TAMS 0x000000071f200000, 0x000000071f200000| Complete 
| 170|0x000000071f400000, 0x000000071f600000, 0x000000071f600000|100%|HC|  |TAMS 0x000000071f400000, 0x000000071f400000| Complete 
| 171|0x000000071f600000, 0x000000071f800000, 0x000000071f800000|100%|HS|  |TAMS 0x000000071f600000, 0x000000071f600000| Complete 
| 172|0x000000071f800000, 0x000000071fa00000, 0x000000071fa00000|100%|HC|  |TAMS 0x000000071f800000, 0x000000071f800000| Complete 
| 173|0x000000071fa00000, 0x000000071fc00000, 0x000000071fc00000|100%|HS|  |TAMS 0x000000071fa00000, 0x000000071fa00000| Complete 
| 174|0x000000071fc00000, 0x000000071fe00000, 0x000000071fe00000|100%|HC|  |TAMS 0x000000071fc00000, 0x000000071fc00000| Complete 
| 175|0x000000071fe00000, 0x0000000720000000, 0x0000000720000000|100%|HS|  |TAMS 0x000000071fe00000, 0x000000071fe00000| Complete 
| 176|0x0000000720000000, 0x0000000720200000, 0x0000000720200000|100%|HC|  |TAMS 0x0000000720000000, 0x0000000720000000| Complete 
| 177|0x0000000720200000, 0x0000000720400000, 0x0000000720400000|100%|HS|  |TAMS 0x0000000720200000, 0x0000000720200000| Complete 
| 178|0x0000000720400000, 0x0000000720600000, 0x0000000720600000|100%|HC|  |TAMS 0x0000000720400000, 0x0000000720400000| Complete 
| 179|0x0000000720600000, 0x0000000720800000, 0x0000000720800000|100%|HS|  |TAMS 0x0000000720600000, 0x0000000720600000| Complete 
| 180|0x0000000720800000, 0x0000000720a00000, 0x0000000720a00000|100%|HC|  |TAMS 0x0000000720800000, 0x0000000720800000| Complete 
| 181|0x0000000720a00000, 0x0000000720c00000, 0x0000000720c00000|100%|HS|  |TAMS 0x0000000720a00000, 0x0000000720a00000| Complete 
| 182|0x0000000720c00000, 0x0000000720e00000, 0x0000000720e00000|100%|HC|  |TAMS 0x0000000720c00000, 0x0000000720c00000| Complete 
| 183|0x0000000720e00000, 0x0000000721000000, 0x0000000721000000|100%|HS|  |TAMS 0x0000000720e00000, 0x0000000720e00000| Complete 
| 184|0x0000000721000000, 0x0000000721200000, 0x0000000721200000|100%|HC|  |TAMS 0x0000000721000000, 0x0000000721000000| Complete 
| 185|0x0000000721200000, 0x0000000721400000, 0x0000000721400000|100%|HS|  |TAMS 0x0000000721200000, 0x0000000721200000| Complete 
| 186|0x0000000721400000, 0x0000000721600000, 0x0000000721600000|100%|HC|  |TAMS 0x0000000721400000, 0x0000000721400000| Complete 
| 187|0x0000000721600000, 0x0000000721800000, 0x0000000721800000|100%|HS|  |TAMS 0x0000000721600000, 0x0000000721600000| Complete 
| 188|0x0000000721800000, 0x0000000721a00000, 0x0000000721a00000|100%|HC|  |TAMS 0x0000000721800000, 0x0000000721800000| Complete 
| 189|0x0000000721a00000, 0x0000000721c00000, 0x0000000721c00000|100%|HS|  |TAMS 0x0000000721a00000, 0x0000000721a00000| Complete 
| 190|0x0000000721c00000, 0x0000000721e00000, 0x0000000721e00000|100%|HC|  |TAMS 0x0000000721c00000, 0x0000000721c00000| Complete 
| 191|0x0000000721e00000, 0x0000000722000000, 0x0000000722000000|100%|HS|  |TAMS 0x0000000721e00000, 0x0000000721e00000| Complete 
| 192|0x0000000722000000, 0x0000000722200000, 0x0000000722200000|100%|HC|  |TAMS 0x0000000722000000, 0x0000000722000000| Complete 
| 193|0x0000000722200000, 0x0000000722400000, 0x0000000722400000|100%|HS|  |TAMS 0x0000000722200000, 0x0000000722200000| Complete 
| 194|0x0000000722400000, 0x0000000722600000, 0x0000000722600000|100%|HC|  |TAMS 0x0000000722400000, 0x0000000722400000| Complete 
| 195|0x0000000722600000, 0x0000000722800000, 0x0000000722800000|100%|HS|  |TAMS 0x0000000722600000, 0x0000000722600000| Complete 
| 196|0x0000000722800000, 0x0000000722a00000, 0x0000000722a00000|100%|HC|  |TAMS 0x0000000722800000, 0x0000000722800000| Complete 
| 197|0x0000000722a00000, 0x0000000722c00000, 0x0000000722c00000|100%|HS|  |TAMS 0x0000000722a00000, 0x0000000722a00000| Complete 
| 198|0x0000000722c00000, 0x0000000722e00000, 0x0000000722e00000|100%|HC|  |TAMS 0x0000000722c00000, 0x0000000722c00000| Complete 
| 199|0x0000000722e00000, 0x0000000723000000, 0x0000000723000000|100%|HS|  |TAMS 0x0000000722e00000, 0x0000000722e00000| Complete 
| 200|0x0000000723000000, 0x0000000723200000, 0x0000000723200000|100%|HC|  |TAMS 0x0000000723000000, 0x0000000723000000| Complete 
| 201|0x0000000723200000, 0x0000000723400000, 0x0000000723400000|100%|HS|  |TAMS 0x0000000723200000, 0x0000000723200000| Complete 
| 202|0x0000000723400000, 0x0000000723600000, 0x0000000723600000|100%|HC|  |TAMS 0x0000000723400000, 0x0000000723400000| Complete 
| 203|0x0000000723600000, 0x0000000723800000, 0x0000000723800000|100%|HS|  |TAMS 0x0000000723600000, 0x0000000723600000| Complete 
| 204|0x0000000723800000, 0x0000000723a00000, 0x0000000723a00000|100%|HC|  |TAMS 0x0000000723800000, 0x0000000723800000| Complete 
| 205|0x0000000723a00000, 0x0000000723c00000, 0x0000000723c00000|100%|HS|  |TAMS 0x0000000723a00000, 0x0000000723a00000| Complete 
| 206|0x0000000723c00000, 0x0000000723e00000, 0x0000000723e00000|100%|HC|  |TAMS 0x0000000723c00000, 0x0000000723c00000| Complete 
| 207|0x0000000723e00000, 0x0000000724000000, 0x0000000724000000|100%|HS|  |TAMS 0x0000000723e00000, 0x0000000723e00000| Complete 
| 208|0x0000000724000000, 0x0000000724200000, 0x0000000724200000|100%|HC|  |TAMS 0x0000000724000000, 0x0000000724000000| Complete 
| 209|0x0000000724200000, 0x0000000724400000, 0x0000000724400000|100%|HS|  |TAMS 0x0000000724200000, 0x0000000724200000| Complete 
| 210|0x0000000724400000, 0x0000000724600000, 0x0000000724600000|100%|HC|  |TAMS 0x0000000724400000, 0x0000000724400000| Complete 
| 211|0x0000000724600000, 0x0000000724800000, 0x0000000724800000|100%|HS|  |TAMS 0x0000000724600000, 0x0000000724600000| Complete 
| 212|0x0000000724800000, 0x0000000724a00000, 0x0000000724a00000|100%|HC|  |TAMS 0x0000000724800000, 0x0000000724800000| Complete 
| 213|0x0000000724a00000, 0x0000000724c00000, 0x0000000724c00000|100%|HS|  |TAMS 0x0000000724a00000, 0x0000000724a00000| Complete 
| 214|0x0000000724c00000, 0x0000000724e00000, 0x0000000724e00000|100%|HC|  |TAMS 0x0000000724c00000, 0x0000000724c00000| Complete 
| 215|0x0000000724e00000, 0x0000000725000000, 0x0000000725000000|100%|HS|  |TAMS 0x0000000724e00000, 0x0000000724e00000| Complete 
| 216|0x0000000725000000, 0x0000000725200000, 0x0000000725200000|100%|HC|  |TAMS 0x0000000725000000, 0x0000000725000000| Complete 
| 217|0x0000000725200000, 0x0000000725400000, 0x0000000725400000|100%|HS|  |TAMS 0x0000000725200000, 0x0000000725200000| Complete 
| 218|0x0000000725400000, 0x0000000725600000, 0x0000000725600000|100%|HC|  |TAMS 0x0000000725400000, 0x0000000725400000| Complete 
| 219|0x0000000725600000, 0x0000000725800000, 0x0000000725800000|100%|HS|  |TAMS 0x0000000725600000, 0x0000000725600000| Complete 
| 220|0x0000000725800000, 0x0000000725a00000, 0x0000000725a00000|100%|HC|  |TAMS 0x0000000725800000, 0x0000000725800000| Complete 
| 221|0x0000000725a00000, 0x0000000725c00000, 0x0000000725c00000|100%| S|CS|TAMS 0x0000000725a00000, 0x0000000725a00000| Complete 
| 222|0x0000000725c00000, 0x0000000725e00000, 0x0000000725e00000|100%|HS|  |TAMS 0x0000000725e00000, 0x0000000725c00000| Complete 
| 223|0x0000000725e00000, 0x0000000726000000, 0x0000000726000000|100%|HS|  |TAMS 0x0000000725e00000, 0x0000000725e00000| Complete 
| 224|0x0000000726000000, 0x0000000726200000, 0x0000000726200000|100%|HS|  |TAMS 0x0000000726000000, 0x0000000726000000| Complete 
| 225|0x0000000726200000, 0x0000000726400000, 0x0000000726400000|100%|HS|  |TAMS 0x0000000726200000, 0x0000000726200000| Complete 
| 226|0x0000000726400000, 0x0000000726600000, 0x0000000726600000|100%|HS|  |TAMS 0x0000000726400000, 0x0000000726400000| Complete 
| 227|0x0000000726600000, 0x0000000726800000, 0x0000000726800000|100%|HS|  |TAMS 0x0000000726600000, 0x0000000726600000| Complete 
| 228|0x0000000726800000, 0x0000000726a00000, 0x0000000726a00000|100%|HS|  |TAMS 0x0000000726800000, 0x0000000726800000| Complete 
| 229|0x0000000726a00000, 0x0000000726c00000, 0x0000000726c00000|100%|HS|  |TAMS 0x0000000726a00000, 0x0000000726a00000| Complete 
| 230|0x0000000726c00000, 0x0000000726e00000, 0x0000000726e00000|100%|HS|  |TAMS 0x0000000726c00000, 0x0000000726c00000| Complete 
| 231|0x0000000726e00000, 0x0000000727000000, 0x0000000727000000|100%|HC|  |TAMS 0x0000000726e00000, 0x0000000726e00000| Complete 
| 232|0x0000000727000000, 0x0000000727200000, 0x0000000727200000|100%|HS|  |TAMS 0x0000000727000000, 0x0000000727000000| Complete 
| 233|0x0000000727200000, 0x0000000727400000, 0x0000000727400000|100%|HC|  |TAMS 0x0000000727200000, 0x0000000727200000| Complete 
| 234|0x0000000727400000, 0x0000000727600000, 0x0000000727600000|100%|HS|  |TAMS 0x0000000727400000, 0x0000000727400000| Complete 
| 235|0x0000000727600000, 0x0000000727800000, 0x0000000727800000|100%|HC|  |TAMS 0x0000000727600000, 0x0000000727600000| Complete 
| 236|0x0000000727800000, 0x0000000727a00000, 0x0000000727a00000|100%|HS|  |TAMS 0x0000000727800000, 0x0000000727800000| Complete 
| 237|0x0000000727a00000, 0x0000000727c00000, 0x0000000727c00000|100%|HC|  |TAMS 0x0000000727a00000, 0x0000000727a00000| Complete 
| 238|0x0000000727c00000, 0x0000000727e00000, 0x0000000727e00000|100%|HS|  |TAMS 0x0000000727c00000, 0x0000000727c00000| Complete 
| 239|0x0000000727e00000, 0x0000000728000000, 0x0000000728000000|100%|HC|  |TAMS 0x0000000727e00000, 0x0000000727e00000| Complete 
| 240|0x0000000728000000, 0x0000000728200000, 0x0000000728200000|100%|HS|  |TAMS 0x0000000728000000, 0x0000000728000000| Complete 
| 241|0x0000000728200000, 0x0000000728400000, 0x0000000728400000|100%|HC|  |TAMS 0x0000000728200000, 0x0000000728200000| Complete 
| 242|0x0000000728400000, 0x0000000728600000, 0x0000000728600000|100%|HS|  |TAMS 0x0000000728400000, 0x0000000728400000| Complete 
| 243|0x0000000728600000, 0x0000000728800000, 0x0000000728800000|100%|HC|  |TAMS 0x0000000728600000, 0x0000000728600000| Complete 
| 244|0x0000000728800000, 0x0000000728800000, 0x0000000728a00000|  0%| F|  |TAMS 0x0000000728800000, 0x0000000728800000| Untracked 
| 245|0x0000000728a00000, 0x0000000728a00000, 0x0000000728c00000|  0%| F|  |TAMS 0x0000000728a00000, 0x0000000728a00000| Untracked 
| 246|0x0000000728c00000, 0x0000000728e00000, 0x0000000728e00000|100%|HS|  |TAMS 0x0000000728c00000, 0x0000000728c00000| Complete 
| 247|0x0000000728e00000, 0x0000000729000000, 0x0000000729000000|100%|HC|  |TAMS 0x0000000728e00000, 0x0000000728e00000| Complete 
| 248|0x0000000729000000, 0x0000000729200000, 0x0000000729200000|100%|HS|  |TAMS 0x0000000729000000, 0x0000000729000000| Complete 
| 249|0x0000000729200000, 0x0000000729400000, 0x0000000729400000|100%|HC|  |TAMS 0x0000000729200000, 0x0000000729200000| Complete 
| 250|0x0000000729400000, 0x0000000729600000, 0x0000000729600000|100%|HS|  |TAMS 0x0000000729400000, 0x0000000729400000| Complete 
| 251|0x0000000729600000, 0x0000000729800000, 0x0000000729800000|100%|HC|  |TAMS 0x0000000729600000, 0x0000000729600000| Complete 
| 252|0x0000000729800000, 0x0000000729a00000, 0x0000000729a00000|100%|HS|  |TAMS 0x0000000729800000, 0x0000000729800000| Complete 
| 253|0x0000000729a00000, 0x0000000729c00000, 0x0000000729c00000|100%|HC|  |TAMS 0x0000000729a00000, 0x0000000729a00000| Complete 
| 254|0x0000000729c00000, 0x0000000729e00000, 0x0000000729e00000|100%|HS|  |TAMS 0x0000000729c00000, 0x0000000729c00000| Complete 
| 255|0x0000000729e00000, 0x000000072a000000, 0x000000072a000000|100%|HC|  |TAMS 0x0000000729e00000, 0x0000000729e00000| Complete 
| 256|0x000000072a000000, 0x000000072a200000, 0x000000072a200000|100%|HS|  |TAMS 0x000000072a000000, 0x000000072a000000| Complete 
| 257|0x000000072a200000, 0x000000072a400000, 0x000000072a400000|100%|HC|  |TAMS 0x000000072a200000, 0x000000072a200000| Complete 
| 258|0x000000072a400000, 0x000000072a600000, 0x000000072a600000|100%|HS|  |TAMS 0x000000072a400000, 0x000000072a400000| Complete 
| 259|0x000000072a600000, 0x000000072a800000, 0x000000072a800000|100%|HC|  |TAMS 0x000000072a600000, 0x000000072a600000| Complete 
| 260|0x000000072a800000, 0x000000072aa00000, 0x000000072aa00000|100%|HS|  |TAMS 0x000000072a800000, 0x000000072a800000| Complete 
| 261|0x000000072aa00000, 0x000000072ac00000, 0x000000072ac00000|100%|HC|  |TAMS 0x000000072aa00000, 0x000000072aa00000| Complete 
| 262|0x000000072ac00000, 0x000000072ae00000, 0x000000072ae00000|100%|HS|  |TAMS 0x000000072ac00000, 0x000000072ac00000| Complete 
| 263|0x000000072ae00000, 0x000000072b000000, 0x000000072b000000|100%|HC|  |TAMS 0x000000072ae00000, 0x000000072ae00000| Complete 
| 264|0x000000072b000000, 0x000000072b200000, 0x000000072b200000|100%|HS|  |TAMS 0x000000072b000000, 0x000000072b000000| Complete 
| 265|0x000000072b200000, 0x000000072b400000, 0x000000072b400000|100%|HC|  |TAMS 0x000000072b200000, 0x000000072b200000| Complete 
| 266|0x000000072b400000, 0x000000072b600000, 0x000000072b600000|100%|HS|  |TAMS 0x000000072b400000, 0x000000072b400000| Complete 
| 267|0x000000072b600000, 0x000000072b800000, 0x000000072b800000|100%|HC|  |TAMS 0x000000072b600000, 0x000000072b600000| Complete 
| 268|0x000000072b800000, 0x000000072ba00000, 0x000000072ba00000|100%|HS|  |TAMS 0x000000072b800000, 0x000000072b800000| Complete 
| 269|0x000000072ba00000, 0x000000072bc00000, 0x000000072bc00000|100%|HC|  |TAMS 0x000000072ba00000, 0x000000072ba00000| Complete 
| 270|0x000000072bc00000, 0x000000072be00000, 0x000000072be00000|100%|HS|  |TAMS 0x000000072bc00000, 0x000000072bc00000| Complete 
| 271|0x000000072be00000, 0x000000072c000000, 0x000000072c000000|100%|HC|  |TAMS 0x000000072be00000, 0x000000072be00000| Complete 
| 272|0x000000072c000000, 0x000000072c200000, 0x000000072c200000|100%|HS|  |TAMS 0x000000072c000000, 0x000000072c000000| Complete 
| 273|0x000000072c200000, 0x000000072c400000, 0x000000072c400000|100%|HC|  |TAMS 0x000000072c200000, 0x000000072c200000| Complete 
| 274|0x000000072c400000, 0x000000072c600000, 0x000000072c600000|100%|HS|  |TAMS 0x000000072c400000, 0x000000072c400000| Complete 
| 275|0x000000072c600000, 0x000000072c800000, 0x000000072c800000|100%|HC|  |TAMS 0x000000072c600000, 0x000000072c600000| Complete 
| 276|0x000000072c800000, 0x000000072ca00000, 0x000000072ca00000|100%|HS|  |TAMS 0x000000072c800000, 0x000000072c800000| Complete 
| 277|0x000000072ca00000, 0x000000072cc00000, 0x000000072cc00000|100%|HC|  |TAMS 0x000000072ca00000, 0x000000072ca00000| Complete 
| 278|0x000000072cc00000, 0x000000072ce00000, 0x000000072ce00000|100%|HS|  |TAMS 0x000000072cc00000, 0x000000072cc00000| Complete 
| 279|0x000000072ce00000, 0x000000072d000000, 0x000000072d000000|100%|HC|  |TAMS 0x000000072ce00000, 0x000000072ce00000| Complete 
| 280|0x000000072d000000, 0x000000072d200000, 0x000000072d200000|100%|HS|  |TAMS 0x000000072d000000, 0x000000072d000000| Complete 
| 281|0x000000072d200000, 0x000000072d400000, 0x000000072d400000|100%|HC|  |TAMS 0x000000072d200000, 0x000000072d200000| Complete 
| 282|0x000000072d400000, 0x000000072d600000, 0x000000072d600000|100%|HS|  |TAMS 0x000000072d400000, 0x000000072d400000| Complete 
| 283|0x000000072d600000, 0x000000072d800000, 0x000000072d800000|100%|HC|  |TAMS 0x000000072d600000, 0x000000072d600000| Complete 
| 284|0x000000072d800000, 0x000000072da00000, 0x000000072da00000|100%|HS|  |TAMS 0x000000072d800000, 0x000000072d800000| Complete 
| 285|0x000000072da00000, 0x000000072dc00000, 0x000000072dc00000|100%|HC|  |TAMS 0x000000072da00000, 0x000000072da00000| Complete 
| 286|0x000000072dc00000, 0x000000072de00000, 0x000000072de00000|100%|HS|  |TAMS 0x000000072dc00000, 0x000000072dc00000| Complete 
| 287|0x000000072de00000, 0x000000072e000000, 0x000000072e000000|100%|HC|  |TAMS 0x000000072de00000, 0x000000072de00000| Complete 
| 288|0x000000072e000000, 0x000000072e200000, 0x000000072e200000|100%|HS|  |TAMS 0x000000072e000000, 0x000000072e000000| Complete 
| 289|0x000000072e200000, 0x000000072e400000, 0x000000072e400000|100%|HC|  |TAMS 0x000000072e200000, 0x000000072e200000| Complete 
| 290|0x000000072e400000, 0x000000072e600000, 0x000000072e600000|100%|HS|  |TAMS 0x000000072e400000, 0x000000072e400000| Complete 
| 291|0x000000072e600000, 0x000000072e800000, 0x000000072e800000|100%|HC|  |TAMS 0x000000072e600000, 0x000000072e600000| Complete 
|1964|0x00000007ff800000, 0x00000007ff8dc000, 0x00000007ffa00000| 42%| O|  |TAMS 0x00000007ff800000, 0x00000007ff800000| Untracked 
|1965|0x00000007ffa00000, 0x00000007ffc00000, 0x00000007ffc00000|100%| O|  |TAMS 0x00000007ffa00000, 0x00000007ffa00000| Untracked 
|1966|0x00000007ffc00000, 0x00000007ffc00000, 0x00000007ffe00000|  0%| F|  |TAMS 0x00000007ffc00000, 0x00000007ffc00000| Untracked 
|1967|0x00000007ffe00000, 0x0000000800000000, 0x0000000800000000|100%| O|  |TAMS 0x0000000800000000, 0x00000007ffe00000| Untracked 

Card table byte_map: [0x000001dd20ce0000,0x000001dd21490000] _byte_map_base: 0x000001dd1d490000

Marking Bits (Prev, Next): (CMBitMap*) 0x000001dd073f1f50, (CMBitMap*) 0x000001dd073f1f90
 Prev Bits: [0x000001dd21c40000, 0x000001dd259c0000)
 Next Bits: [0x000001dd259c0000, 0x000001dd29740000)

Polling page: 0x000001dd07450000

Metaspace:

Usage:
  Non-class:    165.33 KB used.
      Class:      7.83 KB used.
       Both:    173.16 KB used.

Virtual space:
  Non-class space:       64.00 MB reserved,     256.00 KB ( <1%) committed,  1 nodes.
      Class space:        1.00 GB reserved,     128.00 KB ( <1%) committed,  1 nodes.
             Both:        1.06 GB reserved,     384.00 KB ( <1%) committed. 

Chunk freelists:
   Non-Class:  3.98 MB
       Class:  3.75 MB
        Both:  7.73 MB

MaxMetaspaceSize: unlimited
CompressedClassSpaceSize: 1.00 GB
Initial GC threshold: 21.00 MB
Current GC threshold: 21.00 MB
CDS: on
MetaspaceReclaimPolicy: balanced
 - commit_granule_bytes: 65536.
 - commit_granule_words: 8192.
 - virtual_space_node_default_size: 8388608.
 - enlarge_chunks_in_place: 1.
 - new_chunks_are_fully_committed: 0.
 - uncommit_free_chunks: 1.
 - use_allocation_guard: 0.


Internal statistics:

num_allocs_failed_limit: 0.
num_arena_births: 4.
num_arena_deaths: 0.
num_vsnodes_births: 2.
num_vsnodes_deaths: 0.
num_space_committed: 6.
num_space_uncommitted: 0.
num_chunks_returned_to_freelist: 0.
num_chunks_taken_from_freelist: 8.
num_chunk_merges: 0.
num_chunk_splits: 4.
num_chunks_enlarged: 2.
num_inconsistent_stats: 0.

CodeHeap 'non-profiled nmethods': size=120000Kb used=28Kb max_used=28Kb free=119971Kb
 bounds [0x000001dd18580000, 0x000001dd187f0000, 0x000001dd1fab0000]
CodeHeap 'profiled nmethods': size=120000Kb used=109Kb max_used=109Kb free=119890Kb
 bounds [0x000001dd10ab0000, 0x000001dd10d20000, 0x000001dd17fe0000]
CodeHeap 'non-nmethods': size=5760Kb used=1126Kb max_used=1141Kb free=4633Kb
 bounds [0x000001dd17fe0000, 0x000001dd18250000, 0x000001dd18580000]
 total_blobs=386 nmethods=86 adapters=211
 compilation: enabled
              stopped_count=0, restarted_count=0
 full_count=0

Compilation events (20 events):
Event: 0.101 Thread 0x000001dd2bbbe540   78       3       org.example.ub1.my.MyCollection::add (37 bytes)
Event: 0.101 Thread 0x000001dd2bbbe540 nmethod 78 0x000001dd10ac9610 code [0x000001dd10ac97e0, 0x000001dd10ac9bc8]
Event: 0.101 Thread 0x000001dd2bbbe540   77       3       java.lang.Integer::valueOf (32 bytes)
Event: 0.102 Thread 0x000001dd2bbbe540 nmethod 77 0x000001dd10ac9d10 code [0x000001dd10ac9ee0, 0x000001dd10aca1f8]
Event: 0.102 Thread 0x000001dd2bbbe540   79       1       java.lang.Integer::intValue (5 bytes)
Event: 0.102 Thread 0x000001dd2bbbe540 nmethod 79 0x000001dd18585d90 code [0x000001dd18585f20, 0x000001dd18585fd8]
Event: 0.103 Thread 0x000001dd2bbbd950   80       4       java.lang.Integer::valueOf (32 bytes)
Event: 0.104 Thread 0x000001dd2bbbd950 nmethod 80 0x000001dd18586090 code [0x000001dd18586220, 0x000001dd18586338]
Event: 0.104 Thread 0x000001dd2bbbd950   81       4       org.example.ub1.my.MyCollection::add (37 bytes)
Event: 0.105 Thread 0x000001dd2bbbe540   82       3       org.example.ub1.my.MyCollection::increaseSize (66 bytes)
Event: 0.105 Thread 0x000001dd2bbbe540 nmethod 82 0x000001dd10aca310 code [0x000001dd10aca4c0, 0x000001dd10aca808]
Event: 0.106 Thread 0x000001dd2bbbd950 nmethod 81 0x000001dd18586410 code [0x000001dd185865a0, 0x000001dd18586848]
Event: 0.139 Thread 0x000001dd2bbbe540   83       3       java.lang.Long::<init> (10 bytes)
Event: 0.139 Thread 0x000001dd2bbbe540 nmethod 83 0x000001dd10aca910 code [0x000001dd10acaac0, 0x000001dd10acac98]
Event: 0.140 Thread 0x000001dd2bbbd950   84       4       java.util.Arrays::fill (21 bytes)
Event: 0.140 Thread 0x000001dd2bbbe540   85   !   3       org.example.ub1.my.MyCollection::get (14 bytes)
Event: 0.140 Thread 0x000001dd2bbbe540 nmethod 85 0x000001dd10acad90 code [0x000001dd10acaf60, 0x000001dd10acb378]
Event: 0.147 Thread 0x000001dd2bbbd950 nmethod 84 0x000001dd18586a10 code [0x000001dd18586ba0, 0x000001dd18586db8]
Event: 0.962 Thread 0x000001dd2bbbe540   86       1       java.util.concurrent.locks.AbstractOwnableSynchronizer::setExclusiveOwnerThread (6 bytes)
Event: 0.962 Thread 0x000001dd2bbbe540 nmethod 86 0x000001dd18586e90 code [0x000001dd18587020, 0x000001dd18587138]

GC Heap History (20 events):
Event: 0.118 GC heap after
{Heap after GC invocations=1 (full 0):
 garbage-first heap   total 251904K, used 2355K [0x000000070a000000, 0x0000000800000000)
  region size 2048K, 2 young (4096K), 2 survivors (4096K)
 Metaspace       used 167K, committed 384K, reserved 1114112K
  class space    used 7K, committed 128K, reserved 1048576K
}
Event: 0.135 GC heap before
{Heap before GC invocations=1 (full 0):
 garbage-first heap   total 251904K, used 41267K [0x000000070a000000, 0x0000000800000000)
  region size 2048K, 22 young (45056K), 2 survivors (4096K)
 Metaspace       used 167K, committed 384K, reserved 1114112K
  class space    used 7K, committed 128K, reserved 1048576K
}
Event: 0.138 GC heap after
{Heap after GC invocations=2 (full 0):
 garbage-first heap   total 251904K, used 3379K [0x000000070a000000, 0x0000000800000000)
  region size 2048K, 2 young (4096K), 2 survivors (4096K)
 Metaspace       used 167K, committed 384K, reserved 1114112K
  class space    used 7K, committed 128K, reserved 1048576K
}
Event: 0.210 GC heap before
{Heap before GC invocations=2 (full 0):
 garbage-first heap   total 251904K, used 146739K [0x000000070a000000, 0x0000000800000000)
  region size 2048K, 73 young (149504K), 2 survivors (4096K)
 Metaspace       used 173K, committed 384K, reserved 1114112K
  class space    used 7K, committed 128K, reserved 1048576K
}
Event: 0.215 GC heap after
{Heap after GC invocations=3 (full 0):
 garbage-first heap   total 251904K, used 5552K [0x000000070a000000, 0x0000000800000000)
  region size 2048K, 3 young (6144K), 3 survivors (6144K)
 Metaspace       used 173K, committed 384K, reserved 1114112K
  class space    used 7K, committed 128K, reserved 1048576K
}
Event: 0.251 GC heap before
{Heap before GC invocations=3 (full 0):
 garbage-first heap   total 251904K, used 146864K [0x000000070a000000, 0x0000000800000000)
  region size 2048K, 73 young (149504K), 3 survivors (6144K)
 Metaspace       used 173K, committed 384K, reserved 1114112K
  class space    used 7K, committed 128K, reserved 1048576K
}
Event: 0.257 GC heap after
{Heap after GC invocations=4 (full 0):
 garbage-first heap   total 251904K, used 7884K [0x000000070a000000, 0x0000000800000000)
  region size 2048K, 4 young (8192K), 4 survivors (8192K)
 Metaspace       used 173K, committed 384K, reserved 1114112K
  class space    used 7K, committed 128K, reserved 1048576K
}
Event: 0.320 GC heap before
{Heap before GC invocations=4 (full 0):
 garbage-first heap   total 251904K, used 179916K [0x000000070a000000, 0x0000000800000000)
  region size 2048K, 35 young (71680K), 4 survivors (8192K)
 Metaspace       used 173K, committed 384K, reserved 1114112K
  class space    used 7K, committed 128K, reserved 1048576K
}
Event: 0.430 GC heap after
{Heap after GC invocations=5 (full 0):
 garbage-first heap   total 503808K, used 119044K [0x000000070a000000, 0x0000000800000000)
  region size 2048K, 4 young (8192K), 4 survivors (8192K)
 Metaspace       used 173K, committed 384K, reserved 1114112K
  class space    used 7K, committed 128K, reserved 1048576K
}
Event: 0.453 GC heap before
{Heap before GC invocations=5 (full 0):
 garbage-first heap   total 503808K, used 233732K [0x000000070a000000, 0x0000000800000000)
  region size 2048K, 5 young (10240K), 4 survivors (8192K)
 Metaspace       used 173K, committed 384K, reserved 1114112K
  class space    used 7K, committed 128K, reserved 1048576K
}
Event: 0.579 GC heap after
{Heap after GC invocations=6 (full 0):
 garbage-first heap   total 503808K, used 234252K [0x000000070a000000, 0x0000000800000000)
  region size 2048K, 2 young (4096K), 2 survivors (4096K)
 Metaspace       used 173K, committed 384K, reserved 1114112K
  class space    used 7K, committed 128K, reserved 1048576K
}
Event: 0.676 GC heap before
{Heap before GC invocations=7 (full 0):
 garbage-first heap   total 247808K, used 244492K [0x000000070a000000, 0x0000000800000000)
  region size 2048K, 3 young (6144K), 2 survivors (4096K)
 Metaspace       used 173K, committed 384K, reserved 1114112K
  class space    used 7K, committed 128K, reserved 1048576K
}
Event: 0.741 GC heap after
{Heap after GC invocations=8 (full 0):
 garbage-first heap   total 253952K, used 243533K [0x000000070a000000, 0x0000000800000000)
  region size 2048K, 2 young (4096K), 2 survivors (4096K)
 Metaspace       used 173K, committed 384K, reserved 1114112K
  class space    used 7K, committed 128K, reserved 1048576K
}
Event: 0.855 GC heap before
{Heap before GC invocations=8 (full 0):
 garbage-first heap   total 464896K, used 460621K [0x000000070a000000, 0x0000000800000000)
  region size 2048K, 3 young (6144K), 2 survivors (4096K)
 Metaspace       used 173K, committed 384K, reserved 1114112K
  class space    used 7K, committed 128K, reserved 1048576K
}
Event: 0.923 GC heap after
{Heap after GC invocations=9 (full 0):
 garbage-first heap   total 468992K, used 459656K [0x000000070a000000, 0x0000000800000000)
  region size 2048K, 1 young (2048K), 1 survivors (2048K)
 Metaspace       used 173K, committed 384K, reserved 1114112K
  class space    used 7K, committed 128K, reserved 1048576K
}
Event: 0.923 GC heap before
{Heap before GC invocations=9 (full 0):
 garbage-first heap   total 468992K, used 459656K [0x000000070a000000, 0x0000000800000000)
  region size 2048K, 2 young (4096K), 1 survivors (2048K)
 Metaspace       used 173K, committed 384K, reserved 1114112K
  class space    used 7K, committed 128K, reserved 1048576K
}
Event: 0.936 GC heap after
{Heap after GC invocations=10 (full 0):
 garbage-first heap   total 468992K, used 459685K [0x000000070a000000, 0x0000000800000000)
  region size 2048K, 2 young (4096K), 2 survivors (4096K)
 Metaspace       used 173K, committed 384K, reserved 1114112K
  class space    used 7K, committed 128K, reserved 1048576K
}
Event: 1.025 GC heap before
{Heap before GC invocations=11 (full 0):
 garbage-first heap   total 221184K, used 218021K [0x000000070a000000, 0x0000000800000000)
  region size 2048K, 3 young (6144K), 2 survivors (4096K)
 Metaspace       used 173K, committed 384K, reserved 1114112K
  class space    used 7K, committed 128K, reserved 1048576K
}
Event: 1.077 GC heap after
{Heap after GC invocations=12 (full 0):
 garbage-first heap   total 225280K, used 217048K [0x000000070a000000, 0x0000000800000000)
  region size 2048K, 2 young (4096K), 2 survivors (4096K)
 Metaspace       used 173K, committed 384K, reserved 1114112K
  class space    used 7K, committed 128K, reserved 1048576K
}
Event: 1.239 GC heap before
{Heap before GC invocations=12 (full 0):
 garbage-first heap   total 598016K, used 595928K [0x000000070a000000, 0x0000000800000000)
  region size 2048K, 3 young (6144K), 2 survivors (4096K)
 Metaspace       used 173K, committed 384K, reserved 1114112K
  class space    used 7K, committed 128K, reserved 1048576K
}

Dll operation events (2 events):
Event: 0.008 Loaded shared library C:\Program Files\Java\jdk-19\bin\java.dll
Event: 0.021 Loaded shared library C:\Program Files\Java\jdk-19\bin\jsvml.dll

Deoptimization events (12 events):
Event: 0.086 Thread 0x000001dd07383430 DEOPT PACKING pc=0x000001dd10ac7ec9 sp=0x0000001e148fefc0
Event: 0.086 Thread 0x000001dd07383430 DEOPT UNPACKING pc=0x000001dd18047543 sp=0x0000001e148fe530 mode 0
Event: 0.086 Thread 0x000001dd07383430 Uncommon trap: trap_request=0xffffff45 fr.pc=0x000001dd18583dc4 relative=0x0000000000000124
Event: 0.086 Thread 0x000001dd07383430 Uncommon trap: reason=unstable_if action=reinterpret pc=0x000001dd18583dc4 method=org.example.ub2.PrimeToolV2.expandPrimes(I)V @ 113 c2
Event: 0.086 Thread 0x000001dd07383430 DEOPT PACKING pc=0x000001dd18583dc4 sp=0x0000001e148ff0b0
Event: 0.086 Thread 0x000001dd07383430 DEOPT UNPACKING pc=0x000001dd18046da3 sp=0x0000001e148ff030 mode 2
Event: 0.140 Thread 0x000001dd07383430 DEOPT PACKING pc=0x000001dd10ac6165 sp=0x0000001e148ff090
Event: 0.140 Thread 0x000001dd07383430 DEOPT UNPACKING pc=0x000001dd18047543 sp=0x0000001e148fe518 mode 0
Event: 0.140 Thread 0x000001dd07383430 Uncommon trap: trap_request=0xffffff45 fr.pc=0x000001dd18583938 relative=0x0000000000000218
Event: 0.140 Thread 0x000001dd07383430 Uncommon trap: reason=unstable_if action=reinterpret pc=0x000001dd18583938 method=java.util.Arrays.fill([ZZ)V @ 7 c2
Event: 0.140 Thread 0x000001dd07383430 DEOPT PACKING pc=0x000001dd18583938 sp=0x0000001e148ff070
Event: 0.140 Thread 0x000001dd07383430 DEOPT UNPACKING pc=0x000001dd18046da3 sp=0x0000001e148ff018 mode 2

Classes loaded (8 events):
Event: 0.066 Loading class jdk/internal/loader/URLClassPath$FileLoader
Event: 0.066 Loading class jdk/internal/loader/URLClassPath$FileLoader done
Event: 0.067 Loading class jdk/internal/loader/URLClassPath$FileLoader$1
Event: 0.067 Loading class jdk/internal/loader/URLClassPath$FileLoader$1 done
Event: 0.070 Loading class java/lang/ArrayIndexOutOfBoundsException
Event: 0.071 Loading class java/lang/IndexOutOfBoundsException
Event: 0.071 Loading class java/lang/IndexOutOfBoundsException done
Event: 0.071 Loading class java/lang/ArrayIndexOutOfBoundsException done

Classes unloaded (0 events):
No events

Classes redefined (0 events):
No events

Internal exceptions (0 events):
No events

VM Operations (20 events):
Event: 0.430 Executing VM operation: G1TryInitiateConcMark done
Event: 0.453 Executing VM operation: G1TryInitiateConcMark
Event: 0.579 Executing VM operation: G1TryInitiateConcMark done
Event: 0.582 Executing VM operation: G1PauseRemark
Event: 0.583 Executing VM operation: G1PauseRemark done
Event: 0.590 Executing VM operation: G1PauseCleanup
Event: 0.596 Executing VM operation: G1PauseCleanup done
Event: 0.675 Executing VM operation: G1CollectForAllocation
Event: 0.742 Executing VM operation: G1CollectForAllocation done
Event: 0.854 Executing VM operation: G1CollectForAllocation
Event: 0.923 Executing VM operation: G1CollectForAllocation done
Event: 0.923 Executing VM operation: G1TryInitiateConcMark
Event: 0.936 Executing VM operation: G1TryInitiateConcMark done
Event: 0.946 Executing VM operation: G1PauseRemark
Event: 0.947 Executing VM operation: G1PauseRemark done
Event: 0.958 Executing VM operation: G1PauseCleanup
Event: 0.958 Executing VM operation: G1PauseCleanup done
Event: 1.025 Executing VM operation: G1CollectForAllocation
Event: 1.077 Executing VM operation: G1CollectForAllocation done
Event: 1.238 Executing VM operation: G1CollectForAllocation

Events (12 events):
Event: 0.021 Thread 0x000001dd07383430 Thread added: 0x000001dd07383430
Event: 0.038 Thread 0x000001dd2bbb52c0 Thread added: 0x000001dd2bbb52c0
Event: 0.038 Thread 0x000001dd2bbb5eb0 Thread added: 0x000001dd2bbb5eb0
Event: 0.038 Thread 0x000001dd2bbb8bf0 Thread added: 0x000001dd2bbb8bf0
Event: 0.039 Thread 0x000001dd2bbbb680 Thread added: 0x000001dd2bbbb680
Event: 0.039 Thread 0x000001dd2bbbc3c0 Thread added: 0x000001dd2bbbc3c0
Event: 0.039 Thread 0x000001dd2bbbccf0 Thread added: 0x000001dd2bbbccf0
Event: 0.039 Thread 0x000001dd2bbbd950 Thread added: 0x000001dd2bbbd950
Event: 0.039 Thread 0x000001dd2bbbe540 Thread added: 0x000001dd2bbbe540
Event: 0.039 Thread 0x000001dd2bbcbc20 Thread added: 0x000001dd2bbcbc20
Event: 0.064 Thread 0x000001dd3053f8d0 Thread added: 0x000001dd3053f8d0
Event: 0.068 Thread 0x000001dd30546290 Thread added: 0x000001dd30546290


Dynamic libraries:
0x00007ff663170000 - 0x00007ff663180000 	C:\Program Files\Java\jdk-19\bin\java.exe
0x00007ff89fc90000 - 0x00007ff89fe88000 	C:\Windows\SYSTEM32\ntdll.dll
0x00007ff89ea50000 - 0x00007ff89eb0d000 	C:\Windows\System32\KERNEL32.DLL
0x00007ff89d3d0000 - 0x00007ff89d6c6000 	C:\Windows\System32\KERNELBASE.dll
0x00007ff89dbc0000 - 0x00007ff89dcc0000 	C:\Windows\System32\ucrtbase.dll
0x00007ff89b330000 - 0x00007ff89b34b000 	C:\Program Files\Java\jdk-19\bin\VCRUNTIME140.dll
0x00007ff89b310000 - 0x00007ff89b328000 	C:\Program Files\Java\jdk-19\bin\jli.dll
0x00007ff89f440000 - 0x00007ff89f4f0000 	C:\Windows\System32\ADVAPI32.dll
0x00007ff89e360000 - 0x00007ff89e3fe000 	C:\Windows\System32\msvcrt.dll
0x00007ff89fa30000 - 0x00007ff89fad0000 	C:\Windows\System32\sechost.dll
0x00007ff89ded0000 - 0x00007ff89dff5000 	C:\Windows\System32\RPCRT4.dll
0x00007ff89d780000 - 0x00007ff89d7a7000 	C:\Windows\System32\bcrypt.dll
0x00007ff89f2a0000 - 0x00007ff89f43e000 	C:\Windows\System32\USER32.dll
0x00007ff88b2c0000 - 0x00007ff88b55a000 	C:\Windows\WinSxS\amd64_microsoft.windows.common-controls_6595b64144ccf1df_6.0.19041.3636_none_60b6a03d71f818d5\COMCTL32.dll
0x00007ff89d7b0000 - 0x00007ff89d7d2000 	C:\Windows\System32\win32u.dll
0x00007ff89e330000 - 0x00007ff89e35b000 	C:\Windows\System32\GDI32.dll
0x00007ff89d7e0000 - 0x00007ff89d8f7000 	C:\Windows\System32\gdi32full.dll
0x00007ff89db20000 - 0x00007ff89dbbd000 	C:\Windows\System32\msvcp_win.dll
0x00007ff895ae0000 - 0x00007ff895aea000 	C:\Windows\SYSTEM32\VERSION.dll
0x00007ff89fbb0000 - 0x00007ff89fbe2000 	C:\Windows\System32\IMM32.DLL
0x00007ff89a350000 - 0x00007ff89a35c000 	C:\Program Files\Java\jdk-19\bin\vcruntime140_1.dll
0x00007ff8872b0000 - 0x00007ff88733e000 	C:\Program Files\Java\jdk-19\bin\msvcp140.dll
0x00007ff8453d0000 - 0x00007ff846090000 	C:\Program Files\Java\jdk-19\bin\server\jvm.dll
0x00007ff89b020000 - 0x00007ff89b047000 	C:\Windows\SYSTEM32\WINMM.dll
0x00007ff886250000 - 0x00007ff886259000 	C:\Windows\SYSTEM32\WSOCK32.dll
0x00007ff89f5e0000 - 0x00007ff89f64b000 	C:\Windows\System32\WS2_32.dll
0x00007ff89bb40000 - 0x00007ff89bb52000 	C:\Windows\SYSTEM32\kernel.appcore.dll
0x00007ff89a340000 - 0x00007ff89a34a000 	C:\Program Files\Java\jdk-19\bin\jimage.dll
0x00007ff89add0000 - 0x00007ff89afb4000 	C:\Windows\SYSTEM32\DBGHELP.DLL
0x00007ff89afe0000 - 0x00007ff89b014000 	C:\Windows\SYSTEM32\dbgcore.DLL
0x00007ff89d340000 - 0x00007ff89d3c2000 	C:\Windows\System32\bcryptPrimitives.dll
0x00007ff895c60000 - 0x00007ff895c86000 	C:\Program Files\Java\jdk-19\bin\java.dll
0x00007ff886fb0000 - 0x00007ff887087000 	C:\Program Files\Java\jdk-19\bin\jsvml.dll
0x00007ff89eb30000 - 0x00007ff89f29b000 	C:\Windows\System32\SHELL32.dll
0x00007ff89b390000 - 0x00007ff89bb2e000 	C:\Windows\SYSTEM32\windows.storage.dll
0x00007ff89f6d0000 - 0x00007ff89fa23000 	C:\Windows\System32\combase.dll
0x00007ff89cca0000 - 0x00007ff89ccce000 	C:\Windows\SYSTEM32\Wldp.dll
0x00007ff89e0b0000 - 0x00007ff89e17d000 	C:\Windows\System32\OLEAUT32.dll
0x00007ff89e000000 - 0x00007ff89e0ad000 	C:\Windows\System32\SHCORE.dll
0x00007ff89e190000 - 0x00007ff89e1e5000 	C:\Windows\System32\shlwapi.dll
0x00007ff89d270000 - 0x00007ff89d295000 	C:\Windows\SYSTEM32\profapi.dll

dbghelp: loaded successfully - version: 4.0.5 - missing functions: none
symbol engine: initialized successfully - sym options: 0x614 - pdb path: .;C:\Program Files\Java\jdk-19\bin;C:\Windows\SYSTEM32;C:\Windows\WinSxS\amd64_microsoft.windows.common-controls_6595b64144ccf1df_6.0.19041.3636_none_60b6a03d71f818d5;C:\Program Files\Java\jdk-19\bin\server

VM Arguments:
jvm_args: -Dfile.encoding=windows-1252 -Duser.country=US -Duser.language=en -Duser.variant 
java_command: org.example.Main
java_class_path (initial): C:\Users\savel\Documents\spring\University\build\classes\java\main;C:\Users\savel\Documents\spring\University\build\resources\main;C:\Users\savel\.gradle\caches\modules-2\files-2.1\org.projectlombok\lombok\1.18.28\a2ff5da8bcd8b1b26f36b806ced63213362c6dcc\lombok-1.18.28.jar;C:\Users\savel\.gradle\caches\modules-2\files-2.1\org.jetbrains\annotations\24.0.0\69b8b443c437fdeefa8d20c18d257b94836a92b9\annotations-24.0.0.jar;C:\Users\savel\.gradle\caches\modules-2\files-2.1\org.apache.commons\commons-math3\3.6.1\e4ba98f1d4b3c80ec46392f25e094a6a2e58fcbf\commons-math3-3.6.1.jar
Launcher Type: SUN_STANDARD

[Global flags]
     intx CICompilerCount                          = 4                                         {product} {ergonomic}
     uint ConcGCThreads                            = 2                                         {product} {ergonomic}
     uint G1ConcRefinementThreads                  = 8                                         {product} {ergonomic}
   size_t G1HeapRegionSize                         = 2097152                                   {product} {ergonomic}
    uintx GCDrainStackTargetSize                   = 64                                        {product} {ergonomic}
   size_t InitialHeapSize                          = 257949696                                 {product} {ergonomic}
   size_t MarkStackSize                            = 4194304                                   {product} {ergonomic}
   size_t MaxHeapSize                              = 4127195136                                {product} {ergonomic}
   size_t MaxNewSize                               = 2474639360                                {product} {ergonomic}
   size_t MinHeapDeltaBytes                        = 2097152                                   {product} {ergonomic}
   size_t MinHeapSize                              = 8388608                                   {product} {ergonomic}
    uintx NonNMethodCodeHeapSize                   = 5839372                                {pd product} {ergonomic}
    uintx NonProfiledCodeHeapSize                  = 122909434                              {pd product} {ergonomic}
    uintx ProfiledCodeHeapSize                     = 122909434                              {pd product} {ergonomic}
    uintx ReservedCodeCacheSize                    = 251658240                              {pd product} {ergonomic}
     bool SegmentedCodeCache                       = true                                      {product} {ergonomic}
   size_t SoftMaxHeapSize                          = 4127195136                             {manageable} {ergonomic}
     bool UseCompressedClassPointers               = true                           {product lp64_product} {ergonomic}
     bool UseCompressedOops                        = true                           {product lp64_product} {ergonomic}
     bool UseG1GC                                  = true                                      {product} {ergonomic}
     bool UseLargePagesIndividualAllocation        = false                                  {pd product} {ergonomic}

Logging:
Log output configuration:
 #0: stdout all=warning uptime,level,tags foldmultilines=false
 #1: stderr all=off uptime,level,tags foldmultilines=false

Environment Variables:
PATH=C:\Program Files\Common Files\Oracle\Java\javapath;C:\Program Files (x86)\Common Files\Oracle\Java\javapath;C:\ProgramData\Oracle\Java\javapath;C:\Program Files (x86)\NVIDIA Corporation\PhysX\Common;C:\Windows\system32;C:\Windows;C:\Windows\System32\Wbem;C:\Windows\System32\WindowsPowerShell\v1.0\;C:\Windows\System32\OpenSSH\;C:\Program Files (x86)\ZeroTier\One\;C:\Program Files\dotnet\;C:\Program Files\Docker\Docker\resources\bin;C:\Program Files\nodejs\;C:\Program Files\Git\cmd;C:\Users\savel\AppData\Local\Microsoft\WindowsApps;C:\Users\savel\AppData\Local\Programs\Microsoft VS Code\bin;C:\Users\savel\AppData\Local\GitHubDesktop\bin;C:\Users\savel\AppData\Local\gitkraken\bin;C:\Users\savel\AppData\Roaming\npm;C:\Users\savel\AppData\Local\JetBrains\Toolbox\scripts;
USERNAME=savel
OS=Windows_NT
PROCESSOR_IDENTIFIER=AMD64 Family 23 Model 96 Stepping 1, AuthenticAMD
TMP=C:\Users\savel\AppData\Local\Temp
TEMP=C:\Users\savel\AppData\Local\Temp



---------------  S Y S T E M  ---------------

OS:
 Windows 10 , 64 bit Build 19041 (10.0.19041.3636)
OS uptime: 8 days 10:50 hours
Hyper-V role detected

CPU: total 8 (initial active 8) (8 cores per cpu, 1 threads per core) family 23 model 96 stepping 1 microcode 0x0, cx8, cmov, fxsr, mmx, 3dnowpref, sse, sse2, sse3, ssse3, sse4a, sse4.1, sse4.2, popcnt, lzcnt, tsc, tscinvbit, avx, avx2, aes, clmul, bmi1, bmi2, adx, sha, fma, vzeroupper, clflush, clflushopt, hv, rdtscp, rdpid

Memory: 4k page, system-wide physical 15741M (2037M free)
TotalPageFile size 15741M (AvailPageFile size 220M)
current process WorkingSet (physical memory assigned to process): 446M, peak: 447M
current process commit charge ("private bytes"): 697M, peak: 1875M

vm_info: Java HotSpot(TM) 64-Bit Server VM (19+36-2238) for windows-amd64 JRE (19+36-2238), built on 2022-08-12T20:29:01Z by "mach5one" with MS VC++ 17.1 (VS2022)

END.
