#
# There is insufficient memory for the Java Runtime Environment to continue.
# Native memory allocation (malloc) failed to allocate 1048576 bytes for AllocateHeap
# Possible reasons:
#   The system is out of physical RAM or swap space
#   The process is running with CompressedOops enabled, and the Java Heap may be blocking the growth of the native heap
# Possible solutions:
#   Reduce memory load on the system
#   Increase physical memory or swap space
#   Check if swap backing store is full
#   Decrease Java heap size (-Xmx/-Xms)
#   Decrease number of Java threads
#   Decrease Java thread stack sizes (-Xss)
#   Set larger code cache with -XX:ReservedCodeCacheSize=
#   JVM is running with Unscaled Compressed Oops mode in which the Java heap is
#     placed in the first 4GB address space. The Java Heap base address is the
#     maximum limit for the native heap growth. Please use -XX:HeapBaseMinAddress
#     to set the Java Heap base and to place the Java Heap above 4GB virtual address.
# This output file may be truncated or incomplete.
#
#  Out of Memory Error (allocation.cpp:44), pid=1884, tid=10692
#
# JRE version:  (19.0+36) (build )
# Java VM: Java HotSpot(TM) 64-Bit Server VM (19+36-2238, mixed mode, sharing, tiered, compressed oops, compressed class ptrs, g1 gc, windows-amd64)
# No core dump will be written. Minidumps are not enabled by default on client versions of Windows
#

---------------  S U M M A R Y ------------

Command Line: -Dorg.gradle.internal.worker.tmpdir=C:\Users\savel\Documents\spring\University\build\tmp\test\work -Dorg.gradle.native=false -agentlib:jdwp=transport=dt_socket,server=n,suspend=y,address=127.0.0.1:58282 -Xmx512m -Dfile.encoding=windows-1252 -Duser.country=US -Duser.language=en -Duser.variant -ea worker.org.gradle.process.internal.worker.GradleWorkerMain 'Gradle Test Executor 1'

Host: AMD Ryzen 7 4700U with Radeon Graphics         , 8 cores, 15G,  Windows 10 , 64 bit Build 19041 (10.0.19041.3636)
Time: Mon Apr  1 13:16:09 2024 W. Europe Daylight Time elapsed time: 0.045307 seconds (0d 0h 0m 0s)

---------------  T H R E A D  ---------------

Current thread (0x0000027b0ff83f20):  JavaThread "Unknown thread" [_thread_in_vm, id=10692, stack(0x000000bf25600000,0x000000bf25700000)]

Stack: [0x000000bf25600000,0x000000bf25700000]
Native frames: (J=compiled Java code, j=interpreted, Vv=VM code, C=native code)
V  [jvm.dll+0x6ee8fa]
V  [jvm.dll+0x857a1e]
V  [jvm.dll+0x85940e]
V  [jvm.dll+0x859ac3]
V  [jvm.dll+0x28291f]
V  [jvm.dll+0xc40eb]
V  [jvm.dll+0x335479]
V  [jvm.dll+0x32d574]
V  [jvm.dll+0x821b20]
V  [jvm.dll+0x3c27c1]
V  [jvm.dll+0x8022f1]
V  [jvm.dll+0x44b30f]
V  [jvm.dll+0x44cc91]
C  [jli.dll+0x5287]
C  [ucrtbase.dll+0x21bb2]
C  [KERNEL32.DLL+0x17344]
C  [ntdll.dll+0x526b1]


---------------  P R O C E S S  ---------------

Threads class SMR info:
_java_thread_list=0x00007ff84e4dd048, length=0, elements={
}

Java Threads: ( => current thread )

Other Threads:
  0x0000027b0ffb79b0 WorkerThread "GC Thread#0" [stack: 0x000000bf25700000,0x000000bf25800000] [id=15288]

[error occurred during error reporting (printing all threads), id 0xc0000005, EXCEPTION_ACCESS_VIOLATION (0xc0000005) at pc=0x00007ff84dc9a630]

VM state: not at safepoint (not fully initialized)

VM Mutex/Monitor currently owned by a thread:  ([mutex/lock_event])
[0x0000027b0ff7e850] Heap_lock - owner thread: 0x0000027b0ff83f20

Heap address: 0x00000000e0000000, size: 512 MB, Compressed Oops mode: 32-bit

CDS archive(s) mapped at: [0x0000000000000000-0x0000000000000000-0x0000000000000000), size 0, SharedBaseAddress: 0x0000000800000000, ArchiveRelocationMode: 0.
Narrow klass base: 0x0000000000000000, Narrow klass shift: 0, Narrow klass range: 0x0

GC Precious Log:
 CardTable entry size: 512
 Card Set container configuration: InlinePtr #cards 5 size 8 Array Of Cards #cards 12 size 40 Howl #buckets 4 coarsen threshold 1843 Howl Bitmap #cards 512 size 80 coarsen threshold 460 Card regions per heap region 1 cards per card region 2048

Heap:
 garbage-first heap   total 0K, used 0K [0x00000000e0000000, 0x0000000100000000)
  region size 1024K, 0 young (0K), 0 survivors (0K)

[error occurred during error reporting (printing heap information), id 0xc0000005, EXCEPTION_ACCESS_VIOLATION (0xc0000005) at pc=0x00007ff84e0a6959]

GC Heap History (0 events):
No events

Dll operation events (1 events):
Event: 0.006 Loaded shared library C:\Program Files\Java\jdk-19\bin\java.dll

Deoptimization events (0 events):
No events

Classes loaded (0 events):
No events

Classes unloaded (0 events):
No events

Classes redefined (0 events):
No events

Internal exceptions (0 events):
No events

VM Operations (0 events):
No events

Events (0 events):
No events


Dynamic libraries:
0x00007ff6f9d80000 - 0x00007ff6f9d90000 	C:\Program Files\Java\jdk-19\bin\java.exe
0x00007ff89fc90000 - 0x00007ff89fe88000 	C:\Windows\SYSTEM32\ntdll.dll
0x00007ff89ea50000 - 0x00007ff89eb0d000 	C:\Windows\System32\KERNEL32.DLL
0x00007ff89d3d0000 - 0x00007ff89d6c6000 	C:\Windows\System32\KERNELBASE.dll
0x00007ff89dbc0000 - 0x00007ff89dcc0000 	C:\Windows\System32\ucrtbase.dll
0x00007ff87b0a0000 - 0x00007ff87b0bb000 	C:\Program Files\Java\jdk-19\bin\VCRUNTIME140.dll
0x00007ff879e80000 - 0x00007ff879e98000 	C:\Program Files\Java\jdk-19\bin\jli.dll
0x00007ff89f440000 - 0x00007ff89f4f0000 	C:\Windows\System32\ADVAPI32.dll
0x00007ff89e360000 - 0x00007ff89e3fe000 	C:\Windows\System32\msvcrt.dll
0x00007ff89fa30000 - 0x00007ff89fad0000 	C:\Windows\System32\sechost.dll
0x00007ff89ded0000 - 0x00007ff89dff5000 	C:\Windows\System32\RPCRT4.dll
0x00007ff89d780000 - 0x00007ff89d7a7000 	C:\Windows\System32\bcrypt.dll
0x00007ff89f2a0000 - 0x00007ff89f43e000 	C:\Windows\System32\USER32.dll
0x00007ff89d7b0000 - 0x00007ff89d7d2000 	C:\Windows\System32\win32u.dll
0x00007ff88b2c0000 - 0x00007ff88b55a000 	C:\Windows\WinSxS\amd64_microsoft.windows.common-controls_6595b64144ccf1df_6.0.19041.3636_none_60b6a03d71f818d5\COMCTL32.dll
0x00007ff89e330000 - 0x00007ff89e35b000 	C:\Windows\System32\GDI32.dll
0x00007ff89d7e0000 - 0x00007ff89d8f7000 	C:\Windows\System32\gdi32full.dll
0x00007ff89db20000 - 0x00007ff89dbbd000 	C:\Windows\System32\msvcp_win.dll
0x00007ff895ae0000 - 0x00007ff895aea000 	C:\Windows\SYSTEM32\VERSION.dll
0x00007ff89fbb0000 - 0x00007ff89fbe2000 	C:\Windows\System32\IMM32.DLL
0x00007ff88b120000 - 0x00007ff88b12c000 	C:\Program Files\Java\jdk-19\bin\vcruntime140_1.dll
0x00007ff8769a0000 - 0x00007ff876a2e000 	C:\Program Files\Java\jdk-19\bin\msvcp140.dll
0x00007ff84d960000 - 0x00007ff84e620000 	C:\Program Files\Java\jdk-19\bin\server\jvm.dll
0x00007ff89b020000 - 0x00007ff89b047000 	C:\Windows\SYSTEM32\WINMM.dll
0x00007ff886250000 - 0x00007ff886259000 	C:\Windows\SYSTEM32\WSOCK32.dll
0x00007ff89f5e0000 - 0x00007ff89f64b000 	C:\Windows\System32\WS2_32.dll
0x00007ff89bb40000 - 0x00007ff89bb52000 	C:\Windows\SYSTEM32\kernel.appcore.dll
0x00007ff88abc0000 - 0x00007ff88abca000 	C:\Program Files\Java\jdk-19\bin\jimage.dll
0x00007ff89add0000 - 0x00007ff89afb4000 	C:\Windows\SYSTEM32\DBGHELP.DLL
0x00007ff89afe0000 - 0x00007ff89b014000 	C:\Windows\SYSTEM32\dbgcore.DLL
0x00007ff89d340000 - 0x00007ff89d3c2000 	C:\Windows\System32\bcryptPrimitives.dll
0x00007ff88b6c0000 - 0x00007ff88b6fc000 	C:\Program Files\Java\jdk-19\bin\jdwp.dll
0x00007ff87a060000 - 0x00007ff87a086000 	C:\Program Files\Java\jdk-19\bin\java.dll

dbghelp: loaded successfully - version: 4.0.5 - missing functions: none
symbol engine: initialized successfully - sym options: 0x614 - pdb path: .;C:\Program Files\Java\jdk-19\bin;C:\Windows\SYSTEM32;C:\Windows\WinSxS\amd64_microsoft.windows.common-controls_6595b64144ccf1df_6.0.19041.3636_none_60b6a03d71f818d5;C:\Program Files\Java\jdk-19\bin\server

VM Arguments:
jvm_args: -Dorg.gradle.internal.worker.tmpdir=C:\Users\savel\Documents\spring\University\build\tmp\test\work -Dorg.gradle.native=false -agentlib:jdwp=transport=dt_socket,server=n,suspend=y,address=127.0.0.1:58282 -Xmx512m -Dfile.encoding=windows-1252 -Duser.country=US -Duser.language=en -Duser.variant -ea 
java_command: worker.org.gradle.process.internal.worker.GradleWorkerMain 'Gradle Test Executor 1'
java_class_path (initial): C:\\Users\\savel\\.gradle\\caches\\8.4\\workerMain\\gradle-worker.jar;C:\\Users\\savel\\Documents\\spring\\University\\build\\classes\\java\\test;C:\\Users\\savel\\Documents\\spring\\University\\build\\classes\\java\\main;C:\\Users\\savel\\.gradle\\caches\\modules-2\\files-2.1\\org.projectlombok\\lombok\\1.18.28\\a2ff5da8bcd8b1b26f36b806ced63213362c6dcc\\lombok-1.18.28.jar;C:\\Users\\savel\\.gradle\\caches\\modules-2\\files-2.1\\org.jetbrains\\annotations\\24.0.0\\69b8b443c437fdeefa8d20c18d257b94836a92b9\\annotations-24.0.0.jar;C:\\Users\\savel\\.gradle\\caches\\modules-2\\files-2.1\\org.junit.jupiter\\junit-jupiter\\5.9.1\\9274d3757e224bc02eae367bd481062a263c150b\\junit-jupiter-5.9.1.jar;C:\\Users\\savel\\.gradle\\caches\\modules-2\\files-2.1\\org.junit.jupiter\\junit-jupiter-params\\5.9.1\\ffcd1013edaeee112be11fcddeb38882d79238de\\junit-jupiter-params-5.9.1.jar;C:\\Users\\savel\\.gradle\\caches\\modules-2\\files-2.1\\org.junit.jupiter\\junit-jupiter-engine\\5.9.1\\1bf771097bde296c3ab174861954e8aafaaf2e94\\junit-jupiter-engine-5.9.1.jar;C:\\Users\\savel\\.gradle\\caches\\modules-2\\files-2.1\\org.junit.jupiter\\junit-jupiter-api\\5.9.1\\7bb53fbc0173e9f6a9d21d58297af94b1f2f9ce1\\junit-jupiter-api-5.9.1.jar;C:\\Users\\savel\\.gradle\\caches\\modules-2\\files-2.1\\org.junit.platform\\junit-platform-engine\\1.9.1\\83591e5089d6cea5f324aa3ecca9b19d5a275803\\junit-platform-engine-1.9.1.jar;C:\\Users\\savel\\.gradle\\caches\\modules-2\\files-2.1\\org.junit.platform\\junit-platform-commons\\1.9.1\\3145f821b5cd10abcdc5f925baa5fffa6f1b628f\\junit-platform-commons-1.9.1.jar;C:\\Users\\savel\\.gradle\\caches\\modules-2\\files-2.1\\org.opentest4j\\opentest4j\\1.2.0\\28c11eb91f9b6d8e200631d46e20a7f407f2a046\\opentest4j-1.2.0.jar;C:\\Users\\savel\\.gradle\\wrapper\\dists\\gradle-8.4-bin\\1w5dpkrfk8irigvoxmyhowfim\\gradle-8.4\\lib\\plugins\\junit-platform-engine-1.8.2.jar;C:\\Users\\savel\\.gradle\\wrapper\\dists\\gradle-8.4-bin\\1w5dpkrfk8irigvoxmyhowfim\\gradle-8.4\\lib\\plugins\\junit-platform-launcher-1.8.2.jar;C:\\Users\\savel\\.gradle\\wrapper\\dists\\gradle-8.4-bin\\1w5dpkrfk8irigvoxmyhowfim\\gradle-8.4\\lib\\plugins\\junit-platform-commons-1.8.2.jar
Launcher Type: SUN_STANDARD

[Global flags]
     intx CICompilerCount                          = 4                                         {product} {ergonomic}
     uint ConcGCThreads                            = 2                                         {product} {ergonomic}
     uint G1ConcRefinementThreads                  = 8                                         {product} {ergonomic}
   size_t G1HeapRegionSize                         = 1048576                                   {product} {ergonomic}
    uintx GCDrainStackTargetSize                   = 64                                        {product} {ergonomic}
   size_t InitialHeapSize                          = 257949696                                 {product} {ergonomic}
   size_t MarkStackSize                            = 4194304                                   {product} {ergonomic}
   size_t MaxHeapSize                              = 536870912                                 {product} {command line}
   size_t MinHeapDeltaBytes                        = 1048576                                   {product} {ergonomic}
   size_t MinHeapSize                              = 8388608                                   {product} {ergonomic}
    uintx NonNMethodCodeHeapSize                   = 5839372                                {pd product} {ergonomic}
    uintx NonProfiledCodeHeapSize                  = 122909434                              {pd product} {ergonomic}
    uintx ProfiledCodeHeapSize                     = 122909434                              {pd product} {ergonomic}
    uintx ReservedCodeCacheSize                    = 251658240                              {pd product} {ergonomic}
     bool SegmentedCodeCache                       = true                                      {product} {ergonomic}
   size_t SoftMaxHeapSize                          = 536870912                              {manageable} {ergonomic}
     bool UseCompressedClassPointers               = true                           {product lp64_product} {ergonomic}
     bool UseCompressedOops                        = true                           {product lp64_product} {ergonomic}
     bool UseG1GC                                  = true                                      {product} {ergonomic}
     bool UseLargePagesIndividualAllocation        = false                                  {pd product} {ergonomic}

Logging:
Log output configuration:
 #0: stdout all=warning uptime,level,tags foldmultilines=false
 #1: stderr all=off uptime,level,tags foldmultilines=false

Environment Variables:
PATH=C:\Program Files\Common Files\Oracle\Java\javapath;C:\Program Files (x86)\Common Files\Oracle\Java\javapath;C:\ProgramData\Oracle\Java\javapath;C:\Program Files (x86)\NVIDIA Corporation\PhysX\Common;C:\Windows\system32;C:\Windows;C:\Windows\System32\Wbem;C:\Windows\System32\WindowsPowerShell\v1.0\;C:\Windows\System32\OpenSSH\;C:\Program Files (x86)\ZeroTier\One\;C:\Program Files\dotnet\;C:\Program Files\Git\cmd;C:\Program Files\Docker\Docker\resources\bin;C:\Program Files\nodejs\;C:\Users\savel\AppData\Local\Microsoft\WindowsApps;C:\Users\savel\AppData\Local\Programs\Microsoft VS Code\bin;C:\Users\savel\AppData\Local\GitHubDesktop\bin;C:\Users\savel\AppData\Local\gitkraken\bin;C:\Users\savel\AppData\Roaming\npm;C:\Users\savel\AppData\Local\JetBrains\Toolbox\scripts;
USERNAME=savel
OS=Windows_NT
PROCESSOR_IDENTIFIER=AMD64 Family 23 Model 96 Stepping 1, AuthenticAMD
TMP=C:\Users\savel\AppData\Local\Temp
TEMP=C:\Users\savel\AppData\Local\Temp



---------------  S Y S T E M  ---------------

OS:
 Windows 10 , 64 bit Build 19041 (10.0.19041.3636)
OS uptime: 1 days 11:59 hours
Hyper-V role detected

CPU: total 8 (initial active 8) (8 cores per cpu, 1 threads per core) family 23 model 96 stepping 1 microcode 0x0, cx8, cmov, fxsr, mmx, 3dnowpref, sse, sse2, sse3, ssse3, sse4a, sse4.1, sse4.2, popcnt, lzcnt, tsc, tscinvbit, avx, avx2, aes, clmul, bmi1, bmi2, adx, sha, fma, vzeroupper, clflush, clflushopt, hv, rdtscp, rdpid

Memory: 4k page, system-wide physical 15741M (3843M free)
TotalPageFile size 15741M (AvailPageFile size 5M)
current process WorkingSet (physical memory assigned to process): 10M, peak: 10M
current process commit charge ("private bytes"): 55M, peak: 56M

vm_info: Java HotSpot(TM) 64-Bit Server VM (19+36-2238) for windows-amd64 JRE (19+36-2238), built on 2022-08-12T20:29:01Z by "mach5one" with MS VC++ 17.1 (VS2022)

END.
