#
# There is insufficient memory for the Java Runtime Environment to continue.
# Native memory allocation (malloc) failed to allocate 2182944 bytes for Chunk::new
# Possible reasons:
#   The system is out of physical RAM or swap space
#   The process is running with CompressedOops enabled, and the Java Heap may be blocking the growth of the native heap
# Possible solutions:
#   Reduce memory load on the system
#   Increase physical memory or swap space
#   Check if swap backing store is full
#   Decrease Java heap size (-Xmx/-Xms)
#   Decrease number of Java threads
#   Decrease Java thread stack sizes (-Xss)
#   Set larger code cache with -XX:ReservedCodeCacheSize=
#   JVM is running with Unscaled Compressed Oops mode in which the Java heap is
#     placed in the first 4GB address space. The Java Heap base address is the
#     maximum limit for the native heap growth. Please use -XX:HeapBaseMinAddress
#     to set the Java Heap base and to place the Java Heap above 4GB virtual address.
# This output file may be truncated or incomplete.
#
#  Out of Memory Error (arena.cpp:184), pid=20416, tid=2820
#
# JRE version: Java(TM) SE Runtime Environment (19.0+36) (build 19+36-2238)
# Java VM: Java HotSpot(TM) 64-Bit Server VM (19+36-2238, mixed mode, sharing, tiered, compressed oops, compressed class ptrs, g1 gc, windows-amd64)
# No core dump will be written. Minidumps are not enabled by default on client versions of Windows
#

---------------  S U M M A R Y ------------

Command Line: --add-opens=java.base/java.util=ALL-UNNAMED --add-opens=java.base/java.lang=ALL-UNNAMED --add-opens=java.base/java.lang.invoke=ALL-UNNAMED --add-opens=java.prefs/java.util.prefs=ALL-UNNAMED --add-opens=java.base/java.nio.charset=ALL-UNNAMED --add-opens=java.base/java.net=ALL-UNNAMED --add-opens=java.base/java.util.concurrent.atomic=ALL-UNNAMED -XX:MaxMetaspaceSize=384m -XX:+HeapDumpOnOutOfMemoryError -Xms256m -Xmx512m -Dfile.encoding=windows-1252 -Duser.country=US -Duser.language=en -Duser.variant -javaagent:C:\Users\savel\.gradle\wrapper\dists\gradle-8.4-bin\1w5dpkrfk8irigvoxmyhowfim\gradle-8.4\lib\agents\gradle-instrumentation-agent-8.4.jar org.gradle.launcher.daemon.bootstrap.GradleDaemon 8.4

Host: AMD Ryzen 7 4700U with Radeon Graphics         , 8 cores, 15G,  Windows 10 , 64 bit Build 19041 (10.0.19041.3636)
Time: Mon Apr  8 11:25:23 2024 W. Europe Daylight Time elapsed time: 7.844618 seconds (0d 0h 0m 7s)

---------------  T H R E A D  ---------------

Current thread (0x0000025350eb10a0):  JavaThread "C2 CompilerThread1" daemon [_thread_in_native, id=2820, stack(0x0000006356f00000,0x0000006357000000)]


Current CompileTask:
C2:   7844 5201   !   4       java.lang.ClassLoader::loadClass (121 bytes)

Stack: [0x0000006356f00000,0x0000006357000000]
Native frames: (J=compiled Java code, j=interpreted, Vv=VM code, C=native code)
V  [jvm.dll+0x6ee8fa]
V  [jvm.dll+0x857a1e]
V  [jvm.dll+0x85940e]
V  [jvm.dll+0x859ac3]
V  [jvm.dll+0x28291f]
V  [jvm.dll+0xc9b5f]
V  [jvm.dll+0xc9ee5]
V  [jvm.dll+0x3bcbac]
V  [jvm.dll+0x1ee31a]
V  [jvm.dll+0x24c41b]
V  [jvm.dll+0x24b671]
V  [jvm.dll+0x1d6d61]
V  [jvm.dll+0x25b0fa]
V  [jvm.dll+0x259588]
V  [jvm.dll+0x807928]
V  [jvm.dll+0x8015fa]
V  [jvm.dll+0x6ed5eb]
C  [ucrtbase.dll+0x21bb2]
C  [KERNEL32.DLL+0x17344]
C  [ntdll.dll+0x526b1]


---------------  P R O C E S S  ---------------

Threads class SMR info:
_java_thread_list=0x00000253550f4fb0, length=46, elements={
0x0000025331a233a0, 0x000002534ca20a80, 0x000002534ca223c0, 0x000002534ca24d00,
0x000002534ca25630, 0x000002534ca260a0, 0x000002534ca269d0, 0x000002534ca29b80,
0x000002534ca2b500, 0x000002534ca35110, 0x0000025350cf4920, 0x0000025350ea2030,
0x0000025350eb10a0, 0x00000253526add80, 0x0000025351af4660, 0x0000025352699490,
0x0000025352258110, 0x00000253527376b0, 0x0000025351a01c10, 0x0000025352994e90,
0x00000253527aa580, 0x00000253527a85a0, 0x00000253527aaad0, 0x00000253527a9040,
0x00000253527ab020, 0x00000253527a8af0, 0x0000025353208790, 0x0000025353207cf0,
0x00000253532022a0, 0x0000025353205d10, 0x0000025353206260, 0x00000253532047d0,
0x0000025353208ce0, 0x0000025353204d20, 0x0000025353206d00, 0x00000253532012b0,
0x0000025353208240, 0x00000253532077a0, 0x00000253532027f0, 0x0000025353202d40,
0x00000253532037e0, 0x0000025353204280, 0x0000025350ec67a0, 0x0000025350ecbca0,
0x00000253531a7150, 0x0000025350ecb750
}

Java Threads: ( => current thread )
  0x0000025331a233a0 JavaThread "main" [_thread_blocked, id=25132, stack(0x0000006355c00000,0x0000006355d00000)]
  0x000002534ca20a80 JavaThread "Reference Handler" daemon [_thread_blocked, id=25984, stack(0x0000006356300000,0x0000006356400000)]
  0x000002534ca223c0 JavaThread "Finalizer" daemon [_thread_blocked, id=21756, stack(0x0000006356400000,0x0000006356500000)]
  0x000002534ca24d00 JavaThread "Signal Dispatcher" daemon [_thread_blocked, id=19704, stack(0x0000006356500000,0x0000006356600000)]
  0x000002534ca25630 JavaThread "Attach Listener" daemon [_thread_blocked, id=1316, stack(0x0000006356600000,0x0000006356700000)]
  0x000002534ca260a0 JavaThread "Service Thread" daemon [_thread_blocked, id=20412, stack(0x0000006356700000,0x0000006356800000)]
  0x000002534ca269d0 JavaThread "Monitor Deflation Thread" daemon [_thread_blocked, id=22088, stack(0x0000006356800000,0x0000006356900000)]
  0x000002534ca29b80 JavaThread "C2 CompilerThread0" daemon [_thread_blocked, id=11176, stack(0x0000006356900000,0x0000006356a00000)]
  0x000002534ca2b500 JavaThread "C1 CompilerThread0" daemon [_thread_blocked, id=12496, stack(0x0000006356a00000,0x0000006356b00000)]
  0x000002534ca35110 JavaThread "Sweeper thread" daemon [_thread_blocked, id=22136, stack(0x0000006356b00000,0x0000006356c00000)]
  0x0000025350cf4920 JavaThread "Common-Cleaner" daemon [_thread_blocked, id=24688, stack(0x0000006356c00000,0x0000006356d00000)]
  0x0000025350ea2030 JavaThread "Notification Thread" daemon [_thread_blocked, id=10920, stack(0x0000006356d00000,0x0000006356e00000)]
=>0x0000025350eb10a0 JavaThread "C2 CompilerThread1" daemon [_thread_in_native, id=2820, stack(0x0000006356f00000,0x0000006357000000)]
  0x00000253526add80 JavaThread "Daemon health stats" [_thread_blocked, id=20496, stack(0x0000006357500000,0x0000006357600000)]
  0x0000025351af4660 JavaThread "Incoming local TCP Connector on port 65418" [_thread_in_native, id=3696, stack(0x0000006357600000,0x0000006357700000)]
  0x0000025352699490 JavaThread "Daemon periodic checks" [_thread_blocked, id=3464, stack(0x0000006357700000,0x0000006357800000)]
  0x0000025352258110 JavaThread "Daemon" [_thread_blocked, id=18984, stack(0x0000006357800000,0x0000006357900000)]
  0x00000253527376b0 JavaThread "Handler for socket connection from /127.0.0.1:65418 to /127.0.0.1:65419" [_thread_in_native, id=25220, stack(0x0000006357900000,0x0000006357a00000)]
  0x0000025351a01c10 JavaThread "Cancel handler" [_thread_blocked, id=25956, stack(0x0000006357a00000,0x0000006357b00000)]
  0x0000025352994e90 JavaThread "Daemon worker" [_thread_in_native, id=15260, stack(0x0000006357b00000,0x0000006357c00000)]
  0x00000253527aa580 JavaThread "Asynchronous log dispatcher for DefaultDaemonConnection: socket connection from /127.0.0.1:65418 to /127.0.0.1:65419" [_thread_blocked, id=3676, stack(0x0000006357c00000,0x0000006357d00000)]
  0x00000253527a85a0 JavaThread "Stdin handler" [_thread_blocked, id=24272, stack(0x0000006357d00000,0x0000006357e00000)]
  0x00000253527aaad0 JavaThread "Daemon client event forwarder" [_thread_blocked, id=14364, stack(0x0000006357e00000,0x0000006357f00000)]
  0x00000253527a9040 JavaThread "Cache worker for journal cache (C:\Users\savel\.gradle\caches\journal-1)" [_thread_blocked, id=15144, stack(0x0000006357f00000,0x0000006358000000)]
  0x00000253527ab020 JavaThread "File lock request listener" [_thread_in_native, id=12960, stack(0x0000006358000000,0x0000006358100000)]
  0x00000253527a8af0 JavaThread "Cache worker for file hash cache (C:\Users\savel\.gradle\caches\8.4\fileHashes)" [_thread_blocked, id=4560, stack(0x0000006358100000,0x0000006358200000)]
  0x0000025353208790 JavaThread "File watcher server" daemon [_thread_in_native, id=4944, stack(0x0000006358600000,0x0000006358700000)]
  0x0000025353207cf0 JavaThread "File watcher consumer" daemon [_thread_blocked, id=16924, stack(0x0000006358700000,0x0000006358800000)]
  0x00000253532022a0 JavaThread "Cache worker for checksums cache (C:\Users\savel\Documents\spring\University\.gradle\8.4\checksums)" [_thread_blocked, id=4068, stack(0x0000006358800000,0x0000006358900000)]
  0x0000025353205d10 JavaThread "Cache worker for file hash cache (C:\Users\savel\Documents\spring\University\.gradle\8.4\fileHashes)" [_thread_blocked, id=7408, stack(0x0000006358900000,0x0000006358a00000)]
  0x0000025353206260 JavaThread "Cache worker for cache directory md-supplier (C:\Users\savel\.gradle\caches\8.4\md-supplier)" [_thread_blocked, id=26228, stack(0x0000006358a00000,0x0000006358b00000)]
  0x00000253532047d0 JavaThread "Cache worker for file content cache (C:\Users\savel\.gradle\caches\8.4\fileContent)" [_thread_blocked, id=26240, stack(0x0000006358b00000,0x0000006358c00000)]
  0x0000025353208ce0 JavaThread "Cache worker for cache directory md-rule (C:\Users\savel\.gradle\caches\8.4\md-rule)" [_thread_blocked, id=22072, stack(0x0000006358c00000,0x0000006358d00000)]
  0x0000025353204d20 JavaThread "Cache worker for execution history cache (C:\Users\savel\.gradle\caches\8.4\executionHistory)" [_thread_blocked, id=17704, stack(0x0000006358d00000,0x0000006358e00000)]
  0x0000025353206d00 JavaThread "jar transforms" [_thread_blocked, id=7116, stack(0x0000006358e00000,0x0000006358f00000)]
  0x00000253532012b0 JavaThread "jar transforms Thread 2" [_thread_blocked, id=14880, stack(0x0000006358f00000,0x0000006359000000)]
  0x0000025353208240 JavaThread "jar transforms Thread 3" [_thread_blocked, id=4360, stack(0x0000006359000000,0x0000006359100000)]
  0x00000253532077a0 JavaThread "jar transforms Thread 4" [_thread_blocked, id=24872, stack(0x0000006359100000,0x0000006359200000)]
  0x00000253532027f0 JavaThread "jar transforms Thread 5" [_thread_blocked, id=10180, stack(0x0000006359200000,0x0000006359300000)]
  0x0000025353202d40 JavaThread "jar transforms Thread 6" [_thread_blocked, id=8304, stack(0x0000006359300000,0x0000006359400000)]
  0x00000253532037e0 JavaThread "Cache worker for dependencies-accessors (C:\Users\savel\Documents\spring\University\.gradle\8.4\dependencies-accessors)" [_thread_blocked, id=16792, stack(0x0000006359400000,0x0000006359500000)]
  0x0000025353204280 JavaThread "jar transforms Thread 7" [_thread_blocked, id=11348, stack(0x0000006358200000,0x0000006358300000)]
  0x0000025350ec67a0 JavaThread "Cache worker for Build Output Cleanup Cache (C:\Users\savel\Documents\spring\University\.gradle\buildOutputCleanup)" [_thread_blocked, id=26332, stack(0x0000006359500000,0x0000006359600000)]
  0x0000025350ecbca0 JavaThread "Memory manager" [_thread_blocked, id=11000, stack(0x0000006359600000,0x0000006359700000)]
  0x00000253531a7150 JavaThread "C2 CompilerThread2" daemon [_thread_in_native, id=22300, stack(0x0000006359700000,0x0000006359800000)]
  0x0000025350ecb750 JavaThread "jar transforms Thread 8" [_thread_blocked, id=12052, stack(0x0000006359800000,0x0000006359900000)]

Other Threads:
  0x000002534ca02e70 VMThread "VM Thread" [stack: 0x0000006356200000,0x0000006356300000] [id=24792]
  0x0000025350e9c750 WatcherThread "VM Periodic Task Thread" [stack: 0x0000006356e00000,0x0000006356f00000] [id=12652]
  0x0000025331a56d60 WorkerThread "GC Thread#0" [stack: 0x0000006355d00000,0x0000006355e00000] [id=11912]
  0x0000025351542780 WorkerThread "GC Thread#1" [stack: 0x0000006357000000,0x0000006357100000] [id=19100]
  0x0000025351541f10 WorkerThread "GC Thread#2" [stack: 0x0000006357100000,0x0000006357200000] [id=18012]
  0x00000253515432c0 WorkerThread "GC Thread#3" [stack: 0x0000006357200000,0x0000006357300000] [id=1540]
  0x0000025351543590 WorkerThread "GC Thread#4" [stack: 0x0000006357300000,0x0000006357400000] [id=3252]
  0x0000025351542ff0 WorkerThread "GC Thread#5" [stack: 0x0000006357400000,0x0000006357500000] [id=14372]
  0x00000253528b9f90 WorkerThread "GC Thread#6" [stack: 0x0000006358300000,0x0000006358400000] [id=26072]
  0x00000253528baad0 WorkerThread "GC Thread#7" [stack: 0x0000006358400000,0x0000006358500000] [id=25040]
  0x0000025331a5cbe0 ConcurrentGCThread "G1 Main Marker" [stack: 0x0000006355e00000,0x0000006355f00000] [id=21552]
  0x0000025331a5d6c0 WorkerThread "G1 Conc#0" [stack: 0x0000006355f00000,0x0000006356000000] [id=12688]
  0x00000253528bbbb0 WorkerThread "G1 Conc#1" [stack: 0x0000006358500000,0x0000006358600000] [id=22384]
  0x000002534c8c8570 ConcurrentGCThread "G1 Refine#0" [stack: 0x0000006356000000,0x0000006356100000] [id=9440]
  0x000002534c8c8ec0 ConcurrentGCThread "G1 Service" [stack: 0x0000006356100000,0x0000006356200000] [id=16476]

Threads with active compile tasks:
C2 CompilerThread1     7866 5201   !   4       java.lang.ClassLoader::loadClass (121 bytes)
C2 CompilerThread2     7866 5328       4       jdk.internal.org.objectweb.asm.MethodWriter::visitInsn (115 bytes)

VM state: not at safepoint (normal execution)

VM Mutex/Monitor currently owned by a thread:  ([mutex/lock_event])
[0x0000025331a1f8b0] CodeCache_lock - owner thread: 0x0000025352994e90
[0x0000025331a202d0] Compile_lock - owner thread: 0x0000025352994e90

Heap address: 0x00000000e0000000, size: 512 MB, Compressed Oops mode: 32-bit

CDS archive(s) mapped at: [0x0000000800000000-0x0000000800c40000-0x0000000800c40000), size 12845056, SharedBaseAddress: 0x0000000800000000, ArchiveRelocationMode: 0.
Compressed class space mapped at: 0x0000000801000000-0x0000000814400000, reserved size: 322961408
Narrow klass base: 0x0000000800000000, Narrow klass shift: 0, Narrow klass range: 0x100000000

GC Precious Log:
 CardTable entry size: 512
 Card Set container configuration: InlinePtr #cards 5 size 8 Array Of Cards #cards 12 size 40 Howl #buckets 4 coarsen threshold 1843 Howl Bitmap #cards 512 size 80 coarsen threshold 460 Card regions per heap region 1 cards per card region 2048
 CPUs: 8 total, 8 available
 Memory: 15741M
 Large Page Support: Disabled
 NUMA Support: Disabled
 Compressed Oops: Enabled (32-bit)
 Heap Region Size: 1M
 Heap Min Capacity: 256M
 Heap Initial Capacity: 256M
 Heap Max Capacity: 512M
 Pre-touch: Disabled
 Parallel Workers: 8
 Concurrent Workers: 2
 Concurrent Refinement Workers: 8
 Periodic GC: Disabled

Heap:
 garbage-first heap   total 262144K, used 151069K [0x00000000e0000000, 0x0000000100000000)
  region size 1024K, 117 young (119808K), 1 survivors (1024K)
 Metaspace       used 47601K, committed 49344K, reserved 380928K
  class space    used 6712K, committed 7616K, reserved 315392K

Heap Regions: E=young(eden), S=young(survivor), O=old, HS=humongous(starts), HC=humongous(continues), CS=collection set, F=free, OA=open archive, CA=closed archive, TAMS=top-at-mark-start (previous, next)
|   0|0x00000000e0000000, 0x00000000e0100000, 0x00000000e0100000|100%|HS|  |TAMS 0x00000000e0100000, 0x00000000e0000000| Complete 
|   1|0x00000000e0100000, 0x00000000e0200000, 0x00000000e0200000|100%|HC|  |TAMS 0x00000000e0200000, 0x00000000e0100000| Complete 
|   2|0x00000000e0200000, 0x00000000e0300000, 0x00000000e0300000|100%|HC|  |TAMS 0x00000000e0300000, 0x00000000e0200000| Complete 
|   3|0x00000000e0300000, 0x00000000e0400000, 0x00000000e0400000|100%|HC|  |TAMS 0x00000000e0400000, 0x00000000e0300000| Complete 
|   4|0x00000000e0400000, 0x00000000e0500000, 0x00000000e0500000|100%| O|  |TAMS 0x00000000e0500000, 0x00000000e0400000| Untracked 
|   5|0x00000000e0500000, 0x00000000e0600000, 0x00000000e0600000|100%| O|  |TAMS 0x00000000e0600000, 0x00000000e0500000| Untracked 
|   6|0x00000000e0600000, 0x00000000e0700000, 0x00000000e0700000|100%| O|  |TAMS 0x00000000e0700000, 0x00000000e0600000| Untracked 
|   7|0x00000000e0700000, 0x00000000e0800000, 0x00000000e0800000|100%|HS|  |TAMS 0x00000000e0700000, 0x00000000e0700000| Complete 
|   8|0x00000000e0800000, 0x00000000e0900000, 0x00000000e0900000|100%| O|  |TAMS 0x00000000e0900000, 0x00000000e0800000| Complete 
|   9|0x00000000e0900000, 0x00000000e0a00000, 0x00000000e0a00000|100%| O|  |TAMS 0x00000000e0a00000, 0x00000000e0900000| Untracked 
|  10|0x00000000e0a00000, 0x00000000e0b00000, 0x00000000e0b00000|100%| O|  |TAMS 0x00000000e0b00000, 0x00000000e0a00000| Untracked 
|  11|0x00000000e0b00000, 0x00000000e0c00000, 0x00000000e0c00000|100%| O|  |TAMS 0x00000000e0c00000, 0x00000000e0b00000| Untracked 
|  12|0x00000000e0c00000, 0x00000000e0d00000, 0x00000000e0d00000|100%| O|  |TAMS 0x00000000e0d00000, 0x00000000e0c00000| Untracked 
|  13|0x00000000e0d00000, 0x00000000e0e00000, 0x00000000e0e00000|100%| O|  |TAMS 0x00000000e0e00000, 0x00000000e0d00000| Untracked 
|  14|0x00000000e0e00000, 0x00000000e0f00000, 0x00000000e0f00000|100%| O|  |TAMS 0x00000000e0f00000, 0x00000000e0e00000| Untracked 
|  15|0x00000000e0f00000, 0x00000000e1000000, 0x00000000e1000000|100%| O|  |TAMS 0x00000000e1000000, 0x00000000e0f00000| Untracked 
|  16|0x00000000e1000000, 0x00000000e1100000, 0x00000000e1100000|100%| O|  |TAMS 0x00000000e1100000, 0x00000000e1000000| Untracked 
|  17|0x00000000e1100000, 0x00000000e1200000, 0x00000000e1200000|100%| O|  |TAMS 0x00000000e1200000, 0x00000000e1100000| Untracked 
|  18|0x00000000e1200000, 0x00000000e1300000, 0x00000000e1300000|100%| O|  |TAMS 0x00000000e1300000, 0x00000000e1200000| Untracked 
|  19|0x00000000e1300000, 0x00000000e1400000, 0x00000000e1400000|100%| O|  |TAMS 0x00000000e1400000, 0x00000000e1300000| Untracked 
|  20|0x00000000e1400000, 0x00000000e1500000, 0x00000000e1500000|100%| O|  |TAMS 0x00000000e1500000, 0x00000000e1400000| Untracked 
|  21|0x00000000e1500000, 0x00000000e1600000, 0x00000000e1600000|100%| O|  |TAMS 0x00000000e1600000, 0x00000000e1500000| Untracked 
|  22|0x00000000e1600000, 0x00000000e1700000, 0x00000000e1700000|100%| O|  |TAMS 0x00000000e1700000, 0x00000000e1600000| Untracked 
|  23|0x00000000e1700000, 0x00000000e1800000, 0x00000000e1800000|100%| O|  |TAMS 0x00000000e1800000, 0x00000000e1700000| Untracked 
|  24|0x00000000e1800000, 0x00000000e1900000, 0x00000000e1900000|100%| O|  |TAMS 0x00000000e1900000, 0x00000000e1800000| Untracked 
|  25|0x00000000e1900000, 0x00000000e1a00000, 0x00000000e1a00000|100%| O|  |TAMS 0x00000000e1a00000, 0x00000000e1900000| Untracked 
|  26|0x00000000e1a00000, 0x00000000e1b00000, 0x00000000e1b00000|100%| O|  |TAMS 0x00000000e1b00000, 0x00000000e1a00000| Untracked 
|  27|0x00000000e1b00000, 0x00000000e1c00000, 0x00000000e1c00000|100%| O|  |TAMS 0x00000000e1c00000, 0x00000000e1b00000| Untracked 
|  28|0x00000000e1c00000, 0x00000000e1d00000, 0x00000000e1d00000|100%| O|  |TAMS 0x00000000e1d00000, 0x00000000e1c00000| Untracked 
|  29|0x00000000e1d00000, 0x00000000e1e00000, 0x00000000e1e00000|100%| O|  |TAMS 0x00000000e1e00000, 0x00000000e1d00000| Untracked 
|  30|0x00000000e1e00000, 0x00000000e1f00000, 0x00000000e1f00000|100%|HS|  |TAMS 0x00000000e1f00000, 0x00000000e1e00000| Complete 
|  31|0x00000000e1f00000, 0x00000000e2000000, 0x00000000e2000000|100%|HC|  |TAMS 0x00000000e2000000, 0x00000000e1f00000| Complete 
|  32|0x00000000e2000000, 0x00000000e2100000, 0x00000000e2100000|100%|HS|  |TAMS 0x00000000e2000000, 0x00000000e2000000| Complete 
|  33|0x00000000e2100000, 0x00000000e2100000, 0x00000000e2200000|  0%| F|  |TAMS 0x00000000e2100000, 0x00000000e2100000| Untracked 
|  34|0x00000000e2200000, 0x00000000e2200000, 0x00000000e2300000|  0%| F|  |TAMS 0x00000000e2200000, 0x00000000e2200000| Untracked 
|  35|0x00000000e2300000, 0x00000000e2300000, 0x00000000e2400000|  0%| F|  |TAMS 0x00000000e2300000, 0x00000000e2300000| Untracked 
|  36|0x00000000e2400000, 0x00000000e2400000, 0x00000000e2500000|  0%| F|  |TAMS 0x00000000e2400000, 0x00000000e2400000| Untracked 
|  37|0x00000000e2500000, 0x00000000e2500000, 0x00000000e2600000|  0%| F|  |TAMS 0x00000000e2500000, 0x00000000e2500000| Untracked 
|  38|0x00000000e2600000, 0x00000000e2600000, 0x00000000e2700000|  0%| F|  |TAMS 0x00000000e2600000, 0x00000000e2600000| Untracked 
|  39|0x00000000e2700000, 0x00000000e2700000, 0x00000000e2800000|  0%| F|  |TAMS 0x00000000e2700000, 0x00000000e2700000| Untracked 
|  40|0x00000000e2800000, 0x00000000e2800000, 0x00000000e2900000|  0%| F|  |TAMS 0x00000000e2800000, 0x00000000e2800000| Untracked 
|  41|0x00000000e2900000, 0x00000000e2900000, 0x00000000e2a00000|  0%| F|  |TAMS 0x00000000e2900000, 0x00000000e2900000| Untracked 
|  42|0x00000000e2a00000, 0x00000000e2a00000, 0x00000000e2b00000|  0%| F|  |TAMS 0x00000000e2a00000, 0x00000000e2a00000| Untracked 
|  43|0x00000000e2b00000, 0x00000000e2b00000, 0x00000000e2c00000|  0%| F|  |TAMS 0x00000000e2b00000, 0x00000000e2b00000| Untracked 
|  44|0x00000000e2c00000, 0x00000000e2c00000, 0x00000000e2d00000|  0%| F|  |TAMS 0x00000000e2c00000, 0x00000000e2c00000| Untracked 
|  45|0x00000000e2d00000, 0x00000000e2d00000, 0x00000000e2e00000|  0%| F|  |TAMS 0x00000000e2d00000, 0x00000000e2d00000| Untracked 
|  46|0x00000000e2e00000, 0x00000000e2e00000, 0x00000000e2f00000|  0%| F|  |TAMS 0x00000000e2e00000, 0x00000000e2e00000| Untracked 
|  47|0x00000000e2f00000, 0x00000000e2f00000, 0x00000000e3000000|  0%| F|  |TAMS 0x00000000e2f00000, 0x00000000e2f00000| Untracked 
|  48|0x00000000e3000000, 0x00000000e3000000, 0x00000000e3100000|  0%| F|  |TAMS 0x00000000e3000000, 0x00000000e3000000| Untracked 
|  49|0x00000000e3100000, 0x00000000e3100000, 0x00000000e3200000|  0%| F|  |TAMS 0x00000000e3100000, 0x00000000e3100000| Untracked 
|  50|0x00000000e3200000, 0x00000000e3200000, 0x00000000e3300000|  0%| F|  |TAMS 0x00000000e3200000, 0x00000000e3200000| Untracked 
|  51|0x00000000e3300000, 0x00000000e3300000, 0x00000000e3400000|  0%| F|  |TAMS 0x00000000e3300000, 0x00000000e3300000| Untracked 
|  52|0x00000000e3400000, 0x00000000e3400000, 0x00000000e3500000|  0%| F|  |TAMS 0x00000000e3400000, 0x00000000e3400000| Untracked 
|  53|0x00000000e3500000, 0x00000000e3500000, 0x00000000e3600000|  0%| F|  |TAMS 0x00000000e3500000, 0x00000000e3500000| Untracked 
|  54|0x00000000e3600000, 0x00000000e3600000, 0x00000000e3700000|  0%| F|  |TAMS 0x00000000e3600000, 0x00000000e3600000| Untracked 
|  55|0x00000000e3700000, 0x00000000e3700000, 0x00000000e3800000|  0%| F|  |TAMS 0x00000000e3700000, 0x00000000e3700000| Untracked 
|  56|0x00000000e3800000, 0x00000000e3800000, 0x00000000e3900000|  0%| F|  |TAMS 0x00000000e3800000, 0x00000000e3800000| Untracked 
|  57|0x00000000e3900000, 0x00000000e3900000, 0x00000000e3a00000|  0%| F|  |TAMS 0x00000000e3900000, 0x00000000e3900000| Untracked 
|  58|0x00000000e3a00000, 0x00000000e3a00000, 0x00000000e3b00000|  0%| F|  |TAMS 0x00000000e3a00000, 0x00000000e3a00000| Untracked 
|  59|0x00000000e3b00000, 0x00000000e3b00000, 0x00000000e3c00000|  0%| F|  |TAMS 0x00000000e3b00000, 0x00000000e3b00000| Untracked 
|  60|0x00000000e3c00000, 0x00000000e3c00000, 0x00000000e3d00000|  0%| F|  |TAMS 0x00000000e3c00000, 0x00000000e3c00000| Untracked 
|  61|0x00000000e3d00000, 0x00000000e3d00000, 0x00000000e3e00000|  0%| F|  |TAMS 0x00000000e3d00000, 0x00000000e3d00000| Untracked 
|  62|0x00000000e3e00000, 0x00000000e3e00000, 0x00000000e3f00000|  0%| F|  |TAMS 0x00000000e3e00000, 0x00000000e3e00000| Untracked 
|  63|0x00000000e3f00000, 0x00000000e3f00000, 0x00000000e4000000|  0%| F|  |TAMS 0x00000000e3f00000, 0x00000000e3f00000| Untracked 
|  64|0x00000000e4000000, 0x00000000e4000000, 0x00000000e4100000|  0%| F|  |TAMS 0x00000000e4000000, 0x00000000e4000000| Untracked 
|  65|0x00000000e4100000, 0x00000000e4100000, 0x00000000e4200000|  0%| F|  |TAMS 0x00000000e4100000, 0x00000000e4100000| Untracked 
|  66|0x00000000e4200000, 0x00000000e4200000, 0x00000000e4300000|  0%| F|  |TAMS 0x00000000e4200000, 0x00000000e4200000| Untracked 
|  67|0x00000000e4300000, 0x00000000e4300000, 0x00000000e4400000|  0%| F|  |TAMS 0x00000000e4300000, 0x00000000e4300000| Untracked 
|  68|0x00000000e4400000, 0x00000000e4400000, 0x00000000e4500000|  0%| F|  |TAMS 0x00000000e4400000, 0x00000000e4400000| Untracked 
|  69|0x00000000e4500000, 0x00000000e4500000, 0x00000000e4600000|  0%| F|  |TAMS 0x00000000e4500000, 0x00000000e4500000| Untracked 
|  70|0x00000000e4600000, 0x00000000e4600000, 0x00000000e4700000|  0%| F|  |TAMS 0x00000000e4600000, 0x00000000e4600000| Untracked 
|  71|0x00000000e4700000, 0x00000000e4700000, 0x00000000e4800000|  0%| F|  |TAMS 0x00000000e4700000, 0x00000000e4700000| Untracked 
|  72|0x00000000e4800000, 0x00000000e4800000, 0x00000000e4900000|  0%| F|  |TAMS 0x00000000e4800000, 0x00000000e4800000| Untracked 
|  73|0x00000000e4900000, 0x00000000e4900000, 0x00000000e4a00000|  0%| F|  |TAMS 0x00000000e4900000, 0x00000000e4900000| Untracked 
|  74|0x00000000e4a00000, 0x00000000e4a00000, 0x00000000e4b00000|  0%| F|  |TAMS 0x00000000e4a00000, 0x00000000e4a00000| Untracked 
|  75|0x00000000e4b00000, 0x00000000e4b00000, 0x00000000e4c00000|  0%| F|  |TAMS 0x00000000e4b00000, 0x00000000e4b00000| Untracked 
|  76|0x00000000e4c00000, 0x00000000e4c00000, 0x00000000e4d00000|  0%| F|  |TAMS 0x00000000e4c00000, 0x00000000e4c00000| Untracked 
|  77|0x00000000e4d00000, 0x00000000e4d00000, 0x00000000e4e00000|  0%| F|  |TAMS 0x00000000e4d00000, 0x00000000e4d00000| Untracked 
|  78|0x00000000e4e00000, 0x00000000e4e00000, 0x00000000e4f00000|  0%| F|  |TAMS 0x00000000e4e00000, 0x00000000e4e00000| Untracked 
|  79|0x00000000e4f00000, 0x00000000e4f00000, 0x00000000e5000000|  0%| F|  |TAMS 0x00000000e4f00000, 0x00000000e4f00000| Untracked 
|  80|0x00000000e5000000, 0x00000000e5000000, 0x00000000e5100000|  0%| F|  |TAMS 0x00000000e5000000, 0x00000000e5000000| Untracked 
|  81|0x00000000e5100000, 0x00000000e5100000, 0x00000000e5200000|  0%| F|  |TAMS 0x00000000e5100000, 0x00000000e5100000| Untracked 
|  82|0x00000000e5200000, 0x00000000e5200000, 0x00000000e5300000|  0%| F|  |TAMS 0x00000000e5200000, 0x00000000e5200000| Untracked 
|  83|0x00000000e5300000, 0x00000000e5300000, 0x00000000e5400000|  0%| F|  |TAMS 0x00000000e5300000, 0x00000000e5300000| Untracked 
|  84|0x00000000e5400000, 0x00000000e5400000, 0x00000000e5500000|  0%| F|  |TAMS 0x00000000e5400000, 0x00000000e5400000| Untracked 
|  85|0x00000000e5500000, 0x00000000e5500000, 0x00000000e5600000|  0%| F|  |TAMS 0x00000000e5500000, 0x00000000e5500000| Untracked 
|  86|0x00000000e5600000, 0x00000000e5600000, 0x00000000e5700000|  0%| F|  |TAMS 0x00000000e5600000, 0x00000000e5600000| Untracked 
|  87|0x00000000e5700000, 0x00000000e5700000, 0x00000000e5800000|  0%| F|  |TAMS 0x00000000e5700000, 0x00000000e5700000| Untracked 
|  88|0x00000000e5800000, 0x00000000e5800000, 0x00000000e5900000|  0%| F|  |TAMS 0x00000000e5800000, 0x00000000e5800000| Untracked 
|  89|0x00000000e5900000, 0x00000000e5900000, 0x00000000e5a00000|  0%| F|  |TAMS 0x00000000e5900000, 0x00000000e5900000| Untracked 
|  90|0x00000000e5a00000, 0x00000000e5a00000, 0x00000000e5b00000|  0%| F|  |TAMS 0x00000000e5a00000, 0x00000000e5a00000| Untracked 
|  91|0x00000000e5b00000, 0x00000000e5b00000, 0x00000000e5c00000|  0%| F|  |TAMS 0x00000000e5b00000, 0x00000000e5b00000| Untracked 
|  92|0x00000000e5c00000, 0x00000000e5c00000, 0x00000000e5d00000|  0%| F|  |TAMS 0x00000000e5c00000, 0x00000000e5c00000| Untracked 
|  93|0x00000000e5d00000, 0x00000000e5d00000, 0x00000000e5e00000|  0%| F|  |TAMS 0x00000000e5d00000, 0x00000000e5d00000| Untracked 
|  94|0x00000000e5e00000, 0x00000000e5e00000, 0x00000000e5f00000|  0%| F|  |TAMS 0x00000000e5e00000, 0x00000000e5e00000| Untracked 
|  95|0x00000000e5f00000, 0x00000000e5f00000, 0x00000000e6000000|  0%| F|  |TAMS 0x00000000e5f00000, 0x00000000e5f00000| Untracked 
|  96|0x00000000e6000000, 0x00000000e6000000, 0x00000000e6100000|  0%| F|  |TAMS 0x00000000e6000000, 0x00000000e6000000| Untracked 
|  97|0x00000000e6100000, 0x00000000e6100000, 0x00000000e6200000|  0%| F|  |TAMS 0x00000000e6100000, 0x00000000e6100000| Untracked 
|  98|0x00000000e6200000, 0x00000000e6200000, 0x00000000e6300000|  0%| F|  |TAMS 0x00000000e6200000, 0x00000000e6200000| Untracked 
|  99|0x00000000e6300000, 0x00000000e6300000, 0x00000000e6400000|  0%| F|  |TAMS 0x00000000e6300000, 0x00000000e6300000| Untracked 
| 100|0x00000000e6400000, 0x00000000e6400000, 0x00000000e6500000|  0%| F|  |TAMS 0x00000000e6400000, 0x00000000e6400000| Untracked 
| 101|0x00000000e6500000, 0x00000000e6500000, 0x00000000e6600000|  0%| F|  |TAMS 0x00000000e6500000, 0x00000000e6500000| Untracked 
| 102|0x00000000e6600000, 0x00000000e6600000, 0x00000000e6700000|  0%| F|  |TAMS 0x00000000e6600000, 0x00000000e6600000| Untracked 
| 103|0x00000000e6700000, 0x00000000e6700000, 0x00000000e6800000|  0%| F|  |TAMS 0x00000000e6700000, 0x00000000e6700000| Untracked 
| 104|0x00000000e6800000, 0x00000000e6800000, 0x00000000e6900000|  0%| F|  |TAMS 0x00000000e6800000, 0x00000000e6800000| Untracked 
| 105|0x00000000e6900000, 0x00000000e6900000, 0x00000000e6a00000|  0%| F|  |TAMS 0x00000000e6900000, 0x00000000e6900000| Untracked 
| 106|0x00000000e6a00000, 0x00000000e6a00000, 0x00000000e6b00000|  0%| F|  |TAMS 0x00000000e6a00000, 0x00000000e6a00000| Untracked 
| 107|0x00000000e6b00000, 0x00000000e6b00000, 0x00000000e6c00000|  0%| F|  |TAMS 0x00000000e6b00000, 0x00000000e6b00000| Untracked 
| 108|0x00000000e6c00000, 0x00000000e6c00000, 0x00000000e6d00000|  0%| F|  |TAMS 0x00000000e6c00000, 0x00000000e6c00000| Untracked 
| 109|0x00000000e6d00000, 0x00000000e6d00000, 0x00000000e6e00000|  0%| F|  |TAMS 0x00000000e6d00000, 0x00000000e6d00000| Untracked 
| 110|0x00000000e6e00000, 0x00000000e6e00000, 0x00000000e6f00000|  0%| F|  |TAMS 0x00000000e6e00000, 0x00000000e6e00000| Untracked 
| 111|0x00000000e6f00000, 0x00000000e6f00000, 0x00000000e7000000|  0%| F|  |TAMS 0x00000000e6f00000, 0x00000000e6f00000| Untracked 
| 112|0x00000000e7000000, 0x00000000e7000000, 0x00000000e7100000|  0%| F|  |TAMS 0x00000000e7000000, 0x00000000e7000000| Untracked 
| 113|0x00000000e7100000, 0x00000000e7100000, 0x00000000e7200000|  0%| F|  |TAMS 0x00000000e7100000, 0x00000000e7100000| Untracked 
| 114|0x00000000e7200000, 0x00000000e7200000, 0x00000000e7300000|  0%| F|  |TAMS 0x00000000e7200000, 0x00000000e7200000| Untracked 
| 115|0x00000000e7300000, 0x00000000e7300000, 0x00000000e7400000|  0%| F|  |TAMS 0x00000000e7300000, 0x00000000e7300000| Untracked 
| 116|0x00000000e7400000, 0x00000000e7400000, 0x00000000e7500000|  0%| F|  |TAMS 0x00000000e7400000, 0x00000000e7400000| Untracked 
| 117|0x00000000e7500000, 0x00000000e7500000, 0x00000000e7600000|  0%| F|  |TAMS 0x00000000e7500000, 0x00000000e7500000| Untracked 
| 118|0x00000000e7600000, 0x00000000e7600000, 0x00000000e7700000|  0%| F|  |TAMS 0x00000000e7600000, 0x00000000e7600000| Untracked 
| 119|0x00000000e7700000, 0x00000000e7700000, 0x00000000e7800000|  0%| F|  |TAMS 0x00000000e7700000, 0x00000000e7700000| Untracked 
| 120|0x00000000e7800000, 0x00000000e7800000, 0x00000000e7900000|  0%| F|  |TAMS 0x00000000e7800000, 0x00000000e7800000| Untracked 
| 121|0x00000000e7900000, 0x00000000e7900000, 0x00000000e7a00000|  0%| F|  |TAMS 0x00000000e7900000, 0x00000000e7900000| Untracked 
| 122|0x00000000e7a00000, 0x00000000e7a00000, 0x00000000e7b00000|  0%| F|  |TAMS 0x00000000e7a00000, 0x00000000e7a00000| Untracked 
| 123|0x00000000e7b00000, 0x00000000e7b00000, 0x00000000e7c00000|  0%| F|  |TAMS 0x00000000e7b00000, 0x00000000e7b00000| Untracked 
| 124|0x00000000e7c00000, 0x00000000e7c00000, 0x00000000e7d00000|  0%| F|  |TAMS 0x00000000e7c00000, 0x00000000e7c00000| Untracked 
| 125|0x00000000e7d00000, 0x00000000e7d00000, 0x00000000e7e00000|  0%| F|  |TAMS 0x00000000e7d00000, 0x00000000e7d00000| Untracked 
| 126|0x00000000e7e00000, 0x00000000e7e00000, 0x00000000e7f00000|  0%| F|  |TAMS 0x00000000e7e00000, 0x00000000e7e00000| Untracked 
| 127|0x00000000e7f00000, 0x00000000e7f00000, 0x00000000e8000000|  0%| F|  |TAMS 0x00000000e7f00000, 0x00000000e7f00000| Untracked 
| 128|0x00000000e8000000, 0x00000000e8000000, 0x00000000e8100000|  0%| F|  |TAMS 0x00000000e8000000, 0x00000000e8000000| Untracked 
| 129|0x00000000e8100000, 0x00000000e8100000, 0x00000000e8200000|  0%| F|  |TAMS 0x00000000e8100000, 0x00000000e8100000| Untracked 
| 130|0x00000000e8200000, 0x00000000e8200000, 0x00000000e8300000|  0%| F|  |TAMS 0x00000000e8200000, 0x00000000e8200000| Untracked 
| 131|0x00000000e8300000, 0x00000000e8300000, 0x00000000e8400000|  0%| F|  |TAMS 0x00000000e8300000, 0x00000000e8300000| Untracked 
| 132|0x00000000e8400000, 0x00000000e8400000, 0x00000000e8500000|  0%| F|  |TAMS 0x00000000e8400000, 0x00000000e8400000| Untracked 
| 133|0x00000000e8500000, 0x00000000e8500000, 0x00000000e8600000|  0%| F|  |TAMS 0x00000000e8500000, 0x00000000e8500000| Untracked 
| 134|0x00000000e8600000, 0x00000000e8600000, 0x00000000e8700000|  0%| F|  |TAMS 0x00000000e8600000, 0x00000000e8600000| Untracked 
| 135|0x00000000e8700000, 0x00000000e8700000, 0x00000000e8800000|  0%| F|  |TAMS 0x00000000e8700000, 0x00000000e8700000| Untracked 
| 136|0x00000000e8800000, 0x00000000e8800000, 0x00000000e8900000|  0%| F|  |TAMS 0x00000000e8800000, 0x00000000e8800000| Untracked 
| 137|0x00000000e8900000, 0x00000000e8900000, 0x00000000e8a00000|  0%| F|  |TAMS 0x00000000e8900000, 0x00000000e8900000| Untracked 
| 138|0x00000000e8a00000, 0x00000000e8a00000, 0x00000000e8b00000|  0%| F|  |TAMS 0x00000000e8a00000, 0x00000000e8a00000| Untracked 
| 139|0x00000000e8b00000, 0x00000000e8c00000, 0x00000000e8c00000|100%| E|  |TAMS 0x00000000e8b00000, 0x00000000e8b00000| Complete 
| 140|0x00000000e8c00000, 0x00000000e8d00000, 0x00000000e8d00000|100%| E|CS|TAMS 0x00000000e8c00000, 0x00000000e8c00000| Complete 
| 141|0x00000000e8d00000, 0x00000000e8e00000, 0x00000000e8e00000|100%| E|CS|TAMS 0x00000000e8d00000, 0x00000000e8d00000| Complete 
| 142|0x00000000e8e00000, 0x00000000e8f00000, 0x00000000e8f00000|100%| E|CS|TAMS 0x00000000e8e00000, 0x00000000e8e00000| Complete 
| 143|0x00000000e8f00000, 0x00000000e9000000, 0x00000000e9000000|100%| E|CS|TAMS 0x00000000e8f00000, 0x00000000e8f00000| Complete 
| 144|0x00000000e9000000, 0x00000000e9100000, 0x00000000e9100000|100%| E|CS|TAMS 0x00000000e9000000, 0x00000000e9000000| Complete 
| 145|0x00000000e9100000, 0x00000000e9200000, 0x00000000e9200000|100%| E|CS|TAMS 0x00000000e9100000, 0x00000000e9100000| Complete 
| 146|0x00000000e9200000, 0x00000000e9300000, 0x00000000e9300000|100%| E|CS|TAMS 0x00000000e9200000, 0x00000000e9200000| Complete 
| 147|0x00000000e9300000, 0x00000000e9400000, 0x00000000e9400000|100%| E|CS|TAMS 0x00000000e9300000, 0x00000000e9300000| Complete 
| 148|0x00000000e9400000, 0x00000000e9500000, 0x00000000e9500000|100%| E|CS|TAMS 0x00000000e9400000, 0x00000000e9400000| Complete 
| 149|0x00000000e9500000, 0x00000000e9600000, 0x00000000e9600000|100%| E|CS|TAMS 0x00000000e9500000, 0x00000000e9500000| Complete 
| 150|0x00000000e9600000, 0x00000000e9700000, 0x00000000e9700000|100%| E|CS|TAMS 0x00000000e9600000, 0x00000000e9600000| Complete 
| 151|0x00000000e9700000, 0x00000000e9800000, 0x00000000e9800000|100%| E|CS|TAMS 0x00000000e9700000, 0x00000000e9700000| Complete 
| 152|0x00000000e9800000, 0x00000000e9900000, 0x00000000e9900000|100%| E|CS|TAMS 0x00000000e9800000, 0x00000000e9800000| Complete 
| 153|0x00000000e9900000, 0x00000000e9a00000, 0x00000000e9a00000|100%| E|CS|TAMS 0x00000000e9900000, 0x00000000e9900000| Complete 
| 154|0x00000000e9a00000, 0x00000000e9b00000, 0x00000000e9b00000|100%| E|CS|TAMS 0x00000000e9a00000, 0x00000000e9a00000| Complete 
| 155|0x00000000e9b00000, 0x00000000e9c00000, 0x00000000e9c00000|100%| E|CS|TAMS 0x00000000e9b00000, 0x00000000e9b00000| Complete 
| 156|0x00000000e9c00000, 0x00000000e9d00000, 0x00000000e9d00000|100%| E|CS|TAMS 0x00000000e9c00000, 0x00000000e9c00000| Complete 
| 157|0x00000000e9d00000, 0x00000000e9e00000, 0x00000000e9e00000|100%| E|CS|TAMS 0x00000000e9d00000, 0x00000000e9d00000| Complete 
| 158|0x00000000e9e00000, 0x00000000e9f00000, 0x00000000e9f00000|100%| E|CS|TAMS 0x00000000e9e00000, 0x00000000e9e00000| Complete 
| 159|0x00000000e9f00000, 0x00000000ea000000, 0x00000000ea000000|100%| E|CS|TAMS 0x00000000e9f00000, 0x00000000e9f00000| Complete 
| 160|0x00000000ea000000, 0x00000000ea100000, 0x00000000ea100000|100%| E|CS|TAMS 0x00000000ea000000, 0x00000000ea000000| Complete 
| 161|0x00000000ea100000, 0x00000000ea200000, 0x00000000ea200000|100%| E|CS|TAMS 0x00000000ea100000, 0x00000000ea100000| Complete 
| 162|0x00000000ea200000, 0x00000000ea300000, 0x00000000ea300000|100%| E|CS|TAMS 0x00000000ea200000, 0x00000000ea200000| Complete 
| 163|0x00000000ea300000, 0x00000000ea400000, 0x00000000ea400000|100%| E|CS|TAMS 0x00000000ea300000, 0x00000000ea300000| Complete 
| 164|0x00000000ea400000, 0x00000000ea500000, 0x00000000ea500000|100%| E|CS|TAMS 0x00000000ea400000, 0x00000000ea400000| Complete 
| 165|0x00000000ea500000, 0x00000000ea600000, 0x00000000ea600000|100%| E|CS|TAMS 0x00000000ea500000, 0x00000000ea500000| Complete 
| 166|0x00000000ea600000, 0x00000000ea700000, 0x00000000ea700000|100%| E|CS|TAMS 0x00000000ea600000, 0x00000000ea600000| Complete 
| 167|0x00000000ea700000, 0x00000000ea800000, 0x00000000ea800000|100%| E|CS|TAMS 0x00000000ea700000, 0x00000000ea700000| Complete 
| 168|0x00000000ea800000, 0x00000000ea900000, 0x00000000ea900000|100%| E|CS|TAMS 0x00000000ea800000, 0x00000000ea800000| Complete 
| 169|0x00000000ea900000, 0x00000000eaa00000, 0x00000000eaa00000|100%| E|CS|TAMS 0x00000000ea900000, 0x00000000ea900000| Complete 
| 170|0x00000000eaa00000, 0x00000000eab00000, 0x00000000eab00000|100%| E|CS|TAMS 0x00000000eaa00000, 0x00000000eaa00000| Complete 
| 171|0x00000000eab00000, 0x00000000eac00000, 0x00000000eac00000|100%| E|CS|TAMS 0x00000000eab00000, 0x00000000eab00000| Complete 
| 172|0x00000000eac00000, 0x00000000ead00000, 0x00000000ead00000|100%| E|CS|TAMS 0x00000000eac00000, 0x00000000eac00000| Complete 
| 173|0x00000000ead00000, 0x00000000eae00000, 0x00000000eae00000|100%| E|CS|TAMS 0x00000000ead00000, 0x00000000ead00000| Complete 
| 174|0x00000000eae00000, 0x00000000eaf00000, 0x00000000eaf00000|100%| E|CS|TAMS 0x00000000eae00000, 0x00000000eae00000| Complete 
| 175|0x00000000eaf00000, 0x00000000eb000000, 0x00000000eb000000|100%| E|CS|TAMS 0x00000000eaf00000, 0x00000000eaf00000| Complete 
| 176|0x00000000eb000000, 0x00000000eb100000, 0x00000000eb100000|100%| E|CS|TAMS 0x00000000eb000000, 0x00000000eb000000| Complete 
| 177|0x00000000eb100000, 0x00000000eb200000, 0x00000000eb200000|100%| E|CS|TAMS 0x00000000eb100000, 0x00000000eb100000| Complete 
| 178|0x00000000eb200000, 0x00000000eb300000, 0x00000000eb300000|100%| E|CS|TAMS 0x00000000eb200000, 0x00000000eb200000| Complete 
| 179|0x00000000eb300000, 0x00000000eb400000, 0x00000000eb400000|100%| E|CS|TAMS 0x00000000eb300000, 0x00000000eb300000| Complete 
| 180|0x00000000eb400000, 0x00000000eb500000, 0x00000000eb500000|100%| E|CS|TAMS 0x00000000eb400000, 0x00000000eb400000| Complete 
| 181|0x00000000eb500000, 0x00000000eb600000, 0x00000000eb600000|100%| E|CS|TAMS 0x00000000eb500000, 0x00000000eb500000| Complete 
| 182|0x00000000eb600000, 0x00000000eb700000, 0x00000000eb700000|100%| E|CS|TAMS 0x00000000eb600000, 0x00000000eb600000| Complete 
| 183|0x00000000eb700000, 0x00000000eb800000, 0x00000000eb800000|100%| E|CS|TAMS 0x00000000eb700000, 0x00000000eb700000| Complete 
| 184|0x00000000eb800000, 0x00000000eb900000, 0x00000000eb900000|100%| E|CS|TAMS 0x00000000eb800000, 0x00000000eb800000| Complete 
| 185|0x00000000eb900000, 0x00000000eba00000, 0x00000000eba00000|100%| E|CS|TAMS 0x00000000eb900000, 0x00000000eb900000| Complete 
| 186|0x00000000eba00000, 0x00000000ebb00000, 0x00000000ebb00000|100%| E|CS|TAMS 0x00000000eba00000, 0x00000000eba00000| Complete 
| 187|0x00000000ebb00000, 0x00000000ebc00000, 0x00000000ebc00000|100%| E|CS|TAMS 0x00000000ebb00000, 0x00000000ebb00000| Complete 
| 188|0x00000000ebc00000, 0x00000000ebd00000, 0x00000000ebd00000|100%| E|CS|TAMS 0x00000000ebc00000, 0x00000000ebc00000| Complete 
| 189|0x00000000ebd00000, 0x00000000ebe00000, 0x00000000ebe00000|100%| E|CS|TAMS 0x00000000ebd00000, 0x00000000ebd00000| Complete 
| 190|0x00000000ebe00000, 0x00000000ebf00000, 0x00000000ebf00000|100%| E|CS|TAMS 0x00000000ebe00000, 0x00000000ebe00000| Complete 
| 191|0x00000000ebf00000, 0x00000000ec000000, 0x00000000ec000000|100%| E|CS|TAMS 0x00000000ebf00000, 0x00000000ebf00000| Complete 
| 192|0x00000000ec000000, 0x00000000ec100000, 0x00000000ec100000|100%| E|CS|TAMS 0x00000000ec000000, 0x00000000ec000000| Complete 
| 193|0x00000000ec100000, 0x00000000ec200000, 0x00000000ec200000|100%| E|CS|TAMS 0x00000000ec100000, 0x00000000ec100000| Complete 
| 194|0x00000000ec200000, 0x00000000ec300000, 0x00000000ec300000|100%| E|CS|TAMS 0x00000000ec200000, 0x00000000ec200000| Complete 
| 195|0x00000000ec300000, 0x00000000ec400000, 0x00000000ec400000|100%| E|CS|TAMS 0x00000000ec300000, 0x00000000ec300000| Complete 
| 196|0x00000000ec400000, 0x00000000ec500000, 0x00000000ec500000|100%| E|CS|TAMS 0x00000000ec400000, 0x00000000ec400000| Complete 
| 197|0x00000000ec500000, 0x00000000ec600000, 0x00000000ec600000|100%| E|CS|TAMS 0x00000000ec500000, 0x00000000ec500000| Complete 
| 198|0x00000000ec600000, 0x00000000ec700000, 0x00000000ec700000|100%| E|CS|TAMS 0x00000000ec600000, 0x00000000ec600000| Complete 
| 199|0x00000000ec700000, 0x00000000ec800000, 0x00000000ec800000|100%| E|CS|TAMS 0x00000000ec700000, 0x00000000ec700000| Complete 
| 200|0x00000000ec800000, 0x00000000ec900000, 0x00000000ec900000|100%| E|CS|TAMS 0x00000000ec800000, 0x00000000ec800000| Complete 
| 201|0x00000000ec900000, 0x00000000eca00000, 0x00000000eca00000|100%| E|CS|TAMS 0x00000000ec900000, 0x00000000ec900000| Complete 
| 202|0x00000000eca00000, 0x00000000ecb00000, 0x00000000ecb00000|100%| E|CS|TAMS 0x00000000eca00000, 0x00000000eca00000| Complete 
| 203|0x00000000ecb00000, 0x00000000ecc00000, 0x00000000ecc00000|100%| E|CS|TAMS 0x00000000ecb00000, 0x00000000ecb00000| Complete 
| 204|0x00000000ecc00000, 0x00000000ecd00000, 0x00000000ecd00000|100%| E|CS|TAMS 0x00000000ecc00000, 0x00000000ecc00000| Complete 
| 205|0x00000000ecd00000, 0x00000000ece00000, 0x00000000ece00000|100%| E|CS|TAMS 0x00000000ecd00000, 0x00000000ecd00000| Complete 
| 206|0x00000000ece00000, 0x00000000ecf00000, 0x00000000ecf00000|100%| E|CS|TAMS 0x00000000ece00000, 0x00000000ece00000| Complete 
| 207|0x00000000ecf00000, 0x00000000ed000000, 0x00000000ed000000|100%| E|CS|TAMS 0x00000000ecf00000, 0x00000000ecf00000| Complete 
| 208|0x00000000ed000000, 0x00000000ed100000, 0x00000000ed100000|100%| E|CS|TAMS 0x00000000ed000000, 0x00000000ed000000| Complete 
| 209|0x00000000ed100000, 0x00000000ed200000, 0x00000000ed200000|100%| E|CS|TAMS 0x00000000ed100000, 0x00000000ed100000| Complete 
| 210|0x00000000ed200000, 0x00000000ed300000, 0x00000000ed300000|100%| E|CS|TAMS 0x00000000ed200000, 0x00000000ed200000| Complete 
| 211|0x00000000ed300000, 0x00000000ed400000, 0x00000000ed400000|100%| E|CS|TAMS 0x00000000ed300000, 0x00000000ed300000| Complete 
| 212|0x00000000ed400000, 0x00000000ed500000, 0x00000000ed500000|100%| E|CS|TAMS 0x00000000ed400000, 0x00000000ed400000| Complete 
| 213|0x00000000ed500000, 0x00000000ed600000, 0x00000000ed600000|100%| E|CS|TAMS 0x00000000ed500000, 0x00000000ed500000| Complete 
| 214|0x00000000ed600000, 0x00000000ed700000, 0x00000000ed700000|100%| E|CS|TAMS 0x00000000ed600000, 0x00000000ed600000| Complete 
| 215|0x00000000ed700000, 0x00000000ed800000, 0x00000000ed800000|100%| E|CS|TAMS 0x00000000ed700000, 0x00000000ed700000| Complete 
| 216|0x00000000ed800000, 0x00000000ed900000, 0x00000000ed900000|100%| E|CS|TAMS 0x00000000ed800000, 0x00000000ed800000| Complete 
| 217|0x00000000ed900000, 0x00000000eda00000, 0x00000000eda00000|100%| E|CS|TAMS 0x00000000ed900000, 0x00000000ed900000| Complete 
| 218|0x00000000eda00000, 0x00000000edb00000, 0x00000000edb00000|100%| E|CS|TAMS 0x00000000eda00000, 0x00000000eda00000| Complete 
| 219|0x00000000edb00000, 0x00000000edc00000, 0x00000000edc00000|100%| E|CS|TAMS 0x00000000edb00000, 0x00000000edb00000| Complete 
| 220|0x00000000edc00000, 0x00000000edd00000, 0x00000000edd00000|100%| E|  |TAMS 0x00000000edc00000, 0x00000000edc00000| Complete 
| 221|0x00000000edd00000, 0x00000000ede00000, 0x00000000ede00000|100%| E|CS|TAMS 0x00000000edd00000, 0x00000000edd00000| Complete 
| 222|0x00000000ede00000, 0x00000000edf00000, 0x00000000edf00000|100%| E|CS|TAMS 0x00000000ede00000, 0x00000000ede00000| Complete 
| 223|0x00000000edf00000, 0x00000000ee000000, 0x00000000ee000000|100%| E|CS|TAMS 0x00000000edf00000, 0x00000000edf00000| Complete 
| 224|0x00000000ee000000, 0x00000000ee100000, 0x00000000ee100000|100%| E|CS|TAMS 0x00000000ee000000, 0x00000000ee000000| Complete 
| 225|0x00000000ee100000, 0x00000000ee200000, 0x00000000ee200000|100%| E|CS|TAMS 0x00000000ee100000, 0x00000000ee100000| Complete 
| 226|0x00000000ee200000, 0x00000000ee300000, 0x00000000ee300000|100%| E|CS|TAMS 0x00000000ee200000, 0x00000000ee200000| Complete 
| 227|0x00000000ee300000, 0x00000000ee400000, 0x00000000ee400000|100%| E|CS|TAMS 0x00000000ee300000, 0x00000000ee300000| Complete 
| 228|0x00000000ee400000, 0x00000000ee500000, 0x00000000ee500000|100%| E|CS|TAMS 0x00000000ee400000, 0x00000000ee400000| Complete 
| 229|0x00000000ee500000, 0x00000000ee600000, 0x00000000ee600000|100%| E|CS|TAMS 0x00000000ee500000, 0x00000000ee500000| Complete 
| 230|0x00000000ee600000, 0x00000000ee700000, 0x00000000ee700000|100%| E|CS|TAMS 0x00000000ee600000, 0x00000000ee600000| Complete 
| 231|0x00000000ee700000, 0x00000000ee800000, 0x00000000ee800000|100%| E|CS|TAMS 0x00000000ee700000, 0x00000000ee700000| Complete 
| 232|0x00000000ee800000, 0x00000000ee900000, 0x00000000ee900000|100%| E|CS|TAMS 0x00000000ee800000, 0x00000000ee800000| Complete 
| 233|0x00000000ee900000, 0x00000000eea00000, 0x00000000eea00000|100%| E|CS|TAMS 0x00000000ee900000, 0x00000000ee900000| Complete 
| 234|0x00000000eea00000, 0x00000000eeb00000, 0x00000000eeb00000|100%| E|CS|TAMS 0x00000000eea00000, 0x00000000eea00000| Complete 
| 235|0x00000000eeb00000, 0x00000000eec00000, 0x00000000eec00000|100%| E|CS|TAMS 0x00000000eeb00000, 0x00000000eeb00000| Complete 
| 236|0x00000000eec00000, 0x00000000eed00000, 0x00000000eed00000|100%| E|CS|TAMS 0x00000000eec00000, 0x00000000eec00000| Complete 
| 237|0x00000000eed00000, 0x00000000eee00000, 0x00000000eee00000|100%| E|CS|TAMS 0x00000000eed00000, 0x00000000eed00000| Complete 
| 238|0x00000000eee00000, 0x00000000eef00000, 0x00000000eef00000|100%| E|CS|TAMS 0x00000000eee00000, 0x00000000eee00000| Complete 
| 239|0x00000000eef00000, 0x00000000ef000000, 0x00000000ef000000|100%| E|CS|TAMS 0x00000000eef00000, 0x00000000eef00000| Complete 
| 240|0x00000000ef000000, 0x00000000ef100000, 0x00000000ef100000|100%| E|CS|TAMS 0x00000000ef000000, 0x00000000ef000000| Complete 
| 241|0x00000000ef100000, 0x00000000ef200000, 0x00000000ef200000|100%| E|CS|TAMS 0x00000000ef100000, 0x00000000ef100000| Complete 
| 242|0x00000000ef200000, 0x00000000ef300000, 0x00000000ef300000|100%| E|CS|TAMS 0x00000000ef200000, 0x00000000ef200000| Complete 
| 243|0x00000000ef300000, 0x00000000ef400000, 0x00000000ef400000|100%| E|CS|TAMS 0x00000000ef300000, 0x00000000ef300000| Complete 
| 244|0x00000000ef400000, 0x00000000ef500000, 0x00000000ef500000|100%| E|CS|TAMS 0x00000000ef400000, 0x00000000ef400000| Complete 
| 245|0x00000000ef500000, 0x00000000ef600000, 0x00000000ef600000|100%| E|CS|TAMS 0x00000000ef500000, 0x00000000ef500000| Complete 
| 246|0x00000000ef600000, 0x00000000ef700000, 0x00000000ef700000|100%| E|CS|TAMS 0x00000000ef600000, 0x00000000ef600000| Complete 
| 247|0x00000000ef700000, 0x00000000ef800000, 0x00000000ef800000|100%| E|CS|TAMS 0x00000000ef700000, 0x00000000ef700000| Complete 
| 248|0x00000000ef800000, 0x00000000ef900000, 0x00000000ef900000|100%| E|CS|TAMS 0x00000000ef800000, 0x00000000ef800000| Complete 
| 249|0x00000000ef900000, 0x00000000efa00000, 0x00000000efa00000|100%| E|CS|TAMS 0x00000000ef900000, 0x00000000ef900000| Complete 
| 250|0x00000000efa00000, 0x00000000efb00000, 0x00000000efb00000|100%| E|CS|TAMS 0x00000000efa00000, 0x00000000efa00000| Complete 
| 251|0x00000000efb00000, 0x00000000efc00000, 0x00000000efc00000|100%| E|CS|TAMS 0x00000000efb00000, 0x00000000efb00000| Complete 
| 252|0x00000000efc00000, 0x00000000efd00000, 0x00000000efd00000|100%| E|CS|TAMS 0x00000000efc00000, 0x00000000efc00000| Complete 
| 253|0x00000000efd00000, 0x00000000efd877b0, 0x00000000efe00000| 52%| S|CS|TAMS 0x00000000efd00000, 0x00000000efd00000| Complete 
| 254|0x00000000efe00000, 0x00000000eff00000, 0x00000000eff00000|100%| E|CS|TAMS 0x00000000efe00000, 0x00000000efe00000| Complete 
| 255|0x00000000eff00000, 0x00000000f0000000, 0x00000000f0000000|100%| E|CS|TAMS 0x00000000eff00000, 0x00000000eff00000| Complete 

Card table byte_map: [0x0000025348dc0000,0x0000025348ec0000] _byte_map_base: 0x00000253486c0000

Marking Bits (Prev, Next): (CMBitMap*) 0x0000025331a582b0, (CMBitMap*) 0x0000025331a582f0
 Prev Bits: [0x0000025348fc0000, 0x00000253497c0000)
 Next Bits: [0x00000253497c0000, 0x0000025349fc0000)

Polling page: 0x00000253311f0000

Metaspace:

Usage:
  Non-class:     39.95 MB used.
      Class:      6.56 MB used.
       Both:     46.51 MB used.

Virtual space:
  Non-class space:       64.00 MB reserved,      40.75 MB ( 64%) committed,  1 nodes.
      Class space:      308.00 MB reserved,       7.44 MB (  2%) committed,  1 nodes.
             Both:      372.00 MB reserved,      48.19 MB ( 13%) committed. 

Chunk freelists:
   Non-Class:  2.33 MB
       Class:  528.00 KB
        Both:  2.84 MB

MaxMetaspaceSize: 384.00 MB
CompressedClassSpaceSize: 308.00 MB
Initial GC threshold: 21.00 MB
Current GC threshold: 60.00 MB
CDS: on
MetaspaceReclaimPolicy: balanced
 - commit_granule_bytes: 65536.
 - commit_granule_words: 8192.
 - virtual_space_node_default_size: 8388608.
 - enlarge_chunks_in_place: 1.
 - new_chunks_are_fully_committed: 0.
 - uncommit_free_chunks: 1.
 - use_allocation_guard: 0.


Internal statistics:

num_allocs_failed_limit: 12.
num_arena_births: 3228.
num_arena_deaths: 0.
num_vsnodes_births: 2.
num_vsnodes_deaths: 0.
num_space_committed: 771.
num_space_uncommitted: 0.
num_chunks_returned_to_freelist: 12.
num_chunks_taken_from_freelist: 5676.
num_chunk_merges: 9.
num_chunk_splits: 3591.
num_chunks_enlarged: 2064.
num_inconsistent_stats: 0.

CodeHeap 'non-profiled nmethods': size=120000Kb used=2480Kb max_used=2783Kb free=117519Kb
 bounds [0x0000025341450000, 0x0000025341710000, 0x0000025348980000]
CodeHeap 'profiled nmethods': size=120000Kb used=8685Kb max_used=10085Kb free=111314Kb
 bounds [0x0000025339980000, 0x000002533a360000, 0x0000025340eb0000]
CodeHeap 'non-nmethods': size=5760Kb used=2404Kb max_used=2456Kb free=3355Kb
 bounds [0x0000025340eb0000, 0x0000025341120000, 0x0000025341450000]
 total_blobs=5290 nmethods=4459 adapters=741
 compilation: enabled
              stopped_count=0, restarted_count=0
 full_count=0

Compilation events (20 events):
Event: 7.800 Thread 0x000002534ca2b500 5316       3       java.util.regex.Pattern$TreeInfo::reset (21 bytes)
Event: 7.800 Thread 0x000002534ca2b500 nmethod 5316 0x0000025339da9310 code [0x0000025339da94a0, 0x0000025339da95b8]
Event: 7.804 Thread 0x000002534ca2b500 5317       3       java.util.TreeMap::getEntry (77 bytes)
Event: 7.805 Thread 0x000002534ca2b500 nmethod 5317 0x0000025339c78e10 code [0x0000025339c79020, 0x0000025339c796a8]
Event: 7.806 Thread 0x00000253531a7150 5318       4       java.util.TreeMap$PrivateEntryIterator::hasNext (13 bytes)
Event: 7.806 Thread 0x00000253531a7150 nmethod 5318 0x00000253414bf710 code [0x00000253414bf880, 0x00000253414bf918]
Event: 7.807 Thread 0x000002534ca2b500 5319       3       com.google.common.collect.Hashing::needsResizing (22 bytes)
Event: 7.807 Thread 0x000002534ca2b500 nmethod 5319 0x000002533a16a610 code [0x000002533a16a7a0, 0x000002533a16a958]
Event: 7.807 Thread 0x000002534ca2b500 5320       3       org.objectweb.asm.ClassVisitor::<init> (94 bytes)
Event: 7.808 Thread 0x000002534ca2b500 nmethod 5320 0x0000025339fced10 code [0x0000025339fcef60, 0x0000025339fcf7f8]
Event: 7.811 Thread 0x000002534ca2b500 5321       3       java.lang.invoke.LambdaForm$DMH/0x00000008010a4400::newInvokeSpecial (30 bytes)
Event: 7.811 Thread 0x000002534ca2b500 nmethod 5321 0x000002533a076710 code [0x000002533a076900, 0x000002533a0770a8]
Event: 7.812 Thread 0x00000253531a7150 5322       4       org.objectweb.asm.Attribute::computeAttributesSize (62 bytes)
Event: 7.813 Thread 0x00000253531a7150 nmethod 5322 0x00000253414e7f10 code [0x00000253414e80a0, 0x00000253414e81a8]
Event: 7.814 Thread 0x000002534ca29b80 5323       4       org.objectweb.asm.AnnotationWriter::computeAnnotationsSize (66 bytes)
Event: 7.815 Thread 0x000002534ca29b80 nmethod 5323 0x0000025341675290 code [0x0000025341675420, 0x0000025341675508]
Event: 7.818 Thread 0x000002534ca2b500 5324       1       org.gradle.internal.operations.BuildOperationDescriptor::getMetadata (5 bytes)
Event: 7.818 Thread 0x000002534ca2b500 nmethod 5324 0x00000253414e7c10 code [0x00000253414e7da0, 0x00000253414e7e58]
Event: 7.818 Thread 0x00000253531a7150 5325       4       java.io.ObjectOutputStream$BlockDataOutputStream::writeShort (47 bytes)
Event: 7.819 Thread 0x00000253531a7150 nmethod 5325 0x0000025341674c90 code [0x0000025341674e20, 0x0000025341674f58]

GC Heap History (12 events):
Event: 0.892 GC heap before
{Heap before GC invocations=0 (full 0):
 garbage-first heap   total 262144K, used 26624K [0x00000000e0000000, 0x0000000100000000)
  region size 1024K, 23 young (23552K), 0 survivors (0K)
 Metaspace       used 3161K, committed 3264K, reserved 380928K
  class space    used 389K, committed 448K, reserved 315392K
}
Event: 0.897 GC heap after
{Heap after GC invocations=1 (full 0):
 garbage-first heap   total 262144K, used 10650K [0x00000000e0000000, 0x0000000100000000)
  region size 1024K, 3 young (3072K), 3 survivors (3072K)
 Metaspace       used 3161K, committed 3264K, reserved 380928K
  class space    used 389K, committed 448K, reserved 315392K
}
Event: 1.418 GC heap before
{Heap before GC invocations=1 (full 0):
 garbage-first heap   total 262144K, used 41370K [0x00000000e0000000, 0x0000000100000000)
  region size 1024K, 32 young (32768K), 3 survivors (3072K)
 Metaspace       used 4125K, committed 4288K, reserved 380928K
  class space    used 484K, committed 576K, reserved 315392K
}
Event: 1.424 GC heap after
{Heap after GC invocations=2 (full 0):
 garbage-first heap   total 262144K, used 12922K [0x00000000e0000000, 0x0000000100000000)
  region size 1024K, 3 young (3072K), 3 survivors (3072K)
 Metaspace       used 4125K, committed 4288K, reserved 380928K
  class space    used 484K, committed 576K, reserved 315392K
}
Event: 3.859 GC heap before
{Heap before GC invocations=2 (full 0):
 garbage-first heap   total 262144K, used 113274K [0x00000000e0000000, 0x0000000100000000)
  region size 1024K, 102 young (104448K), 3 survivors (3072K)
 Metaspace       used 20828K, committed 21504K, reserved 380928K
  class space    used 2964K, committed 3328K, reserved 315392K
}
Event: 3.869 GC heap after
{Heap after GC invocations=3 (full 0):
 garbage-first heap   total 262144K, used 22428K [0x00000000e0000000, 0x0000000100000000)
  region size 1024K, 12 young (12288K), 12 survivors (12288K)
 Metaspace       used 20828K, committed 21504K, reserved 380928K
  class space    used 2964K, committed 3328K, reserved 315392K
}
Event: 5.501 GC heap before
{Heap before GC invocations=4 (full 0):
 garbage-first heap   total 262144K, used 125852K [0x00000000e0000000, 0x0000000100000000)
  region size 1024K, 115 young (117760K), 12 survivors (12288K)
 Metaspace       used 34766K, committed 35968K, reserved 380928K
  class space    used 4846K, committed 5440K, reserved 315392K
}
Event: 5.517 GC heap after
{Heap after GC invocations=5 (full 0):
 garbage-first heap   total 262144K, used 31311K [0x00000000e0000000, 0x0000000100000000)
  region size 1024K, 9 young (9216K), 9 survivors (9216K)
 Metaspace       used 34766K, committed 35968K, reserved 380928K
  class space    used 4846K, committed 5440K, reserved 315392K
}
Event: 5.558 GC heap before
{Heap before GC invocations=5 (full 0):
 garbage-first heap   total 262144K, used 34383K [0x00000000e0000000, 0x0000000100000000)
  region size 1024K, 12 young (12288K), 9 survivors (9216K)
 Metaspace       used 35004K, committed 36224K, reserved 380928K
  class space    used 4864K, committed 5504K, reserved 315392K
}
Event: 5.569 GC heap after
{Heap after GC invocations=6 (full 0):
 garbage-first heap   total 262144K, used 31221K [0x00000000e0000000, 0x0000000100000000)
  region size 1024K, 2 young (2048K), 2 survivors (2048K)
 Metaspace       used 35004K, committed 36224K, reserved 380928K
  class space    used 4864K, committed 5504K, reserved 315392K
}
Event: 5.580 GC heap before
{Heap before GC invocations=6 (full 0):
 garbage-first heap   total 262144K, used 36341K [0x00000000e0000000, 0x0000000100000000)
  region size 1024K, 4 young (4096K), 2 survivors (2048K)
 Metaspace       used 35110K, committed 36288K, reserved 380928K
  class space    used 4865K, committed 5504K, reserved 315392K
}
Event: 5.582 GC heap after
{Heap after GC invocations=7 (full 0):
 garbage-first heap   total 262144K, used 32285K [0x00000000e0000000, 0x0000000100000000)
  region size 1024K, 1 young (1024K), 1 survivors (1024K)
 Metaspace       used 35110K, committed 36288K, reserved 380928K
  class space    used 4865K, committed 5504K, reserved 315392K
}

Dll operation events (15 events):
Event: 0.010 Loaded shared library C:\Program Files\Java\jdk-19\bin\java.dll
Event: 0.024 Loaded shared library C:\Program Files\Java\jdk-19\bin\jsvml.dll
Event: 0.170 Loaded shared library C:\Program Files\Java\jdk-19\bin\zip.dll
Event: 0.174 Loaded shared library C:\Program Files\Java\jdk-19\bin\instrument.dll
Event: 0.181 Loaded shared library C:\Program Files\Java\jdk-19\bin\net.dll
Event: 0.183 Loaded shared library C:\Program Files\Java\jdk-19\bin\nio.dll
Event: 0.190 Loaded shared library C:\Program Files\Java\jdk-19\bin\zip.dll
Event: 0.445 Loaded shared library C:\Program Files\Java\jdk-19\bin\jimage.dll
Event: 0.549 Loaded shared library C:\Program Files\Java\jdk-19\bin\verify.dll
Event: 0.747 Loaded shared library C:\Users\savel\.gradle\native\c067742578af261105cb4f569cf0c3c89f3d7b1fecec35dd04571415982c5e48\windows-amd64\native-platform.dll
Event: 0.753 Loaded shared library C:\Users\savel\.gradle\native\38dada09dfb8b06ba9b0570ebf7e218e3eb74d4ef43ca46872605cf95ebc2f47\windows-amd64\native-platform-file-events.dll
Event: 1.794 Loaded shared library C:\Program Files\Java\jdk-19\bin\management.dll
Event: 1.798 Loaded shared library C:\Program Files\Java\jdk-19\bin\management_ext.dll
Event: 2.055 Loaded shared library C:\Program Files\Java\jdk-19\bin\extnet.dll
Event: 2.311 Loaded shared library C:\Program Files\Java\jdk-19\bin\sunmscapi.dll

Deoptimization events (20 events):
Event: 7.444 Thread 0x0000025352994e90 Uncommon trap: trap_request=0xffffff45 fr.pc=0x0000025341478b1c relative=0x000000000000093c
Event: 7.444 Thread 0x0000025352994e90 Uncommon trap: reason=unstable_if action=reinterpret pc=0x0000025341478b1c method=org.objectweb.asm.Frame.accept(Lorg/objectweb/asm/MethodWriter;)V @ 32 c2
Event: 7.444 Thread 0x0000025352994e90 DEOPT PACKING pc=0x0000025341478b1c sp=0x0000006357bf7e50
Event: 7.444 Thread 0x0000025352994e90 DEOPT UNPACKING pc=0x0000025340f16da3 sp=0x0000006357bf7e00 mode 2
Event: 7.720 Thread 0x0000025352994e90 Uncommon trap: trap_request=0xffffff45 fr.pc=0x000002534152faf8 relative=0x0000000000000358
Event: 7.720 Thread 0x0000025352994e90 Uncommon trap: reason=unstable_if action=reinterpret pc=0x000002534152faf8 method=java.lang.StringLatin1.regionMatchesCI([BI[BII)Z @ 72 c2
Event: 7.720 Thread 0x0000025352994e90 DEOPT PACKING pc=0x000002534152faf8 sp=0x0000006357bf6990
Event: 7.721 Thread 0x0000025352994e90 DEOPT UNPACKING pc=0x0000025340f16da3 sp=0x0000006357bf6858 mode 2
Event: 7.721 Thread 0x0000025352994e90 Uncommon trap: trap_request=0xffffff45 fr.pc=0x000002534152f3b8 relative=0x0000000000000198
Event: 7.721 Thread 0x0000025352994e90 Uncommon trap: reason=unstable_if action=reinterpret pc=0x000002534152f3b8 method=java.lang.StringLatin1.regionMatchesCI([BI[BII)Z @ 72 c2
Event: 7.724 Thread 0x0000025352994e90 DEOPT PACKING pc=0x000002534152f3b8 sp=0x0000006357bf68b0
Event: 7.724 Thread 0x0000025352994e90 DEOPT UNPACKING pc=0x0000025340f16da3 sp=0x0000006357bf6840 mode 2
Event: 7.739 Thread 0x0000025352994e90 Uncommon trap: trap_request=0xffffffde fr.pc=0x000002534154e35c relative=0x000000000000029c
Event: 7.739 Thread 0x0000025352994e90 Uncommon trap: reason=class_check action=maybe_recompile pc=0x000002534154e35c method=java.util.Collections$SetFromMap.remove(Ljava/lang/Object;)Z @ 5 c2
Event: 7.739 Thread 0x0000025352994e90 DEOPT PACKING pc=0x000002534154e35c sp=0x0000006357bfaa70
Event: 7.739 Thread 0x0000025352994e90 DEOPT UNPACKING pc=0x0000025340f16da3 sp=0x0000006357bfaa58 mode 2
Event: 7.784 Thread 0x0000025352994e90 Uncommon trap: trap_request=0xffffff45 fr.pc=0x00000253415017e4 relative=0x00000000000004a4
Event: 7.784 Thread 0x0000025352994e90 Uncommon trap: reason=unstable_if action=reinterpret pc=0x00000253415017e4 method=java.util.TreeMap.getEntry(Ljava/lang/Object;)Ljava/util/TreeMap$Entry; @ 4 c2
Event: 7.784 Thread 0x0000025352994e90 DEOPT PACKING pc=0x00000253415017e4 sp=0x0000006357bfc080
Event: 7.784 Thread 0x0000025352994e90 DEOPT UNPACKING pc=0x0000025340f16da3 sp=0x0000006357bfc008 mode 2

Classes loaded (20 events):
Event: 6.919 Loading class java/lang/Byte$ByteCache
Event: 6.919 Loading class java/lang/Byte$ByteCache done
Event: 7.321 Loading class sun/reflect/generics/tree/BooleanSignature
Event: 7.321 Loading class sun/reflect/generics/tree/BooleanSignature done
Event: 7.329 Loading class org/xml/sax/Locator
Event: 7.329 Loading class org/xml/sax/Locator done
Event: 7.329 Loading class org/xml/sax/SAXParseException
Event: 7.329 Loading class org/xml/sax/SAXParseException done
Event: 7.331 Loading class org/xml/sax/Attributes
Event: 7.331 Loading class org/xml/sax/Attributes done
Event: 7.357 Loading class java/util/AbstractCollectionBeanInfo
Event: 7.357 Loading class java/util/AbstractCollectionBeanInfo done
Event: 7.357 Loading class java/util/AbstractCollectionBeanInfo
Event: 7.357 Loading class java/util/AbstractCollectionBeanInfo done
Event: 7.357 Loading class java/util/AbstractCollectionCustomizer
Event: 7.357 Loading class java/util/AbstractCollectionCustomizer done
Event: 7.357 Loading class java/util/AbstractCollectionCustomizer
Event: 7.357 Loading class java/util/AbstractCollectionCustomizer done
Event: 7.358 Loading class sun/reflect/generics/reflectiveObjects/GenericArrayTypeImpl
Event: 7.358 Loading class sun/reflect/generics/reflectiveObjects/GenericArrayTypeImpl done

Classes unloaded (0 events):
No events

Classes redefined (0 events):
No events

Internal exceptions (20 events):
Event: 7.415 Thread 0x0000025352994e90 Exception <a 'java/lang/ClassNotFoundException'{0x00000000e9cc6d48}: org/gradle/api/plugins/internal/NaggingJavaPluginConventionCustomizer> (0x00000000e9cc6d48) 
thrown [s\open\src\hotspot\share\classfile\systemDictionary.cpp, line 255]
Event: 7.577 Thread 0x0000025352994e90 Exception <a 'java/lang/ClassNotFoundException'{0x00000000e93f93f8}: org/gradle/api/tasks/testing/Test_DecoratedBeanInfo> (0x00000000e93f93f8) 
thrown [s\open\src\hotspot\share\classfile\systemDictionary.cpp, line 255]
Event: 7.578 Thread 0x0000025352994e90 Exception <a 'java/lang/ClassNotFoundException'{0x00000000e920baf8}: org/gradle/api/tasks/testing/TestBeanInfo> (0x00000000e920baf8) 
thrown [s\open\src\hotspot\share\classfile\systemDictionary.cpp, line 255]
Event: 7.579 Thread 0x0000025352994e90 Exception <a 'java/lang/ClassNotFoundException'{0x00000000e921df48}: org/gradle/api/tasks/testing/AbstractTestTaskBeanInfo> (0x00000000e921df48) 
thrown [s\open\src\hotspot\share\classfile\systemDictionary.cpp, line 255]
Event: 7.580 Thread 0x0000025352994e90 Exception <a 'java/lang/ClassNotFoundException'{0x00000000e922e360}: org/gradle/api/internal/ConventionTaskBeanInfo> (0x00000000e922e360) 
thrown [s\open\src\hotspot\share\classfile\systemDictionary.cpp, line 255]
Event: 7.581 Thread 0x0000025352994e90 Exception <a 'java/lang/ClassNotFoundException'{0x00000000e923e790}: org/gradle/api/DefaultTaskBeanInfo> (0x00000000e923e790) 
thrown [s\open\src\hotspot\share\classfile\systemDictionary.cpp, line 255]
Event: 7.581 Thread 0x0000025352994e90 Exception <a 'java/lang/ClassNotFoundException'{0x00000000e924eb68}: org/gradle/api/internal/AbstractTaskBeanInfo> (0x00000000e924eb68) 
thrown [s\open\src\hotspot\share\classfile\systemDictionary.cpp, line 255]
Event: 7.582 Thread 0x0000025352994e90 Exception <a 'java/lang/ClassNotFoundException'{0x00000000e925ef50}: org/gradle/api/internal/AbstractTaskCustomizer> (0x00000000e925ef50) 
thrown [s\open\src\hotspot\share\classfile\systemDictionary.cpp, line 255]
Event: 7.587 Thread 0x0000025352994e90 Exception <a 'java/lang/ClassNotFoundException'{0x00000000e92c44e0}: org/gradle/api/DefaultTaskCustomizer> (0x00000000e92c44e0) 
thrown [s\open\src\hotspot\share\classfile\systemDictionary.cpp, line 255]
Event: 7.595 Thread 0x0000025352994e90 Exception <a 'java/lang/ClassNotFoundException'{0x00000000e91309c8}: org/gradle/api/internal/ConventionTaskCustomizer> (0x00000000e91309c8) 
thrown [s\open\src\hotspot\share\classfile\systemDictionary.cpp, line 255]
Event: 7.598 Thread 0x0000025352994e90 Exception <a 'java/lang/ClassNotFoundException'{0x00000000e9152800}: org/gradle/api/tasks/testing/AbstractTestTaskCustomizer> (0x00000000e9152800) 
thrown [s\open\src\hotspot\share\classfile\systemDictionary.cpp, line 255]
Event: 7.601 Thread 0x0000025352994e90 Exception <a 'java/lang/ClassNotFoundException'{0x00000000e9181d98}: org/gradle/api/tasks/testing/TestCustomizer> (0x00000000e9181d98) 
thrown [s\open\src\hotspot\share\classfile\systemDictionary.cpp, line 255]
Event: 7.609 Thread 0x0000025352994e90 Exception <a 'java/lang/ClassNotFoundException'{0x00000000e90181c0}: org/gradle/api/tasks/testing/Test_DecoratedCustomizer> (0x00000000e90181c0) 
thrown [s\open\src\hotspot\share\classfile\systemDictionary.cpp, line 255]
Event: 7.618 Thread 0x0000025352994e90 Exception <a 'java/lang/NoSuchMethodError'{0x00000000e90e0700}: 'void java.lang.invoke.DirectMethodHandle$Holder.invokeVirtual(java.lang.Object, java.lang.Object)'> (0x00000000e90e0700) 
thrown [s\open\src\hotspot\share\interpreter\linkResolver.cpp, line 774]
Event: 7.699 Thread 0x0000025352994e90 Exception <a 'java/lang/ClassNotFoundException'{0x00000000e8e26eb8}: org/gradle/api/internal/tasks/testing/logging/DefaultTestLoggingContainer_DecoratedBeanInfo> (0x00000000e8e26eb8) 
thrown [s\open\src\hotspot\share\classfile\systemDictionary.cpp, line 255]
Event: 7.700 Thread 0x0000025352994e90 Exception <a 'java/lang/ClassNotFoundException'{0x00000000e8e3bb60}: org/gradle/api/internal/tasks/testing/logging/DefaultTestLoggingContainerBeanInfo> (0x00000000e8e3bb60) 
thrown [s\open\src\hotspot\share\classfile\systemDictionary.cpp, line 255]
Event: 7.712 Thread 0x0000025352994e90 Exception <a 'java/lang/ClassNotFoundException'{0x00000000e8e50808}: org/gradle/api/internal/tasks/testing/logging/DefaultTestLoggingContainerCustomizer> (0x00000000e8e50808) 
thrown [s\open\src\hotspot\share\classfile\systemDictionary.cpp, line 255]
Event: 7.715 Thread 0x0000025352994e90 Exception <a 'java/lang/ClassNotFoundException'{0x00000000e8e8db80}: org/gradle/api/internal/tasks/testing/logging/DefaultTestLoggingContainer_DecoratedCustomizer> (0x00000000e8e8db80) 
thrown [s\open\src\hotspot\share\classfile\systemDictionary.cpp, line 255]
Event: 7.730 Thread 0x0000025352994e90 Exception <a 'java/lang/NoSuchMethodError'{0x00000000e8efd8b8}: 'java.lang.Object java.lang.invoke.DirectMethodHandle$Holder.invokeInterface(java.lang.Object, java.lang.Object, int)'> (0x00000000e8efd8b8) 
thrown [s\open\src\hotspot\share\interpreter\linkResolver.cpp, line 774]
Event: 7.734 Thread 0x0000025352994e90 Exception <a 'java/lang/NoSuchMethodError'{0x00000000e8d20fc8}: 'void java.lang.invoke.DirectMethodHandle$Holder.invokeInterface(java.lang.Object, java.lang.Object, java.lang.Object, java.lang.Object)'> (0x00000000e8d20fc8) 
thrown [s\open\src\hotspot\share\interpreter\linkResolver.cpp, line 774]

VM Operations (20 events):
Event: 5.615 Executing VM operation: G1PauseCleanup
Event: 5.615 Executing VM operation: G1PauseCleanup done
Event: 6.035 Executing VM operation: HandshakeAllThreads
Event: 6.036 Executing VM operation: HandshakeAllThreads done
Event: 6.079 Executing VM operation: ICBufferFull
Event: 6.079 Executing VM operation: ICBufferFull done
Event: 6.188 Executing VM operation: HandshakeAllThreads
Event: 6.188 Executing VM operation: HandshakeAllThreads done
Event: 6.683 Executing VM operation: ICBufferFull
Event: 6.684 Executing VM operation: ICBufferFull done
Event: 6.957 Executing VM operation: HandshakeAllThreads
Event: 6.957 Executing VM operation: HandshakeAllThreads done
Event: 7.023 Executing VM operation: HandshakeAllThreads
Event: 7.023 Executing VM operation: HandshakeAllThreads done
Event: 7.036 Executing VM operation: HandshakeAllThreads
Event: 7.036 Executing VM operation: HandshakeAllThreads done
Event: 7.234 Executing VM operation: ICBufferFull
Event: 7.235 Executing VM operation: ICBufferFull done
Event: 7.598 Executing VM operation: ICBufferFull
Event: 7.598 Executing VM operation: ICBufferFull done

Events (20 events):
Event: 7.042 Thread 0x000002534ca35110 flushing nmethod 0x000002533a182210
Event: 7.042 Thread 0x000002534ca35110 flushing nmethod 0x000002533a197c90
Event: 7.043 Thread 0x000002534ca35110 flushing nmethod 0x000002533a1b5f10
Event: 7.043 Thread 0x000002534ca35110 flushing nmethod 0x000002533a1c5590
Event: 7.043 Thread 0x000002534ca35110 flushing nmethod 0x000002533a1f4290
Event: 7.043 Thread 0x000002534ca35110 flushing nmethod 0x000002533a236190
Event: 7.043 Thread 0x000002534ca35110 flushing nmethod 0x000002533a246210
Event: 7.043 Thread 0x000002534ca35110 flushing nmethod 0x000002533a247b90
Event: 7.043 Thread 0x000002534ca35110 flushing nmethod 0x000002533a250f10
Event: 7.043 Thread 0x000002534ca35110 flushing nmethod 0x000002533a263b10
Event: 7.043 Thread 0x000002534ca35110 flushing nmethod 0x000002533a266e10
Event: 7.043 Thread 0x000002534ca35110 flushing nmethod 0x000002533a271090
Event: 7.043 Thread 0x000002534ca35110 flushing nmethod 0x000002533a271b10
Event: 7.043 Thread 0x000002534ca35110 flushing nmethod 0x000002533a272510
Event: 7.043 Thread 0x000002534ca35110 flushing nmethod 0x000002533a279710
Event: 7.043 Thread 0x000002534ca35110 flushing nmethod 0x000002533a279b10
Event: 7.043 Thread 0x000002534ca35110 flushing nmethod 0x000002533a27b090
Event: 7.043 Thread 0x000002534ca35110 flushing nmethod 0x000002533a27b590
Event: 7.245 Thread 0x00000253531a7150 Thread added: 0x00000253531a7150
Event: 7.300 Thread 0x0000025350ecb750 Thread added: 0x0000025350ecb750


Dynamic libraries:
0x00007ff663170000 - 0x00007ff663180000 	C:\Program Files\Java\jdk-19\bin\java.exe
0x00007ff89fc90000 - 0x00007ff89fe88000 	C:\Windows\SYSTEM32\ntdll.dll
0x00007ff89ea50000 - 0x00007ff89eb0d000 	C:\Windows\System32\KERNEL32.DLL
0x00007ff89d3d0000 - 0x00007ff89d6c6000 	C:\Windows\System32\KERNELBASE.dll
0x00007ff89dbc0000 - 0x00007ff89dcc0000 	C:\Windows\System32\ucrtbase.dll
0x00007ff89b330000 - 0x00007ff89b34b000 	C:\Program Files\Java\jdk-19\bin\VCRUNTIME140.dll
0x00007ff89b310000 - 0x00007ff89b328000 	C:\Program Files\Java\jdk-19\bin\jli.dll
0x00007ff89f440000 - 0x00007ff89f4f0000 	C:\Windows\System32\ADVAPI32.dll
0x00007ff89e360000 - 0x00007ff89e3fe000 	C:\Windows\System32\msvcrt.dll
0x00007ff89fa30000 - 0x00007ff89fad0000 	C:\Windows\System32\sechost.dll
0x00007ff89ded0000 - 0x00007ff89dff5000 	C:\Windows\System32\RPCRT4.dll
0x00007ff89d780000 - 0x00007ff89d7a7000 	C:\Windows\System32\bcrypt.dll
0x00007ff89f2a0000 - 0x00007ff89f43e000 	C:\Windows\System32\USER32.dll
0x00007ff89d7b0000 - 0x00007ff89d7d2000 	C:\Windows\System32\win32u.dll
0x00007ff88b2c0000 - 0x00007ff88b55a000 	C:\Windows\WinSxS\amd64_microsoft.windows.common-controls_6595b64144ccf1df_6.0.19041.3636_none_60b6a03d71f818d5\COMCTL32.dll
0x00007ff89e330000 - 0x00007ff89e35b000 	C:\Windows\System32\GDI32.dll
0x00007ff89d7e0000 - 0x00007ff89d8f7000 	C:\Windows\System32\gdi32full.dll
0x00007ff89db20000 - 0x00007ff89dbbd000 	C:\Windows\System32\msvcp_win.dll
0x00007ff895ae0000 - 0x00007ff895aea000 	C:\Windows\SYSTEM32\VERSION.dll
0x00007ff89fbb0000 - 0x00007ff89fbe2000 	C:\Windows\System32\IMM32.DLL
0x00007ff89a350000 - 0x00007ff89a35c000 	C:\Program Files\Java\jdk-19\bin\vcruntime140_1.dll
0x00007ff8872b0000 - 0x00007ff88733e000 	C:\Program Files\Java\jdk-19\bin\msvcp140.dll
0x00007ff8453d0000 - 0x00007ff846090000 	C:\Program Files\Java\jdk-19\bin\server\jvm.dll
0x00007ff89b020000 - 0x00007ff89b047000 	C:\Windows\SYSTEM32\WINMM.dll
0x00007ff886250000 - 0x00007ff886259000 	C:\Windows\SYSTEM32\WSOCK32.dll
0x00007ff89f5e0000 - 0x00007ff89f64b000 	C:\Windows\System32\WS2_32.dll
0x00007ff89bb40000 - 0x00007ff89bb52000 	C:\Windows\SYSTEM32\kernel.appcore.dll
0x00007ff89a340000 - 0x00007ff89a34a000 	C:\Program Files\Java\jdk-19\bin\jimage.dll
0x00007ff89add0000 - 0x00007ff89afb4000 	C:\Windows\SYSTEM32\DBGHELP.DLL
0x00007ff89afe0000 - 0x00007ff89b014000 	C:\Windows\SYSTEM32\dbgcore.DLL
0x00007ff89d340000 - 0x00007ff89d3c2000 	C:\Windows\System32\bcryptPrimitives.dll
0x00007ff89b130000 - 0x00007ff89b13e000 	C:\Program Files\Java\jdk-19\bin\instrument.dll
0x00007ff895c60000 - 0x00007ff895c86000 	C:\Program Files\Java\jdk-19\bin\java.dll
0x00007ff886fb0000 - 0x00007ff887087000 	C:\Program Files\Java\jdk-19\bin\jsvml.dll
0x00007ff89eb30000 - 0x00007ff89f29b000 	C:\Windows\System32\SHELL32.dll
0x00007ff89b390000 - 0x00007ff89bb2e000 	C:\Windows\SYSTEM32\windows.storage.dll
0x00007ff89f6d0000 - 0x00007ff89fa23000 	C:\Windows\System32\combase.dll
0x00007ff89cca0000 - 0x00007ff89ccce000 	C:\Windows\SYSTEM32\Wldp.dll
0x00007ff89e0b0000 - 0x00007ff89e17d000 	C:\Windows\System32\OLEAUT32.dll
0x00007ff89e000000 - 0x00007ff89e0ad000 	C:\Windows\System32\SHCORE.dll
0x00007ff89e190000 - 0x00007ff89e1e5000 	C:\Windows\System32\shlwapi.dll
0x00007ff89d270000 - 0x00007ff89d295000 	C:\Windows\SYSTEM32\profapi.dll
0x00007ff895530000 - 0x00007ff895548000 	C:\Program Files\Java\jdk-19\bin\zip.dll
0x00007ff8968a0000 - 0x00007ff8968b3000 	C:\Program Files\Java\jdk-19\bin\net.dll
0x00007ff897290000 - 0x00007ff89739a000 	C:\Windows\SYSTEM32\WINHTTP.dll
0x00007ff89ca00000 - 0x00007ff89ca6a000 	C:\Windows\system32\mswsock.dll
0x00007ff895550000 - 0x00007ff895566000 	C:\Program Files\Java\jdk-19\bin\nio.dll
0x00007ff894940000 - 0x00007ff894950000 	C:\Program Files\Java\jdk-19\bin\verify.dll
0x00007ff890ee0000 - 0x00007ff890f07000 	C:\Users\savel\.gradle\native\c067742578af261105cb4f569cf0c3c89f3d7b1fecec35dd04571415982c5e48\windows-amd64\native-platform.dll
0x00007ff87bf00000 - 0x00007ff87c044000 	C:\Users\savel\.gradle\native\38dada09dfb8b06ba9b0570ebf7e218e3eb74d4ef43ca46872605cf95ebc2f47\windows-amd64\native-platform-file-events.dll
0x00007ff89b120000 - 0x00007ff89b12a000 	C:\Program Files\Java\jdk-19\bin\management.dll
0x00007ff89b070000 - 0x00007ff89b07b000 	C:\Program Files\Java\jdk-19\bin\management_ext.dll
0x00007ff89e180000 - 0x00007ff89e188000 	C:\Windows\System32\PSAPI.DLL
0x00007ff89cbf0000 - 0x00007ff89cc08000 	C:\Windows\SYSTEM32\CRYPTSP.dll
0x00007ff89c300000 - 0x00007ff89c334000 	C:\Windows\system32\rsaenh.dll
0x00007ff89d230000 - 0x00007ff89d25e000 	C:\Windows\SYSTEM32\USERENV.dll
0x00007ff89cc10000 - 0x00007ff89cc1c000 	C:\Windows\SYSTEM32\CRYPTBASE.dll
0x00007ff89c6f0000 - 0x00007ff89c72b000 	C:\Windows\SYSTEM32\IPHLPAPI.DLL
0x00007ff89e990000 - 0x00007ff89e998000 	C:\Windows\System32\NSI.dll
0x00007ff8946b0000 - 0x00007ff8946c7000 	C:\Windows\SYSTEM32\dhcpcsvc6.DLL
0x00007ff894c50000 - 0x00007ff894c6d000 	C:\Windows\SYSTEM32\dhcpcsvc.DLL
0x00007ff89c730000 - 0x00007ff89c7fb000 	C:\Windows\SYSTEM32\DNSAPI.dll
0x00007ff8981c0000 - 0x00007ff8981c8000 	C:\Program Files\Java\jdk-19\bin\extnet.dll
0x00007ff894790000 - 0x00007ff89479e000 	C:\Program Files\Java\jdk-19\bin\sunmscapi.dll
0x00007ff89d900000 - 0x00007ff89da5d000 	C:\Windows\System32\CRYPT32.dll
0x00007ff89cd10000 - 0x00007ff89cd38000 	C:\Windows\SYSTEM32\ncrypt.dll
0x00007ff89ccd0000 - 0x00007ff89cd0b000 	C:\Windows\SYSTEM32\NTASN1.dll
0x00007ff887390000 - 0x00007ff887397000 	C:\Windows\system32\wshunix.dll

dbghelp: loaded successfully - version: 4.0.5 - missing functions: none
symbol engine: initialized successfully - sym options: 0x614 - pdb path: .;C:\Program Files\Java\jdk-19\bin;C:\Windows\SYSTEM32;C:\Windows\WinSxS\amd64_microsoft.windows.common-controls_6595b64144ccf1df_6.0.19041.3636_none_60b6a03d71f818d5;C:\Program Files\Java\jdk-19\bin\server;C:\Users\savel\.gradle\native\c067742578af261105cb4f569cf0c3c89f3d7b1fecec35dd04571415982c5e48\windows-amd64;C:\Users\savel\.gradle\native\38dada09dfb8b06ba9b0570ebf7e218e3eb74d4ef43ca46872605cf95ebc2f47\windows-amd64

VM Arguments:
jvm_args: --add-opens=java.base/java.util=ALL-UNNAMED --add-opens=java.base/java.lang=ALL-UNNAMED --add-opens=java.base/java.lang.invoke=ALL-UNNAMED --add-opens=java.prefs/java.util.prefs=ALL-UNNAMED --add-opens=java.base/java.nio.charset=ALL-UNNAMED --add-opens=java.base/java.net=ALL-UNNAMED --add-opens=java.base/java.util.concurrent.atomic=ALL-UNNAMED -XX:MaxMetaspaceSize=384m -XX:+HeapDumpOnOutOfMemoryError -Xms256m -Xmx512m -Dfile.encoding=windows-1252 -Duser.country=US -Duser.language=en -Duser.variant -javaagent:C:\Users\savel\.gradle\wrapper\dists\gradle-8.4-bin\1w5dpkrfk8irigvoxmyhowfim\gradle-8.4\lib\agents\gradle-instrumentation-agent-8.4.jar 
java_command: org.gradle.launcher.daemon.bootstrap.GradleDaemon 8.4
java_class_path (initial): C:\Users\savel\.gradle\wrapper\dists\gradle-8.4-bin\1w5dpkrfk8irigvoxmyhowfim\gradle-8.4\lib\gradle-launcher-8.4.jar
Launcher Type: SUN_STANDARD

[Global flags]
     intx CICompilerCount                          = 4                                         {product} {ergonomic}
   size_t CompressedClassSpaceSize                 = 322961408                                 {product} {ergonomic}
     uint ConcGCThreads                            = 2                                         {product} {ergonomic}
     uint G1ConcRefinementThreads                  = 8                                         {product} {ergonomic}
   size_t G1HeapRegionSize                         = 1048576                                   {product} {ergonomic}
    uintx GCDrainStackTargetSize                   = 64                                        {product} {ergonomic}
     bool HeapDumpOnOutOfMemoryError               = true                                   {manageable} {command line}
   size_t InitialHeapSize                          = 268435456                                 {product} {command line}
   size_t MarkStackSize                            = 4194304                                   {product} {ergonomic}
   size_t MaxHeapSize                              = 536870912                                 {product} {command line}
   size_t MaxMetaspaceSize                         = 402653184                                 {product} {command line}
   size_t MaxNewSize                               = 321912832                                 {product} {ergonomic}
   size_t MinHeapDeltaBytes                        = 1048576                                   {product} {ergonomic}
   size_t MinHeapSize                              = 268435456                                 {product} {command line}
    uintx NonNMethodCodeHeapSize                   = 5839372                                {pd product} {ergonomic}
    uintx NonProfiledCodeHeapSize                  = 122909434                              {pd product} {ergonomic}
    uintx ProfiledCodeHeapSize                     = 122909434                              {pd product} {ergonomic}
    uintx ReservedCodeCacheSize                    = 251658240                              {pd product} {ergonomic}
     bool SegmentedCodeCache                       = true                                      {product} {ergonomic}
   size_t SoftMaxHeapSize                          = 536870912                              {manageable} {ergonomic}
     bool UseCompressedClassPointers               = true                           {product lp64_product} {ergonomic}
     bool UseCompressedOops                        = true                           {product lp64_product} {ergonomic}
     bool UseG1GC                                  = true                                      {product} {ergonomic}
     bool UseLargePagesIndividualAllocation        = false                                  {pd product} {ergonomic}

Logging:
Log output configuration:
 #0: stdout all=warning uptime,level,tags foldmultilines=false
 #1: stderr all=off uptime,level,tags foldmultilines=false

Environment Variables:
PATH=C:\Program Files\Common Files\Oracle\Java\javapath;C:\Program Files (x86)\Common Files\Oracle\Java\javapath;C:\ProgramData\Oracle\Java\javapath;C:\Program Files (x86)\NVIDIA Corporation\PhysX\Common;C:\Windows\system32;C:\Windows;C:\Windows\System32\Wbem;C:\Windows\System32\WindowsPowerShell\v1.0\;C:\Windows\System32\OpenSSH\;C:\Program Files (x86)\ZeroTier\One\;C:\Program Files\dotnet\;C:\Program Files\Docker\Docker\resources\bin;C:\Program Files\nodejs\;C:\Program Files\Git\cmd;C:\Users\savel\AppData\Local\Microsoft\WindowsApps;C:\Users\savel\AppData\Local\Programs\Microsoft VS Code\bin;C:\Users\savel\AppData\Local\GitHubDesktop\bin;C:\Users\savel\AppData\Local\gitkraken\bin;C:\Users\savel\AppData\Roaming\npm;C:\Users\savel\AppData\Local\JetBrains\Toolbox\scripts;
USERNAME=savel
OS=Windows_NT
PROCESSOR_IDENTIFIER=AMD64 Family 23 Model 96 Stepping 1, AuthenticAMD
TMP=C:\Users\savel\AppData\Local\Temp
TEMP=C:\Users\savel\AppData\Local\Temp



---------------  S Y S T E M  ---------------

OS:
 Windows 10 , 64 bit Build 19041 (10.0.19041.3636)
OS uptime: 8 days 10:09 hours
Hyper-V role detected

CPU: total 8 (initial active 8) (8 cores per cpu, 1 threads per core) family 23 model 96 stepping 1 microcode 0x0, cx8, cmov, fxsr, mmx, 3dnowpref, sse, sse2, sse3, ssse3, sse4a, sse4.1, sse4.2, popcnt, lzcnt, tsc, tscinvbit, avx, avx2, aes, clmul, bmi1, bmi2, adx, sha, fma, vzeroupper, clflush, clflushopt, hv, rdtscp, rdpid

Memory: 4k page, system-wide physical 15741M (2122M free)
TotalPageFile size 15741M (AvailPageFile size 12M)
current process WorkingSet (physical memory assigned to process): 330M, peak: 334M
current process commit charge ("private bytes"): 475M, peak: 477M

vm_info: Java HotSpot(TM) 64-Bit Server VM (19+36-2238) for windows-amd64 JRE (19+36-2238), built on 2022-08-12T20:29:01Z by "mach5one" with MS VC++ 17.1 (VS2022)

END.
