#
# There is insufficient memory for the Java Runtime Environment to continue.
# Native memory allocation (mmap) failed to map 257949696 bytes for G1 virtual space
# Possible reasons:
#   The system is out of physical RAM or swap space
#   The process is running with CompressedOops enabled, and the Java Heap may be blocking the growth of the native heap
# Possible solutions:
#   Reduce memory load on the system
#   Increase physical memory or swap space
#   Check if swap backing store is full
#   Decrease Java heap size (-Xmx/-Xms)
#   Decrease number of Java threads
#   Decrease Java thread stack sizes (-Xss)
#   Set larger code cache with -XX:ReservedCodeCacheSize=
#   JVM is running with Zero Based Compressed Oops mode in which the Java heap is
#     placed in the first 32GB address space. The Java Heap base address is the
#     maximum limit for the native heap growth. Please use -XX:HeapBaseMinAddress
#     to set the Java Heap base and to place the Java Heap above 32GB virtual address.
# This output file may be truncated or incomplete.
#
#  Out of Memory Error (os_windows.cpp:3829), pid=17004, tid=1164
#
# JRE version:  (17.0.8+7) (build )
# Java VM: OpenJDK 64-Bit Server VM (17.0.8+7-b1000.22, mixed mode, sharing, tiered, compressed oops, compressed class ptrs, g1 gc, windows-amd64)
# No core dump will be written. Minidumps are not enabled by default on client versions of Windows
#

---------------  S U M M A R Y ------------

Command Line: git4idea.http.GitAskPassApp Username for 'https://github.com': 

Host: AMD Ryzen 7 4700U with Radeon Graphics         , 8 cores, 15G,  Windows 10 , 64 bit Build 19041 (10.0.19041.3636)
Time: Tue Mar 26 11:33:01 2024 W. Europe Standard Time elapsed time: 0.013416 seconds (0d 0h 0m 0s)

---------------  T H R E A D  ---------------

Current thread (0x0000026ed2e37260):  JavaThread "Unknown thread" [_thread_in_vm, id=1164, stack(0x0000009fce400000,0x0000009fce500000)]

Stack: [0x0000009fce400000,0x0000009fce500000]
Native frames: (J=compiled Java code, j=interpreted, Vv=VM code, C=native code)
V  [jvm.dll+0x6852da]
V  [jvm.dll+0x844c84]
V  [jvm.dll+0x84659e]
V  [jvm.dll+0x846c03]
V  [jvm.dll+0x24b7cf]
V  [jvm.dll+0x682049]
V  [jvm.dll+0x67671a]
V  [jvm.dll+0x30be2b]
V  [jvm.dll+0x3132d6]
V  [jvm.dll+0x36302e]
V  [jvm.dll+0x36325f]
V  [jvm.dll+0x2e1f48]
V  [jvm.dll+0x2e2eb4]
V  [jvm.dll+0x815c11]
V  [jvm.dll+0x370df1]
V  [jvm.dll+0x7f4fdc]
V  [jvm.dll+0x3f3f1f]
V  [jvm.dll+0x3f5b31]
C  [jli.dll+0x528f]
C  [ucrtbase.dll+0x21bb2]
C  [KERNEL32.DLL+0x17344]
C  [ntdll.dll+0x526b1]


---------------  P R O C E S S  ---------------

Threads class SMR info:
_java_thread_list=0x00007ffc3e2a0098, length=0, elements={
}

Java Threads: ( => current thread )

Other Threads:
  0x0000026ed2e9e810 GCTaskThread "GC Thread#0" [stack: 0x0000009fce500000,0x0000009fce600000] [id=3176]
  0x0000026ed2eb1c90 ConcurrentGCThread "G1 Main Marker" [stack: 0x0000009fce600000,0x0000009fce700000] [id=12008]
  0x0000026ed2eb25b0 ConcurrentGCThread "G1 Conc#0" [stack: 0x0000009fce700000,0x0000009fce800000] [id=21116]

[error occurred during error reporting (printing all threads), id 0xc0000005, EXCEPTION_ACCESS_VIOLATION (0xc0000005) at pc=0x00007ffc3da52ab7]

VM state: not at safepoint (not fully initialized)

VM Mutex/Monitor currently owned by a thread:  ([mutex/lock_event])
[0x0000026ed2e32200] Heap_lock - owner thread: 0x0000026ed2e37260

Heap address: 0x000000070a000000, size: 3936 MB, Compressed Oops mode: Zero based, Oop shift amount: 3

CDS archive(s) mapped at: [0x0000000000000000-0x0000000000000000-0x0000000000000000), size 0, SharedBaseAddress: 0x0000000800000000, ArchiveRelocationMode: 1.
Narrow klass base: 0x0000000000000000, Narrow klass shift: 0, Narrow klass range: 0x0

GC Precious Log:
<Empty>

Heap:
 garbage-first heap   total 0K, used 0K [0x000000070a000000, 0x0000000800000000)
  region size 2048K, 0 young (0K), 0 survivors (0K)
 Metaspace       used 0K, committed 0K, reserved 0K
  class space    used 0K, committed 0K, reserved 0K

Heap Regions: E=young(eden), S=young(survivor), O=old, HS=humongous(starts), HC=humongous(continues), CS=collection set, F=free, OA=open archive, CA=closed archive, TAMS=top-at-mark-start (previous, next)

Card table byte_map: [0x0000026ee6080000,0x0000026ee6830000] _byte_map_base: 0x0000026ee2830000

Marking Bits (Prev, Next): (CMBitMap*) 0x0000026ed2ea1d60, (CMBitMap*) 0x0000026ed2ea1da0
 Prev Bits: [0x0000026ee6fe0000, 0x0000026eead60000)
 Next Bits: [0x0000026eead60000, 0x0000026eeeae0000)

GC Heap History (0 events):
No events

Dll operation events (1 events):
Event: 0.007 Loaded shared library C:\Users\savel\AppData\Local\Programs\IntelliJ IDEA Ultimate\jbr\bin\java.dll

Deoptimization events (0 events):
No events

Classes unloaded (0 events):
No events

Classes redefined (0 events):
No events

Internal exceptions (0 events):
No events

VM Operations (0 events):
No events

Events (0 events):
No events


Dynamic libraries:
0x00007ff71c970000 - 0x00007ff71c97a000 	C:\Users\savel\AppData\Local\Programs\IntelliJ IDEA Ultimate\jbr\bin\java.exe
0x00007ffcb2690000 - 0x00007ffcb2888000 	C:\Windows\SYSTEM32\ntdll.dll
0x00007ffcb0790000 - 0x00007ffcb084d000 	C:\Windows\System32\KERNEL32.DLL
0x00007ffcb0040000 - 0x00007ffcb0336000 	C:\Windows\System32\KERNELBASE.dll
0x00007ffcb04f0000 - 0x00007ffcb05f0000 	C:\Windows\System32\ucrtbase.dll
0x00007ffc9d730000 - 0x00007ffc9d74b000 	C:\Users\savel\AppData\Local\Programs\IntelliJ IDEA Ultimate\jbr\bin\VCRUNTIME140.dll
0x00007ffc9e5e0000 - 0x00007ffc9e5f7000 	C:\Users\savel\AppData\Local\Programs\IntelliJ IDEA Ultimate\jbr\bin\jli.dll
0x00007ffcb0c00000 - 0x00007ffcb0d9e000 	C:\Windows\System32\USER32.dll
0x00007ffcb0690000 - 0x00007ffcb06b2000 	C:\Windows\System32\win32u.dll
0x00007ffc9dee0000 - 0x00007ffc9e17a000 	C:\Windows\WinSxS\amd64_microsoft.windows.common-controls_6595b64144ccf1df_6.0.19041.3636_none_60b6a03d71f818d5\COMCTL32.dll
0x00007ffcb24f0000 - 0x00007ffcb251b000 	C:\Windows\System32\GDI32.dll
0x00007ffcb0b00000 - 0x00007ffcb0b9e000 	C:\Windows\System32\msvcrt.dll
0x00007ffcb03d0000 - 0x00007ffcb04e7000 	C:\Windows\System32\gdi32full.dll
0x00007ffcb05f0000 - 0x00007ffcb068d000 	C:\Windows\System32\msvcp_win.dll
0x00007ffcb0e00000 - 0x00007ffcb0e32000 	C:\Windows\System32\IMM32.DLL
0x00007ffcae4c0000 - 0x00007ffcae4cc000 	C:\Users\savel\AppData\Local\Programs\IntelliJ IDEA Ultimate\jbr\bin\vcruntime140_1.dll
0x00007ffc85de0000 - 0x00007ffc85e6d000 	C:\Users\savel\AppData\Local\Programs\IntelliJ IDEA Ultimate\jbr\bin\msvcp140.dll
0x00007ffc3d760000 - 0x00007ffc3e3e3000 	C:\Users\savel\AppData\Local\Programs\IntelliJ IDEA Ultimate\jbr\bin\server\jvm.dll
0x00007ffcb0e40000 - 0x00007ffcb0ef0000 	C:\Windows\System32\ADVAPI32.dll
0x00007ffcb21e0000 - 0x00007ffcb2280000 	C:\Windows\System32\sechost.dll
0x00007ffcb2520000 - 0x00007ffcb2645000 	C:\Windows\System32\RPCRT4.dll
0x00007ffcafd40000 - 0x00007ffcafd67000 	C:\Windows\System32\bcrypt.dll
0x00007ffcafba0000 - 0x00007ffcafbeb000 	C:\Windows\SYSTEM32\POWRPROF.dll
0x00007ffc9a6e0000 - 0x00007ffc9a6e9000 	C:\Windows\SYSTEM32\WSOCK32.dll
0x00007ffca5370000 - 0x00007ffca537a000 	C:\Windows\SYSTEM32\VERSION.dll
0x00007ffcae1c0000 - 0x00007ffcae1e7000 	C:\Windows\SYSTEM32\WINMM.dll
0x00007ffcb0a30000 - 0x00007ffcb0a9b000 	C:\Windows\System32\WS2_32.dll
0x00007ffcafb80000 - 0x00007ffcafb92000 	C:\Windows\SYSTEM32\UMPDC.dll
0x00007ffcae540000 - 0x00007ffcae552000 	C:\Windows\SYSTEM32\kernel.appcore.dll
0x00007ffcae4d0000 - 0x00007ffcae4da000 	C:\Users\savel\AppData\Local\Programs\IntelliJ IDEA Ultimate\jbr\bin\jimage.dll
0x00007ffcad7f0000 - 0x00007ffcad9d4000 	C:\Windows\SYSTEM32\DBGHELP.DLL
0x00007ffcae180000 - 0x00007ffcae1b4000 	C:\Windows\SYSTEM32\dbgcore.DLL
0x00007ffcb0340000 - 0x00007ffcb03c2000 	C:\Windows\System32\bcryptPrimitives.dll
0x00007ffc9bda0000 - 0x00007ffc9bdc5000 	C:\Users\savel\AppData\Local\Programs\IntelliJ IDEA Ultimate\jbr\bin\java.dll

dbghelp: loaded successfully - version: 4.0.5 - missing functions: none
symbol engine: initialized successfully - sym options: 0x614 - pdb path: .;C:\Users\savel\AppData\Local\Programs\IntelliJ IDEA Ultimate\jbr\bin;C:\Windows\SYSTEM32;C:\Windows\WinSxS\amd64_microsoft.windows.common-controls_6595b64144ccf1df_6.0.19041.3636_none_60b6a03d71f818d5;C:\Users\savel\AppData\Local\Programs\IntelliJ IDEA Ultimate\jbr\bin\server

VM Arguments:
java_command: git4idea.http.GitAskPassApp Username for 'https://github.com': 
java_class_path (initial): C:/Users/savel/AppData/Local/Programs/IntelliJ IDEA Ultimate/plugins/vcs-git/lib/git4idea-rt.jar;C:/Users/savel/AppData/Local/Programs/IntelliJ IDEA Ultimate/lib/externalProcess-rt.jar
Launcher Type: SUN_STANDARD

[Global flags]
     intx CICompilerCount                          = 4                                         {product} {ergonomic}
     uint ConcGCThreads                            = 2                                         {product} {ergonomic}
     uint G1ConcRefinementThreads                  = 8                                         {product} {ergonomic}
   size_t G1HeapRegionSize                         = 2097152                                   {product} {ergonomic}
    uintx GCDrainStackTargetSize                   = 64                                        {product} {ergonomic}
   size_t InitialHeapSize                          = 257949696                                 {product} {ergonomic}
   size_t MarkStackSize                            = 4194304                                   {product} {ergonomic}
   size_t MaxHeapSize                              = 4127195136                                {product} {ergonomic}
   size_t MinHeapDeltaBytes                        = 2097152                                   {product} {ergonomic}
   size_t MinHeapSize                              = 8388608                                   {product} {ergonomic}
    uintx NonNMethodCodeHeapSize                   = 5839372                                {pd product} {ergonomic}
    uintx NonProfiledCodeHeapSize                  = 122909434                              {pd product} {ergonomic}
    uintx ProfiledCodeHeapSize                     = 122909434                              {pd product} {ergonomic}
    uintx ReservedCodeCacheSize                    = 251658240                              {pd product} {ergonomic}
     bool SegmentedCodeCache                       = true                                      {product} {ergonomic}
   size_t SoftMaxHeapSize                          = 4127195136                             {manageable} {ergonomic}
     bool UseCompressedClassPointers               = true                           {product lp64_product} {ergonomic}
     bool UseCompressedOops                        = true                           {product lp64_product} {ergonomic}
     bool UseG1GC                                  = true                                      {product} {ergonomic}
     bool UseLargePagesIndividualAllocation        = false                                  {pd product} {ergonomic}

Logging:
Log output configuration:
 #0: stdout all=warning uptime,level,tags
 #1: stderr all=off uptime,level,tags

Environment Variables:
PATH=C:\Program Files\Git\mingw64\libexec\git-core;C:\Program Files\Git\mingw64\libexec\git-core;C:\Program Files\Git\mingw64\bin;C:\Program Files\Git\usr\bin;C:\Users\savel\bin;C:\Program Files\Common Files\Oracle\Java\javapath;C:\Program Files (x86)\Common Files\Oracle\Java\javapath;C:\ProgramData\Oracle\Java\javapath;C:\Program Files (x86)\NVIDIA Corporation\PhysX\Common;C:\Windows\system32;C:\Windows;C:\Windows\System32\Wbem;C:\Windows\System32\WindowsPowerShell\v1.0;C:\Windows\System32\OpenSSH;C:\Program Files (x86)\ZeroTier\One;C:\Program Files\dotnet;C:\Program Files\Git\cmd;C:\Program Files\Docker\Docker\resources\bin;C:\Program Files\nodejs;C:\Users\savel\AppData\Local\Microsoft\WindowsApps;C:\Users\savel\AppData\Local\Programs\Microsoft VS Code\bin;C:\Users\savel\AppData\Local\GitHubDesktop\bin;C:\Users\savel\AppData\Local\gitkraken\bin;C:\Users\savel\AppData\Roaming\npm;C:\Users\savel\AppData\Local\JetBrains\Toolbox\scripts
USERNAME=savel
DISPLAY=:0.0
LC_ALL=en_US.UTF-8
TERM=cygwin
TMPDIR=C:\Users\savel\AppData\Local\Temp
OS=Windows_NT
PROCESSOR_IDENTIFIER=AMD64 Family 23 Model 96 Stepping 1, AuthenticAMD
TMP=C:\Users\savel\AppData\Local\Temp
TEMP=C:\Users\savel\AppData\Local\Temp


JNI global refs:
JNI global refs: 0, weak refs: 0

JNI global refs memory usage: 0, weak refs: 0

OOME stack traces (most recent first):
Classloader memory used:


---------------  S Y S T E M  ---------------

OS:
 Windows 10 , 64 bit Build 19041 (10.0.19041.3636)
OS uptime: 3 days 1:04 hours
Hyper-V role detected

CPU: total 8 (initial active 8) (8 cores per cpu, 1 threads per core) family 23 model 96 stepping 1 microcode 0x0, cx8, cmov, fxsr, mmx, 3dnowpref, sse, sse2, sse3, ssse3, sse4a, sse4.1, sse4.2, popcnt, lzcnt, tsc, tscinvbit, avx, avx2, aes, clmul, bmi1, bmi2, adx, sha, fma, vzeroupper, clflush, clflushopt, hv
Processor Information for processor 0
  Max Mhz: 2000, Current Mhz: 1400, Mhz Limit: 2000
Processor Information for processor 1
  Max Mhz: 2000, Current Mhz: 1400, Mhz Limit: 2000
Processor Information for processor 2
  Max Mhz: 2000, Current Mhz: 1400, Mhz Limit: 2000
Processor Information for processor 3
  Max Mhz: 2000, Current Mhz: 1400, Mhz Limit: 2000
Processor Information for processor 4
  Max Mhz: 2000, Current Mhz: 2000, Mhz Limit: 2000
Processor Information for processor 5
  Max Mhz: 2000, Current Mhz: 2000, Mhz Limit: 2000
Processor Information for processor 6
  Max Mhz: 2000, Current Mhz: 2000, Mhz Limit: 2000
Processor Information for processor 7
  Max Mhz: 2000, Current Mhz: 2000, Mhz Limit: 2000

Memory: 4k page, system-wide physical 15741M (2041M free)
TotalPageFile size 15741M (AvailPageFile size 247M)
current process WorkingSet (physical memory assigned to process): 10M, peak: 10M
current process commit charge ("private bytes"): 60M, peak: 306M

vm_info: OpenJDK 64-Bit Server VM (17.0.8+7-b1000.22) for windows-amd64 JRE (17.0.8+7-b1000.22), built on 2023-09-02 by "builduser" with MS VC++ 16.10 / 16.11 (VS2019)

END.
