#
# There is insufficient memory for the Java Runtime Environment to continue.
# Native memory allocation (malloc) failed to allocate 1058480 bytes for Chunk::new
# Possible reasons:
#   The system is out of physical RAM or swap space
#   The process is running with CompressedOops enabled, and the Java Heap may be blocking the growth of the native heap
# Possible solutions:
#   Reduce memory load on the system
#   Increase physical memory or swap space
#   Check if swap backing store is full
#   Decrease Java heap size (-Xmx/-Xms)
#   Decrease number of Java threads
#   Decrease Java thread stack sizes (-Xss)
#   Set larger code cache with -XX:ReservedCodeCacheSize=
#   JVM is running with Unscaled Compressed Oops mode in which the Java heap is
#     placed in the first 4GB address space. The Java Heap base address is the
#     maximum limit for the native heap growth. Please use -XX:HeapBaseMinAddress
#     to set the Java Heap base and to place the Java Heap above 4GB virtual address.
# This output file may be truncated or incomplete.
#
#  Out of Memory Error (arena.cpp:184), pid=18368, tid=2160
#
# JRE version: Java(TM) SE Runtime Environment (19.0+36) (build 19+36-2238)
# Java VM: Java HotSpot(TM) 64-Bit Server VM (19+36-2238, mixed mode, sharing, tiered, compressed oops, compressed class ptrs, g1 gc, windows-amd64)
# No core dump will be written. Minidumps are not enabled by default on client versions of Windows
#

---------------  S U M M A R Y ------------

Command Line: --add-opens=java.base/java.util=ALL-UNNAMED --add-opens=java.base/java.lang=ALL-UNNAMED --add-opens=java.base/java.lang.invoke=ALL-UNNAMED --add-opens=java.prefs/java.util.prefs=ALL-UNNAMED --add-opens=java.base/java.nio.charset=ALL-UNNAMED --add-opens=java.base/java.net=ALL-UNNAMED --add-opens=java.base/java.util.concurrent.atomic=ALL-UNNAMED -XX:MaxMetaspaceSize=384m -XX:+HeapDumpOnOutOfMemoryError -Xms256m -Xmx512m -Dfile.encoding=windows-1252 -Duser.country=US -Duser.language=en -Duser.variant -javaagent:C:\Users\savel\.gradle\wrapper\dists\gradle-8.4-bin\1w5dpkrfk8irigvoxmyhowfim\gradle-8.4\lib\agents\gradle-instrumentation-agent-8.4.jar org.gradle.launcher.daemon.bootstrap.GradleDaemon 8.4

Host: AMD Ryzen 7 4700U with Radeon Graphics         , 8 cores, 15G,  Windows 10 , 64 bit Build 19041 (10.0.19041.3636)
Time: Mon Apr  8 11:25:05 2024 W. Europe Daylight Time elapsed time: 899.006701 seconds (0d 0h 14m 59s)

---------------  T H R E A D  ---------------

Current thread (0x000001f933782100):  JavaThread "C2 CompilerThread0" daemon [_thread_in_native, id=2160, stack(0x0000001737c00000,0x0000001737d00000)]


Current CompileTask:
C2: 899006 13199       4       com.sun.tools.javac.jvm.ClassReader::readClass (670 bytes)

Stack: [0x0000001737c00000,0x0000001737d00000]
Native frames: (J=compiled Java code, j=interpreted, Vv=VM code, C=native code)
V  [jvm.dll+0x6ee8fa]
V  [jvm.dll+0x857a1e]
V  [jvm.dll+0x85940e]
V  [jvm.dll+0x859ac3]
V  [jvm.dll+0x28291f]
V  [jvm.dll+0xc9b5f]
V  [jvm.dll+0xc9ee5]
V  [jvm.dll+0x3bcbac]
V  [jvm.dll+0x1ee31a]
V  [jvm.dll+0x24c41b]
V  [jvm.dll+0x24b671]
V  [jvm.dll+0x1d6d61]
V  [jvm.dll+0x25b0fa]
V  [jvm.dll+0x259588]
V  [jvm.dll+0x807928]
V  [jvm.dll+0x8015fa]
V  [jvm.dll+0x6ed5eb]
C  [ucrtbase.dll+0x21bb2]
C  [KERNEL32.DLL+0x17344]
C  [ntdll.dll+0x526b1]


---------------  P R O C E S S  ---------------

Threads class SMR info:
_java_thread_list=0x000001f93b283ff0, length=79, elements={
0x000001f918784060, 0x000001f9337785c0, 0x000001f9337793b0, 0x000001f93377c430,
0x000001f933780100, 0x000001f933780a30, 0x000001f9337814a0, 0x000001f933782100,
0x000001f933783f80, 0x000001f933795960, 0x000001f9379f7c80, 0x000001f937b33d00,
0x000001f9389daf10, 0x000001f9394a2360, 0x000001f938f26e00, 0x000001f93972a6a0,
0x000001f93972b140, 0x000001f93972c680, 0x000001f93972cbd0, 0x000001f93972abf0,
0x000001f93d04fea0, 0x000001f93d054900, 0x000001f93d04dec0, 0x000001f93d04e410,
0x000001f93d052e70, 0x000001f93d054e50, 0x000001f93d04e960, 0x000001f93d053910,
0x000001f93d04eeb0, 0x000001f93d0553a0, 0x000001f93d050940, 0x000001f93d0b8c70,
0x000001f93d0b5ca0, 0x000001f93d0b91c0, 0x000001f93d0bbc40, 0x000001f93972a150,
0x000001f93c609060, 0x000001f93c60b040, 0x000001f93c60f550, 0x000001f93c60fff0,
0x000001f93c60c580, 0x000001f93c60f000, 0x000001f93c610540, 0x000001f93c610a90,
0x000001f93c60e010, 0x000001f93c60d570, 0x000001f93c6095b0, 0x000001f93c60faa0,
0x000001f93c60cad0, 0x000001f93c60d020, 0x000001f93c60c030, 0x000001f93c609b00,
0x000001f93c60e560, 0x000001f93c60eab0, 0x000001f93c60a050, 0x000001f93c60a5a0,
0x000001f93c60aaf0, 0x000001f93c60b590, 0x000001f93c60bae0, 0x000001f93d0b7c80,
0x000001f93d0b81d0, 0x000001f93d0bc190, 0x000001f93d0b9710, 0x000001f93d0b9c60,
0x000001f93d0bb1a0, 0x000001f93d0b5200, 0x000001f93d1069d0, 0x000001f93d0b4cb0,
0x000001f93d0b71e0, 0x000001f93d0ba1b0, 0x000001f93d0b8720, 0x000001f93d0bb6f0,
0x000001f93d0b5750, 0x000001f93d0b61f0, 0x000001f93d0b6c90, 0x000001f93d0b7730,
0x000001f93d0bac50, 0x000001f93c187910, 0x000001f93c186920
}

Java Threads: ( => current thread )
  0x000001f918784060 JavaThread "main" [_thread_blocked, id=3884, stack(0x0000001736f00000,0x0000001737000000)]
  0x000001f9337785c0 JavaThread "Reference Handler" daemon [_thread_blocked, id=19804, stack(0x0000001737600000,0x0000001737700000)]
  0x000001f9337793b0 JavaThread "Finalizer" daemon [_thread_blocked, id=4712, stack(0x0000001737700000,0x0000001737800000)]
  0x000001f93377c430 JavaThread "Signal Dispatcher" daemon [_thread_blocked, id=1404, stack(0x0000001737800000,0x0000001737900000)]
  0x000001f933780100 JavaThread "Attach Listener" daemon [_thread_blocked, id=12908, stack(0x0000001737900000,0x0000001737a00000)]
  0x000001f933780a30 JavaThread "Service Thread" daemon [_thread_blocked, id=1944, stack(0x0000001737a00000,0x0000001737b00000)]
  0x000001f9337814a0 JavaThread "Monitor Deflation Thread" daemon [_thread_blocked, id=16072, stack(0x0000001737b00000,0x0000001737c00000)]
=>0x000001f933782100 JavaThread "C2 CompilerThread0" daemon [_thread_in_native, id=2160, stack(0x0000001737c00000,0x0000001737d00000)]
  0x000001f933783f80 JavaThread "C1 CompilerThread0" daemon [_thread_blocked, id=21088, stack(0x0000001737d00000,0x0000001737e00000)]
  0x000001f933795960 JavaThread "Sweeper thread" daemon [_thread_blocked, id=8388, stack(0x0000001737e00000,0x0000001737f00000)]
  0x000001f9379f7c80 JavaThread "Common-Cleaner" daemon [_thread_blocked, id=17260, stack(0x0000001737f00000,0x0000001738000000)]
  0x000001f937b33d00 JavaThread "Notification Thread" daemon [_thread_blocked, id=11544, stack(0x0000001738000000,0x0000001738100000)]
  0x000001f9389daf10 JavaThread "Daemon health stats" [_thread_blocked, id=20504, stack(0x0000001738800000,0x0000001738900000)]
  0x000001f9394a2360 JavaThread "Incoming local TCP Connector on port 64713" [_thread_in_native, id=17700, stack(0x0000001738900000,0x0000001738a00000)]
  0x000001f938f26e00 JavaThread "Daemon periodic checks" [_thread_blocked, id=22040, stack(0x0000001738a00000,0x0000001738b00000)]
  0x000001f93972a6a0 JavaThread "Cache worker for journal cache (C:\Users\savel\.gradle\caches\journal-1)" [_thread_blocked, id=14888, stack(0x0000001739200000,0x0000001739300000)]
  0x000001f93972b140 JavaThread "File lock request listener" [_thread_in_native, id=26300, stack(0x0000001739300000,0x0000001739400000)]
  0x000001f93972c680 JavaThread "Cache worker for file hash cache (C:\Users\savel\.gradle\caches\8.4\fileHashes)" [_thread_blocked, id=23364, stack(0x0000001739400000,0x0000001739500000)]
  0x000001f93972cbd0 JavaThread "File watcher server" daemon [_thread_in_native, id=17144, stack(0x0000001739900000,0x0000001739a00000)]
  0x000001f93972abf0 JavaThread "File watcher consumer" daemon [_thread_blocked, id=19264, stack(0x0000001739a00000,0x0000001739b00000)]
  0x000001f93d04fea0 JavaThread "Cache worker for file content cache (C:\Users\savel\.gradle\caches\8.4\fileContent)" [_thread_blocked, id=22520, stack(0x0000001739e00000,0x0000001739f00000)]
  0x000001f93d054900 JavaThread "Cache worker for execution history cache (C:\Users\savel\.gradle\caches\8.4\executionHistory)" [_thread_blocked, id=15436, stack(0x000000173a000000,0x000000173a100000)]
  0x000001f93d04dec0 JavaThread "jar transforms" [_thread_blocked, id=3524, stack(0x000000173a100000,0x000000173a200000)]
  0x000001f93d04e410 JavaThread "jar transforms Thread 2" [_thread_blocked, id=5956, stack(0x000000173a200000,0x000000173a300000)]
  0x000001f93d052e70 JavaThread "jar transforms Thread 3" [_thread_blocked, id=10624, stack(0x000000173a300000,0x000000173a400000)]
  0x000001f93d054e50 JavaThread "jar transforms Thread 4" [_thread_blocked, id=20140, stack(0x000000173a400000,0x000000173a500000)]
  0x000001f93d04e960 JavaThread "jar transforms Thread 5" [_thread_blocked, id=4864, stack(0x000000173a500000,0x000000173a600000)]
  0x000001f93d053910 JavaThread "jar transforms Thread 6" [_thread_blocked, id=23632, stack(0x000000173a600000,0x000000173a700000)]
  0x000001f93d04eeb0 JavaThread "jar transforms Thread 7" [_thread_blocked, id=1376, stack(0x000000173a700000,0x000000173a800000)]
  0x000001f93d0553a0 JavaThread "jar transforms Thread 8" [_thread_blocked, id=9456, stack(0x000000173a800000,0x000000173a900000)]
  0x000001f93d050940 JavaThread "Memory manager" [_thread_blocked, id=22212, stack(0x000000173aa00000,0x000000173ab00000)]
  0x000001f93d0b8c70 JavaThread "Cache worker for Java compile cache (C:\Users\savel\.gradle\caches\8.4\javaCompile)" [_thread_blocked, id=13672, stack(0x000000173b800000,0x000000173b900000)]
  0x000001f93d0b5ca0 JavaThread "Daemon Thread 6" [_thread_blocked, id=12740, stack(0x0000001736c00000,0x0000001736d00000)]
  0x000001f93d0b91c0 JavaThread "Daemon worker Thread 4" [_thread_blocked, id=12348, stack(0x0000001738200000,0x0000001738300000)]
  0x000001f93d0bbc40 JavaThread "included builds" [_thread_blocked, id=24416, stack(0x0000001739c00000,0x0000001739d00000)]
  0x000001f93972a150 JavaThread "Exec process Thread 13" [_thread_in_native, id=9460, stack(0x000000173c400000,0x000000173c500000)]
  0x000001f93c609060 JavaThread "Exec process Thread 14" [_thread_in_native, id=12224, stack(0x000000173c600000,0x000000173c700000)]
  0x000001f93c60b040 JavaThread "Exec process Thread 15" [_thread_in_native, id=24024, stack(0x000000173c700000,0x000000173c800000)]
  0x000001f93c60f550 JavaThread "Exec process Thread 16" [_thread_in_native, id=7120, stack(0x000000173c800000,0x000000173c900000)]
  0x000001f93c60fff0 JavaThread "Daemon Thread 7" [_thread_blocked, id=20292, stack(0x0000001736e00000,0x0000001736f00000)]
  0x000001f93c60c580 JavaThread "Handler for socket connection from /127.0.0.1:64713 to /127.0.0.1:65407" [_thread_in_native, id=20408, stack(0x0000001738b00000,0x0000001738c00000)]
  0x000001f93c60f000 JavaThread "Cancel handler" [_thread_blocked, id=21548, stack(0x0000001736d00000,0x0000001736e00000)]
  0x000001f93c610540 JavaThread "Asynchronous log dispatcher for DefaultDaemonConnection: socket connection from /127.0.0.1:64713 to /127.0.0.1:65407" [_thread_blocked, id=17440, stack(0x0000001738c00000,0x0000001738d00000)]
  0x000001f93c610a90 JavaThread "Stdin handler" [_thread_blocked, id=3632, stack(0x0000001738d00000,0x0000001738e00000)]
  0x000001f93c60e010 JavaThread "Daemon client event forwarder" [_thread_blocked, id=3724, stack(0x0000001738e00000,0x0000001738f00000)]
  0x000001f93c60d570 JavaThread "Cache worker for checksums cache (C:\Users\savel\Documents\spring\University\.gradle\8.4\checksums)" [_thread_blocked, id=3060, stack(0x0000001738f00000,0x0000001739000000)]
  0x000001f93c6095b0 JavaThread "Cache worker for file hash cache (C:\Users\savel\Documents\spring\University\.gradle\8.4\fileHashes)" [_thread_blocked, id=11044, stack(0x0000001739000000,0x0000001739100000)]
  0x000001f93c60faa0 JavaThread "Cache worker for cache directory md-supplier (C:\Users\savel\.gradle\caches\8.4\md-supplier)" [_thread_blocked, id=18456, stack(0x0000001739100000,0x0000001739200000)]
  0x000001f93c60cad0 JavaThread "Cache worker for cache directory md-rule (C:\Users\savel\.gradle\caches\8.4\md-rule)" [_thread_blocked, id=19164, stack(0x0000001739500000,0x0000001739600000)]
  0x000001f93c60d020 JavaThread "Cache worker for dependencies-accessors (C:\Users\savel\Documents\spring\University\.gradle\8.4\dependencies-accessors)" [_thread_blocked, id=7912, stack(0x0000001739b00000,0x0000001739c00000)]
  0x000001f93c60c030 JavaThread "Cache worker for Build Output Cleanup Cache (C:\Users\savel\Documents\spring\University\.gradle\buildOutputCleanup)" [_thread_blocked, id=18720, stack(0x0000001739d00000,0x0000001739e00000)]
  0x000001f93c609b00 JavaThread "included builds" [_thread_blocked, id=9032, stack(0x0000001739f00000,0x000000173a000000)]
  0x000001f93c60e560 JavaThread "Execution worker" [_thread_blocked, id=15476, stack(0x000000173a900000,0x000000173aa00000)]
  0x000001f93c60eab0 JavaThread "Execution worker Thread 2" [_thread_blocked, id=22736, stack(0x000000173ab00000,0x000000173ac00000)]
  0x000001f93c60a050 JavaThread "Execution worker Thread 3" [_thread_blocked, id=16440, stack(0x000000173ac00000,0x000000173ad00000)]
  0x000001f93c60a5a0 JavaThread "Execution worker Thread 4" [_thread_blocked, id=1160, stack(0x000000173ad00000,0x000000173ae00000)]
  0x000001f93c60aaf0 JavaThread "Execution worker Thread 5" [_thread_blocked, id=13988, stack(0x000000173ae00000,0x000000173af00000)]
  0x000001f93c60b590 JavaThread "Execution worker Thread 6" [_thread_blocked, id=22636, stack(0x000000173af00000,0x000000173b000000)]
  0x000001f93c60bae0 JavaThread "Execution worker Thread 7" [_thread_blocked, id=24596, stack(0x000000173b000000,0x000000173b100000)]
  0x000001f93d0b7c80 JavaThread "Cache worker for execution history cache (C:\Users\savel\Documents\spring\University\.gradle\8.4\executionHistory)" [_thread_blocked, id=25028, stack(0x000000173b100000,0x000000173b200000)]
  0x000001f93d0b81d0 JavaThread "Unconstrained build operations" [_thread_blocked, id=24504, stack(0x000000173b200000,0x000000173b300000)]
  0x000001f93d0bc190 JavaThread "Unconstrained build operations Thread 2" [_thread_blocked, id=18252, stack(0x000000173b300000,0x000000173b400000)]
  0x000001f93d0b9710 JavaThread "Unconstrained build operations Thread 3" [_thread_blocked, id=10232, stack(0x000000173b400000,0x000000173b500000)]
  0x000001f93d0b9c60 JavaThread "Build operations" [_thread_blocked, id=15232, stack(0x000000173b500000,0x000000173b600000)]
  0x000001f93d0bb1a0 JavaThread "Build operations Thread 2" [_thread_blocked, id=18944, stack(0x000000173b600000,0x000000173b700000)]
  0x000001f93d0b5200 JavaThread "Build operations Thread 3" [_thread_blocked, id=76, stack(0x000000173b700000,0x000000173b800000)]
  0x000001f93d1069d0 JavaThread "C2 CompilerThread1" daemon [_thread_in_native, id=20288, stack(0x000000173b900000,0x000000173ba00000)]
  0x000001f93d0b4cb0 JavaThread "Unconstrained build operations Thread 4" [_thread_blocked, id=3324, stack(0x000000173ba00000,0x000000173bb00000)]
  0x000001f93d0b71e0 JavaThread "Unconstrained build operations Thread 5" [_thread_blocked, id=7036, stack(0x000000173bb00000,0x000000173bc00000)]
  0x000001f93d0ba1b0 JavaThread "Unconstrained build operations Thread 6" [_thread_blocked, id=10656, stack(0x000000173bc00000,0x000000173bd00000)]
  0x000001f93d0b8720 JavaThread "Unconstrained build operations Thread 7" [_thread_blocked, id=3868, stack(0x000000173bd00000,0x000000173be00000)]
  0x000001f93d0bb6f0 JavaThread "Unconstrained build operations Thread 8" [_thread_blocked, id=8372, stack(0x000000173be00000,0x000000173bf00000)]
  0x000001f93d0b5750 JavaThread "Unconstrained build operations Thread 9" [_thread_blocked, id=25752, stack(0x000000173bf00000,0x000000173c000000)]
  0x000001f93d0b61f0 JavaThread "Unconstrained build operations Thread 10" [_thread_blocked, id=21052, stack(0x000000173c000000,0x000000173c100000)]
  0x000001f93d0b6c90 JavaThread "Unconstrained build operations Thread 11" [_thread_blocked, id=17828, stack(0x000000173c100000,0x000000173c200000)]
  0x000001f93d0b7730 JavaThread "Dispatch org.gradle.api.internal.tasks.testing.results.AttachParentTestResultProcessor@3eb76417" [_thread_blocked, id=21620, stack(0x000000173c200000,0x000000173c300000)]
  0x000001f93d0bac50 JavaThread "Dispatch org.gradle.api.internal.tasks.testing.processors.RestartEveryNTestClassProcessor@18b5bfa7" [_thread_blocked, id=19596, stack(0x000000173c300000,0x000000173c400000)]
  0x000001f93c187910 JavaThread "Incoming local TCP Connector on port 65408" [_thread_in_native, id=8400, stack(0x000000173c500000,0x000000173c600000)]
  0x000001f93c186920 JavaThread "DisconnectableInputStream source reader" daemon [_thread_blocked, id=4736, stack(0x000000173c900000,0x000000173ca00000)]

Other Threads:
  0x000001f933760510 VMThread "VM Thread" [stack: 0x0000001737500000,0x0000001737600000] [id=19676]
  0x000001f937b8a320 WatcherThread "VM Periodic Task Thread" [stack: 0x0000001738100000,0x0000001738200000] [id=21588]
  0x000001f9187b6a10 WorkerThread "GC Thread#0" [stack: 0x0000001737000000,0x0000001737100000] [id=592]
  0x000001f93856ee80 WorkerThread "GC Thread#1" [stack: 0x0000001738300000,0x0000001738400000] [id=20300]
  0x000001f93856fc90 WorkerThread "GC Thread#2" [stack: 0x0000001738400000,0x0000001738500000] [id=21028]
  0x000001f93856e610 WorkerThread "GC Thread#3" [stack: 0x0000001738500000,0x0000001738600000] [id=22344]
  0x000001f93856e070 WorkerThread "GC Thread#4" [stack: 0x0000001738600000,0x0000001738700000] [id=10376]
  0x000001f93856e340 WorkerThread "GC Thread#5" [stack: 0x0000001738700000,0x0000001738800000] [id=15220]
  0x000001f939858260 WorkerThread "GC Thread#6" [stack: 0x0000001739600000,0x0000001739700000] [id=2080]
  0x000001f939856910 WorkerThread "GC Thread#7" [stack: 0x0000001739700000,0x0000001739800000] [id=17956]
  0x000001f9187bc890 ConcurrentGCThread "G1 Main Marker" [stack: 0x0000001737100000,0x0000001737200000] [id=7340]
  0x000001f9187bd370 WorkerThread "G1 Conc#0" [stack: 0x0000001737200000,0x0000001737300000] [id=18936]
  0x000001f939855dd0 WorkerThread "G1 Conc#1" [stack: 0x0000001739800000,0x0000001739900000] [id=9000]
  0x000001f91884e4f0 ConcurrentGCThread "G1 Refine#0" [stack: 0x0000001737300000,0x0000001737400000] [id=3328]
  0x000001f933625560 ConcurrentGCThread "G1 Service" [stack: 0x0000001737400000,0x0000001737500000] [id=23268]

Threads with active compile tasks:
C2 CompilerThread0   899033 13199       4       com.sun.tools.javac.jvm.ClassReader::readClass (670 bytes)
C2 CompilerThread1   899033 13338   !   4       org.gradle.api.internal.attributes.DefaultImmutableAttributesFactory::doConcatIsolatable (128 bytes)

VM state: not at safepoint (normal execution)

VM Mutex/Monitor currently owned by a thread: None

Heap address: 0x00000000e0000000, size: 512 MB, Compressed Oops mode: 32-bit

CDS archive(s) mapped at: [0x0000000800000000-0x0000000800c40000-0x0000000800c40000), size 12845056, SharedBaseAddress: 0x0000000800000000, ArchiveRelocationMode: 0.
Compressed class space mapped at: 0x0000000801000000-0x0000000814400000, reserved size: 322961408
Narrow klass base: 0x0000000800000000, Narrow klass shift: 0, Narrow klass range: 0x100000000

GC Precious Log:
 CardTable entry size: 512
 Card Set container configuration: InlinePtr #cards 5 size 8 Array Of Cards #cards 12 size 40 Howl #buckets 4 coarsen threshold 1843 Howl Bitmap #cards 512 size 80 coarsen threshold 460 Card regions per heap region 1 cards per card region 2048
 CPUs: 8 total, 8 available
 Memory: 15741M
 Large Page Support: Disabled
 NUMA Support: Disabled
 Compressed Oops: Enabled (32-bit)
 Heap Region Size: 1M
 Heap Min Capacity: 256M
 Heap Initial Capacity: 256M
 Heap Max Capacity: 512M
 Pre-touch: Disabled
 Parallel Workers: 8
 Concurrent Workers: 2
 Concurrent Refinement Workers: 8
 Periodic GC: Disabled

Heap:
 garbage-first heap   total 262144K, used 150294K [0x00000000e0000000, 0x0000000100000000)
  region size 1024K, 95 young (97280K), 5 survivors (5120K)
 Metaspace       used 69520K, committed 71616K, reserved 380928K
  class space    used 9421K, committed 10496K, reserved 315392K

Heap Regions: E=young(eden), S=young(survivor), O=old, HS=humongous(starts), HC=humongous(continues), CS=collection set, F=free, OA=open archive, CA=closed archive, TAMS=top-at-mark-start (previous, next)
|   0|0x00000000e0000000, 0x00000000e0100000, 0x00000000e0100000|100%|HS|  |TAMS 0x00000000e0100000, 0x00000000e0000000| Complete 
|   1|0x00000000e0100000, 0x00000000e0200000, 0x00000000e0200000|100%|HC|  |TAMS 0x00000000e0200000, 0x00000000e0100000| Complete 
|   2|0x00000000e0200000, 0x00000000e0300000, 0x00000000e0300000|100%|HC|  |TAMS 0x00000000e0300000, 0x00000000e0200000| Complete 
|   3|0x00000000e0300000, 0x00000000e0400000, 0x00000000e0400000|100%|HC|  |TAMS 0x00000000e0400000, 0x00000000e0300000| Complete 
|   4|0x00000000e0400000, 0x00000000e0500000, 0x00000000e0500000|100%| O|  |TAMS 0x00000000e0500000, 0x00000000e0400000| Untracked 
|   5|0x00000000e0500000, 0x00000000e0600000, 0x00000000e0600000|100%| O|  |TAMS 0x00000000e0600000, 0x00000000e0500000| Untracked 
|   6|0x00000000e0600000, 0x00000000e0700000, 0x00000000e0700000|100%| O|  |TAMS 0x00000000e0700000, 0x00000000e0600000| Untracked 
|   7|0x00000000e0700000, 0x00000000e0800000, 0x00000000e0800000|100%| O|  |TAMS 0x00000000e0800000, 0x00000000e0700000| Untracked 
|   8|0x00000000e0800000, 0x00000000e0900000, 0x00000000e0900000|100%| O|  |TAMS 0x00000000e0900000, 0x00000000e0800000| Untracked 
|   9|0x00000000e0900000, 0x00000000e0a00000, 0x00000000e0a00000|100%| O|  |TAMS 0x00000000e0a00000, 0x00000000e0900000| Untracked 
|  10|0x00000000e0a00000, 0x00000000e0b00000, 0x00000000e0b00000|100%| O|  |TAMS 0x00000000e0b00000, 0x00000000e0a00000| Untracked 
|  11|0x00000000e0b00000, 0x00000000e0c00000, 0x00000000e0c00000|100%| O|  |TAMS 0x00000000e0c00000, 0x00000000e0b00000| Untracked 
|  12|0x00000000e0c00000, 0x00000000e0c00000, 0x00000000e0d00000|  0%| F|  |TAMS 0x00000000e0c00000, 0x00000000e0c00000| Untracked 
|  13|0x00000000e0d00000, 0x00000000e0e00000, 0x00000000e0e00000|100%| O|  |TAMS 0x00000000e0e00000, 0x00000000e0d00000| Untracked 
|  14|0x00000000e0e00000, 0x00000000e0f00000, 0x00000000e0f00000|100%| O|  |TAMS 0x00000000e0f00000, 0x00000000e0e00000| Untracked 
|  15|0x00000000e0f00000, 0x00000000e1000000, 0x00000000e1000000|100%| O|  |TAMS 0x00000000e1000000, 0x00000000e0f00000| Untracked 
|  16|0x00000000e1000000, 0x00000000e1100000, 0x00000000e1100000|100%| O|  |TAMS 0x00000000e1100000, 0x00000000e1000000| Untracked 
|  17|0x00000000e1100000, 0x00000000e1200000, 0x00000000e1200000|100%| O|  |TAMS 0x00000000e1200000, 0x00000000e1100000| Untracked 
|  18|0x00000000e1200000, 0x00000000e1300000, 0x00000000e1300000|100%| O|  |TAMS 0x00000000e1300000, 0x00000000e1200000| Untracked 
|  19|0x00000000e1300000, 0x00000000e1400000, 0x00000000e1400000|100%| O|  |TAMS 0x00000000e1400000, 0x00000000e1300000| Untracked 
|  20|0x00000000e1400000, 0x00000000e1500000, 0x00000000e1500000|100%| O|  |TAMS 0x00000000e1500000, 0x00000000e1400000| Untracked 
|  21|0x00000000e1500000, 0x00000000e1600000, 0x00000000e1600000|100%| O|  |TAMS 0x00000000e15b0000, 0x00000000e1500000| Untracked 
|  22|0x00000000e1600000, 0x00000000e1700000, 0x00000000e1700000|100%| O|  |TAMS 0x00000000e1600000, 0x00000000e1600000| Untracked 
|  23|0x00000000e1700000, 0x00000000e1800000, 0x00000000e1800000|100%| O|  |TAMS 0x00000000e1700000, 0x00000000e1700000| Untracked 
|  24|0x00000000e1800000, 0x00000000e1900000, 0x00000000e1900000|100%| O|  |TAMS 0x00000000e1800000, 0x00000000e1800000| Untracked 
|  25|0x00000000e1900000, 0x00000000e1a00000, 0x00000000e1a00000|100%| O|  |TAMS 0x00000000e1900000, 0x00000000e1900000| Untracked 
|  26|0x00000000e1a00000, 0x00000000e1b00000, 0x00000000e1b00000|100%| O|  |TAMS 0x00000000e1a00000, 0x00000000e1a00000| Untracked 
|  27|0x00000000e1b00000, 0x00000000e1c00000, 0x00000000e1c00000|100%| O|  |TAMS 0x00000000e1b00000, 0x00000000e1b00000| Untracked 
|  28|0x00000000e1c00000, 0x00000000e1d00000, 0x00000000e1d00000|100%| O|  |TAMS 0x00000000e1c00000, 0x00000000e1c00000| Untracked 
|  29|0x00000000e1d00000, 0x00000000e1e00000, 0x00000000e1e00000|100%| O|  |TAMS 0x00000000e1d00000, 0x00000000e1d00000| Untracked 
|  30|0x00000000e1e00000, 0x00000000e1f00000, 0x00000000e1f00000|100%| O|  |TAMS 0x00000000e1e00000, 0x00000000e1e00000| Untracked 
|  31|0x00000000e1f00000, 0x00000000e2000000, 0x00000000e2000000|100%| O|  |TAMS 0x00000000e1f00000, 0x00000000e1f00000| Untracked 
|  32|0x00000000e2000000, 0x00000000e2100000, 0x00000000e2100000|100%| O|  |TAMS 0x00000000e2000000, 0x00000000e2000000| Untracked 
|  33|0x00000000e2100000, 0x00000000e2200000, 0x00000000e2200000|100%| O|  |TAMS 0x00000000e2100000, 0x00000000e2100000| Untracked 
|  34|0x00000000e2200000, 0x00000000e2300000, 0x00000000e2300000|100%| O|  |TAMS 0x00000000e2200000, 0x00000000e2200000| Untracked 
|  35|0x00000000e2300000, 0x00000000e2400000, 0x00000000e2400000|100%| O|  |TAMS 0x00000000e2300000, 0x00000000e2300000| Untracked 
|  36|0x00000000e2400000, 0x00000000e2500000, 0x00000000e2500000|100%| O|  |TAMS 0x00000000e2400000, 0x00000000e2400000| Untracked 
|  37|0x00000000e2500000, 0x00000000e2600000, 0x00000000e2600000|100%| O|  |TAMS 0x00000000e2500000, 0x00000000e2500000| Untracked 
|  38|0x00000000e2600000, 0x00000000e2700000, 0x00000000e2700000|100%| O|  |TAMS 0x00000000e2600000, 0x00000000e2600000| Untracked 
|  39|0x00000000e2700000, 0x00000000e2800000, 0x00000000e2800000|100%| O|  |TAMS 0x00000000e2700000, 0x00000000e2700000| Untracked 
|  40|0x00000000e2800000, 0x00000000e2900000, 0x00000000e2900000|100%| O|  |TAMS 0x00000000e2800000, 0x00000000e2800000| Untracked 
|  41|0x00000000e2900000, 0x00000000e2a00000, 0x00000000e2a00000|100%| O|  |TAMS 0x00000000e2900000, 0x00000000e2900000| Untracked 
|  42|0x00000000e2a00000, 0x00000000e2b00000, 0x00000000e2b00000|100%| O|  |TAMS 0x00000000e2a00000, 0x00000000e2a00000| Untracked 
|  43|0x00000000e2b00000, 0x00000000e2c00000, 0x00000000e2c00000|100%| O|  |TAMS 0x00000000e2b00000, 0x00000000e2b00000| Untracked 
|  44|0x00000000e2c00000, 0x00000000e2d00000, 0x00000000e2d00000|100%| O|  |TAMS 0x00000000e2c00000, 0x00000000e2c00000| Untracked 
|  45|0x00000000e2d00000, 0x00000000e2e00000, 0x00000000e2e00000|100%| O|  |TAMS 0x00000000e2d00000, 0x00000000e2d00000| Untracked 
|  46|0x00000000e2e00000, 0x00000000e2f00000, 0x00000000e2f00000|100%| O|  |TAMS 0x00000000e2e00000, 0x00000000e2e00000| Untracked 
|  47|0x00000000e2f00000, 0x00000000e3000000, 0x00000000e3000000|100%| O|  |TAMS 0x00000000e2f00000, 0x00000000e2f00000| Untracked 
|  48|0x00000000e3000000, 0x00000000e3100000, 0x00000000e3100000|100%| O|  |TAMS 0x00000000e3000000, 0x00000000e3000000| Untracked 
|  49|0x00000000e3100000, 0x00000000e3200000, 0x00000000e3200000|100%| O|  |TAMS 0x00000000e3100000, 0x00000000e3100000| Untracked 
|  50|0x00000000e3200000, 0x00000000e3300000, 0x00000000e3300000|100%| O|  |TAMS 0x00000000e3200000, 0x00000000e3200000| Untracked 
|  51|0x00000000e3300000, 0x00000000e3400000, 0x00000000e3400000|100%| O|  |TAMS 0x00000000e3300000, 0x00000000e3300000| Untracked 
|  52|0x00000000e3400000, 0x00000000e3500000, 0x00000000e3500000|100%| O|  |TAMS 0x00000000e3400000, 0x00000000e3400000| Untracked 
|  53|0x00000000e3500000, 0x00000000e3600000, 0x00000000e3600000|100%| O|  |TAMS 0x00000000e3500000, 0x00000000e3500000| Untracked 
|  54|0x00000000e3600000, 0x00000000e3700000, 0x00000000e3700000|100%| O|  |TAMS 0x00000000e3600000, 0x00000000e3600000| Untracked 
|  55|0x00000000e3700000, 0x00000000e376f800, 0x00000000e3800000| 43%| O|  |TAMS 0x00000000e3700000, 0x00000000e3700000| Untracked 
|  56|0x00000000e3800000, 0x00000000e3800000, 0x00000000e3900000|  0%| F|  |TAMS 0x00000000e3800000, 0x00000000e3800000| Untracked 
|  57|0x00000000e3900000, 0x00000000e3900000, 0x00000000e3a00000|  0%| F|  |TAMS 0x00000000e3900000, 0x00000000e3900000| Untracked 
|  58|0x00000000e3a00000, 0x00000000e3a00000, 0x00000000e3b00000|  0%| F|  |TAMS 0x00000000e3a00000, 0x00000000e3a00000| Untracked 
|  59|0x00000000e3b00000, 0x00000000e3b00000, 0x00000000e3c00000|  0%| F|  |TAMS 0x00000000e3b00000, 0x00000000e3b00000| Untracked 
|  60|0x00000000e3c00000, 0x00000000e3c00000, 0x00000000e3d00000|  0%| F|  |TAMS 0x00000000e3c00000, 0x00000000e3c00000| Untracked 
|  61|0x00000000e3d00000, 0x00000000e3d00000, 0x00000000e3e00000|  0%| F|  |TAMS 0x00000000e3d00000, 0x00000000e3d00000| Untracked 
|  62|0x00000000e3e00000, 0x00000000e3e00000, 0x00000000e3f00000|  0%| F|  |TAMS 0x00000000e3e00000, 0x00000000e3e00000| Untracked 
|  63|0x00000000e3f00000, 0x00000000e3f00000, 0x00000000e4000000|  0%| F|  |TAMS 0x00000000e3f00000, 0x00000000e3f00000| Untracked 
|  64|0x00000000e4000000, 0x00000000e4000000, 0x00000000e4100000|  0%| F|  |TAMS 0x00000000e4000000, 0x00000000e4000000| Untracked 
|  65|0x00000000e4100000, 0x00000000e4100000, 0x00000000e4200000|  0%| F|  |TAMS 0x00000000e4100000, 0x00000000e4100000| Untracked 
|  66|0x00000000e4200000, 0x00000000e4200000, 0x00000000e4300000|  0%| F|  |TAMS 0x00000000e4200000, 0x00000000e4200000| Untracked 
|  67|0x00000000e4300000, 0x00000000e4300000, 0x00000000e4400000|  0%| F|  |TAMS 0x00000000e4300000, 0x00000000e4300000| Untracked 
|  68|0x00000000e4400000, 0x00000000e4400000, 0x00000000e4500000|  0%| F|  |TAMS 0x00000000e4400000, 0x00000000e4400000| Untracked 
|  69|0x00000000e4500000, 0x00000000e4500000, 0x00000000e4600000|  0%| F|  |TAMS 0x00000000e4500000, 0x00000000e4500000| Untracked 
|  70|0x00000000e4600000, 0x00000000e4600000, 0x00000000e4700000|  0%| F|  |TAMS 0x00000000e4600000, 0x00000000e4600000| Untracked 
|  71|0x00000000e4700000, 0x00000000e4700000, 0x00000000e4800000|  0%| F|  |TAMS 0x00000000e4700000, 0x00000000e4700000| Untracked 
|  72|0x00000000e4800000, 0x00000000e4800000, 0x00000000e4900000|  0%| F|  |TAMS 0x00000000e4800000, 0x00000000e4800000| Untracked 
|  73|0x00000000e4900000, 0x00000000e4900000, 0x00000000e4a00000|  0%| F|  |TAMS 0x00000000e4900000, 0x00000000e4900000| Untracked 
|  74|0x00000000e4a00000, 0x00000000e4a00000, 0x00000000e4b00000|  0%| F|  |TAMS 0x00000000e4a00000, 0x00000000e4a00000| Untracked 
|  75|0x00000000e4b00000, 0x00000000e4b00000, 0x00000000e4c00000|  0%| F|  |TAMS 0x00000000e4b00000, 0x00000000e4b00000| Untracked 
|  76|0x00000000e4c00000, 0x00000000e4c00000, 0x00000000e4d00000|  0%| F|  |TAMS 0x00000000e4c00000, 0x00000000e4c00000| Untracked 
|  77|0x00000000e4d00000, 0x00000000e4d00000, 0x00000000e4e00000|  0%| F|  |TAMS 0x00000000e4d00000, 0x00000000e4d00000| Untracked 
|  78|0x00000000e4e00000, 0x00000000e4e00000, 0x00000000e4f00000|  0%| F|  |TAMS 0x00000000e4e00000, 0x00000000e4e00000| Untracked 
|  79|0x00000000e4f00000, 0x00000000e4f00000, 0x00000000e5000000|  0%| F|  |TAMS 0x00000000e4f00000, 0x00000000e4f00000| Untracked 
|  80|0x00000000e5000000, 0x00000000e5000000, 0x00000000e5100000|  0%| F|  |TAMS 0x00000000e5000000, 0x00000000e5000000| Untracked 
|  81|0x00000000e5100000, 0x00000000e5100000, 0x00000000e5200000|  0%| F|  |TAMS 0x00000000e5100000, 0x00000000e5100000| Untracked 
|  82|0x00000000e5200000, 0x00000000e5200000, 0x00000000e5300000|  0%| F|  |TAMS 0x00000000e5200000, 0x00000000e5200000| Untracked 
|  83|0x00000000e5300000, 0x00000000e5300000, 0x00000000e5400000|  0%| F|  |TAMS 0x00000000e5300000, 0x00000000e5300000| Untracked 
|  84|0x00000000e5400000, 0x00000000e5400000, 0x00000000e5500000|  0%| F|  |TAMS 0x00000000e5400000, 0x00000000e5400000| Untracked 
|  85|0x00000000e5500000, 0x00000000e5500000, 0x00000000e5600000|  0%| F|  |TAMS 0x00000000e5500000, 0x00000000e5500000| Untracked 
|  86|0x00000000e5600000, 0x00000000e5600000, 0x00000000e5700000|  0%| F|  |TAMS 0x00000000e5600000, 0x00000000e5600000| Untracked 
|  87|0x00000000e5700000, 0x00000000e5700000, 0x00000000e5800000|  0%| F|  |TAMS 0x00000000e5700000, 0x00000000e5700000| Untracked 
|  88|0x00000000e5800000, 0x00000000e5800000, 0x00000000e5900000|  0%| F|  |TAMS 0x00000000e5800000, 0x00000000e5800000| Untracked 
|  89|0x00000000e5900000, 0x00000000e5900000, 0x00000000e5a00000|  0%| F|  |TAMS 0x00000000e5900000, 0x00000000e5900000| Untracked 
|  90|0x00000000e5a00000, 0x00000000e5a00000, 0x00000000e5b00000|  0%| F|  |TAMS 0x00000000e5a00000, 0x00000000e5a00000| Untracked 
|  91|0x00000000e5b00000, 0x00000000e5b00000, 0x00000000e5c00000|  0%| F|  |TAMS 0x00000000e5b00000, 0x00000000e5b00000| Untracked 
|  92|0x00000000e5c00000, 0x00000000e5c00000, 0x00000000e5d00000|  0%| F|  |TAMS 0x00000000e5c00000, 0x00000000e5c00000| Untracked 
|  93|0x00000000e5d00000, 0x00000000e5d00000, 0x00000000e5e00000|  0%| F|  |TAMS 0x00000000e5d00000, 0x00000000e5d00000| Untracked 
|  94|0x00000000e5e00000, 0x00000000e5e00000, 0x00000000e5f00000|  0%| F|  |TAMS 0x00000000e5e00000, 0x00000000e5e00000| Untracked 
|  95|0x00000000e5f00000, 0x00000000e5f00000, 0x00000000e6000000|  0%| F|  |TAMS 0x00000000e5f00000, 0x00000000e5f00000| Untracked 
|  96|0x00000000e6000000, 0x00000000e6000000, 0x00000000e6100000|  0%| F|  |TAMS 0x00000000e6000000, 0x00000000e6000000| Untracked 
|  97|0x00000000e6100000, 0x00000000e6100000, 0x00000000e6200000|  0%| F|  |TAMS 0x00000000e6100000, 0x00000000e6100000| Untracked 
|  98|0x00000000e6200000, 0x00000000e6200000, 0x00000000e6300000|  0%| F|  |TAMS 0x00000000e6200000, 0x00000000e6200000| Untracked 
|  99|0x00000000e6300000, 0x00000000e6300000, 0x00000000e6400000|  0%| F|  |TAMS 0x00000000e6300000, 0x00000000e6300000| Untracked 
| 100|0x00000000e6400000, 0x00000000e6400000, 0x00000000e6500000|  0%| F|  |TAMS 0x00000000e6400000, 0x00000000e6400000| Untracked 
| 101|0x00000000e6500000, 0x00000000e6500000, 0x00000000e6600000|  0%| F|  |TAMS 0x00000000e6500000, 0x00000000e6500000| Untracked 
| 102|0x00000000e6600000, 0x00000000e6600000, 0x00000000e6700000|  0%| F|  |TAMS 0x00000000e6600000, 0x00000000e6600000| Untracked 
| 103|0x00000000e6700000, 0x00000000e6700000, 0x00000000e6800000|  0%| F|  |TAMS 0x00000000e6700000, 0x00000000e6700000| Untracked 
| 104|0x00000000e6800000, 0x00000000e6800000, 0x00000000e6900000|  0%| F|  |TAMS 0x00000000e6800000, 0x00000000e6800000| Untracked 
| 105|0x00000000e6900000, 0x00000000e6900000, 0x00000000e6a00000|  0%| F|  |TAMS 0x00000000e6900000, 0x00000000e6900000| Untracked 
| 106|0x00000000e6a00000, 0x00000000e6a00000, 0x00000000e6b00000|  0%| F|  |TAMS 0x00000000e6a00000, 0x00000000e6a00000| Untracked 
| 107|0x00000000e6b00000, 0x00000000e6b00000, 0x00000000e6c00000|  0%| F|  |TAMS 0x00000000e6b00000, 0x00000000e6b00000| Untracked 
| 108|0x00000000e6c00000, 0x00000000e6c00000, 0x00000000e6d00000|  0%| F|  |TAMS 0x00000000e6c00000, 0x00000000e6c00000| Untracked 
| 109|0x00000000e6d00000, 0x00000000e6d00000, 0x00000000e6e00000|  0%| F|  |TAMS 0x00000000e6d00000, 0x00000000e6d00000| Untracked 
| 110|0x00000000e6e00000, 0x00000000e6e00000, 0x00000000e6f00000|  0%| F|  |TAMS 0x00000000e6e00000, 0x00000000e6e00000| Untracked 
| 111|0x00000000e6f00000, 0x00000000e6f00000, 0x00000000e7000000|  0%| F|  |TAMS 0x00000000e6f00000, 0x00000000e6f00000| Untracked 
| 112|0x00000000e7000000, 0x00000000e7000000, 0x00000000e7100000|  0%| F|  |TAMS 0x00000000e7000000, 0x00000000e7000000| Untracked 
| 113|0x00000000e7100000, 0x00000000e7100000, 0x00000000e7200000|  0%| F|  |TAMS 0x00000000e7100000, 0x00000000e7100000| Untracked 
| 114|0x00000000e7200000, 0x00000000e7200000, 0x00000000e7300000|  0%| F|  |TAMS 0x00000000e7200000, 0x00000000e7200000| Untracked 
| 115|0x00000000e7300000, 0x00000000e7300000, 0x00000000e7400000|  0%| F|  |TAMS 0x00000000e7300000, 0x00000000e7300000| Untracked 
| 116|0x00000000e7400000, 0x00000000e7456090, 0x00000000e7500000| 33%| S|CS|TAMS 0x00000000e7400000, 0x00000000e7400000| Complete 
| 117|0x00000000e7500000, 0x00000000e7600000, 0x00000000e7600000|100%| S|CS|TAMS 0x00000000e7500000, 0x00000000e7500000| Complete 
| 118|0x00000000e7600000, 0x00000000e7700000, 0x00000000e7700000|100%| S|CS|TAMS 0x00000000e7600000, 0x00000000e7600000| Complete 
| 119|0x00000000e7700000, 0x00000000e7800000, 0x00000000e7800000|100%| S|CS|TAMS 0x00000000e7700000, 0x00000000e7700000| Complete 
| 120|0x00000000e7800000, 0x00000000e7900000, 0x00000000e7900000|100%| S|CS|TAMS 0x00000000e7800000, 0x00000000e7800000| Complete 
| 121|0x00000000e7900000, 0x00000000e7900000, 0x00000000e7a00000|  0%| F|  |TAMS 0x00000000e7900000, 0x00000000e7900000| Untracked 
| 122|0x00000000e7a00000, 0x00000000e7a00000, 0x00000000e7b00000|  0%| F|  |TAMS 0x00000000e7a00000, 0x00000000e7a00000| Untracked 
| 123|0x00000000e7b00000, 0x00000000e7b00000, 0x00000000e7c00000|  0%| F|  |TAMS 0x00000000e7b00000, 0x00000000e7b00000| Untracked 
| 124|0x00000000e7c00000, 0x00000000e7c00000, 0x00000000e7d00000|  0%| F|  |TAMS 0x00000000e7c00000, 0x00000000e7c00000| Untracked 
| 125|0x00000000e7d00000, 0x00000000e7d00000, 0x00000000e7e00000|  0%| F|  |TAMS 0x00000000e7d00000, 0x00000000e7d00000| Untracked 
| 126|0x00000000e7e00000, 0x00000000e7e00000, 0x00000000e7f00000|  0%| F|  |TAMS 0x00000000e7e00000, 0x00000000e7e00000| Untracked 
| 127|0x00000000e7f00000, 0x00000000e7f00000, 0x00000000e8000000|  0%| F|  |TAMS 0x00000000e7f00000, 0x00000000e7f00000| Untracked 
| 128|0x00000000e8000000, 0x00000000e8000000, 0x00000000e8100000|  0%| F|  |TAMS 0x00000000e8000000, 0x00000000e8000000| Untracked 
| 129|0x00000000e8100000, 0x00000000e8100000, 0x00000000e8200000|  0%| F|  |TAMS 0x00000000e8100000, 0x00000000e8100000| Untracked 
| 130|0x00000000e8200000, 0x00000000e8200000, 0x00000000e8300000|  0%| F|  |TAMS 0x00000000e8200000, 0x00000000e8200000| Untracked 
| 131|0x00000000e8300000, 0x00000000e8300000, 0x00000000e8400000|  0%| F|  |TAMS 0x00000000e8300000, 0x00000000e8300000| Untracked 
| 132|0x00000000e8400000, 0x00000000e8400000, 0x00000000e8500000|  0%| F|  |TAMS 0x00000000e8400000, 0x00000000e8400000| Untracked 
| 133|0x00000000e8500000, 0x00000000e8500000, 0x00000000e8600000|  0%| F|  |TAMS 0x00000000e8500000, 0x00000000e8500000| Untracked 
| 134|0x00000000e8600000, 0x00000000e8600000, 0x00000000e8700000|  0%| F|  |TAMS 0x00000000e8600000, 0x00000000e8600000| Untracked 
| 135|0x00000000e8700000, 0x00000000e8700000, 0x00000000e8800000|  0%| F|  |TAMS 0x00000000e8700000, 0x00000000e8700000| Untracked 
| 136|0x00000000e8800000, 0x00000000e8800000, 0x00000000e8900000|  0%| F|  |TAMS 0x00000000e8800000, 0x00000000e8800000| Untracked 
| 137|0x00000000e8900000, 0x00000000e8900000, 0x00000000e8a00000|  0%| F|  |TAMS 0x00000000e8900000, 0x00000000e8900000| Untracked 
| 138|0x00000000e8a00000, 0x00000000e8a00000, 0x00000000e8b00000|  0%| F|  |TAMS 0x00000000e8a00000, 0x00000000e8a00000| Untracked 
| 139|0x00000000e8b00000, 0x00000000e8b00000, 0x00000000e8c00000|  0%| F|  |TAMS 0x00000000e8b00000, 0x00000000e8b00000| Untracked 
| 140|0x00000000e8c00000, 0x00000000e8c00000, 0x00000000e8d00000|  0%| F|  |TAMS 0x00000000e8c00000, 0x00000000e8c00000| Untracked 
| 141|0x00000000e8d00000, 0x00000000e8d00000, 0x00000000e8e00000|  0%| F|  |TAMS 0x00000000e8d00000, 0x00000000e8d00000| Untracked 
| 142|0x00000000e8e00000, 0x00000000e8e00000, 0x00000000e8f00000|  0%| F|  |TAMS 0x00000000e8e00000, 0x00000000e8e00000| Untracked 
| 143|0x00000000e8f00000, 0x00000000e8f00000, 0x00000000e9000000|  0%| F|  |TAMS 0x00000000e8f00000, 0x00000000e8f00000| Untracked 
| 144|0x00000000e9000000, 0x00000000e9000000, 0x00000000e9100000|  0%| F|  |TAMS 0x00000000e9000000, 0x00000000e9000000| Untracked 
| 145|0x00000000e9100000, 0x00000000e9100000, 0x00000000e9200000|  0%| F|  |TAMS 0x00000000e9100000, 0x00000000e9100000| Untracked 
| 146|0x00000000e9200000, 0x00000000e9200000, 0x00000000e9300000|  0%| F|  |TAMS 0x00000000e9200000, 0x00000000e9200000| Untracked 
| 147|0x00000000e9300000, 0x00000000e9300000, 0x00000000e9400000|  0%| F|  |TAMS 0x00000000e9300000, 0x00000000e9300000| Untracked 
| 148|0x00000000e9400000, 0x00000000e9400000, 0x00000000e9500000|  0%| F|  |TAMS 0x00000000e9400000, 0x00000000e9400000| Untracked 
| 149|0x00000000e9500000, 0x00000000e9500000, 0x00000000e9600000|  0%| F|  |TAMS 0x00000000e9500000, 0x00000000e9500000| Untracked 
| 150|0x00000000e9600000, 0x00000000e9600000, 0x00000000e9700000|  0%| F|  |TAMS 0x00000000e9600000, 0x00000000e9600000| Untracked 
| 151|0x00000000e9700000, 0x00000000e9700000, 0x00000000e9800000|  0%| F|  |TAMS 0x00000000e9700000, 0x00000000e9700000| Untracked 
| 152|0x00000000e9800000, 0x00000000e9800000, 0x00000000e9900000|  0%| F|  |TAMS 0x00000000e9800000, 0x00000000e9800000| Untracked 
| 153|0x00000000e9900000, 0x00000000e9900000, 0x00000000e9a00000|  0%| F|  |TAMS 0x00000000e9900000, 0x00000000e9900000| Untracked 
| 154|0x00000000e9a00000, 0x00000000e9a00000, 0x00000000e9b00000|  0%| F|  |TAMS 0x00000000e9a00000, 0x00000000e9a00000| Untracked 
| 155|0x00000000e9b00000, 0x00000000e9b00000, 0x00000000e9c00000|  0%| F|  |TAMS 0x00000000e9b00000, 0x00000000e9b00000| Untracked 
| 156|0x00000000e9c00000, 0x00000000e9c00000, 0x00000000e9d00000|  0%| F|  |TAMS 0x00000000e9c00000, 0x00000000e9c00000| Untracked 
| 157|0x00000000e9d00000, 0x00000000e9d00000, 0x00000000e9e00000|  0%| F|  |TAMS 0x00000000e9d00000, 0x00000000e9d00000| Untracked 
| 158|0x00000000e9e00000, 0x00000000e9e00000, 0x00000000e9f00000|  0%| F|  |TAMS 0x00000000e9e00000, 0x00000000e9e00000| Untracked 
| 159|0x00000000e9f00000, 0x00000000e9f00000, 0x00000000ea000000|  0%| F|  |TAMS 0x00000000e9f00000, 0x00000000e9f00000| Untracked 
| 160|0x00000000ea000000, 0x00000000ea000000, 0x00000000ea100000|  0%| F|  |TAMS 0x00000000ea000000, 0x00000000ea000000| Untracked 
| 161|0x00000000ea100000, 0x00000000ea100000, 0x00000000ea200000|  0%| F|  |TAMS 0x00000000ea100000, 0x00000000ea100000| Untracked 
| 162|0x00000000ea200000, 0x00000000ea200000, 0x00000000ea300000|  0%| F|  |TAMS 0x00000000ea200000, 0x00000000ea200000| Untracked 
| 163|0x00000000ea300000, 0x00000000ea300000, 0x00000000ea400000|  0%| F|  |TAMS 0x00000000ea300000, 0x00000000ea300000| Untracked 
| 164|0x00000000ea400000, 0x00000000ea400000, 0x00000000ea500000|  0%| F|  |TAMS 0x00000000ea400000, 0x00000000ea400000| Untracked 
| 165|0x00000000ea500000, 0x00000000ea500000, 0x00000000ea600000|  0%| F|  |TAMS 0x00000000ea500000, 0x00000000ea500000| Untracked 
| 166|0x00000000ea600000, 0x00000000ea700000, 0x00000000ea700000|100%| E|  |TAMS 0x00000000ea600000, 0x00000000ea600000| Complete 
| 167|0x00000000ea700000, 0x00000000ea800000, 0x00000000ea800000|100%| E|CS|TAMS 0x00000000ea700000, 0x00000000ea700000| Complete 
| 168|0x00000000ea800000, 0x00000000ea900000, 0x00000000ea900000|100%| E|CS|TAMS 0x00000000ea800000, 0x00000000ea800000| Complete 
| 169|0x00000000ea900000, 0x00000000eaa00000, 0x00000000eaa00000|100%| E|CS|TAMS 0x00000000ea900000, 0x00000000ea900000| Complete 
| 170|0x00000000eaa00000, 0x00000000eab00000, 0x00000000eab00000|100%| E|CS|TAMS 0x00000000eaa00000, 0x00000000eaa00000| Complete 
| 171|0x00000000eab00000, 0x00000000eac00000, 0x00000000eac00000|100%| E|CS|TAMS 0x00000000eab00000, 0x00000000eab00000| Complete 
| 172|0x00000000eac00000, 0x00000000ead00000, 0x00000000ead00000|100%| E|CS|TAMS 0x00000000eac00000, 0x00000000eac00000| Complete 
| 173|0x00000000ead00000, 0x00000000eae00000, 0x00000000eae00000|100%| E|CS|TAMS 0x00000000ead00000, 0x00000000ead00000| Complete 
| 174|0x00000000eae00000, 0x00000000eaf00000, 0x00000000eaf00000|100%| E|CS|TAMS 0x00000000eae00000, 0x00000000eae00000| Complete 
| 175|0x00000000eaf00000, 0x00000000eb000000, 0x00000000eb000000|100%| E|CS|TAMS 0x00000000eaf00000, 0x00000000eaf00000| Complete 
| 176|0x00000000eb000000, 0x00000000eb100000, 0x00000000eb100000|100%| E|CS|TAMS 0x00000000eb000000, 0x00000000eb000000| Complete 
| 177|0x00000000eb100000, 0x00000000eb200000, 0x00000000eb200000|100%| E|CS|TAMS 0x00000000eb100000, 0x00000000eb100000| Complete 
| 178|0x00000000eb200000, 0x00000000eb300000, 0x00000000eb300000|100%| E|CS|TAMS 0x00000000eb200000, 0x00000000eb200000| Complete 
| 179|0x00000000eb300000, 0x00000000eb400000, 0x00000000eb400000|100%| E|CS|TAMS 0x00000000eb300000, 0x00000000eb300000| Complete 
| 180|0x00000000eb400000, 0x00000000eb500000, 0x00000000eb500000|100%| E|CS|TAMS 0x00000000eb400000, 0x00000000eb400000| Complete 
| 181|0x00000000eb500000, 0x00000000eb600000, 0x00000000eb600000|100%| E|CS|TAMS 0x00000000eb500000, 0x00000000eb500000| Complete 
| 182|0x00000000eb600000, 0x00000000eb700000, 0x00000000eb700000|100%| E|CS|TAMS 0x00000000eb600000, 0x00000000eb600000| Complete 
| 183|0x00000000eb700000, 0x00000000eb800000, 0x00000000eb800000|100%| E|CS|TAMS 0x00000000eb700000, 0x00000000eb700000| Complete 
| 184|0x00000000eb800000, 0x00000000eb900000, 0x00000000eb900000|100%| E|CS|TAMS 0x00000000eb800000, 0x00000000eb800000| Complete 
| 185|0x00000000eb900000, 0x00000000eba00000, 0x00000000eba00000|100%| E|CS|TAMS 0x00000000eb900000, 0x00000000eb900000| Complete 
| 186|0x00000000eba00000, 0x00000000ebb00000, 0x00000000ebb00000|100%| E|CS|TAMS 0x00000000eba00000, 0x00000000eba00000| Complete 
| 187|0x00000000ebb00000, 0x00000000ebc00000, 0x00000000ebc00000|100%| E|CS|TAMS 0x00000000ebb00000, 0x00000000ebb00000| Complete 
| 188|0x00000000ebc00000, 0x00000000ebd00000, 0x00000000ebd00000|100%| E|CS|TAMS 0x00000000ebc00000, 0x00000000ebc00000| Complete 
| 189|0x00000000ebd00000, 0x00000000ebe00000, 0x00000000ebe00000|100%| E|CS|TAMS 0x00000000ebd00000, 0x00000000ebd00000| Complete 
| 190|0x00000000ebe00000, 0x00000000ebf00000, 0x00000000ebf00000|100%| E|CS|TAMS 0x00000000ebe00000, 0x00000000ebe00000| Complete 
| 191|0x00000000ebf00000, 0x00000000ec000000, 0x00000000ec000000|100%| E|CS|TAMS 0x00000000ebf00000, 0x00000000ebf00000| Complete 
| 192|0x00000000ec000000, 0x00000000ec100000, 0x00000000ec100000|100%| E|CS|TAMS 0x00000000ec000000, 0x00000000ec000000| Complete 
| 193|0x00000000ec100000, 0x00000000ec200000, 0x00000000ec200000|100%| E|CS|TAMS 0x00000000ec100000, 0x00000000ec100000| Complete 
| 194|0x00000000ec200000, 0x00000000ec300000, 0x00000000ec300000|100%| E|CS|TAMS 0x00000000ec200000, 0x00000000ec200000| Complete 
| 195|0x00000000ec300000, 0x00000000ec400000, 0x00000000ec400000|100%| E|CS|TAMS 0x00000000ec300000, 0x00000000ec300000| Complete 
| 196|0x00000000ec400000, 0x00000000ec500000, 0x00000000ec500000|100%| E|CS|TAMS 0x00000000ec400000, 0x00000000ec400000| Complete 
| 197|0x00000000ec500000, 0x00000000ec600000, 0x00000000ec600000|100%| E|CS|TAMS 0x00000000ec500000, 0x00000000ec500000| Complete 
| 198|0x00000000ec600000, 0x00000000ec700000, 0x00000000ec700000|100%| E|CS|TAMS 0x00000000ec600000, 0x00000000ec600000| Complete 
| 199|0x00000000ec700000, 0x00000000ec800000, 0x00000000ec800000|100%| E|CS|TAMS 0x00000000ec700000, 0x00000000ec700000| Complete 
| 200|0x00000000ec800000, 0x00000000ec900000, 0x00000000ec900000|100%| E|CS|TAMS 0x00000000ec800000, 0x00000000ec800000| Complete 
| 201|0x00000000ec900000, 0x00000000eca00000, 0x00000000eca00000|100%| E|CS|TAMS 0x00000000ec900000, 0x00000000ec900000| Complete 
| 202|0x00000000eca00000, 0x00000000ecb00000, 0x00000000ecb00000|100%| E|CS|TAMS 0x00000000eca00000, 0x00000000eca00000| Complete 
| 203|0x00000000ecb00000, 0x00000000ecc00000, 0x00000000ecc00000|100%| E|CS|TAMS 0x00000000ecb00000, 0x00000000ecb00000| Complete 
| 204|0x00000000ecc00000, 0x00000000ecd00000, 0x00000000ecd00000|100%| E|CS|TAMS 0x00000000ecc00000, 0x00000000ecc00000| Complete 
| 205|0x00000000ecd00000, 0x00000000ece00000, 0x00000000ece00000|100%| E|CS|TAMS 0x00000000ecd00000, 0x00000000ecd00000| Complete 
| 206|0x00000000ece00000, 0x00000000ecf00000, 0x00000000ecf00000|100%| E|CS|TAMS 0x00000000ece00000, 0x00000000ece00000| Complete 
| 207|0x00000000ecf00000, 0x00000000ed000000, 0x00000000ed000000|100%| E|CS|TAMS 0x00000000ecf00000, 0x00000000ecf00000| Complete 
| 208|0x00000000ed000000, 0x00000000ed100000, 0x00000000ed100000|100%| E|CS|TAMS 0x00000000ed000000, 0x00000000ed000000| Complete 
| 209|0x00000000ed100000, 0x00000000ed200000, 0x00000000ed200000|100%| E|CS|TAMS 0x00000000ed100000, 0x00000000ed100000| Complete 
| 210|0x00000000ed200000, 0x00000000ed300000, 0x00000000ed300000|100%| E|CS|TAMS 0x00000000ed200000, 0x00000000ed200000| Complete 
| 211|0x00000000ed300000, 0x00000000ed400000, 0x00000000ed400000|100%| E|  |TAMS 0x00000000ed300000, 0x00000000ed300000| Complete 
| 212|0x00000000ed400000, 0x00000000ed500000, 0x00000000ed500000|100%| E|CS|TAMS 0x00000000ed400000, 0x00000000ed400000| Complete 
| 213|0x00000000ed500000, 0x00000000ed600000, 0x00000000ed600000|100%| E|CS|TAMS 0x00000000ed500000, 0x00000000ed500000| Complete 
| 214|0x00000000ed600000, 0x00000000ed700000, 0x00000000ed700000|100%| E|CS|TAMS 0x00000000ed600000, 0x00000000ed600000| Complete 
| 215|0x00000000ed700000, 0x00000000ed800000, 0x00000000ed800000|100%| E|CS|TAMS 0x00000000ed700000, 0x00000000ed700000| Complete 
| 216|0x00000000ed800000, 0x00000000ed900000, 0x00000000ed900000|100%| E|CS|TAMS 0x00000000ed800000, 0x00000000ed800000| Complete 
| 217|0x00000000ed900000, 0x00000000eda00000, 0x00000000eda00000|100%| E|CS|TAMS 0x00000000ed900000, 0x00000000ed900000| Complete 
| 218|0x00000000eda00000, 0x00000000edb00000, 0x00000000edb00000|100%| E|CS|TAMS 0x00000000eda00000, 0x00000000eda00000| Complete 
| 219|0x00000000edb00000, 0x00000000edc00000, 0x00000000edc00000|100%| E|CS|TAMS 0x00000000edb00000, 0x00000000edb00000| Complete 
| 220|0x00000000edc00000, 0x00000000edd00000, 0x00000000edd00000|100%| E|CS|TAMS 0x00000000edc00000, 0x00000000edc00000| Complete 
| 221|0x00000000edd00000, 0x00000000ede00000, 0x00000000ede00000|100%| E|CS|TAMS 0x00000000edd00000, 0x00000000edd00000| Complete 
| 222|0x00000000ede00000, 0x00000000edf00000, 0x00000000edf00000|100%| E|CS|TAMS 0x00000000ede00000, 0x00000000ede00000| Complete 
| 223|0x00000000edf00000, 0x00000000ee000000, 0x00000000ee000000|100%| E|CS|TAMS 0x00000000edf00000, 0x00000000edf00000| Complete 
| 224|0x00000000ee000000, 0x00000000ee100000, 0x00000000ee100000|100%| E|CS|TAMS 0x00000000ee000000, 0x00000000ee000000| Complete 
| 225|0x00000000ee100000, 0x00000000ee200000, 0x00000000ee200000|100%| E|CS|TAMS 0x00000000ee100000, 0x00000000ee100000| Complete 
| 226|0x00000000ee200000, 0x00000000ee300000, 0x00000000ee300000|100%| E|CS|TAMS 0x00000000ee200000, 0x00000000ee200000| Complete 
| 227|0x00000000ee300000, 0x00000000ee400000, 0x00000000ee400000|100%| E|CS|TAMS 0x00000000ee300000, 0x00000000ee300000| Complete 
| 228|0x00000000ee400000, 0x00000000ee500000, 0x00000000ee500000|100%| E|CS|TAMS 0x00000000ee400000, 0x00000000ee400000| Complete 
| 229|0x00000000ee500000, 0x00000000ee600000, 0x00000000ee600000|100%| E|CS|TAMS 0x00000000ee500000, 0x00000000ee500000| Complete 
| 230|0x00000000ee600000, 0x00000000ee700000, 0x00000000ee700000|100%| E|CS|TAMS 0x00000000ee600000, 0x00000000ee600000| Complete 
| 231|0x00000000ee700000, 0x00000000ee800000, 0x00000000ee800000|100%| E|CS|TAMS 0x00000000ee700000, 0x00000000ee700000| Complete 
| 232|0x00000000ee800000, 0x00000000ee900000, 0x00000000ee900000|100%| E|CS|TAMS 0x00000000ee800000, 0x00000000ee800000| Complete 
| 233|0x00000000ee900000, 0x00000000eea00000, 0x00000000eea00000|100%| E|CS|TAMS 0x00000000ee900000, 0x00000000ee900000| Complete 
| 234|0x00000000eea00000, 0x00000000eeb00000, 0x00000000eeb00000|100%| E|CS|TAMS 0x00000000eea00000, 0x00000000eea00000| Complete 
| 235|0x00000000eeb00000, 0x00000000eec00000, 0x00000000eec00000|100%| E|CS|TAMS 0x00000000eeb00000, 0x00000000eeb00000| Complete 
| 236|0x00000000eec00000, 0x00000000eed00000, 0x00000000eed00000|100%| E|CS|TAMS 0x00000000eec00000, 0x00000000eec00000| Complete 
| 237|0x00000000eed00000, 0x00000000eee00000, 0x00000000eee00000|100%| E|CS|TAMS 0x00000000eed00000, 0x00000000eed00000| Complete 
| 238|0x00000000eee00000, 0x00000000eef00000, 0x00000000eef00000|100%| E|CS|TAMS 0x00000000eee00000, 0x00000000eee00000| Complete 
| 239|0x00000000eef00000, 0x00000000ef000000, 0x00000000ef000000|100%| E|CS|TAMS 0x00000000eef00000, 0x00000000eef00000| Complete 
| 240|0x00000000ef000000, 0x00000000ef100000, 0x00000000ef100000|100%| E|CS|TAMS 0x00000000ef000000, 0x00000000ef000000| Complete 
| 241|0x00000000ef100000, 0x00000000ef200000, 0x00000000ef200000|100%| E|CS|TAMS 0x00000000ef100000, 0x00000000ef100000| Complete 
| 242|0x00000000ef200000, 0x00000000ef300000, 0x00000000ef300000|100%| E|CS|TAMS 0x00000000ef200000, 0x00000000ef200000| Complete 
| 243|0x00000000ef300000, 0x00000000ef400000, 0x00000000ef400000|100%| E|CS|TAMS 0x00000000ef300000, 0x00000000ef300000| Complete 
| 244|0x00000000ef400000, 0x00000000ef500000, 0x00000000ef500000|100%| E|CS|TAMS 0x00000000ef400000, 0x00000000ef400000| Complete 
| 245|0x00000000ef500000, 0x00000000ef600000, 0x00000000ef600000|100%| E|CS|TAMS 0x00000000ef500000, 0x00000000ef500000| Complete 
| 246|0x00000000ef600000, 0x00000000ef700000, 0x00000000ef700000|100%| E|CS|TAMS 0x00000000ef600000, 0x00000000ef600000| Complete 
| 247|0x00000000ef700000, 0x00000000ef800000, 0x00000000ef800000|100%| E|CS|TAMS 0x00000000ef700000, 0x00000000ef700000| Complete 
| 248|0x00000000ef800000, 0x00000000ef900000, 0x00000000ef900000|100%| E|CS|TAMS 0x00000000ef800000, 0x00000000ef800000| Complete 
| 249|0x00000000ef900000, 0x00000000efa00000, 0x00000000efa00000|100%| E|CS|TAMS 0x00000000ef900000, 0x00000000ef900000| Complete 
| 250|0x00000000efa00000, 0x00000000efb00000, 0x00000000efb00000|100%| E|CS|TAMS 0x00000000efa00000, 0x00000000efa00000| Complete 
| 251|0x00000000efb00000, 0x00000000efc00000, 0x00000000efc00000|100%| E|CS|TAMS 0x00000000efb00000, 0x00000000efb00000| Complete 
| 252|0x00000000efc00000, 0x00000000efd00000, 0x00000000efd00000|100%| E|CS|TAMS 0x00000000efc00000, 0x00000000efc00000| Complete 
| 253|0x00000000efd00000, 0x00000000efe00000, 0x00000000efe00000|100%| E|CS|TAMS 0x00000000efd00000, 0x00000000efd00000| Complete 
| 254|0x00000000efe00000, 0x00000000eff00000, 0x00000000eff00000|100%| E|CS|TAMS 0x00000000efe00000, 0x00000000efe00000| Complete 
| 255|0x00000000eff00000, 0x00000000f0000000, 0x00000000f0000000|100%| E|CS|TAMS 0x00000000eff00000, 0x00000000eff00000| Complete 

Card table byte_map: [0x000001f92fb20000,0x000001f92fc20000] _byte_map_base: 0x000001f92f420000

Marking Bits (Prev, Next): (CMBitMap*) 0x000001f9187b7fa0, (CMBitMap*) 0x000001f9187b7f60
 Prev Bits: [0x000001f930520000, 0x000001f930d20000)
 Next Bits: [0x000001f92fd20000, 0x000001f930520000)

Polling page: 0x000001f9165b0000

Metaspace:

Usage:
  Non-class:     58.69 MB used.
      Class:      9.20 MB used.
       Both:     67.89 MB used.

Virtual space:
  Non-class space:       64.00 MB reserved,      59.69 MB ( 93%) committed,  1 nodes.
      Class space:      308.00 MB reserved,      10.25 MB (  3%) committed,  1 nodes.
             Both:      372.00 MB reserved,      69.94 MB ( 19%) committed. 

Chunk freelists:
   Non-Class:  32.00 KB
       Class:  1.60 MB
        Both:  1.63 MB

MaxMetaspaceSize: 384.00 MB
CompressedClassSpaceSize: 308.00 MB
Initial GC threshold: 21.00 MB
Current GC threshold: 98.56 MB
CDS: on
MetaspaceReclaimPolicy: balanced
 - commit_granule_bytes: 65536.
 - commit_granule_words: 8192.
 - virtual_space_node_default_size: 8388608.
 - enlarge_chunks_in_place: 1.
 - new_chunks_are_fully_committed: 0.
 - uncommit_free_chunks: 1.
 - use_allocation_guard: 0.


Internal statistics:

num_allocs_failed_limit: 12.
num_arena_births: 3726.
num_arena_deaths: 0.
num_vsnodes_births: 2.
num_vsnodes_deaths: 0.
num_space_committed: 1119.
num_space_uncommitted: 0.
num_chunks_returned_to_freelist: 12.
num_chunks_taken_from_freelist: 7207.
num_chunk_merges: 9.
num_chunk_splits: 4581.
num_chunks_enlarged: 2674.
num_inconsistent_stats: 0.

CodeHeap 'non-profiled nmethods': size=120000Kb used=6677Kb max_used=6677Kb free=113322Kb
 bounds [0x000001f9281b0000, 0x000001f928840000, 0x000001f92f6e0000]
CodeHeap 'profiled nmethods': size=120000Kb used=22859Kb max_used=22859Kb free=97140Kb
 bounds [0x000001f9206e0000, 0x000001f921d40000, 0x000001f927c10000]
CodeHeap 'non-nmethods': size=5760Kb used=2451Kb max_used=2522Kb free=3308Kb
 bounds [0x000001f927c10000, 0x000001f927e90000, 0x000001f9281b0000]
 total_blobs=12576 nmethods=11683 adapters=801
 compilation: enabled
              stopped_count=0, restarted_count=0
 full_count=0

Compilation events (20 events):
Event: 898.837 Thread 0x000001f933783f80 13350       3       org.gradle.internal.work.DefaultWorkerLeaseService::acquireLocksWithoutWorkerLeaseWhileBlocked (22 bytes)
Event: 898.837 Thread 0x000001f933783f80 nmethod 13350 0x000001f921d2d890 code [0x000001f921d2da60, 0x000001f921d2de38]
Event: 898.837 Thread 0x000001f933783f80 13351       3       org.gradle.internal.resources.DefaultResourceLockCoordinationService::tryLock (10 bytes)
Event: 898.837 Thread 0x000001f933783f80 nmethod 13351 0x000001f921d2e010 code [0x000001f921d2e1c0, 0x000001f921d2e418]
Event: 898.849 Thread 0x000001f933783f80 13352       3       org.codehaus.groovy.runtime.callsite.StaticMetaMethodSite::callStatic (23 bytes)
Event: 898.850 Thread 0x000001f933783f80 nmethod 13352 0x000001f921d2e510 code [0x000001f921d2e700, 0x000001f921d2eaf8]
Event: 898.850 Thread 0x000001f933783f80 13353   !   3       org.codehaus.groovy.runtime.callsite.StaticMetaMethodSite$StaticMetaMethodSiteNoUnwrapNoCoerce::invoke (16 bytes)
Event: 898.850 Thread 0x000001f933783f80 nmethod 13353 0x000001f921d2ec90 code [0x000001f921d2ee40, 0x000001f921d2f058]
Event: 898.852 Thread 0x000001f933783f80 13354       3       org.codehaus.groovy.runtime.MetaClassHelper::sameClasses (36 bytes)
Event: 898.853 Thread 0x000001f933783f80 nmethod 13354 0x000001f921d2f190 code [0x000001f921d2f3a0, 0x000001f921d2fd78]
Event: 898.860 Thread 0x000001f933783f80 13355       3       org.gradle.internal.event.DefaultListenerManager::createAnonymousBroadcaster (23 bytes)
Event: 898.861 Thread 0x000001f933783f80 nmethod 13355 0x000001f921d2ff90 code [0x000001f921d301e0, 0x000001f921d30c28]
Event: 898.861 Thread 0x000001f933783f80 13356       3       org.gradle.internal.event.AnonymousListenerBroadcast::<init> (16 bytes)
Event: 898.861 Thread 0x000001f933783f80 nmethod 13356 0x000001f921d30f90 code [0x000001f921d311a0, 0x000001f921d319e8]
Event: 898.868 Thread 0x000001f933783f80 13357       3       java.util.Formatter::toString (14 bytes)
Event: 898.869 Thread 0x000001f933783f80 nmethod 13357 0x000001f921d31c90 code [0x000001f921d31e60, 0x000001f921d32138]
Event: 898.876 Thread 0x000001f933783f80 13358       3       org.gradle.internal.work.DefaultWorkerLeaseService::releaseLocks (15 bytes)
Event: 898.877 Thread 0x000001f933783f80 nmethod 13358 0x000001f921d32290 code [0x000001f921d32460, 0x000001f921d327c8]
Event: 898.903 Thread 0x000001f933783f80 13359       3       java.lang.Integer::sum (4 bytes)
Event: 898.903 Thread 0x000001f933783f80 nmethod 13359 0x000001f921d32990 code [0x000001f921d32b20, 0x000001f921d32c18]

GC Heap History (18 events):
Event: 0.840 GC heap before
{Heap before GC invocations=0 (full 0):
 garbage-first heap   total 262144K, used 26624K [0x00000000e0000000, 0x0000000100000000)
  region size 1024K, 23 young (23552K), 0 survivors (0K)
 Metaspace       used 3155K, committed 3264K, reserved 380928K
  class space    used 390K, committed 448K, reserved 315392K
}
Event: 0.845 GC heap after
{Heap after GC invocations=1 (full 0):
 garbage-first heap   total 262144K, used 10304K [0x00000000e0000000, 0x0000000100000000)
  region size 1024K, 3 young (3072K), 3 survivors (3072K)
 Metaspace       used 3155K, committed 3264K, reserved 380928K
  class space    used 390K, committed 448K, reserved 315392K
}
Event: 1.361 GC heap before
{Heap before GC invocations=1 (full 0):
 garbage-first heap   total 262144K, used 41024K [0x00000000e0000000, 0x0000000100000000)
  region size 1024K, 32 young (32768K), 3 survivors (3072K)
 Metaspace       used 4115K, committed 4288K, reserved 380928K
  class space    used 483K, committed 576K, reserved 315392K
}
Event: 1.365 GC heap after
{Heap after GC invocations=2 (full 0):
 garbage-first heap   total 262144K, used 12809K [0x00000000e0000000, 0x0000000100000000)
  region size 1024K, 3 young (3072K), 3 survivors (3072K)
 Metaspace       used 4115K, committed 4288K, reserved 380928K
  class space    used 483K, committed 576K, reserved 315392K
}
Event: 3.547 GC heap before
{Heap before GC invocations=2 (full 0):
 garbage-first heap   total 262144K, used 113161K [0x00000000e0000000, 0x0000000100000000)
  region size 1024K, 102 young (104448K), 3 survivors (3072K)
 Metaspace       used 20868K, committed 21504K, reserved 380928K
  class space    used 2966K, committed 3328K, reserved 315392K
}
Event: 3.560 GC heap after
{Heap after GC invocations=3 (full 0):
 garbage-first heap   total 262144K, used 22778K [0x00000000e0000000, 0x0000000100000000)
  region size 1024K, 13 young (13312K), 13 survivors (13312K)
 Metaspace       used 20868K, committed 21504K, reserved 380928K
  class space    used 2966K, committed 3328K, reserved 315392K
}
Event: 5.185 GC heap before
{Heap before GC invocations=4 (full 0):
 garbage-first heap   total 262144K, used 129274K [0x00000000e0000000, 0x0000000100000000)
  region size 1024K, 119 young (121856K), 13 survivors (13312K)
 Metaspace       used 34849K, committed 35968K, reserved 380928K
  class space    used 4850K, committed 5440K, reserved 315392K
}
Event: 5.199 GC heap after
{Heap after GC invocations=5 (full 0):
 garbage-first heap   total 262144K, used 30872K [0x00000000e0000000, 0x0000000100000000)
  region size 1024K, 9 young (9216K), 9 survivors (9216K)
 Metaspace       used 34849K, committed 35968K, reserved 380928K
  class space    used 4850K, committed 5440K, reserved 315392K
}
Event: 7.563 GC heap before
{Heap before GC invocations=6 (full 0):
 garbage-first heap   total 262144K, used 184472K [0x00000000e0000000, 0x0000000100000000)
  region size 1024K, 153 young (156672K), 9 survivors (9216K)
 Metaspace       used 50135K, committed 51840K, reserved 380928K
  class space    used 7098K, committed 8000K, reserved 315392K
}
Event: 7.577 GC heap after
{Heap after GC invocations=7 (full 0):
 garbage-first heap   total 262144K, used 40125K [0x00000000e0000000, 0x0000000100000000)
  region size 1024K, 18 young (18432K), 18 survivors (18432K)
 Metaspace       used 50135K, committed 51840K, reserved 380928K
  class space    used 7098K, committed 8000K, reserved 315392K
}
Event: 8.596 GC heap before
{Heap before GC invocations=7 (full 0):
 garbage-first heap   total 262144K, used 88253K [0x00000000e0000000, 0x0000000100000000)
  region size 1024K, 67 young (68608K), 18 survivors (18432K)
 Metaspace       used 58296K, committed 60096K, reserved 380928K
  class space    used 8311K, committed 9280K, reserved 315392K
}
Event: 8.614 GC heap after
{Heap after GC invocations=8 (full 0):
 garbage-first heap   total 262144K, used 45839K [0x00000000e0000000, 0x0000000100000000)
  region size 1024K, 16 young (16384K), 16 survivors (16384K)
 Metaspace       used 58296K, committed 60096K, reserved 380928K
  class space    used 8311K, committed 9280K, reserved 315392K
}
Event: 73.395 GC heap before
{Heap before GC invocations=9 (full 0):
 garbage-first heap   total 262144K, used 185103K [0x00000000e0000000, 0x0000000100000000)
  region size 1024K, 153 young (156672K), 16 survivors (16384K)
 Metaspace       used 66949K, committed 68928K, reserved 380928K
  class space    used 9347K, committed 10368K, reserved 315392K
}
Event: 73.423 GC heap after
{Heap after GC invocations=10 (full 0):
 garbage-first heap   total 262144K, used 56556K [0x00000000e0000000, 0x0000000100000000)
  region size 1024K, 17 young (17408K), 17 survivors (17408K)
 Metaspace       used 66949K, committed 68928K, reserved 380928K
  class space    used 9347K, committed 10368K, reserved 315392K
}
Event: 73.424 GC heap before
{Heap before GC invocations=10 (full 0):
 garbage-first heap   total 262144K, used 57580K [0x00000000e0000000, 0x0000000100000000)
  region size 1024K, 18 young (18432K), 17 survivors (17408K)
 Metaspace       used 66949K, committed 68928K, reserved 380928K
  class space    used 9347K, committed 10368K, reserved 315392K
}
Event: 73.437 GC heap after
{Heap after GC invocations=11 (full 0):
 garbage-first heap   total 262144K, used 57506K [0x00000000e0000000, 0x0000000100000000)
  region size 1024K, 2 young (2048K), 2 survivors (2048K)
 Metaspace       used 66949K, committed 68928K, reserved 380928K
  class space    used 9347K, committed 10368K, reserved 315392K
}
Event: 597.770 GC heap before
{Heap before GC invocations=11 (full 0):
 garbage-first heap   total 262144K, used 192674K [0x00000000e0000000, 0x0000000100000000)
  region size 1024K, 135 young (138240K), 2 survivors (2048K)
 Metaspace       used 68631K, committed 70656K, reserved 380928K
  class space    used 9402K, committed 10496K, reserved 315392K
}
Event: 597.776 GC heap after
{Heap after GC invocations=12 (full 0):
 garbage-first heap   total 262144K, used 60182K [0x00000000e0000000, 0x0000000100000000)
  region size 1024K, 5 young (5120K), 5 survivors (5120K)
 Metaspace       used 68631K, committed 70656K, reserved 380928K
  class space    used 9402K, committed 10496K, reserved 315392K
}

Dll operation events (15 events):
Event: 0.010 Loaded shared library C:\Program Files\Java\jdk-19\bin\java.dll
Event: 0.025 Loaded shared library C:\Program Files\Java\jdk-19\bin\jsvml.dll
Event: 0.129 Loaded shared library C:\Program Files\Java\jdk-19\bin\zip.dll
Event: 0.133 Loaded shared library C:\Program Files\Java\jdk-19\bin\instrument.dll
Event: 0.143 Loaded shared library C:\Program Files\Java\jdk-19\bin\net.dll
Event: 0.147 Loaded shared library C:\Program Files\Java\jdk-19\bin\nio.dll
Event: 0.159 Loaded shared library C:\Program Files\Java\jdk-19\bin\zip.dll
Event: 0.442 Loaded shared library C:\Program Files\Java\jdk-19\bin\jimage.dll
Event: 0.516 Loaded shared library C:\Program Files\Java\jdk-19\bin\verify.dll
Event: 0.703 Loaded shared library C:\Users\savel\.gradle\native\c067742578af261105cb4f569cf0c3c89f3d7b1fecec35dd04571415982c5e48\windows-amd64\native-platform.dll
Event: 0.709 Loaded shared library C:\Users\savel\.gradle\native\38dada09dfb8b06ba9b0570ebf7e218e3eb74d4ef43ca46872605cf95ebc2f47\windows-amd64\native-platform-file-events.dll
Event: 1.697 Loaded shared library C:\Program Files\Java\jdk-19\bin\management.dll
Event: 1.699 Loaded shared library C:\Program Files\Java\jdk-19\bin\management_ext.dll
Event: 1.961 Loaded shared library C:\Program Files\Java\jdk-19\bin\extnet.dll
Event: 2.187 Loaded shared library C:\Program Files\Java\jdk-19\bin\sunmscapi.dll

Deoptimization events (20 events):
Event: 898.558 Thread 0x000001f93c60e560 Uncommon trap: trap_request=0xffffffd6 fr.pc=0x000001f928821ce8 relative=0x0000000000000bc8
Event: 898.558 Thread 0x000001f93c60e560 Uncommon trap: reason=array_check action=maybe_recompile pc=0x000001f928821ce8 method=com.google.common.collect.RegularImmutableMap.fromEntryArrayCheckingBucketOverflow(I[Ljava/util/Map$Entry;Z)Lcom/google/common/collect/ImmutableMap; @ 220 c2
Event: 898.558 Thread 0x000001f93c60e560 DEOPT PACKING pc=0x000001f928821ce8 sp=0x000000173a9fe100
Event: 898.558 Thread 0x000001f93c60e560 DEOPT UNPACKING pc=0x000001f927c76da3 sp=0x000000173a9fe0c8 mode 2
Event: 898.568 Thread 0x000001f93c60e560 Uncommon trap: trap_request=0xffffffd6 fr.pc=0x000001f928821ce8 relative=0x0000000000000bc8
Event: 898.568 Thread 0x000001f93c60e560 Uncommon trap: reason=array_check action=maybe_recompile pc=0x000001f928821ce8 method=com.google.common.collect.RegularImmutableMap.fromEntryArrayCheckingBucketOverflow(I[Ljava/util/Map$Entry;Z)Lcom/google/common/collect/ImmutableMap; @ 220 c2
Event: 898.568 Thread 0x000001f93c60e560 DEOPT PACKING pc=0x000001f928821ce8 sp=0x000000173a9fcdd0
Event: 898.568 Thread 0x000001f93c60e560 DEOPT UNPACKING pc=0x000001f927c76da3 sp=0x000000173a9fcd98 mode 2
Event: 898.575 Thread 0x000001f93c60e560 Uncommon trap: trap_request=0xffffffd6 fr.pc=0x000001f928821ce8 relative=0x0000000000000bc8
Event: 898.575 Thread 0x000001f93c60e560 Uncommon trap: reason=array_check action=maybe_recompile pc=0x000001f928821ce8 method=com.google.common.collect.RegularImmutableMap.fromEntryArrayCheckingBucketOverflow(I[Ljava/util/Map$Entry;Z)Lcom/google/common/collect/ImmutableMap; @ 220 c2
Event: 898.575 Thread 0x000001f93c60e560 DEOPT PACKING pc=0x000001f928821ce8 sp=0x000000173a9fa370
Event: 898.575 Thread 0x000001f93c60e560 DEOPT UNPACKING pc=0x000001f927c76da3 sp=0x000000173a9fa338 mode 2
Event: 898.575 Thread 0x000001f93c60e560 Uncommon trap: trap_request=0xffffffd6 fr.pc=0x000001f928821ce8 relative=0x0000000000000bc8
Event: 898.575 Thread 0x000001f93c60e560 Uncommon trap: reason=array_check action=maybe_recompile pc=0x000001f928821ce8 method=com.google.common.collect.RegularImmutableMap.fromEntryArrayCheckingBucketOverflow(I[Ljava/util/Map$Entry;Z)Lcom/google/common/collect/ImmutableMap; @ 220 c2
Event: 898.575 Thread 0x000001f93c60e560 DEOPT PACKING pc=0x000001f928821ce8 sp=0x000000173a9fa370
Event: 898.575 Thread 0x000001f93c60e560 DEOPT UNPACKING pc=0x000001f927c76da3 sp=0x000000173a9fa338 mode 2
Event: 898.593 Thread 0x000001f93c60e560 Uncommon trap: trap_request=0xffffffd6 fr.pc=0x000001f9287f1404 relative=0x0000000000000a84
Event: 898.593 Thread 0x000001f93c60e560 Uncommon trap: reason=array_check action=maybe_recompile pc=0x000001f9287f1404 method=com.google.common.collect.RegularImmutableMap.fromEntryArrayCheckingBucketOverflow(I[Ljava/util/Map$Entry;Z)Lcom/google/common/collect/ImmutableMap; @ 220 c2
Event: 898.593 Thread 0x000001f93c60e560 DEOPT PACKING pc=0x000001f9287f1404 sp=0x000000173a9fa190
Event: 898.593 Thread 0x000001f93c60e560 DEOPT UNPACKING pc=0x000001f927c76da3 sp=0x000000173a9fa158 mode 2

Classes loaded (20 events):
Event: 599.468 Loading class java/lang/ThrowableCustomizer
Event: 599.468 Loading class java/lang/ThrowableCustomizer done
Event: 599.469 Loading class java/lang/ThrowableCustomizer
Event: 599.469 Loading class java/lang/ThrowableCustomizer done
Event: 599.469 Loading class java/lang/ExceptionCustomizer
Event: 599.469 Loading class java/lang/ExceptionCustomizer done
Event: 599.469 Loading class java/lang/ExceptionCustomizer
Event: 599.469 Loading class java/lang/ExceptionCustomizer done
Event: 599.469 Loading class java/lang/RuntimeExceptionCustomizer
Event: 599.469 Loading class java/lang/RuntimeExceptionCustomizer done
Event: 599.469 Loading class java/lang/RuntimeExceptionCustomizer
Event: 599.469 Loading class java/lang/RuntimeExceptionCustomizer done
Event: 599.469 Loading class java/lang/IndexOutOfBoundsExceptionCustomizer
Event: 599.469 Loading class java/lang/IndexOutOfBoundsExceptionCustomizer done
Event: 599.469 Loading class java/lang/IndexOutOfBoundsExceptionCustomizer
Event: 599.469 Loading class java/lang/IndexOutOfBoundsExceptionCustomizer done
Event: 599.469 Loading class java/lang/ArrayIndexOutOfBoundsExceptionCustomizer
Event: 599.469 Loading class java/lang/ArrayIndexOutOfBoundsExceptionCustomizer done
Event: 599.470 Loading class java/lang/ArrayIndexOutOfBoundsExceptionCustomizer
Event: 599.470 Loading class java/lang/ArrayIndexOutOfBoundsExceptionCustomizer done

Classes unloaded (0 events):
No events

Classes redefined (0 events):
No events

Internal exceptions (20 events):
Event: 898.643 Thread 0x000001f93c60e560 Exception <a 'sun/nio/fs/WindowsException'{0x00000000eb4ab190}> (0x00000000eb4ab190) 
thrown [s\open\src\hotspot\share\prims\jni.cpp, line 517]
Event: 898.656 Thread 0x000001f93c60e560 Exception <a 'sun/nio/fs/WindowsException'{0x00000000eb4af930}> (0x00000000eb4af930) 
thrown [s\open\src\hotspot\share\prims\jni.cpp, line 517]
Event: 898.660 Thread 0x000001f93c60e560 Exception <a 'sun/nio/fs/WindowsException'{0x00000000eb3ecc88}> (0x00000000eb3ecc88) 
thrown [s\open\src\hotspot\share\prims\jni.cpp, line 517]
Event: 898.662 Thread 0x000001f93c60e560 Exception <a 'sun/nio/fs/WindowsException'{0x00000000eb3f0c38}> (0x00000000eb3f0c38) 
thrown [s\open\src\hotspot\share\prims\jni.cpp, line 517]
Event: 898.664 Thread 0x000001f93c60e560 Exception <a 'sun/nio/fs/WindowsException'{0x00000000eb3fbac0}> (0x00000000eb3fbac0) 
thrown [s\open\src\hotspot\share\prims\jni.cpp, line 517]
Event: 898.665 Thread 0x000001f93c60e560 Exception <a 'sun/nio/fs/WindowsException'{0x00000000eb200990}> (0x00000000eb200990) 
thrown [s\open\src\hotspot\share\prims\jni.cpp, line 517]
Event: 898.667 Thread 0x000001f93c60e560 Exception <a 'sun/nio/fs/WindowsException'{0x00000000eb20ea00}> (0x00000000eb20ea00) 
thrown [s\open\src\hotspot\share\prims\jni.cpp, line 517]
Event: 898.671 Thread 0x000001f93c60e560 Exception <a 'sun/nio/fs/WindowsException'{0x00000000eb219fa8}> (0x00000000eb219fa8) 
thrown [s\open\src\hotspot\share\prims\jni.cpp, line 517]
Event: 898.673 Thread 0x000001f93c60e560 Exception <a 'sun/nio/fs/WindowsException'{0x00000000eb22ab00}> (0x00000000eb22ab00) 
thrown [s\open\src\hotspot\share\prims\jni.cpp, line 517]
Event: 898.675 Thread 0x000001f93c60e560 Exception <a 'sun/nio/fs/WindowsException'{0x00000000eb234208}> (0x00000000eb234208) 
thrown [s\open\src\hotspot\share\prims\jni.cpp, line 517]
Event: 898.678 Thread 0x000001f93c60e560 Exception <a 'sun/nio/fs/WindowsException'{0x00000000eb24edb0}> (0x00000000eb24edb0) 
thrown [s\open\src\hotspot\share\prims\jni.cpp, line 517]
Event: 898.678 Thread 0x000001f93c60e560 Exception <a 'sun/nio/fs/WindowsException'{0x00000000eb24f0c8}> (0x00000000eb24f0c8) 
thrown [s\open\src\hotspot\share\prims\jni.cpp, line 517]
Event: 898.679 Thread 0x000001f93c60e560 Exception <a 'sun/nio/fs/WindowsException'{0x00000000eb25a200}> (0x00000000eb25a200) 
thrown [s\open\src\hotspot\share\prims\jni.cpp, line 517]
Event: 898.679 Thread 0x000001f93c60e560 Exception <a 'sun/nio/fs/WindowsException'{0x00000000eb25a560}> (0x00000000eb25a560) 
thrown [s\open\src\hotspot\share\prims\jni.cpp, line 517]
Event: 898.680 Thread 0x000001f93c60e560 Exception <a 'sun/nio/fs/WindowsException'{0x00000000eb273a78}> (0x00000000eb273a78) 
thrown [s\open\src\hotspot\share\prims\jni.cpp, line 517]
Event: 898.680 Thread 0x000001f93c60e560 Exception <a 'sun/nio/fs/WindowsException'{0x00000000eb273d58}> (0x00000000eb273d58) 
thrown [s\open\src\hotspot\share\prims\jni.cpp, line 517]
Event: 898.687 Thread 0x000001f93c60e560 Exception <a 'sun/nio/fs/WindowsException'{0x00000000eafef038}> (0x00000000eafef038) 
thrown [s\open\src\hotspot\share\prims\jni.cpp, line 517]
Event: 898.696 Thread 0x000001f93c60e560 Exception <a 'sun/nio/fs/WindowsException'{0x00000000ead64b88}> (0x00000000ead64b88) 
thrown [s\open\src\hotspot\share\prims\jni.cpp, line 517]
Event: 898.731 Thread 0x000001f93c60e560 Exception <a 'sun/nio/fs/WindowsException'{0x00000000eab8d978}> (0x00000000eab8d978) 
thrown [s\open\src\hotspot\share\prims\jni.cpp, line 517]
Event: 898.812 Thread 0x000001f93c60e560 Exception <a 'sun/nio/fs/WindowsException'{0x00000000ea81f9f8}> (0x00000000ea81f9f8) 
thrown [s\open\src\hotspot\share\prims\jni.cpp, line 517]

VM Operations (20 events):
Event: 598.781 Executing VM operation: Cleanup
Event: 598.781 Executing VM operation: Cleanup done
Event: 599.792 Executing VM operation: Cleanup
Event: 599.793 Executing VM operation: Cleanup done
Event: 626.742 Executing VM operation: HandshakeAllThreads
Event: 626.742 Executing VM operation: HandshakeAllThreads done
Event: 627.756 Executing VM operation: Cleanup
Event: 627.756 Executing VM operation: Cleanup done
Event: 632.784 Executing VM operation: Cleanup
Event: 632.784 Executing VM operation: Cleanup done
Event: 689.212 Executing VM operation: Cleanup
Event: 689.212 Executing VM operation: Cleanup done
Event: 845.249 Executing VM operation: ICBufferFull
Event: 845.250 Executing VM operation: ICBufferFull done
Event: 846.265 Executing VM operation: Cleanup
Event: 846.266 Executing VM operation: Cleanup done
Event: 852.326 Executing VM operation: Cleanup
Event: 852.326 Executing VM operation: Cleanup done
Event: 898.679 Executing VM operation: Cleanup
Event: 898.679 Executing VM operation: Cleanup done

Events (20 events):
Event: 898.555 Thread 0x000001f93d0b7c80 Thread added: 0x000001f93d0b7c80
Event: 898.581 Thread 0x000001f93d0b81d0 Thread added: 0x000001f93d0b81d0
Event: 898.581 Thread 0x000001f93d0bc190 Thread added: 0x000001f93d0bc190
Event: 898.581 Thread 0x000001f93d0b9710 Thread added: 0x000001f93d0b9710
Event: 898.591 Thread 0x000001f93d0b9c60 Thread added: 0x000001f93d0b9c60
Event: 898.591 Thread 0x000001f93d0bb1a0 Thread added: 0x000001f93d0bb1a0
Event: 898.591 Thread 0x000001f93d0b5200 Thread added: 0x000001f93d0b5200
Event: 898.721 Thread 0x000001f93d1069d0 Thread added: 0x000001f93d1069d0
Event: 898.799 Thread 0x000001f93d0b4cb0 Thread added: 0x000001f93d0b4cb0
Event: 898.799 Thread 0x000001f93d0b71e0 Thread added: 0x000001f93d0b71e0
Event: 898.799 Thread 0x000001f93d0ba1b0 Thread added: 0x000001f93d0ba1b0
Event: 898.799 Thread 0x000001f93d0b8720 Thread added: 0x000001f93d0b8720
Event: 898.799 Thread 0x000001f93d0bb6f0 Thread added: 0x000001f93d0bb6f0
Event: 898.799 Thread 0x000001f93d0b5750 Thread added: 0x000001f93d0b5750
Event: 898.835 Thread 0x000001f93d0b61f0 Thread added: 0x000001f93d0b61f0
Event: 898.835 Thread 0x000001f93d0b6c90 Thread added: 0x000001f93d0b6c90
Event: 898.872 Thread 0x000001f93d0b7730 Thread added: 0x000001f93d0b7730
Event: 898.877 Thread 0x000001f93d0bac50 Thread added: 0x000001f93d0bac50
Event: 898.899 Thread 0x000001f93c187910 Thread added: 0x000001f93c187910
Event: 898.910 Thread 0x000001f93c186920 Thread added: 0x000001f93c186920


Dynamic libraries:
0x00007ff663170000 - 0x00007ff663180000 	C:\Program Files\Java\jdk-19\bin\java.exe
0x00007ff89fc90000 - 0x00007ff89fe88000 	C:\Windows\SYSTEM32\ntdll.dll
0x00007ff89ea50000 - 0x00007ff89eb0d000 	C:\Windows\System32\KERNEL32.DLL
0x00007ff89d3d0000 - 0x00007ff89d6c6000 	C:\Windows\System32\KERNELBASE.dll
0x00007ff89dbc0000 - 0x00007ff89dcc0000 	C:\Windows\System32\ucrtbase.dll
0x00007ff89b330000 - 0x00007ff89b34b000 	C:\Program Files\Java\jdk-19\bin\VCRUNTIME140.dll
0x00007ff89b310000 - 0x00007ff89b328000 	C:\Program Files\Java\jdk-19\bin\jli.dll
0x00007ff89f440000 - 0x00007ff89f4f0000 	C:\Windows\System32\ADVAPI32.dll
0x00007ff89e360000 - 0x00007ff89e3fe000 	C:\Windows\System32\msvcrt.dll
0x00007ff89fa30000 - 0x00007ff89fad0000 	C:\Windows\System32\sechost.dll
0x00007ff89ded0000 - 0x00007ff89dff5000 	C:\Windows\System32\RPCRT4.dll
0x00007ff89d780000 - 0x00007ff89d7a7000 	C:\Windows\System32\bcrypt.dll
0x00007ff89f2a0000 - 0x00007ff89f43e000 	C:\Windows\System32\USER32.dll
0x00007ff89d7b0000 - 0x00007ff89d7d2000 	C:\Windows\System32\win32u.dll
0x00007ff89e330000 - 0x00007ff89e35b000 	C:\Windows\System32\GDI32.dll
0x00007ff88b2c0000 - 0x00007ff88b55a000 	C:\Windows\WinSxS\amd64_microsoft.windows.common-controls_6595b64144ccf1df_6.0.19041.3636_none_60b6a03d71f818d5\COMCTL32.dll
0x00007ff89d7e0000 - 0x00007ff89d8f7000 	C:\Windows\System32\gdi32full.dll
0x00007ff89db20000 - 0x00007ff89dbbd000 	C:\Windows\System32\msvcp_win.dll
0x00007ff895ae0000 - 0x00007ff895aea000 	C:\Windows\SYSTEM32\VERSION.dll
0x00007ff89fbb0000 - 0x00007ff89fbe2000 	C:\Windows\System32\IMM32.DLL
0x00007ff89a350000 - 0x00007ff89a35c000 	C:\Program Files\Java\jdk-19\bin\vcruntime140_1.dll
0x00007ff8872b0000 - 0x00007ff88733e000 	C:\Program Files\Java\jdk-19\bin\msvcp140.dll
0x00007ff8453d0000 - 0x00007ff846090000 	C:\Program Files\Java\jdk-19\bin\server\jvm.dll
0x00007ff886250000 - 0x00007ff886259000 	C:\Windows\SYSTEM32\WSOCK32.dll
0x00007ff89b020000 - 0x00007ff89b047000 	C:\Windows\SYSTEM32\WINMM.dll
0x00007ff89f5e0000 - 0x00007ff89f64b000 	C:\Windows\System32\WS2_32.dll
0x00007ff89bb40000 - 0x00007ff89bb52000 	C:\Windows\SYSTEM32\kernel.appcore.dll
0x00007ff89a340000 - 0x00007ff89a34a000 	C:\Program Files\Java\jdk-19\bin\jimage.dll
0x00007ff89add0000 - 0x00007ff89afb4000 	C:\Windows\SYSTEM32\DBGHELP.DLL
0x00007ff89afe0000 - 0x00007ff89b014000 	C:\Windows\SYSTEM32\dbgcore.DLL
0x00007ff89d340000 - 0x00007ff89d3c2000 	C:\Windows\System32\bcryptPrimitives.dll
0x00007ff89b130000 - 0x00007ff89b13e000 	C:\Program Files\Java\jdk-19\bin\instrument.dll
0x00007ff895c60000 - 0x00007ff895c86000 	C:\Program Files\Java\jdk-19\bin\java.dll
0x00007ff886fb0000 - 0x00007ff887087000 	C:\Program Files\Java\jdk-19\bin\jsvml.dll
0x00007ff89eb30000 - 0x00007ff89f29b000 	C:\Windows\System32\SHELL32.dll
0x00007ff89b390000 - 0x00007ff89bb2e000 	C:\Windows\SYSTEM32\windows.storage.dll
0x00007ff89f6d0000 - 0x00007ff89fa23000 	C:\Windows\System32\combase.dll
0x00007ff89cca0000 - 0x00007ff89ccce000 	C:\Windows\SYSTEM32\Wldp.dll
0x00007ff89e0b0000 - 0x00007ff89e17d000 	C:\Windows\System32\OLEAUT32.dll
0x00007ff89e000000 - 0x00007ff89e0ad000 	C:\Windows\System32\SHCORE.dll
0x00007ff89e190000 - 0x00007ff89e1e5000 	C:\Windows\System32\shlwapi.dll
0x00007ff89d270000 - 0x00007ff89d295000 	C:\Windows\SYSTEM32\profapi.dll
0x00007ff895530000 - 0x00007ff895548000 	C:\Program Files\Java\jdk-19\bin\zip.dll
0x00007ff8968a0000 - 0x00007ff8968b3000 	C:\Program Files\Java\jdk-19\bin\net.dll
0x00007ff897290000 - 0x00007ff89739a000 	C:\Windows\SYSTEM32\WINHTTP.dll
0x00007ff89ca00000 - 0x00007ff89ca6a000 	C:\Windows\system32\mswsock.dll
0x00007ff895550000 - 0x00007ff895566000 	C:\Program Files\Java\jdk-19\bin\nio.dll
0x00007ff894940000 - 0x00007ff894950000 	C:\Program Files\Java\jdk-19\bin\verify.dll
0x00007ff890ee0000 - 0x00007ff890f07000 	C:\Users\savel\.gradle\native\c067742578af261105cb4f569cf0c3c89f3d7b1fecec35dd04571415982c5e48\windows-amd64\native-platform.dll
0x00007ff87bf00000 - 0x00007ff87c044000 	C:\Users\savel\.gradle\native\38dada09dfb8b06ba9b0570ebf7e218e3eb74d4ef43ca46872605cf95ebc2f47\windows-amd64\native-platform-file-events.dll
0x00007ff89b120000 - 0x00007ff89b12a000 	C:\Program Files\Java\jdk-19\bin\management.dll
0x00007ff89b070000 - 0x00007ff89b07b000 	C:\Program Files\Java\jdk-19\bin\management_ext.dll
0x00007ff89e180000 - 0x00007ff89e188000 	C:\Windows\System32\PSAPI.DLL
0x00007ff89cbf0000 - 0x00007ff89cc08000 	C:\Windows\SYSTEM32\CRYPTSP.dll
0x00007ff89c300000 - 0x00007ff89c334000 	C:\Windows\system32\rsaenh.dll
0x00007ff89d230000 - 0x00007ff89d25e000 	C:\Windows\SYSTEM32\USERENV.dll
0x00007ff89cc10000 - 0x00007ff89cc1c000 	C:\Windows\SYSTEM32\CRYPTBASE.dll
0x00007ff89c6f0000 - 0x00007ff89c72b000 	C:\Windows\SYSTEM32\IPHLPAPI.DLL
0x00007ff89e990000 - 0x00007ff89e998000 	C:\Windows\System32\NSI.dll
0x00007ff8946b0000 - 0x00007ff8946c7000 	C:\Windows\SYSTEM32\dhcpcsvc6.DLL
0x00007ff894c50000 - 0x00007ff894c6d000 	C:\Windows\SYSTEM32\dhcpcsvc.DLL
0x00007ff89c730000 - 0x00007ff89c7fb000 	C:\Windows\SYSTEM32\DNSAPI.dll
0x00007ff8981c0000 - 0x00007ff8981c8000 	C:\Program Files\Java\jdk-19\bin\extnet.dll
0x00007ff894790000 - 0x00007ff89479e000 	C:\Program Files\Java\jdk-19\bin\sunmscapi.dll
0x00007ff89d900000 - 0x00007ff89da5d000 	C:\Windows\System32\CRYPT32.dll
0x00007ff89cd10000 - 0x00007ff89cd38000 	C:\Windows\SYSTEM32\ncrypt.dll
0x00007ff89ccd0000 - 0x00007ff89cd0b000 	C:\Windows\SYSTEM32\NTASN1.dll
0x00007ff887390000 - 0x00007ff887397000 	C:\Windows\system32\wshunix.dll

dbghelp: loaded successfully - version: 4.0.5 - missing functions: none
symbol engine: initialized successfully - sym options: 0x614 - pdb path: .;C:\Program Files\Java\jdk-19\bin;C:\Windows\SYSTEM32;C:\Windows\WinSxS\amd64_microsoft.windows.common-controls_6595b64144ccf1df_6.0.19041.3636_none_60b6a03d71f818d5;C:\Program Files\Java\jdk-19\bin\server;C:\Users\savel\.gradle\native\c067742578af261105cb4f569cf0c3c89f3d7b1fecec35dd04571415982c5e48\windows-amd64;C:\Users\savel\.gradle\native\38dada09dfb8b06ba9b0570ebf7e218e3eb74d4ef43ca46872605cf95ebc2f47\windows-amd64

VM Arguments:
jvm_args: --add-opens=java.base/java.util=ALL-UNNAMED --add-opens=java.base/java.lang=ALL-UNNAMED --add-opens=java.base/java.lang.invoke=ALL-UNNAMED --add-opens=java.prefs/java.util.prefs=ALL-UNNAMED --add-opens=java.base/java.nio.charset=ALL-UNNAMED --add-opens=java.base/java.net=ALL-UNNAMED --add-opens=java.base/java.util.concurrent.atomic=ALL-UNNAMED -XX:MaxMetaspaceSize=384m -XX:+HeapDumpOnOutOfMemoryError -Xms256m -Xmx512m -Dfile.encoding=windows-1252 -Duser.country=US -Duser.language=en -Duser.variant -javaagent:C:\Users\savel\.gradle\wrapper\dists\gradle-8.4-bin\1w5dpkrfk8irigvoxmyhowfim\gradle-8.4\lib\agents\gradle-instrumentation-agent-8.4.jar 
java_command: org.gradle.launcher.daemon.bootstrap.GradleDaemon 8.4
java_class_path (initial): C:\Users\savel\.gradle\wrapper\dists\gradle-8.4-bin\1w5dpkrfk8irigvoxmyhowfim\gradle-8.4\lib\gradle-launcher-8.4.jar
Launcher Type: SUN_STANDARD

[Global flags]
     intx CICompilerCount                          = 4                                         {product} {ergonomic}
   size_t CompressedClassSpaceSize                 = 322961408                                 {product} {ergonomic}
     uint ConcGCThreads                            = 2                                         {product} {ergonomic}
     uint G1ConcRefinementThreads                  = 8                                         {product} {ergonomic}
   size_t G1HeapRegionSize                         = 1048576                                   {product} {ergonomic}
    uintx GCDrainStackTargetSize                   = 64                                        {product} {ergonomic}
     bool HeapDumpOnOutOfMemoryError               = true                                   {manageable} {command line}
   size_t InitialHeapSize                          = 268435456                                 {product} {command line}
   size_t MarkStackSize                            = 4194304                                   {product} {ergonomic}
   size_t MaxHeapSize                              = 536870912                                 {product} {command line}
   size_t MaxMetaspaceSize                         = 402653184                                 {product} {command line}
   size_t MaxNewSize                               = 321912832                                 {product} {ergonomic}
   size_t MinHeapDeltaBytes                        = 1048576                                   {product} {ergonomic}
   size_t MinHeapSize                              = 268435456                                 {product} {command line}
    uintx NonNMethodCodeHeapSize                   = 5839372                                {pd product} {ergonomic}
    uintx NonProfiledCodeHeapSize                  = 122909434                              {pd product} {ergonomic}
    uintx ProfiledCodeHeapSize                     = 122909434                              {pd product} {ergonomic}
    uintx ReservedCodeCacheSize                    = 251658240                              {pd product} {ergonomic}
     bool SegmentedCodeCache                       = true                                      {product} {ergonomic}
   size_t SoftMaxHeapSize                          = 536870912                              {manageable} {ergonomic}
     bool UseCompressedClassPointers               = true                           {product lp64_product} {ergonomic}
     bool UseCompressedOops                        = true                           {product lp64_product} {ergonomic}
     bool UseG1GC                                  = true                                      {product} {ergonomic}
     bool UseLargePagesIndividualAllocation        = false                                  {pd product} {ergonomic}

Logging:
Log output configuration:
 #0: stdout all=warning uptime,level,tags foldmultilines=false
 #1: stderr all=off uptime,level,tags foldmultilines=false

Environment Variables:
PATH=C:\Program Files\Common Files\Oracle\Java\javapath;C:\Program Files (x86)\Common Files\Oracle\Java\javapath;C:\ProgramData\Oracle\Java\javapath;C:\Program Files (x86)\NVIDIA Corporation\PhysX\Common;C:\Windows\system32;C:\Windows;C:\Windows\System32\Wbem;C:\Windows\System32\WindowsPowerShell\v1.0\;C:\Windows\System32\OpenSSH\;C:\Program Files (x86)\ZeroTier\One\;C:\Program Files\dotnet\;C:\Program Files\Docker\Docker\resources\bin;C:\Program Files\nodejs\;C:\Program Files\Git\cmd;C:\Users\savel\AppData\Local\Microsoft\WindowsApps;C:\Users\savel\AppData\Local\Programs\Microsoft VS Code\bin;C:\Users\savel\AppData\Local\GitHubDesktop\bin;C:\Users\savel\AppData\Local\gitkraken\bin;C:\Users\savel\AppData\Roaming\npm;C:\Users\savel\AppData\Local\JetBrains\Toolbox\scripts;
USERNAME=savel
OS=Windows_NT
PROCESSOR_IDENTIFIER=AMD64 Family 23 Model 96 Stepping 1, AuthenticAMD
TMP=C:\Users\savel\AppData\Local\Temp
TEMP=C:\Users\savel\AppData\Local\Temp



---------------  S Y S T E M  ---------------

OS:
 Windows 10 , 64 bit Build 19041 (10.0.19041.3636)
OS uptime: 8 days 10:08 hours
Hyper-V role detected

CPU: total 8 (initial active 8) (8 cores per cpu, 1 threads per core) family 23 model 96 stepping 1 microcode 0x0, cx8, cmov, fxsr, mmx, 3dnowpref, sse, sse2, sse3, ssse3, sse4a, sse4.1, sse4.2, popcnt, lzcnt, tsc, tscinvbit, avx, avx2, aes, clmul, bmi1, bmi2, adx, sha, fma, vzeroupper, clflush, clflushopt, hv, rdtscp, rdpid

Memory: 4k page, system-wide physical 15741M (2075M free)
TotalPageFile size 15741M (AvailPageFile size 9M)
current process WorkingSet (physical memory assigned to process): 458M, peak: 458M
current process commit charge ("private bytes"): 525M, peak: 526M

vm_info: Java HotSpot(TM) 64-Bit Server VM (19+36-2238) for windows-amd64 JRE (19+36-2238), built on 2022-08-12T20:29:01Z by "mach5one" with MS VC++ 17.1 (VS2022)

END.
