#
# There is insufficient memory for the Java Runtime Environment to continue.
# Native memory allocation (malloc) failed to allocate 1677472 bytes for Chunk::new
# Possible reasons:
#   The system is out of physical RAM or swap space
#   The process is running with CompressedOops enabled, and the Java Heap may be blocking the growth of the native heap
# Possible solutions:
#   Reduce memory load on the system
#   Increase physical memory or swap space
#   Check if swap backing store is full
#   Decrease Java heap size (-Xmx/-Xms)
#   Decrease number of Java threads
#   Decrease Java thread stack sizes (-Xss)
#   Set larger code cache with -XX:ReservedCodeCacheSize=
#   JVM is running with Unscaled Compressed Oops mode in which the Java heap is
#     placed in the first 4GB address space. The Java Heap base address is the
#     maximum limit for the native heap growth. Please use -XX:HeapBaseMinAddress
#     to set the Java Heap base and to place the Java Heap above 4GB virtual address.
# This output file may be truncated or incomplete.
#
#  Out of Memory Error (arena.cpp:184), pid=6140, tid=32
#
# JRE version: Java(TM) SE Runtime Environment (19.0+36) (build 19+36-2238)
# Java VM: Java HotSpot(TM) 64-Bit Server VM (19+36-2238, mixed mode, sharing, tiered, compressed oops, compressed class ptrs, g1 gc, windows-amd64)
# No core dump will be written. Minidumps are not enabled by default on client versions of Windows
#

---------------  S U M M A R Y ------------

Command Line: --add-opens=java.base/java.util.concurrent.atomic=ALL-UNNAMED -XX:MaxMetaspaceSize=384m -XX:+HeapDumpOnOutOfMemoryError --add-opens=java.base/java.util=ALL-UNNAMED --add-opens=java.base/java.lang=ALL-UNNAMED --add-opens=java.base/java.lang.invoke=ALL-UNNAMED --add-opens=java.prefs/java.util.prefs=ALL-UNNAMED --add-opens=java.base/java.nio.charset=ALL-UNNAMED --add-opens=java.base/java.net=ALL-UNNAMED --add-opens=java.base/java.util.concurrent.atomic=ALL-UNNAMED -Xms256m -Xmx512m -Dfile.encoding=windows-1252 -Duser.country=US -Duser.language=en -Duser.variant -javaagent:C:\Users\savel\.gradle\wrapper\dists\gradle-8.4-bin\1w5dpkrfk8irigvoxmyhowfim\gradle-8.4\lib\agents\gradle-instrumentation-agent-8.4.jar org.gradle.launcher.daemon.bootstrap.GradleDaemon 8.4

Host: AMD Ryzen 7 4700U with Radeon Graphics         , 8 cores, 15G,  Windows 10 , 64 bit Build 19041 (10.0.19041.3636)
Time: Thu Mar 21 10:06:50 2024 W. Europe Standard Time elapsed time: 2.843419 seconds (0d 0h 0m 2s)

---------------  T H R E A D  ---------------

Current thread (0x000001a8dd3f3640):  JavaThread "C2 CompilerThread1" daemon [_thread_in_native, id=32, stack(0x0000008d75a00000,0x0000008d75b00000)]


Current CompileTask:
C2:   2844 2502       4       java.lang.invoke.MethodType::makeImpl (109 bytes)

Stack: [0x0000008d75a00000,0x0000008d75b00000]
Native frames: (J=compiled Java code, j=interpreted, Vv=VM code, C=native code)
V  [jvm.dll+0x6ee8fa]
V  [jvm.dll+0x857a1e]
V  [jvm.dll+0x85940e]
V  [jvm.dll+0x859ac3]
V  [jvm.dll+0x28291f]
V  [jvm.dll+0xc9b5f]
V  [jvm.dll+0xc9ee5]
V  [jvm.dll+0x3bcbac]
V  [jvm.dll+0x386201]
V  [jvm.dll+0x38567a]
V  [jvm.dll+0x24c2c9]
V  [jvm.dll+0x24b671]
V  [jvm.dll+0x1d6d61]
V  [jvm.dll+0x25b0fa]
V  [jvm.dll+0x259588]
V  [jvm.dll+0x807928]
V  [jvm.dll+0x8015fa]
V  [jvm.dll+0x6ed5eb]
C  [ucrtbase.dll+0x21bb2]
C  [KERNEL32.DLL+0x17344]
C  [ntdll.dll+0x526b1]


---------------  P R O C E S S  ---------------

Threads class SMR info:
_java_thread_list=0x000001a8dee398e0, length=25, elements={
0x000001a8bddb4e20, 0x000001a8dd0045d0, 0x000001a8dd0053c0, 0x000001a8d8ddd2f0,
0x000001a8dd006360, 0x000001a8dd008ca0, 0x000001a8dd0095d0, 0x000001a8dd00a230,
0x000001a8dd00f780, 0x000001a8dd033e20, 0x000001a8dd1392f0, 0x000001a8dd23d940,
0x000001a8dd3f3640, 0x000001a8deacf6c0, 0x000001a8de9e99f0, 0x000001a8de83d5d0,
0x000001a8dec00460, 0x000001a8dec009a0, 0x000001a8de6c14c0, 0x000001a8dec4f880,
0x000001a8dee11e60, 0x000001a8dee123b0, 0x000001a8dee10920, 0x000001a8dee133a0,
0x000001a8dee12900
}

Java Threads: ( => current thread )
  0x000001a8bddb4e20 JavaThread "main" [_thread_blocked, id=7156, stack(0x0000008d74700000,0x0000008d74800000)]
  0x000001a8dd0045d0 JavaThread "Reference Handler" daemon [_thread_blocked, id=19320, stack(0x0000008d74e00000,0x0000008d74f00000)]
  0x000001a8dd0053c0 JavaThread "Finalizer" daemon [_thread_blocked, id=12460, stack(0x0000008d74f00000,0x0000008d75000000)]
  0x000001a8d8ddd2f0 JavaThread "Signal Dispatcher" daemon [_thread_blocked, id=8500, stack(0x0000008d75000000,0x0000008d75100000)]
  0x000001a8dd006360 JavaThread "Attach Listener" daemon [_thread_blocked, id=17844, stack(0x0000008d75100000,0x0000008d75200000)]
  0x000001a8dd008ca0 JavaThread "Service Thread" daemon [_thread_blocked, id=18220, stack(0x0000008d75200000,0x0000008d75300000)]
  0x000001a8dd0095d0 JavaThread "Monitor Deflation Thread" daemon [_thread_blocked, id=6944, stack(0x0000008d75300000,0x0000008d75400000)]
  0x000001a8dd00a230 JavaThread "C2 CompilerThread0" daemon [_thread_in_native, id=11912, stack(0x0000008d75400000,0x0000008d75500000)]
  0x000001a8dd00f780 JavaThread "C1 CompilerThread0" daemon [_thread_blocked, id=12808, stack(0x0000008d75500000,0x0000008d75600000)]
  0x000001a8dd033e20 JavaThread "Sweeper thread" daemon [_thread_blocked, id=21692, stack(0x0000008d75600000,0x0000008d75700000)]
  0x000001a8dd1392f0 JavaThread "Common-Cleaner" daemon [_thread_blocked, id=9900, stack(0x0000008d75700000,0x0000008d75800000)]
  0x000001a8dd23d940 JavaThread "Notification Thread" daemon [_thread_blocked, id=1072, stack(0x0000008d75800000,0x0000008d75900000)]
=>0x000001a8dd3f3640 JavaThread "C2 CompilerThread1" daemon [_thread_in_native, id=32, stack(0x0000008d75a00000,0x0000008d75b00000)]
  0x000001a8deacf6c0 JavaThread "Daemon health stats" [_thread_blocked, id=9184, stack(0x0000008d76100000,0x0000008d76200000)]
  0x000001a8de9e99f0 JavaThread "Incoming local TCP Connector on port 55325" [_thread_in_native, id=9204, stack(0x0000008d76200000,0x0000008d76300000)]
  0x000001a8de83d5d0 JavaThread "Daemon periodic checks" [_thread_blocked, id=1932, stack(0x0000008d76300000,0x0000008d76400000)]
  0x000001a8dec00460 JavaThread "Daemon" [_thread_blocked, id=12432, stack(0x0000008d76400000,0x0000008d76500000)]
  0x000001a8dec009a0 JavaThread "Handler for socket connection from /127.0.0.1:55325 to /127.0.0.1:55326" [_thread_in_native, id=20280, stack(0x0000008d76500000,0x0000008d76600000)]
  0x000001a8de6c14c0 JavaThread "Cancel handler" [_thread_blocked, id=22520, stack(0x0000008d76600000,0x0000008d76700000)]
  0x000001a8dec4f880 JavaThread "Daemon worker" [_thread_in_native, id=7196, stack(0x0000008d76700000,0x0000008d76800000)]
  0x000001a8dee11e60 JavaThread "Asynchronous log dispatcher for DefaultDaemonConnection: socket connection from /127.0.0.1:55325 to /127.0.0.1:55326" [_thread_blocked, id=3364, stack(0x0000008d76800000,0x0000008d76900000)]
  0x000001a8dee123b0 JavaThread "Stdin handler" [_thread_blocked, id=20540, stack(0x0000008d76900000,0x0000008d76a00000)]
  0x000001a8dee10920 JavaThread "Daemon client event forwarder" [_thread_blocked, id=16512, stack(0x0000008d76a00000,0x0000008d76b00000)]
  0x000001a8dee133a0 JavaThread "Cache worker for journal cache (C:\Users\savel\.gradle\caches\journal-1)" [_thread_blocked, id=8176, stack(0x0000008d75b00000,0x0000008d75c00000)]
  0x000001a8dee12900 JavaThread "File lock request listener" [_thread_in_native, id=12204, stack(0x0000008d76b00000,0x0000008d76c00000)]

Other Threads:
  0x000001a8d8dc2d50 VMThread "VM Thread" [stack: 0x0000008d74d00000,0x0000008d74e00000] [id=15528]
  0x000001a8dd23de80 WatcherThread "VM Periodic Task Thread" [stack: 0x0000008d75900000,0x0000008d75a00000] [id=12628]
  0x000001a8bdde78a0 WorkerThread "GC Thread#0" [stack: 0x0000008d74800000,0x0000008d74900000] [id=19912]
  0x000001a8dd584610 WorkerThread "GC Thread#1" [stack: 0x0000008d75c00000,0x0000008d75d00000] [id=2028]
  0x000001a8ddfc2a50 WorkerThread "GC Thread#2" [stack: 0x0000008d75d00000,0x0000008d75e00000] [id=14452]
  0x000001a8ddcd5580 WorkerThread "GC Thread#3" [stack: 0x0000008d75e00000,0x0000008d75f00000] [id=7556]
  0x000001a8ddcd4fe0 WorkerThread "GC Thread#4" [stack: 0x0000008d75f00000,0x0000008d76000000] [id=3488]
  0x000001a8ddcd4d10 WorkerThread "GC Thread#5" [stack: 0x0000008d76000000,0x0000008d76100000] [id=20048]
  0x000001a8bddef8d0 ConcurrentGCThread "G1 Main Marker" [stack: 0x0000008d74900000,0x0000008d74a00000] [id=17276]
  0x000001a8bddf09b0 WorkerThread "G1 Conc#0" [stack: 0x0000008d74a00000,0x0000008d74b00000] [id=22392]
  0x000001a8d8c86600 ConcurrentGCThread "G1 Refine#0" [stack: 0x0000008d74b00000,0x0000008d74c00000] [id=8492]
  0x000001a8d8c86f50 ConcurrentGCThread "G1 Service" [stack: 0x0000008d74c00000,0x0000008d74d00000] [id=22424]

Threads with active compile tasks:
C2 CompilerThread0     2873 2448   !   4       java.lang.ClassLoader::loadClass (121 bytes)
C2 CompilerThread1     2873 2502       4       java.lang.invoke.MethodType::makeImpl (109 bytes)

VM state: not at safepoint (normal execution)

VM Mutex/Monitor currently owned by a thread: None

Heap address: 0x00000000e0000000, size: 512 MB, Compressed Oops mode: 32-bit

CDS archive(s) mapped at: [0x0000000800000000-0x0000000800c40000-0x0000000800c40000), size 12845056, SharedBaseAddress: 0x0000000800000000, ArchiveRelocationMode: 0.
Compressed class space mapped at: 0x0000000801000000-0x0000000814400000, reserved size: 322961408
Narrow klass base: 0x0000000800000000, Narrow klass shift: 0, Narrow klass range: 0x100000000

GC Precious Log:
 CardTable entry size: 512
 Card Set container configuration: InlinePtr #cards 5 size 8 Array Of Cards #cards 12 size 40 Howl #buckets 4 coarsen threshold 1843 Howl Bitmap #cards 512 size 80 coarsen threshold 460 Card regions per heap region 1 cards per card region 2048
 CPUs: 8 total, 8 available
 Memory: 15741M
 Large Page Support: Disabled
 NUMA Support: Disabled
 Compressed Oops: Enabled (32-bit)
 Heap Region Size: 1M
 Heap Min Capacity: 256M
 Heap Initial Capacity: 256M
 Heap Max Capacity: 512M
 Pre-touch: Disabled
 Parallel Workers: 8
 Concurrent Workers: 2
 Concurrent Refinement Workers: 8
 Periodic GC: Disabled

Heap:
 garbage-first heap   total 262144K, used 83844K [0x00000000e0000000, 0x0000000100000000)
  region size 1024K, 73 young (74752K), 3 survivors (3072K)
 Metaspace       used 16797K, committed 17280K, reserved 380928K
  class space    used 2291K, committed 2560K, reserved 315392K

Heap Regions: E=young(eden), S=young(survivor), O=old, HS=humongous(starts), HC=humongous(continues), CS=collection set, F=free, OA=open archive, CA=closed archive, TAMS=top-at-mark-start (previous, next)
|   0|0x00000000e0000000, 0x00000000e0100000, 0x00000000e0100000|100%|HS|  |TAMS 0x00000000e0000000, 0x00000000e0000000| Complete 
|   1|0x00000000e0100000, 0x00000000e0200000, 0x00000000e0200000|100%|HC|  |TAMS 0x00000000e0100000, 0x00000000e0100000| Complete 
|   2|0x00000000e0200000, 0x00000000e0300000, 0x00000000e0300000|100%|HC|  |TAMS 0x00000000e0200000, 0x00000000e0200000| Complete 
|   3|0x00000000e0300000, 0x00000000e0400000, 0x00000000e0400000|100%|HC|  |TAMS 0x00000000e0300000, 0x00000000e0300000| Complete 
|   4|0x00000000e0400000, 0x00000000e0500000, 0x00000000e0500000|100%| O|  |TAMS 0x00000000e0400000, 0x00000000e0400000| Untracked 
|   5|0x00000000e0500000, 0x00000000e0600000, 0x00000000e0600000|100%| O|  |TAMS 0x00000000e0500000, 0x00000000e0500000| Untracked 
|   6|0x00000000e0600000, 0x00000000e0700000, 0x00000000e0700000|100%| O|  |TAMS 0x00000000e0600000, 0x00000000e0600000| Untracked 
|   7|0x00000000e0700000, 0x00000000e0800000, 0x00000000e0800000|100%| O|  |TAMS 0x00000000e0700000, 0x00000000e0700000| Untracked 
|   8|0x00000000e0800000, 0x00000000e0800000, 0x00000000e0900000|  0%| F|  |TAMS 0x00000000e0800000, 0x00000000e0800000| Untracked 
|   9|0x00000000e0900000, 0x00000000e0a00000, 0x00000000e0a00000|100%| O|  |TAMS 0x00000000e0900000, 0x00000000e0900000| Untracked 
|  10|0x00000000e0a00000, 0x00000000e0b00000, 0x00000000e0b00000|100%| O|  |TAMS 0x00000000e0a00000, 0x00000000e0a00000| Untracked 
|  11|0x00000000e0b00000, 0x00000000e0b0c200, 0x00000000e0c00000|  4%| O|  |TAMS 0x00000000e0b00000, 0x00000000e0b00000| Untracked 
|  12|0x00000000e0c00000, 0x00000000e0c00000, 0x00000000e0d00000|  0%| F|  |TAMS 0x00000000e0c00000, 0x00000000e0c00000| Untracked 
|  13|0x00000000e0d00000, 0x00000000e0d00000, 0x00000000e0e00000|  0%| F|  |TAMS 0x00000000e0d00000, 0x00000000e0d00000| Untracked 
|  14|0x00000000e0e00000, 0x00000000e0e00000, 0x00000000e0f00000|  0%| F|  |TAMS 0x00000000e0e00000, 0x00000000e0e00000| Untracked 
|  15|0x00000000e0f00000, 0x00000000e0f00000, 0x00000000e1000000|  0%| F|  |TAMS 0x00000000e0f00000, 0x00000000e0f00000| Untracked 
|  16|0x00000000e1000000, 0x00000000e1000000, 0x00000000e1100000|  0%| F|  |TAMS 0x00000000e1000000, 0x00000000e1000000| Untracked 
|  17|0x00000000e1100000, 0x00000000e1100000, 0x00000000e1200000|  0%| F|  |TAMS 0x00000000e1100000, 0x00000000e1100000| Untracked 
|  18|0x00000000e1200000, 0x00000000e1200000, 0x00000000e1300000|  0%| F|  |TAMS 0x00000000e1200000, 0x00000000e1200000| Untracked 
|  19|0x00000000e1300000, 0x00000000e1300000, 0x00000000e1400000|  0%| F|  |TAMS 0x00000000e1300000, 0x00000000e1300000| Untracked 
|  20|0x00000000e1400000, 0x00000000e1400000, 0x00000000e1500000|  0%| F|  |TAMS 0x00000000e1400000, 0x00000000e1400000| Untracked 
|  21|0x00000000e1500000, 0x00000000e1500000, 0x00000000e1600000|  0%| F|  |TAMS 0x00000000e1500000, 0x00000000e1500000| Untracked 
|  22|0x00000000e1600000, 0x00000000e1600000, 0x00000000e1700000|  0%| F|  |TAMS 0x00000000e1600000, 0x00000000e1600000| Untracked 
|  23|0x00000000e1700000, 0x00000000e1700000, 0x00000000e1800000|  0%| F|  |TAMS 0x00000000e1700000, 0x00000000e1700000| Untracked 
|  24|0x00000000e1800000, 0x00000000e1800000, 0x00000000e1900000|  0%| F|  |TAMS 0x00000000e1800000, 0x00000000e1800000| Untracked 
|  25|0x00000000e1900000, 0x00000000e1900000, 0x00000000e1a00000|  0%| F|  |TAMS 0x00000000e1900000, 0x00000000e1900000| Untracked 
|  26|0x00000000e1a00000, 0x00000000e1a00000, 0x00000000e1b00000|  0%| F|  |TAMS 0x00000000e1a00000, 0x00000000e1a00000| Untracked 
|  27|0x00000000e1b00000, 0x00000000e1b00000, 0x00000000e1c00000|  0%| F|  |TAMS 0x00000000e1b00000, 0x00000000e1b00000| Untracked 
|  28|0x00000000e1c00000, 0x00000000e1c00000, 0x00000000e1d00000|  0%| F|  |TAMS 0x00000000e1c00000, 0x00000000e1c00000| Untracked 
|  29|0x00000000e1d00000, 0x00000000e1d00000, 0x00000000e1e00000|  0%| F|  |TAMS 0x00000000e1d00000, 0x00000000e1d00000| Untracked 
|  30|0x00000000e1e00000, 0x00000000e1e00000, 0x00000000e1f00000|  0%| F|  |TAMS 0x00000000e1e00000, 0x00000000e1e00000| Untracked 
|  31|0x00000000e1f00000, 0x00000000e1f00000, 0x00000000e2000000|  0%| F|  |TAMS 0x00000000e1f00000, 0x00000000e1f00000| Untracked 
|  32|0x00000000e2000000, 0x00000000e2000000, 0x00000000e2100000|  0%| F|  |TAMS 0x00000000e2000000, 0x00000000e2000000| Untracked 
|  33|0x00000000e2100000, 0x00000000e2100000, 0x00000000e2200000|  0%| F|  |TAMS 0x00000000e2100000, 0x00000000e2100000| Untracked 
|  34|0x00000000e2200000, 0x00000000e2200000, 0x00000000e2300000|  0%| F|  |TAMS 0x00000000e2200000, 0x00000000e2200000| Untracked 
|  35|0x00000000e2300000, 0x00000000e2300000, 0x00000000e2400000|  0%| F|  |TAMS 0x00000000e2300000, 0x00000000e2300000| Untracked 
|  36|0x00000000e2400000, 0x00000000e2400000, 0x00000000e2500000|  0%| F|  |TAMS 0x00000000e2400000, 0x00000000e2400000| Untracked 
|  37|0x00000000e2500000, 0x00000000e2500000, 0x00000000e2600000|  0%| F|  |TAMS 0x00000000e2500000, 0x00000000e2500000| Untracked 
|  38|0x00000000e2600000, 0x00000000e2600000, 0x00000000e2700000|  0%| F|  |TAMS 0x00000000e2600000, 0x00000000e2600000| Untracked 
|  39|0x00000000e2700000, 0x00000000e2700000, 0x00000000e2800000|  0%| F|  |TAMS 0x00000000e2700000, 0x00000000e2700000| Untracked 
|  40|0x00000000e2800000, 0x00000000e2800000, 0x00000000e2900000|  0%| F|  |TAMS 0x00000000e2800000, 0x00000000e2800000| Untracked 
|  41|0x00000000e2900000, 0x00000000e2900000, 0x00000000e2a00000|  0%| F|  |TAMS 0x00000000e2900000, 0x00000000e2900000| Untracked 
|  42|0x00000000e2a00000, 0x00000000e2a00000, 0x00000000e2b00000|  0%| F|  |TAMS 0x00000000e2a00000, 0x00000000e2a00000| Untracked 
|  43|0x00000000e2b00000, 0x00000000e2b00000, 0x00000000e2c00000|  0%| F|  |TAMS 0x00000000e2b00000, 0x00000000e2b00000| Untracked 
|  44|0x00000000e2c00000, 0x00000000e2c00000, 0x00000000e2d00000|  0%| F|  |TAMS 0x00000000e2c00000, 0x00000000e2c00000| Untracked 
|  45|0x00000000e2d00000, 0x00000000e2d00000, 0x00000000e2e00000|  0%| F|  |TAMS 0x00000000e2d00000, 0x00000000e2d00000| Untracked 
|  46|0x00000000e2e00000, 0x00000000e2e00000, 0x00000000e2f00000|  0%| F|  |TAMS 0x00000000e2e00000, 0x00000000e2e00000| Untracked 
|  47|0x00000000e2f00000, 0x00000000e2f00000, 0x00000000e3000000|  0%| F|  |TAMS 0x00000000e2f00000, 0x00000000e2f00000| Untracked 
|  48|0x00000000e3000000, 0x00000000e3000000, 0x00000000e3100000|  0%| F|  |TAMS 0x00000000e3000000, 0x00000000e3000000| Untracked 
|  49|0x00000000e3100000, 0x00000000e3100000, 0x00000000e3200000|  0%| F|  |TAMS 0x00000000e3100000, 0x00000000e3100000| Untracked 
|  50|0x00000000e3200000, 0x00000000e3200000, 0x00000000e3300000|  0%| F|  |TAMS 0x00000000e3200000, 0x00000000e3200000| Untracked 
|  51|0x00000000e3300000, 0x00000000e3300000, 0x00000000e3400000|  0%| F|  |TAMS 0x00000000e3300000, 0x00000000e3300000| Untracked 
|  52|0x00000000e3400000, 0x00000000e3400000, 0x00000000e3500000|  0%| F|  |TAMS 0x00000000e3400000, 0x00000000e3400000| Untracked 
|  53|0x00000000e3500000, 0x00000000e3500000, 0x00000000e3600000|  0%| F|  |TAMS 0x00000000e3500000, 0x00000000e3500000| Untracked 
|  54|0x00000000e3600000, 0x00000000e3600000, 0x00000000e3700000|  0%| F|  |TAMS 0x00000000e3600000, 0x00000000e3600000| Untracked 
|  55|0x00000000e3700000, 0x00000000e3700000, 0x00000000e3800000|  0%| F|  |TAMS 0x00000000e3700000, 0x00000000e3700000| Untracked 
|  56|0x00000000e3800000, 0x00000000e3800000, 0x00000000e3900000|  0%| F|  |TAMS 0x00000000e3800000, 0x00000000e3800000| Untracked 
|  57|0x00000000e3900000, 0x00000000e3900000, 0x00000000e3a00000|  0%| F|  |TAMS 0x00000000e3900000, 0x00000000e3900000| Untracked 
|  58|0x00000000e3a00000, 0x00000000e3a00000, 0x00000000e3b00000|  0%| F|  |TAMS 0x00000000e3a00000, 0x00000000e3a00000| Untracked 
|  59|0x00000000e3b00000, 0x00000000e3b00000, 0x00000000e3c00000|  0%| F|  |TAMS 0x00000000e3b00000, 0x00000000e3b00000| Untracked 
|  60|0x00000000e3c00000, 0x00000000e3c00000, 0x00000000e3d00000|  0%| F|  |TAMS 0x00000000e3c00000, 0x00000000e3c00000| Untracked 
|  61|0x00000000e3d00000, 0x00000000e3d00000, 0x00000000e3e00000|  0%| F|  |TAMS 0x00000000e3d00000, 0x00000000e3d00000| Untracked 
|  62|0x00000000e3e00000, 0x00000000e3e00000, 0x00000000e3f00000|  0%| F|  |TAMS 0x00000000e3e00000, 0x00000000e3e00000| Untracked 
|  63|0x00000000e3f00000, 0x00000000e3f00000, 0x00000000e4000000|  0%| F|  |TAMS 0x00000000e3f00000, 0x00000000e3f00000| Untracked 
|  64|0x00000000e4000000, 0x00000000e4000000, 0x00000000e4100000|  0%| F|  |TAMS 0x00000000e4000000, 0x00000000e4000000| Untracked 
|  65|0x00000000e4100000, 0x00000000e4100000, 0x00000000e4200000|  0%| F|  |TAMS 0x00000000e4100000, 0x00000000e4100000| Untracked 
|  66|0x00000000e4200000, 0x00000000e4200000, 0x00000000e4300000|  0%| F|  |TAMS 0x00000000e4200000, 0x00000000e4200000| Untracked 
|  67|0x00000000e4300000, 0x00000000e4300000, 0x00000000e4400000|  0%| F|  |TAMS 0x00000000e4300000, 0x00000000e4300000| Untracked 
|  68|0x00000000e4400000, 0x00000000e4400000, 0x00000000e4500000|  0%| F|  |TAMS 0x00000000e4400000, 0x00000000e4400000| Untracked 
|  69|0x00000000e4500000, 0x00000000e4500000, 0x00000000e4600000|  0%| F|  |TAMS 0x00000000e4500000, 0x00000000e4500000| Untracked 
|  70|0x00000000e4600000, 0x00000000e4600000, 0x00000000e4700000|  0%| F|  |TAMS 0x00000000e4600000, 0x00000000e4600000| Untracked 
|  71|0x00000000e4700000, 0x00000000e4700000, 0x00000000e4800000|  0%| F|  |TAMS 0x00000000e4700000, 0x00000000e4700000| Untracked 
|  72|0x00000000e4800000, 0x00000000e4800000, 0x00000000e4900000|  0%| F|  |TAMS 0x00000000e4800000, 0x00000000e4800000| Untracked 
|  73|0x00000000e4900000, 0x00000000e4900000, 0x00000000e4a00000|  0%| F|  |TAMS 0x00000000e4900000, 0x00000000e4900000| Untracked 
|  74|0x00000000e4a00000, 0x00000000e4a00000, 0x00000000e4b00000|  0%| F|  |TAMS 0x00000000e4a00000, 0x00000000e4a00000| Untracked 
|  75|0x00000000e4b00000, 0x00000000e4b00000, 0x00000000e4c00000|  0%| F|  |TAMS 0x00000000e4b00000, 0x00000000e4b00000| Untracked 
|  76|0x00000000e4c00000, 0x00000000e4c00000, 0x00000000e4d00000|  0%| F|  |TAMS 0x00000000e4c00000, 0x00000000e4c00000| Untracked 
|  77|0x00000000e4d00000, 0x00000000e4d00000, 0x00000000e4e00000|  0%| F|  |TAMS 0x00000000e4d00000, 0x00000000e4d00000| Untracked 
|  78|0x00000000e4e00000, 0x00000000e4e00000, 0x00000000e4f00000|  0%| F|  |TAMS 0x00000000e4e00000, 0x00000000e4e00000| Untracked 
|  79|0x00000000e4f00000, 0x00000000e4f00000, 0x00000000e5000000|  0%| F|  |TAMS 0x00000000e4f00000, 0x00000000e4f00000| Untracked 
|  80|0x00000000e5000000, 0x00000000e5000000, 0x00000000e5100000|  0%| F|  |TAMS 0x00000000e5000000, 0x00000000e5000000| Untracked 
|  81|0x00000000e5100000, 0x00000000e5100000, 0x00000000e5200000|  0%| F|  |TAMS 0x00000000e5100000, 0x00000000e5100000| Untracked 
|  82|0x00000000e5200000, 0x00000000e5200000, 0x00000000e5300000|  0%| F|  |TAMS 0x00000000e5200000, 0x00000000e5200000| Untracked 
|  83|0x00000000e5300000, 0x00000000e5300000, 0x00000000e5400000|  0%| F|  |TAMS 0x00000000e5300000, 0x00000000e5300000| Untracked 
|  84|0x00000000e5400000, 0x00000000e5400000, 0x00000000e5500000|  0%| F|  |TAMS 0x00000000e5400000, 0x00000000e5400000| Untracked 
|  85|0x00000000e5500000, 0x00000000e5500000, 0x00000000e5600000|  0%| F|  |TAMS 0x00000000e5500000, 0x00000000e5500000| Untracked 
|  86|0x00000000e5600000, 0x00000000e5600000, 0x00000000e5700000|  0%| F|  |TAMS 0x00000000e5600000, 0x00000000e5600000| Untracked 
|  87|0x00000000e5700000, 0x00000000e5700000, 0x00000000e5800000|  0%| F|  |TAMS 0x00000000e5700000, 0x00000000e5700000| Untracked 
|  88|0x00000000e5800000, 0x00000000e5800000, 0x00000000e5900000|  0%| F|  |TAMS 0x00000000e5800000, 0x00000000e5800000| Untracked 
|  89|0x00000000e5900000, 0x00000000e5900000, 0x00000000e5a00000|  0%| F|  |TAMS 0x00000000e5900000, 0x00000000e5900000| Untracked 
|  90|0x00000000e5a00000, 0x00000000e5a00000, 0x00000000e5b00000|  0%| F|  |TAMS 0x00000000e5a00000, 0x00000000e5a00000| Untracked 
|  91|0x00000000e5b00000, 0x00000000e5b00000, 0x00000000e5c00000|  0%| F|  |TAMS 0x00000000e5b00000, 0x00000000e5b00000| Untracked 
|  92|0x00000000e5c00000, 0x00000000e5c00000, 0x00000000e5d00000|  0%| F|  |TAMS 0x00000000e5c00000, 0x00000000e5c00000| Untracked 
|  93|0x00000000e5d00000, 0x00000000e5d00000, 0x00000000e5e00000|  0%| F|  |TAMS 0x00000000e5d00000, 0x00000000e5d00000| Untracked 
|  94|0x00000000e5e00000, 0x00000000e5e00000, 0x00000000e5f00000|  0%| F|  |TAMS 0x00000000e5e00000, 0x00000000e5e00000| Untracked 
|  95|0x00000000e5f00000, 0x00000000e5f00000, 0x00000000e6000000|  0%| F|  |TAMS 0x00000000e5f00000, 0x00000000e5f00000| Untracked 
|  96|0x00000000e6000000, 0x00000000e6000000, 0x00000000e6100000|  0%| F|  |TAMS 0x00000000e6000000, 0x00000000e6000000| Untracked 
|  97|0x00000000e6100000, 0x00000000e6100000, 0x00000000e6200000|  0%| F|  |TAMS 0x00000000e6100000, 0x00000000e6100000| Untracked 
|  98|0x00000000e6200000, 0x00000000e6200000, 0x00000000e6300000|  0%| F|  |TAMS 0x00000000e6200000, 0x00000000e6200000| Untracked 
|  99|0x00000000e6300000, 0x00000000e6300000, 0x00000000e6400000|  0%| F|  |TAMS 0x00000000e6300000, 0x00000000e6300000| Untracked 
| 100|0x00000000e6400000, 0x00000000e6400000, 0x00000000e6500000|  0%| F|  |TAMS 0x00000000e6400000, 0x00000000e6400000| Untracked 
| 101|0x00000000e6500000, 0x00000000e6500000, 0x00000000e6600000|  0%| F|  |TAMS 0x00000000e6500000, 0x00000000e6500000| Untracked 
| 102|0x00000000e6600000, 0x00000000e6600000, 0x00000000e6700000|  0%| F|  |TAMS 0x00000000e6600000, 0x00000000e6600000| Untracked 
| 103|0x00000000e6700000, 0x00000000e6700000, 0x00000000e6800000|  0%| F|  |TAMS 0x00000000e6700000, 0x00000000e6700000| Untracked 
| 104|0x00000000e6800000, 0x00000000e6800000, 0x00000000e6900000|  0%| F|  |TAMS 0x00000000e6800000, 0x00000000e6800000| Untracked 
| 105|0x00000000e6900000, 0x00000000e6900000, 0x00000000e6a00000|  0%| F|  |TAMS 0x00000000e6900000, 0x00000000e6900000| Untracked 
| 106|0x00000000e6a00000, 0x00000000e6a00000, 0x00000000e6b00000|  0%| F|  |TAMS 0x00000000e6a00000, 0x00000000e6a00000| Untracked 
| 107|0x00000000e6b00000, 0x00000000e6b00000, 0x00000000e6c00000|  0%| F|  |TAMS 0x00000000e6b00000, 0x00000000e6b00000| Untracked 
| 108|0x00000000e6c00000, 0x00000000e6c00000, 0x00000000e6d00000|  0%| F|  |TAMS 0x00000000e6c00000, 0x00000000e6c00000| Untracked 
| 109|0x00000000e6d00000, 0x00000000e6d00000, 0x00000000e6e00000|  0%| F|  |TAMS 0x00000000e6d00000, 0x00000000e6d00000| Untracked 
| 110|0x00000000e6e00000, 0x00000000e6e00000, 0x00000000e6f00000|  0%| F|  |TAMS 0x00000000e6e00000, 0x00000000e6e00000| Untracked 
| 111|0x00000000e6f00000, 0x00000000e6f00000, 0x00000000e7000000|  0%| F|  |TAMS 0x00000000e6f00000, 0x00000000e6f00000| Untracked 
| 112|0x00000000e7000000, 0x00000000e7000000, 0x00000000e7100000|  0%| F|  |TAMS 0x00000000e7000000, 0x00000000e7000000| Untracked 
| 113|0x00000000e7100000, 0x00000000e7100000, 0x00000000e7200000|  0%| F|  |TAMS 0x00000000e7100000, 0x00000000e7100000| Untracked 
| 114|0x00000000e7200000, 0x00000000e7200000, 0x00000000e7300000|  0%| F|  |TAMS 0x00000000e7200000, 0x00000000e7200000| Untracked 
| 115|0x00000000e7300000, 0x00000000e7300000, 0x00000000e7400000|  0%| F|  |TAMS 0x00000000e7300000, 0x00000000e7300000| Untracked 
| 116|0x00000000e7400000, 0x00000000e7400000, 0x00000000e7500000|  0%| F|  |TAMS 0x00000000e7400000, 0x00000000e7400000| Untracked 
| 117|0x00000000e7500000, 0x00000000e7500000, 0x00000000e7600000|  0%| F|  |TAMS 0x00000000e7500000, 0x00000000e7500000| Untracked 
| 118|0x00000000e7600000, 0x00000000e7600000, 0x00000000e7700000|  0%| F|  |TAMS 0x00000000e7600000, 0x00000000e7600000| Untracked 
| 119|0x00000000e7700000, 0x00000000e7700000, 0x00000000e7800000|  0%| F|  |TAMS 0x00000000e7700000, 0x00000000e7700000| Untracked 
| 120|0x00000000e7800000, 0x00000000e7800000, 0x00000000e7900000|  0%| F|  |TAMS 0x00000000e7800000, 0x00000000e7800000| Untracked 
| 121|0x00000000e7900000, 0x00000000e7900000, 0x00000000e7a00000|  0%| F|  |TAMS 0x00000000e7900000, 0x00000000e7900000| Untracked 
| 122|0x00000000e7a00000, 0x00000000e7a00000, 0x00000000e7b00000|  0%| F|  |TAMS 0x00000000e7a00000, 0x00000000e7a00000| Untracked 
| 123|0x00000000e7b00000, 0x00000000e7b00000, 0x00000000e7c00000|  0%| F|  |TAMS 0x00000000e7b00000, 0x00000000e7b00000| Untracked 
| 124|0x00000000e7c00000, 0x00000000e7c00000, 0x00000000e7d00000|  0%| F|  |TAMS 0x00000000e7c00000, 0x00000000e7c00000| Untracked 
| 125|0x00000000e7d00000, 0x00000000e7d00000, 0x00000000e7e00000|  0%| F|  |TAMS 0x00000000e7d00000, 0x00000000e7d00000| Untracked 
| 126|0x00000000e7e00000, 0x00000000e7e00000, 0x00000000e7f00000|  0%| F|  |TAMS 0x00000000e7e00000, 0x00000000e7e00000| Untracked 
| 127|0x00000000e7f00000, 0x00000000e7f00000, 0x00000000e8000000|  0%| F|  |TAMS 0x00000000e7f00000, 0x00000000e7f00000| Untracked 
| 128|0x00000000e8000000, 0x00000000e8000000, 0x00000000e8100000|  0%| F|  |TAMS 0x00000000e8000000, 0x00000000e8000000| Untracked 
| 129|0x00000000e8100000, 0x00000000e8100000, 0x00000000e8200000|  0%| F|  |TAMS 0x00000000e8100000, 0x00000000e8100000| Untracked 
| 130|0x00000000e8200000, 0x00000000e8200000, 0x00000000e8300000|  0%| F|  |TAMS 0x00000000e8200000, 0x00000000e8200000| Untracked 
| 131|0x00000000e8300000, 0x00000000e8300000, 0x00000000e8400000|  0%| F|  |TAMS 0x00000000e8300000, 0x00000000e8300000| Untracked 
| 132|0x00000000e8400000, 0x00000000e8400000, 0x00000000e8500000|  0%| F|  |TAMS 0x00000000e8400000, 0x00000000e8400000| Untracked 
| 133|0x00000000e8500000, 0x00000000e8500000, 0x00000000e8600000|  0%| F|  |TAMS 0x00000000e8500000, 0x00000000e8500000| Untracked 
| 134|0x00000000e8600000, 0x00000000e8600000, 0x00000000e8700000|  0%| F|  |TAMS 0x00000000e8600000, 0x00000000e8600000| Untracked 
| 135|0x00000000e8700000, 0x00000000e8700000, 0x00000000e8800000|  0%| F|  |TAMS 0x00000000e8700000, 0x00000000e8700000| Untracked 
| 136|0x00000000e8800000, 0x00000000e8800000, 0x00000000e8900000|  0%| F|  |TAMS 0x00000000e8800000, 0x00000000e8800000| Untracked 
| 137|0x00000000e8900000, 0x00000000e8900000, 0x00000000e8a00000|  0%| F|  |TAMS 0x00000000e8900000, 0x00000000e8900000| Untracked 
| 138|0x00000000e8a00000, 0x00000000e8a00000, 0x00000000e8b00000|  0%| F|  |TAMS 0x00000000e8a00000, 0x00000000e8a00000| Untracked 
| 139|0x00000000e8b00000, 0x00000000e8b00000, 0x00000000e8c00000|  0%| F|  |TAMS 0x00000000e8b00000, 0x00000000e8b00000| Untracked 
| 140|0x00000000e8c00000, 0x00000000e8c00000, 0x00000000e8d00000|  0%| F|  |TAMS 0x00000000e8c00000, 0x00000000e8c00000| Untracked 
| 141|0x00000000e8d00000, 0x00000000e8d00000, 0x00000000e8e00000|  0%| F|  |TAMS 0x00000000e8d00000, 0x00000000e8d00000| Untracked 
| 142|0x00000000e8e00000, 0x00000000e8e00000, 0x00000000e8f00000|  0%| F|  |TAMS 0x00000000e8e00000, 0x00000000e8e00000| Untracked 
| 143|0x00000000e8f00000, 0x00000000e8f00000, 0x00000000e9000000|  0%| F|  |TAMS 0x00000000e8f00000, 0x00000000e8f00000| Untracked 
| 144|0x00000000e9000000, 0x00000000e9000000, 0x00000000e9100000|  0%| F|  |TAMS 0x00000000e9000000, 0x00000000e9000000| Untracked 
| 145|0x00000000e9100000, 0x00000000e9100000, 0x00000000e9200000|  0%| F|  |TAMS 0x00000000e9100000, 0x00000000e9100000| Untracked 
| 146|0x00000000e9200000, 0x00000000e9200000, 0x00000000e9300000|  0%| F|  |TAMS 0x00000000e9200000, 0x00000000e9200000| Untracked 
| 147|0x00000000e9300000, 0x00000000e9300000, 0x00000000e9400000|  0%| F|  |TAMS 0x00000000e9300000, 0x00000000e9300000| Untracked 
| 148|0x00000000e9400000, 0x00000000e9400000, 0x00000000e9500000|  0%| F|  |TAMS 0x00000000e9400000, 0x00000000e9400000| Untracked 
| 149|0x00000000e9500000, 0x00000000e9500000, 0x00000000e9600000|  0%| F|  |TAMS 0x00000000e9500000, 0x00000000e9500000| Untracked 
| 150|0x00000000e9600000, 0x00000000e9600000, 0x00000000e9700000|  0%| F|  |TAMS 0x00000000e9600000, 0x00000000e9600000| Untracked 
| 151|0x00000000e9700000, 0x00000000e9700000, 0x00000000e9800000|  0%| F|  |TAMS 0x00000000e9700000, 0x00000000e9700000| Untracked 
| 152|0x00000000e9800000, 0x00000000e9800000, 0x00000000e9900000|  0%| F|  |TAMS 0x00000000e9800000, 0x00000000e9800000| Untracked 
| 153|0x00000000e9900000, 0x00000000e9900000, 0x00000000e9a00000|  0%| F|  |TAMS 0x00000000e9900000, 0x00000000e9900000| Untracked 
| 154|0x00000000e9a00000, 0x00000000e9a00000, 0x00000000e9b00000|  0%| F|  |TAMS 0x00000000e9a00000, 0x00000000e9a00000| Untracked 
| 155|0x00000000e9b00000, 0x00000000e9b00000, 0x00000000e9c00000|  0%| F|  |TAMS 0x00000000e9b00000, 0x00000000e9b00000| Untracked 
| 156|0x00000000e9c00000, 0x00000000e9c00000, 0x00000000e9d00000|  0%| F|  |TAMS 0x00000000e9c00000, 0x00000000e9c00000| Untracked 
| 157|0x00000000e9d00000, 0x00000000e9d00000, 0x00000000e9e00000|  0%| F|  |TAMS 0x00000000e9d00000, 0x00000000e9d00000| Untracked 
| 158|0x00000000e9e00000, 0x00000000e9e00000, 0x00000000e9f00000|  0%| F|  |TAMS 0x00000000e9e00000, 0x00000000e9e00000| Untracked 
| 159|0x00000000e9f00000, 0x00000000e9f00000, 0x00000000ea000000|  0%| F|  |TAMS 0x00000000e9f00000, 0x00000000e9f00000| Untracked 
| 160|0x00000000ea000000, 0x00000000ea000000, 0x00000000ea100000|  0%| F|  |TAMS 0x00000000ea000000, 0x00000000ea000000| Untracked 
| 161|0x00000000ea100000, 0x00000000ea100000, 0x00000000ea200000|  0%| F|  |TAMS 0x00000000ea100000, 0x00000000ea100000| Untracked 
| 162|0x00000000ea200000, 0x00000000ea200000, 0x00000000ea300000|  0%| F|  |TAMS 0x00000000ea200000, 0x00000000ea200000| Untracked 
| 163|0x00000000ea300000, 0x00000000ea300000, 0x00000000ea400000|  0%| F|  |TAMS 0x00000000ea300000, 0x00000000ea300000| Untracked 
| 164|0x00000000ea400000, 0x00000000ea400000, 0x00000000ea500000|  0%| F|  |TAMS 0x00000000ea400000, 0x00000000ea400000| Untracked 
| 165|0x00000000ea500000, 0x00000000ea500000, 0x00000000ea600000|  0%| F|  |TAMS 0x00000000ea500000, 0x00000000ea500000| Untracked 
| 166|0x00000000ea600000, 0x00000000ea600000, 0x00000000ea700000|  0%| F|  |TAMS 0x00000000ea600000, 0x00000000ea600000| Untracked 
| 167|0x00000000ea700000, 0x00000000ea700000, 0x00000000ea800000|  0%| F|  |TAMS 0x00000000ea700000, 0x00000000ea700000| Untracked 
| 168|0x00000000ea800000, 0x00000000ea800000, 0x00000000ea900000|  0%| F|  |TAMS 0x00000000ea800000, 0x00000000ea800000| Untracked 
| 169|0x00000000ea900000, 0x00000000ea900000, 0x00000000eaa00000|  0%| F|  |TAMS 0x00000000ea900000, 0x00000000ea900000| Untracked 
| 170|0x00000000eaa00000, 0x00000000eaa00000, 0x00000000eab00000|  0%| F|  |TAMS 0x00000000eaa00000, 0x00000000eaa00000| Untracked 
| 171|0x00000000eab00000, 0x00000000eab00000, 0x00000000eac00000|  0%| F|  |TAMS 0x00000000eab00000, 0x00000000eab00000| Untracked 
| 172|0x00000000eac00000, 0x00000000eac00000, 0x00000000ead00000|  0%| F|  |TAMS 0x00000000eac00000, 0x00000000eac00000| Untracked 
| 173|0x00000000ead00000, 0x00000000ead00000, 0x00000000eae00000|  0%| F|  |TAMS 0x00000000ead00000, 0x00000000ead00000| Untracked 
| 174|0x00000000eae00000, 0x00000000eae00000, 0x00000000eaf00000|  0%| F|  |TAMS 0x00000000eae00000, 0x00000000eae00000| Untracked 
| 175|0x00000000eaf00000, 0x00000000eaf00000, 0x00000000eb000000|  0%| F|  |TAMS 0x00000000eaf00000, 0x00000000eaf00000| Untracked 
| 176|0x00000000eb000000, 0x00000000eb000000, 0x00000000eb100000|  0%| F|  |TAMS 0x00000000eb000000, 0x00000000eb000000| Untracked 
| 177|0x00000000eb100000, 0x00000000eb100000, 0x00000000eb200000|  0%| F|  |TAMS 0x00000000eb100000, 0x00000000eb100000| Untracked 
| 178|0x00000000eb200000, 0x00000000eb200000, 0x00000000eb300000|  0%| F|  |TAMS 0x00000000eb200000, 0x00000000eb200000| Untracked 
| 179|0x00000000eb300000, 0x00000000eb300000, 0x00000000eb400000|  0%| F|  |TAMS 0x00000000eb300000, 0x00000000eb300000| Untracked 
| 180|0x00000000eb400000, 0x00000000eb400000, 0x00000000eb500000|  0%| F|  |TAMS 0x00000000eb400000, 0x00000000eb400000| Untracked 
| 181|0x00000000eb500000, 0x00000000eb500000, 0x00000000eb600000|  0%| F|  |TAMS 0x00000000eb500000, 0x00000000eb500000| Untracked 
| 182|0x00000000eb600000, 0x00000000eb680bc0, 0x00000000eb700000| 50%| E|  |TAMS 0x00000000eb600000, 0x00000000eb600000| Complete 
| 183|0x00000000eb700000, 0x00000000eb800000, 0x00000000eb800000|100%| E|CS|TAMS 0x00000000eb700000, 0x00000000eb700000| Complete 
| 184|0x00000000eb800000, 0x00000000eb900000, 0x00000000eb900000|100%| E|CS|TAMS 0x00000000eb800000, 0x00000000eb800000| Complete 
| 185|0x00000000eb900000, 0x00000000eba00000, 0x00000000eba00000|100%| E|CS|TAMS 0x00000000eb900000, 0x00000000eb900000| Complete 
| 186|0x00000000eba00000, 0x00000000ebb00000, 0x00000000ebb00000|100%| E|CS|TAMS 0x00000000eba00000, 0x00000000eba00000| Complete 
| 187|0x00000000ebb00000, 0x00000000ebc00000, 0x00000000ebc00000|100%| E|CS|TAMS 0x00000000ebb00000, 0x00000000ebb00000| Complete 
| 188|0x00000000ebc00000, 0x00000000ebd00000, 0x00000000ebd00000|100%| E|CS|TAMS 0x00000000ebc00000, 0x00000000ebc00000| Complete 
| 189|0x00000000ebd00000, 0x00000000ebe00000, 0x00000000ebe00000|100%| E|CS|TAMS 0x00000000ebd00000, 0x00000000ebd00000| Complete 
| 190|0x00000000ebe00000, 0x00000000ebf00000, 0x00000000ebf00000|100%| E|CS|TAMS 0x00000000ebe00000, 0x00000000ebe00000| Complete 
| 191|0x00000000ebf00000, 0x00000000ec000000, 0x00000000ec000000|100%| E|CS|TAMS 0x00000000ebf00000, 0x00000000ebf00000| Complete 
| 192|0x00000000ec000000, 0x00000000ec100000, 0x00000000ec100000|100%| E|CS|TAMS 0x00000000ec000000, 0x00000000ec000000| Complete 
| 193|0x00000000ec100000, 0x00000000ec200000, 0x00000000ec200000|100%| E|CS|TAMS 0x00000000ec100000, 0x00000000ec100000| Complete 
| 194|0x00000000ec200000, 0x00000000ec300000, 0x00000000ec300000|100%| E|CS|TAMS 0x00000000ec200000, 0x00000000ec200000| Complete 
| 195|0x00000000ec300000, 0x00000000ec400000, 0x00000000ec400000|100%| E|CS|TAMS 0x00000000ec300000, 0x00000000ec300000| Complete 
| 196|0x00000000ec400000, 0x00000000ec500000, 0x00000000ec500000|100%| E|CS|TAMS 0x00000000ec400000, 0x00000000ec400000| Complete 
| 197|0x00000000ec500000, 0x00000000ec600000, 0x00000000ec600000|100%| E|CS|TAMS 0x00000000ec500000, 0x00000000ec500000| Complete 
| 198|0x00000000ec600000, 0x00000000ec700000, 0x00000000ec700000|100%| E|CS|TAMS 0x00000000ec600000, 0x00000000ec600000| Complete 
| 199|0x00000000ec700000, 0x00000000ec800000, 0x00000000ec800000|100%| E|CS|TAMS 0x00000000ec700000, 0x00000000ec700000| Complete 
| 200|0x00000000ec800000, 0x00000000ec900000, 0x00000000ec900000|100%| E|CS|TAMS 0x00000000ec800000, 0x00000000ec800000| Complete 
| 201|0x00000000ec900000, 0x00000000eca00000, 0x00000000eca00000|100%| E|CS|TAMS 0x00000000ec900000, 0x00000000ec900000| Complete 
| 202|0x00000000eca00000, 0x00000000ecb00000, 0x00000000ecb00000|100%| E|CS|TAMS 0x00000000eca00000, 0x00000000eca00000| Complete 
| 203|0x00000000ecb00000, 0x00000000ecc00000, 0x00000000ecc00000|100%| E|CS|TAMS 0x00000000ecb00000, 0x00000000ecb00000| Complete 
| 204|0x00000000ecc00000, 0x00000000ecd00000, 0x00000000ecd00000|100%| E|CS|TAMS 0x00000000ecc00000, 0x00000000ecc00000| Complete 
| 205|0x00000000ecd00000, 0x00000000ece00000, 0x00000000ece00000|100%| E|CS|TAMS 0x00000000ecd00000, 0x00000000ecd00000| Complete 
| 206|0x00000000ece00000, 0x00000000ecf00000, 0x00000000ecf00000|100%| E|CS|TAMS 0x00000000ece00000, 0x00000000ece00000| Complete 
| 207|0x00000000ecf00000, 0x00000000ed000000, 0x00000000ed000000|100%| E|CS|TAMS 0x00000000ecf00000, 0x00000000ecf00000| Complete 
| 208|0x00000000ed000000, 0x00000000ed100000, 0x00000000ed100000|100%| E|CS|TAMS 0x00000000ed000000, 0x00000000ed000000| Complete 
| 209|0x00000000ed100000, 0x00000000ed200000, 0x00000000ed200000|100%| E|CS|TAMS 0x00000000ed100000, 0x00000000ed100000| Complete 
| 210|0x00000000ed200000, 0x00000000ed300000, 0x00000000ed300000|100%| E|CS|TAMS 0x00000000ed200000, 0x00000000ed200000| Complete 
| 211|0x00000000ed300000, 0x00000000ed400000, 0x00000000ed400000|100%| E|CS|TAMS 0x00000000ed300000, 0x00000000ed300000| Complete 
| 212|0x00000000ed400000, 0x00000000ed500000, 0x00000000ed500000|100%| E|CS|TAMS 0x00000000ed400000, 0x00000000ed400000| Complete 
| 213|0x00000000ed500000, 0x00000000ed600000, 0x00000000ed600000|100%| E|CS|TAMS 0x00000000ed500000, 0x00000000ed500000| Complete 
| 214|0x00000000ed600000, 0x00000000ed700000, 0x00000000ed700000|100%| E|CS|TAMS 0x00000000ed600000, 0x00000000ed600000| Complete 
| 215|0x00000000ed700000, 0x00000000ed800000, 0x00000000ed800000|100%| E|CS|TAMS 0x00000000ed700000, 0x00000000ed700000| Complete 
| 216|0x00000000ed800000, 0x00000000ed900000, 0x00000000ed900000|100%| E|CS|TAMS 0x00000000ed800000, 0x00000000ed800000| Complete 
| 217|0x00000000ed900000, 0x00000000eda00000, 0x00000000eda00000|100%| E|CS|TAMS 0x00000000ed900000, 0x00000000ed900000| Complete 
| 218|0x00000000eda00000, 0x00000000edb00000, 0x00000000edb00000|100%| E|CS|TAMS 0x00000000eda00000, 0x00000000eda00000| Complete 
| 219|0x00000000edb00000, 0x00000000edc00000, 0x00000000edc00000|100%| E|CS|TAMS 0x00000000edb00000, 0x00000000edb00000| Complete 
| 220|0x00000000edc00000, 0x00000000edd00000, 0x00000000edd00000|100%| E|CS|TAMS 0x00000000edc00000, 0x00000000edc00000| Complete 
| 221|0x00000000edd00000, 0x00000000eddd50d8, 0x00000000ede00000| 83%| S|CS|TAMS 0x00000000edd00000, 0x00000000edd00000| Complete 
| 222|0x00000000ede00000, 0x00000000edf00000, 0x00000000edf00000|100%| S|CS|TAMS 0x00000000ede00000, 0x00000000ede00000| Complete 
| 223|0x00000000edf00000, 0x00000000ee000000, 0x00000000ee000000|100%| S|CS|TAMS 0x00000000edf00000, 0x00000000edf00000| Complete 
| 224|0x00000000ee000000, 0x00000000ee100000, 0x00000000ee100000|100%| E|CS|TAMS 0x00000000ee000000, 0x00000000ee000000| Complete 
| 225|0x00000000ee100000, 0x00000000ee200000, 0x00000000ee200000|100%| E|CS|TAMS 0x00000000ee100000, 0x00000000ee100000| Complete 
| 226|0x00000000ee200000, 0x00000000ee300000, 0x00000000ee300000|100%| E|CS|TAMS 0x00000000ee200000, 0x00000000ee200000| Complete 
| 227|0x00000000ee300000, 0x00000000ee400000, 0x00000000ee400000|100%| E|CS|TAMS 0x00000000ee300000, 0x00000000ee300000| Complete 
| 228|0x00000000ee400000, 0x00000000ee500000, 0x00000000ee500000|100%| E|CS|TAMS 0x00000000ee400000, 0x00000000ee400000| Complete 
| 229|0x00000000ee500000, 0x00000000ee600000, 0x00000000ee600000|100%| E|CS|TAMS 0x00000000ee500000, 0x00000000ee500000| Complete 
| 230|0x00000000ee600000, 0x00000000ee700000, 0x00000000ee700000|100%| E|CS|TAMS 0x00000000ee600000, 0x00000000ee600000| Complete 
| 231|0x00000000ee700000, 0x00000000ee800000, 0x00000000ee800000|100%| E|CS|TAMS 0x00000000ee700000, 0x00000000ee700000| Complete 
| 232|0x00000000ee800000, 0x00000000ee900000, 0x00000000ee900000|100%| E|CS|TAMS 0x00000000ee800000, 0x00000000ee800000| Complete 
| 233|0x00000000ee900000, 0x00000000eea00000, 0x00000000eea00000|100%| E|CS|TAMS 0x00000000ee900000, 0x00000000ee900000| Complete 
| 234|0x00000000eea00000, 0x00000000eeb00000, 0x00000000eeb00000|100%| E|CS|TAMS 0x00000000eea00000, 0x00000000eea00000| Complete 
| 235|0x00000000eeb00000, 0x00000000eec00000, 0x00000000eec00000|100%| E|CS|TAMS 0x00000000eeb00000, 0x00000000eeb00000| Complete 
| 236|0x00000000eec00000, 0x00000000eed00000, 0x00000000eed00000|100%| E|CS|TAMS 0x00000000eec00000, 0x00000000eec00000| Complete 
| 237|0x00000000eed00000, 0x00000000eee00000, 0x00000000eee00000|100%| E|CS|TAMS 0x00000000eed00000, 0x00000000eed00000| Complete 
| 238|0x00000000eee00000, 0x00000000eef00000, 0x00000000eef00000|100%| E|CS|TAMS 0x00000000eee00000, 0x00000000eee00000| Complete 
| 239|0x00000000eef00000, 0x00000000ef000000, 0x00000000ef000000|100%| E|CS|TAMS 0x00000000eef00000, 0x00000000eef00000| Complete 
| 240|0x00000000ef000000, 0x00000000ef100000, 0x00000000ef100000|100%| E|CS|TAMS 0x00000000ef000000, 0x00000000ef000000| Complete 
| 241|0x00000000ef100000, 0x00000000ef200000, 0x00000000ef200000|100%| E|CS|TAMS 0x00000000ef100000, 0x00000000ef100000| Complete 
| 242|0x00000000ef200000, 0x00000000ef300000, 0x00000000ef300000|100%| E|CS|TAMS 0x00000000ef200000, 0x00000000ef200000| Complete 
| 243|0x00000000ef300000, 0x00000000ef400000, 0x00000000ef400000|100%| E|CS|TAMS 0x00000000ef300000, 0x00000000ef300000| Complete 
| 244|0x00000000ef400000, 0x00000000ef500000, 0x00000000ef500000|100%| E|CS|TAMS 0x00000000ef400000, 0x00000000ef400000| Complete 
| 245|0x00000000ef500000, 0x00000000ef600000, 0x00000000ef600000|100%| E|CS|TAMS 0x00000000ef500000, 0x00000000ef500000| Complete 
| 246|0x00000000ef600000, 0x00000000ef700000, 0x00000000ef700000|100%| E|CS|TAMS 0x00000000ef600000, 0x00000000ef600000| Complete 
| 247|0x00000000ef700000, 0x00000000ef800000, 0x00000000ef800000|100%| E|CS|TAMS 0x00000000ef700000, 0x00000000ef700000| Complete 
| 248|0x00000000ef800000, 0x00000000ef900000, 0x00000000ef900000|100%| E|CS|TAMS 0x00000000ef800000, 0x00000000ef800000| Complete 
| 249|0x00000000ef900000, 0x00000000efa00000, 0x00000000efa00000|100%| E|CS|TAMS 0x00000000ef900000, 0x00000000ef900000| Complete 
| 250|0x00000000efa00000, 0x00000000efb00000, 0x00000000efb00000|100%| E|CS|TAMS 0x00000000efa00000, 0x00000000efa00000| Complete 
| 251|0x00000000efb00000, 0x00000000efc00000, 0x00000000efc00000|100%| E|CS|TAMS 0x00000000efb00000, 0x00000000efb00000| Complete 
| 252|0x00000000efc00000, 0x00000000efd00000, 0x00000000efd00000|100%| E|CS|TAMS 0x00000000efc00000, 0x00000000efc00000| Complete 
| 253|0x00000000efd00000, 0x00000000efe00000, 0x00000000efe00000|100%| E|CS|TAMS 0x00000000efd00000, 0x00000000efd00000| Complete 
| 254|0x00000000efe00000, 0x00000000eff00000, 0x00000000eff00000|100%| E|CS|TAMS 0x00000000efe00000, 0x00000000efe00000| Complete 
| 255|0x00000000eff00000, 0x00000000f0000000, 0x00000000f0000000|100%| E|CS|TAMS 0x00000000eff00000, 0x00000000eff00000| Complete 

Card table byte_map: [0x000001a8d5150000,0x000001a8d5250000] _byte_map_base: 0x000001a8d4a50000

Marking Bits (Prev, Next): (CMBitMap*) 0x000001a8bdde8df0, (CMBitMap*) 0x000001a8bdde8e30
 Prev Bits: [0x000001a8d5350000, 0x000001a8d5b50000)
 Next Bits: [0x000001a8d5b50000, 0x000001a8d6350000)

Polling page: 0x000001a8bbf30000

Metaspace:

Usage:
  Non-class:     14.21 MB used.
      Class:      2.25 MB used.
       Both:     16.46 MB used.

Virtual space:
  Non-class space:       64.00 MB reserved,      14.44 MB ( 23%) committed,  1 nodes.
      Class space:      308.00 MB reserved,       2.50 MB ( <1%) committed,  1 nodes.
             Both:      372.00 MB reserved,      16.94 MB (  5%) committed. 

Chunk freelists:
   Non-Class:  1.41 MB
       Class:  1.52 MB
        Both:  2.92 MB

MaxMetaspaceSize: 384.00 MB
CompressedClassSpaceSize: 308.00 MB
Initial GC threshold: 21.00 MB
Current GC threshold: 21.00 MB
CDS: on
MetaspaceReclaimPolicy: balanced
 - commit_granule_bytes: 65536.
 - commit_granule_words: 8192.
 - virtual_space_node_default_size: 8388608.
 - enlarge_chunks_in_place: 1.
 - new_chunks_are_fully_committed: 0.
 - uncommit_free_chunks: 1.
 - use_allocation_guard: 0.


Internal statistics:

num_allocs_failed_limit: 0.
num_arena_births: 574.
num_arena_deaths: 0.
num_vsnodes_births: 2.
num_vsnodes_deaths: 0.
num_space_committed: 271.
num_space_uncommitted: 0.
num_chunks_returned_to_freelist: 0.
num_chunks_taken_from_freelist: 1177.
num_chunk_merges: 0.
num_chunk_splits: 751.
num_chunks_enlarged: 494.
num_inconsistent_stats: 0.

CodeHeap 'non-profiled nmethods': size=120000Kb used=1168Kb max_used=1168Kb free=118831Kb
 bounds [0x000001a8cd7e0000, 0x000001a8cda50000, 0x000001a8d4d10000]
CodeHeap 'profiled nmethods': size=120000Kb used=5164Kb max_used=5164Kb free=114835Kb
 bounds [0x000001a8c5d10000, 0x000001a8c6220000, 0x000001a8cd240000]
CodeHeap 'non-nmethods': size=5760Kb used=1335Kb max_used=1344Kb free=4424Kb
 bounds [0x000001a8cd240000, 0x000001a8cd4b0000, 0x000001a8cd7e0000]
 total_blobs=3143 nmethods=2582 adapters=471
 compilation: enabled
              stopped_count=0, restarted_count=0
 full_count=0

Compilation events (20 events):
Event: 2.787 Thread 0x000001a8dd00f780 2567       3       sun.security.provider.SHA::implCompressCheck (18 bytes)
Event: 2.787 Thread 0x000001a8dd00f780 nmethod 2567 0x000001a8c620e410 code [0x000001a8c620e5e0, 0x000001a8c620e978]
Event: 2.788 Thread 0x000001a8dd00f780 2573       3       jdk.internal.reflect.UTF8::utf8Length (81 bytes)
Event: 2.789 Thread 0x000001a8dd00f780 nmethod 2573 0x000001a8c620eb10 code [0x000001a8c620ed40, 0x000001a8c620f5d8]
Event: 2.789 Thread 0x000001a8dd00f780 2574   !   3       jdk.internal.reflect.UTF8::encode (191 bytes)
Event: 2.790 Thread 0x000001a8dd00f780 nmethod 2574 0x000001a8c620f910 code [0x000001a8c620fb60, 0x000001a8c6210718]
Event: 2.790 Thread 0x000001a8dd00f780 2575       3       jdk.internal.reflect.ClassFileAssembler::emitConstantPoolUTF8 (50 bytes)
Event: 2.791 Thread 0x000001a8dd00f780 nmethod 2575 0x000001a8c6210d10 code [0x000001a8c6210f40, 0x000001a8c6211568]
Event: 2.791 Thread 0x000001a8dd00f780 2579       3       java.io.WinNTFileSystem::normalizePrefix (132 bytes)
Event: 2.793 Thread 0x000001a8dd00f780 nmethod 2579 0x000001a8c6211910 code [0x000001a8c6211d20, 0x000001a8c6213e08]
Event: 2.793 Thread 0x000001a8dd00f780 2577       3       jdk.internal.reflect.ByteVectorImpl::getLength (7 bytes)
Event: 2.793 Thread 0x000001a8dd00f780 nmethod 2577 0x000001a8c6214a90 code [0x000001a8c6214c20, 0x000001a8c6214d38]
Event: 2.794 Thread 0x000001a8dd00f780 2578       3       jdk.internal.reflect.ByteVectorImpl::get (26 bytes)
Event: 2.794 Thread 0x000001a8dd00f780 nmethod 2578 0x000001a8c6214e10 code [0x000001a8c6214fc0, 0x000001a8c6215188]
Event: 2.816 Thread 0x000001a8dd00f780 2580   !   3       org.gradle.internal.classloader.TransformingClassLoader::findClass (203 bytes)
Event: 2.819 Thread 0x000001a8dd00f780 nmethod 2580 0x000001a8c6215290 code [0x000001a8c6215760, 0x000001a8c6217aa8]
Event: 2.819 Thread 0x000001a8dd00f780 2581       3       org.gradle.initialization.MixInLegacyTypesClassLoader::shouldTransform (42 bytes)
Event: 2.820 Thread 0x000001a8dd00f780 nmethod 2581 0x000001a8c6218a10 code [0x000001a8c6218be0, 0x000001a8c6218fd8]
Event: 2.834 Thread 0x000001a8dd00f780 2582       1       sun.reflect.generics.repository.AbstractRepository::getFactory (5 bytes)
Event: 2.834 Thread 0x000001a8dd00f780 nmethod 2582 0x000001a8cd903790 code [0x000001a8cd903920, 0x000001a8cd9039d8]

GC Heap History (4 events):
Event: 0.744 GC heap before
{Heap before GC invocations=0 (full 0):
 garbage-first heap   total 262144K, used 26624K [0x00000000e0000000, 0x0000000100000000)
  region size 1024K, 23 young (23552K), 0 survivors (0K)
 Metaspace       used 3161K, committed 3264K, reserved 380928K
  class space    used 390K, committed 448K, reserved 315392K
}
Event: 0.749 GC heap after
{Heap after GC invocations=1 (full 0):
 garbage-first heap   total 262144K, used 10389K [0x00000000e0000000, 0x0000000100000000)
  region size 1024K, 3 young (3072K), 3 survivors (3072K)
 Metaspace       used 3161K, committed 3264K, reserved 380928K
  class space    used 390K, committed 448K, reserved 315392K
}
Event: 1.269 GC heap before
{Heap before GC invocations=1 (full 0):
 garbage-first heap   total 262144K, used 40085K [0x00000000e0000000, 0x0000000100000000)
  region size 1024K, 32 young (32768K), 3 survivors (3072K)
 Metaspace       used 4118K, committed 4288K, reserved 380928K
  class space    used 485K, committed 576K, reserved 315392K
}
Event: 1.272 GC heap after
{Heap after GC invocations=2 (full 0):
 garbage-first heap   total 262144K, used 13188K [0x00000000e0000000, 0x0000000100000000)
  region size 1024K, 3 young (3072K), 3 survivors (3072K)
 Metaspace       used 4118K, committed 4288K, reserved 380928K
  class space    used 485K, committed 576K, reserved 315392K
}

Dll operation events (15 events):
Event: 0.008 Loaded shared library C:\Program Files\Java\jdk-19\bin\java.dll
Event: 0.020 Loaded shared library C:\Program Files\Java\jdk-19\bin\jsvml.dll
Event: 0.092 Loaded shared library C:\Program Files\Java\jdk-19\bin\zip.dll
Event: 0.095 Loaded shared library C:\Program Files\Java\jdk-19\bin\instrument.dll
Event: 0.101 Loaded shared library C:\Program Files\Java\jdk-19\bin\net.dll
Event: 0.103 Loaded shared library C:\Program Files\Java\jdk-19\bin\nio.dll
Event: 0.107 Loaded shared library C:\Program Files\Java\jdk-19\bin\zip.dll
Event: 0.343 Loaded shared library C:\Program Files\Java\jdk-19\bin\jimage.dll
Event: 0.416 Loaded shared library C:\Program Files\Java\jdk-19\bin\verify.dll
Event: 0.598 Loaded shared library C:\Users\savel\.gradle\native\c067742578af261105cb4f569cf0c3c89f3d7b1fecec35dd04571415982c5e48\windows-amd64\native-platform.dll
Event: 0.604 Loaded shared library C:\Users\savel\.gradle\native\38dada09dfb8b06ba9b0570ebf7e218e3eb74d4ef43ca46872605cf95ebc2f47\windows-amd64\native-platform-file-events.dll
Event: 1.591 Loaded shared library C:\Program Files\Java\jdk-19\bin\management.dll
Event: 1.594 Loaded shared library C:\Program Files\Java\jdk-19\bin\management_ext.dll
Event: 1.845 Loaded shared library C:\Program Files\Java\jdk-19\bin\extnet.dll
Event: 2.076 Loaded shared library C:\Program Files\Java\jdk-19\bin\sunmscapi.dll

Deoptimization events (20 events):
Event: 2.544 Thread 0x000001a8dec4f880 Uncommon trap: trap_request=0xffffffde fr.pc=0x000001a8cd89323c relative=0x000000000000027c
Event: 2.544 Thread 0x000001a8dec4f880 Uncommon trap: reason=class_check action=maybe_recompile pc=0x000001a8cd89323c method=java.util.regex.Pattern$BmpCharPropertyGreedy.match(Ljava/util/regex/Matcher;ILjava/lang/CharSequence;)Z @ 26 c2
Event: 2.544 Thread 0x000001a8dec4f880 DEOPT PACKING pc=0x000001a8cd89323c sp=0x0000008d767fcc10
Event: 2.544 Thread 0x000001a8dec4f880 DEOPT UNPACKING pc=0x000001a8cd2a6da3 sp=0x0000008d767fcbc8 mode 2
Event: 2.544 Thread 0x000001a8dec4f880 Uncommon trap: trap_request=0xffffffde fr.pc=0x000001a8cd89323c relative=0x000000000000027c
Event: 2.544 Thread 0x000001a8dec4f880 Uncommon trap: reason=class_check action=maybe_recompile pc=0x000001a8cd89323c method=java.util.regex.Pattern$BmpCharPropertyGreedy.match(Ljava/util/regex/Matcher;ILjava/lang/CharSequence;)Z @ 26 c2
Event: 2.544 Thread 0x000001a8dec4f880 DEOPT PACKING pc=0x000001a8cd89323c sp=0x0000008d767fcb80
Event: 2.544 Thread 0x000001a8dec4f880 DEOPT UNPACKING pc=0x000001a8cd2a6da3 sp=0x0000008d767fcb38 mode 2
Event: 2.653 Thread 0x000001a8dec4f880 Uncommon trap: trap_request=0xffffff45 fr.pc=0x000001a8cd803edc relative=0x0000000000000bbc
Event: 2.653 Thread 0x000001a8dec4f880 Uncommon trap: reason=unstable_if action=reinterpret pc=0x000001a8cd803edc method=java.io.WinNTFileSystem.resolve(Ljava/lang/String;Ljava/lang/String;)Ljava/lang/String; @ 19 c2
Event: 2.653 Thread 0x000001a8dec4f880 DEOPT PACKING pc=0x000001a8cd803edc sp=0x0000008d767fd630
Event: 2.653 Thread 0x000001a8dec4f880 DEOPT UNPACKING pc=0x000001a8cd2a6da3 sp=0x0000008d767fd5c8 mode 2
Event: 2.655 Thread 0x000001a8dec4f880 Uncommon trap: trap_request=0xffffff45 fr.pc=0x000001a8cd85255c relative=0x000000000000059c
Event: 2.655 Thread 0x000001a8dec4f880 Uncommon trap: reason=unstable_if action=reinterpret pc=0x000001a8cd85255c method=java.io.File.getName()Ljava/lang/String; @ 16 c2
Event: 2.655 Thread 0x000001a8dec4f880 DEOPT PACKING pc=0x000001a8cd85255c sp=0x0000008d767fd5e0
Event: 2.655 Thread 0x000001a8dec4f880 DEOPT UNPACKING pc=0x000001a8cd2a6da3 sp=0x0000008d767fd5b0 mode 2
Event: 2.693 Thread 0x000001a8dec4f880 Uncommon trap: trap_request=0xffffffcc fr.pc=0x000001a8cd8fac48 relative=0x0000000000000328
Event: 2.693 Thread 0x000001a8dec4f880 Uncommon trap: reason=intrinsic_or_type_checked_inlining action=make_not_entrant pc=0x000001a8cd8fac48 method=java.util.Arrays.copyOf([Ljava/lang/Object;ILjava/lang/Class;)[Ljava/lang/Object; @ 35 c2
Event: 2.693 Thread 0x000001a8dec4f880 DEOPT PACKING pc=0x000001a8cd8fac48 sp=0x0000008d767fd070
Event: 2.693 Thread 0x000001a8dec4f880 DEOPT UNPACKING pc=0x000001a8cd2a6da3 sp=0x0000008d767fd000 mode 2

Classes loaded (20 events):
Event: 2.781 Loading class java/io/ObjectStreamClass$FieldReflector
Event: 2.781 Loading class java/io/ObjectStreamClass$FieldReflector done
Event: 2.783 Loading class java/io/ObjectStreamClass$1
Event: 2.783 Loading class java/io/ObjectStreamClass$1 done
Event: 2.783 Loading class java/io/ObjectStreamClass$MemberSignature
Event: 2.783 Loading class java/io/ObjectStreamClass$MemberSignature done
Event: 2.783 Loading class java/io/ObjectStreamClass$3
Event: 2.783 Loading class java/io/ObjectStreamClass$3 done
Event: 2.784 Loading class java/io/ObjectStreamClass$4
Event: 2.784 Loading class java/io/ObjectStreamClass$4 done
Event: 2.784 Loading class java/io/ObjectStreamClass$5
Event: 2.784 Loading class java/io/ObjectStreamClass$5 done
Event: 2.784 Loading class java/io/ObjectStreamClass$ClassDataSlot
Event: 2.784 Loading class java/io/ObjectStreamClass$ClassDataSlot done
Event: 2.787 Loading class jdk/internal/reflect/MethodHandleLongFieldAccessorImpl
Event: 2.787 Loading class jdk/internal/reflect/MethodHandleLongFieldAccessorImpl done
Event: 2.789 Loading class java/nio/charset/CharacterCodingException
Event: 2.789 Loading class java/nio/charset/CharacterCodingException done
Event: 2.822 Loading class java/util/function/LongFunction
Event: 2.823 Loading class java/util/function/LongFunction done

Classes unloaded (0 events):
No events

Classes redefined (0 events):
No events

Internal exceptions (20 events):
Event: 2.564 Thread 0x000001a8dec4f880 Exception <a 'java/lang/NoSuchMethodError'{0x00000000ec76fdd8}: 'java.lang.Object java.lang.invoke.Invokers$Holder.linkToTargetMethod(java.lang.Object, java.lang.Object, int, java.lang.Object)'> (0x00000000ec76fdd8) 
thrown [s\open\src\hotspot\share\interpreter\linkResolver.cpp, line 774]
Event: 2.620 Thread 0x000001a8dec4f880 Exception <a 'java/lang/NoSuchMethodError'{0x00000000ec4a9db8}: 'java.lang.Object java.lang.invoke.DirectMethodHandle$Holder.invokeVirtual(java.lang.Object, java.lang.Object, java.lang.Object, java.lang.Object, java.lang.Object, java.lang.Object, java.lang.Object, java.lang.Object, java.lang.Object, java.lang.Object)'> (0x00000000ec4a9db8) 
thrown [s\open\src\hotspot\share\interpreter\linkResolver.cpp, line 774]
Event: 2.687 Thread 0x000001a8dec4f880 Exception <a 'java/lang/NoSuchMethodError'{0x00000000ec153010}: 'java.lang.Object java.lang.invoke.DelegatingMethodHandle$Holder.reinvoke_L(java.lang.Object, java.lang.Object, java.lang.Object, java.lang.Object, java.lang.Object, java.lang.Object, java.lang.Object, java.lang.Object, java.lang.Object, java.lang.Object, java.lang.Object, java.lang.Object, java.lang.Object, java.lang.Object, java.lang.Object, java.lang.Object, java.lang.Object, java.lang.Object, java.lang.Object, java.lang.Object, java.lang.O
Event: 2.691 Thread 0x000001a8dec4f880 Exception <a 'java/lang/NoSuchMethodError'{0x00000000ec1ad1a8}: 'java.lang.Object java.lang.invoke.DirectMethodHandle$Holder.invokeStatic(java.lang.Object, java.lang.Object, java.lang.Object, java.lang.Object, java.lang.Object, java.lang.Object, java.lang.Object, java.lang.Object, java.lang.Object, java.lang.Object, java.lang.Object, java.lang.Object, java.lang.Object, java.lang.Object, java.lang.Object)'> (0x00000000ec1ad1a8) 
thrown [s\open\src\hotspot\share\interpreter\linkResolver.cpp, line 774]
Event: 2.694 Thread 0x000001a8dec4f880 Exception <a 'java/lang/NoSuchMethodError'{0x00000000ec1d18b0}: 'java.lang.Object java.lang.invoke.DirectMethodHandle$Holder.invokeStatic(java.lang.Object, java.lang.Object, java.lang.Object, java.lang.Object, java.lang.Object, java.lang.Object, java.lang.Object, java.lang.Object, java.lang.Object, java.lang.Object, java.lang.Object, java.lang.Object, java.lang.Object, java.lang.Object, java.lang.Object, java.lang.Object)'> (0x00000000ec1d18b0) 
thrown [s\open\src\hotspot\share\interpreter\linkResolver.cpp
Event: 2.696 Thread 0x000001a8dec4f880 Exception <a 'java/lang/NoSuchMethodError'{0x00000000ec1f9170}: 'java.lang.Object java.lang.invoke.DirectMethodHandle$Holder.invokeStatic(java.lang.Object, java.lang.Object, java.lang.Object, java.lang.Object, java.lang.Object, java.lang.Object, java.lang.Object, java.lang.Object, java.lang.Object, java.lang.Object, java.lang.Object, java.lang.Object, java.lang.Object, java.lang.Object, java.lang.Object, java.lang.Object, java.lang.Object)'> (0x00000000ec1f9170) 
thrown [s\open\src\hotspot\share\interprete
Event: 2.698 Thread 0x000001a8dec4f880 Exception <a 'java/lang/NoSuchMethodError'{0x00000000ec0221a8}: 'java.lang.Object java.lang.invoke.DirectMethodHandle$Holder.invokeStatic(java.lang.Object, java.lang.Object, java.lang.Object, java.lang.Object, java.lang.Object, java.lang.Object, java.lang.Object, java.lang.Object, java.lang.Object, java.lang.Object, java.lang.Object, java.lang.Object, java.lang.Object, java.lang.Object, java.lang.Object, java.lang.Object, java.lang.Object, java.lang.Object)'> (0x00000000ec0221a8) 
thrown [s\open\src\hotspo
Event: 2.700 Thread 0x000001a8dec4f880 Exception <a 'java/lang/NoSuchMethodError'{0x00000000ec04bfe0}: 'java.lang.Object java.lang.invoke.DirectMethodHandle$Holder.invokeStatic(java.lang.Object, java.lang.Object, java.lang.Object, java.lang.Object, java.lang.Object, java.lang.Object, java.lang.Object, java.lang.Object, java.lang.Object, java.lang.Object, java.lang.Object, java.lang.Object, java.lang.Object, java.lang.Object, java.lang.Object, java.lang.Object, java.lang.Object, java.lang.Object, java.lang.Object)'> (0x00000000ec04bfe0) 
thrown 
Event: 2.703 Thread 0x000001a8dec4f880 Exception <a 'java/lang/NoSuchMethodError'{0x00000000ec07da58}: 'java.lang.Object java.lang.invoke.DirectMethodHandle$Holder.invokeStatic(java.lang.Object, java.lang.Object, java.lang.Object, java.lang.Object, java.lang.Object, java.lang.Object, java.lang.Object, java.lang.Object, java.lang.Object, java.lang.Object, java.lang.Object, java.lang.Object, java.lang.Object, java.lang.Object, java.lang.Object, java.lang.Object, java.lang.Object, java.lang.Object, java.lang.Object, java.lang.Object)'> (0x00000000
Event: 2.705 Thread 0x000001a8dec4f880 Exception <a 'java/lang/NoSuchMethodError'{0x00000000ec0aa1e0}: 'java.lang.Object java.lang.invoke.DirectMethodHandle$Holder.invokeStatic(java.lang.Object, java.lang.Object, java.lang.Object, java.lang.Object, java.lang.Object, java.lang.Object, java.lang.Object, java.lang.Object, java.lang.Object, java.lang.Object, java.lang.Object, java.lang.Object, java.lang.Object, java.lang.Object, java.lang.Object, java.lang.Object, java.lang.Object, java.lang.Object, java.lang.Object, java.lang.Object, java.lang.Obj
Event: 2.707 Thread 0x000001a8dec4f880 Exception <a 'java/lang/NoSuchMethodError'{0x00000000ec0d7080}: 'java.lang.Object java.lang.invoke.DirectMethodHandle$Holder.invokeStatic(java.lang.Object, java.lang.Object, java.lang.Object, java.lang.Object, java.lang.Object, java.lang.Object, java.lang.Object, java.lang.Object, java.lang.Object, java.lang.Object, java.lang.Object, java.lang.Object, java.lang.Object, java.lang.Object, java.lang.Object, java.lang.Object, java.lang.Object, java.lang.Object, java.lang.Object, java.lang.Object, java.lang.Obj
Event: 2.709 Thread 0x000001a8dec4f880 Exception <a 'java/lang/NoSuchMethodError'{0x00000000ebf05280}: 'java.lang.Object java.lang.invoke.DirectMethodHandle$Holder.invokeStatic(java.lang.Object, java.lang.Object, java.lang.Object, java.lang.Object, java.lang.Object, java.lang.Object, java.lang.Object, java.lang.Object, java.lang.Object, java.lang.Object, java.lang.Object, java.lang.Object, java.lang.Object, java.lang.Object, java.lang.Object, java.lang.Object, java.lang.Object, java.lang.Object, java.lang.Object, java.lang.Object, java.lang.Obj
Event: 2.711 Thread 0x000001a8dec4f880 Exception <a 'java/lang/NoSuchMethodError'{0x00000000ebf33a28}: 'java.lang.Object java.lang.invoke.DirectMethodHandle$Holder.invokeStatic(java.lang.Object, java.lang.Object, java.lang.Object, java.lang.Object, java.lang.Object, java.lang.Object, java.lang.Object, java.lang.Object, java.lang.Object, java.lang.Object, java.lang.Object, java.lang.Object, java.lang.Object, java.lang.Object, java.lang.Object, java.lang.Object, java.lang.Object, java.lang.Object, java.lang.Object, java.lang.Object, java.lang.Obj
Event: 2.714 Thread 0x000001a8dec4f880 Exception <a 'java/lang/NoSuchMethodError'{0x00000000ebf63ed0}: 'java.lang.Object java.lang.invoke.DirectMethodHandle$Holder.invokeStatic(java.lang.Object, java.lang.Object, java.lang.Object, java.lang.Object, java.lang.Object, java.lang.Object, java.lang.Object, java.lang.Object, java.lang.Object, java.lang.Object, java.lang.Object, java.lang.Object, java.lang.Object, java.lang.Object, java.lang.Object, java.lang.Object, java.lang.Object, java.lang.Object, java.lang.Object, java.lang.Object, java.lang.Obj
Event: 2.783 Thread 0x000001a8dee10920 Exception <a 'java/lang/NoSuchMethodError'{0x00000000ebcc7f88}: static Lorg/gradle/internal/build/event/types/DefaultOperationStartedProgressEvent;.<clinit>()V> (0x00000000ebcc7f88) 
thrown [s\open\src\hotspot\share\prims\jni.cpp, line 1107]
Event: 2.784 Thread 0x000001a8dee10920 Exception <a 'java/lang/NoSuchMethodError'{0x00000000ebcca058}: static Lorg/gradle/internal/build/event/types/AbstractProgressEvent;.<clinit>()V> (0x00000000ebcca058) 
thrown [s\open\src\hotspot\share\prims\jni.cpp, line 1107]
Event: 2.786 Thread 0x000001a8dee10920 Exception <a 'java/lang/NoSuchMethodError'{0x00000000ebcd32c0}: static Lorg/gradle/internal/build/event/types/DefaultOperationDescriptor;.<clinit>()V> (0x00000000ebcd32c0) 
thrown [s\open\src\hotspot\share\prims\jni.cpp, line 1107]
Event: 2.787 Thread 0x000001a8dee10920 Exception <a 'java/lang/NoSuchMethodError'{0x00000000ebcd8110}: 'long java.lang.invoke.DirectMethodHandle$Holder.invokeSpecial(java.lang.Object, java.lang.Object)'> (0x00000000ebcd8110) 
thrown [s\open\src\hotspot\share\interpreter\linkResolver.cpp, line 774]
Event: 2.788 Thread 0x000001a8dee10920 Exception <a 'java/lang/NoSuchMethodError'{0x00000000ebcdb5b8}: 'long java.lang.invoke.Invokers$Holder.invokeExact_MT(java.lang.Object, java.lang.Object)'> (0x00000000ebcdb5b8) 
thrown [s\open\src\hotspot\share\interpreter\linkResolver.cpp, line 774]
Event: 2.791 Thread 0x000001a8dee10920 Exception <a 'java/lang/NoSuchMethodError'{0x00000000ebcf1f70}: static Lorg/gradle/internal/operations/OperationIdentifier;.<clinit>()V> (0x00000000ebcf1f70) 
thrown [s\open\src\hotspot\share\prims\jni.cpp, line 1107]

VM Operations (20 events):
Event: 1.821 Executing VM operation: HandshakeAllThreads
Event: 1.821 Executing VM operation: HandshakeAllThreads done
Event: 2.023 Executing VM operation: HandshakeAllThreads
Event: 2.023 Executing VM operation: HandshakeAllThreads done
Event: 2.082 Executing VM operation: HandshakeAllThreads
Event: 2.082 Executing VM operation: HandshakeAllThreads done
Event: 2.085 Executing VM operation: ICBufferFull
Event: 2.086 Executing VM operation: ICBufferFull done
Event: 2.416 Executing VM operation: HandshakeAllThreads
Event: 2.416 Executing VM operation: HandshakeAllThreads done
Event: 2.562 Executing VM operation: HandshakeAllThreads
Event: 2.562 Executing VM operation: HandshakeAllThreads done
Event: 2.660 Executing VM operation: HandshakeAllThreads
Event: 2.660 Executing VM operation: HandshakeAllThreads done
Event: 2.660 Executing VM operation: HandshakeAllThreads
Event: 2.661 Executing VM operation: HandshakeAllThreads done
Event: 2.720 Executing VM operation: HandshakeAllThreads
Event: 2.720 Executing VM operation: HandshakeAllThreads done
Event: 2.721 Executing VM operation: HandshakeAllThreads
Event: 2.721 Executing VM operation: HandshakeAllThreads done

Events (20 events):
Event: 0.035 Thread 0x000001a8dd00a230 Thread added: 0x000001a8dd00a230
Event: 0.035 Thread 0x000001a8dd00f780 Thread added: 0x000001a8dd00f780
Event: 0.035 Thread 0x000001a8dd033e20 Thread added: 0x000001a8dd033e20
Event: 0.062 Thread 0x000001a8dd1392f0 Thread added: 0x000001a8dd1392f0
Event: 0.127 Thread 0x000001a8dd23d940 Thread added: 0x000001a8dd23d940
Event: 0.339 Thread 0x000001a8dd3f3640 Thread added: 0x000001a8dd3f3640
Event: 0.361 Thread 0x000001a8dd426740 Thread added: 0x000001a8dd426740
Event: 1.632 Thread 0x000001a8deacf6c0 Thread added: 0x000001a8deacf6c0
Event: 1.991 Thread 0x000001a8de9e99f0 Thread added: 0x000001a8de9e99f0
Event: 2.060 Thread 0x000001a8de83d5d0 Thread added: 0x000001a8de83d5d0
Event: 2.110 Thread 0x000001a8dec00460 Thread added: 0x000001a8dec00460
Event: 2.113 Thread 0x000001a8dec009a0 Thread added: 0x000001a8dec009a0
Event: 2.143 Thread 0x000001a8de6c14c0 Thread added: 0x000001a8de6c14c0
Event: 2.151 Thread 0x000001a8dec4f880 Thread added: 0x000001a8dec4f880
Event: 2.162 Thread 0x000001a8dee11e60 Thread added: 0x000001a8dee11e60
Event: 2.165 Thread 0x000001a8dee123b0 Thread added: 0x000001a8dee123b0
Event: 2.169 Thread 0x000001a8dee10920 Thread added: 0x000001a8dee10920
Event: 2.201 Thread 0x000001a8dd426740 Thread exited: 0x000001a8dd426740
Event: 2.562 Thread 0x000001a8dee133a0 Thread added: 0x000001a8dee133a0
Event: 2.572 Thread 0x000001a8dee12900 Thread added: 0x000001a8dee12900


Dynamic libraries:
0x00007ff7ba470000 - 0x00007ff7ba480000 	C:\Program Files\Java\jdk-19\bin\java.exe
0x00007ffde7f30000 - 0x00007ffde8128000 	C:\Windows\SYSTEM32\ntdll.dll
0x00007ffde77f0000 - 0x00007ffde78ad000 	C:\Windows\System32\KERNEL32.DLL
0x00007ffde5980000 - 0x00007ffde5c76000 	C:\Windows\System32\KERNELBASE.dll
0x00007ffde5dc0000 - 0x00007ffde5ec0000 	C:\Windows\System32\ucrtbase.dll
0x00007ffde3d30000 - 0x00007ffde3d4b000 	C:\Program Files\Java\jdk-19\bin\VCRUNTIME140.dll
0x00007ffde3c30000 - 0x00007ffde3c48000 	C:\Program Files\Java\jdk-19\bin\jli.dll
0x00007ffde6480000 - 0x00007ffde6530000 	C:\Windows\System32\ADVAPI32.dll
0x00007ffde6210000 - 0x00007ffde62ae000 	C:\Windows\System32\msvcrt.dll
0x00007ffde6310000 - 0x00007ffde63b0000 	C:\Windows\System32\sechost.dll
0x00007ffde7dc0000 - 0x00007ffde7ee5000 	C:\Windows\System32\RPCRT4.dll
0x00007ffde5950000 - 0x00007ffde5977000 	C:\Windows\System32\bcrypt.dll
0x00007ffde6530000 - 0x00007ffde66ce000 	C:\Windows\System32\USER32.dll
0x00007ffde5920000 - 0x00007ffde5942000 	C:\Windows\System32\win32u.dll
0x00007ffdcde40000 - 0x00007ffdce0da000 	C:\Windows\WinSxS\amd64_microsoft.windows.common-controls_6595b64144ccf1df_6.0.19041.3636_none_60b6a03d71f818d5\COMCTL32.dll
0x00007ffde6180000 - 0x00007ffde61ab000 	C:\Windows\System32\GDI32.dll
0x00007ffde5800000 - 0x00007ffde5917000 	C:\Windows\System32\gdi32full.dll
0x00007ffde5ec0000 - 0x00007ffde5f5d000 	C:\Windows\System32\msvcp_win.dll
0x00007ffdd8020000 - 0x00007ffdd802a000 	C:\Windows\SYSTEM32\VERSION.dll
0x00007ffde6fd0000 - 0x00007ffde7002000 	C:\Windows\System32\IMM32.DLL
0x00007ffde3d00000 - 0x00007ffde3d0c000 	C:\Program Files\Java\jdk-19\bin\vcruntime140_1.dll
0x00007ffdc4f50000 - 0x00007ffdc4fde000 	C:\Program Files\Java\jdk-19\bin\msvcp140.dll
0x00007ffd9e460000 - 0x00007ffd9f120000 	C:\Program Files\Java\jdk-19\bin\server\jvm.dll
0x00007ffdd3540000 - 0x00007ffdd3549000 	C:\Windows\SYSTEM32\WSOCK32.dll
0x00007ffde3a70000 - 0x00007ffde3a97000 	C:\Windows\SYSTEM32\WINMM.dll
0x00007ffde66d0000 - 0x00007ffde673b000 	C:\Windows\System32\WS2_32.dll
0x00007ffde3de0000 - 0x00007ffde3df2000 	C:\Windows\SYSTEM32\kernel.appcore.dll
0x00007ffde3c20000 - 0x00007ffde3c2a000 	C:\Program Files\Java\jdk-19\bin\jimage.dll
0x00007ffde3090000 - 0x00007ffde3274000 	C:\Windows\SYSTEM32\DBGHELP.DLL
0x00007ffde3a30000 - 0x00007ffde3a64000 	C:\Windows\SYSTEM32\dbgcore.DLL
0x00007ffde5d30000 - 0x00007ffde5db2000 	C:\Windows\System32\bcryptPrimitives.dll
0x00007ffde3c00000 - 0x00007ffde3c0e000 	C:\Program Files\Java\jdk-19\bin\instrument.dll
0x00007ffde3bb0000 - 0x00007ffde3bd6000 	C:\Program Files\Java\jdk-19\bin\java.dll
0x00007ffdc3cd0000 - 0x00007ffdc3da7000 	C:\Program Files\Java\jdk-19\bin\jsvml.dll
0x00007ffde6860000 - 0x00007ffde6fcb000 	C:\Windows\System32\SHELL32.dll
0x00007ffde3280000 - 0x00007ffde3a1e000 	C:\Windows\SYSTEM32\windows.storage.dll
0x00007ffde7070000 - 0x00007ffde73c3000 	C:\Windows\System32\combase.dll
0x00007ffde4f40000 - 0x00007ffde4f6e000 	C:\Windows\SYSTEM32\Wldp.dll
0x00007ffde63b0000 - 0x00007ffde647d000 	C:\Windows\System32\OLEAUT32.dll
0x00007ffde6740000 - 0x00007ffde67ed000 	C:\Windows\System32\SHCORE.dll
0x00007ffde67f0000 - 0x00007ffde6845000 	C:\Windows\System32\shlwapi.dll
0x00007ffde5510000 - 0x00007ffde5535000 	C:\Windows\SYSTEM32\profapi.dll
0x00007ffde05e0000 - 0x00007ffde05f8000 	C:\Program Files\Java\jdk-19\bin\zip.dll
0x00007ffde05c0000 - 0x00007ffde05d3000 	C:\Program Files\Java\jdk-19\bin\net.dll
0x00007ffde1870000 - 0x00007ffde197a000 	C:\Windows\SYSTEM32\WINHTTP.dll
0x00007ffde4c80000 - 0x00007ffde4cea000 	C:\Windows\system32\mswsock.dll
0x00007ffddeeb0000 - 0x00007ffddeec6000 	C:\Program Files\Java\jdk-19\bin\nio.dll
0x00007ffde3b60000 - 0x00007ffde3b70000 	C:\Program Files\Java\jdk-19\bin\verify.dll
0x00007ffde3c50000 - 0x00007ffde3c77000 	C:\Users\savel\.gradle\native\c067742578af261105cb4f569cf0c3c89f3d7b1fecec35dd04571415982c5e48\windows-amd64\native-platform.dll
0x00007ffdc29b0000 - 0x00007ffdc2af4000 	C:\Users\savel\.gradle\native\38dada09dfb8b06ba9b0570ebf7e218e3eb74d4ef43ca46872605cf95ebc2f47\windows-amd64\native-platform-file-events.dll
0x00007ffde10c0000 - 0x00007ffde10ca000 	C:\Program Files\Java\jdk-19\bin\management.dll
0x00007ffddfee0000 - 0x00007ffddfeeb000 	C:\Program Files\Java\jdk-19\bin\management_ext.dll
0x00007ffde6090000 - 0x00007ffde6098000 	C:\Windows\System32\PSAPI.DLL
0x00007ffde4ea0000 - 0x00007ffde4eb8000 	C:\Windows\SYSTEM32\CRYPTSP.dll
0x00007ffde4590000 - 0x00007ffde45c4000 	C:\Windows\system32\rsaenh.dll
0x00007ffde5490000 - 0x00007ffde54be000 	C:\Windows\SYSTEM32\USERENV.dll
0x00007ffde4e90000 - 0x00007ffde4e9c000 	C:\Windows\SYSTEM32\CRYPTBASE.dll
0x00007ffde4960000 - 0x00007ffde499b000 	C:\Windows\SYSTEM32\IPHLPAPI.DLL
0x00007ffde7480000 - 0x00007ffde7488000 	C:\Windows\System32\NSI.dll
0x00007ffdde830000 - 0x00007ffdde847000 	C:\Windows\SYSTEM32\dhcpcsvc6.DLL
0x00007ffddebc0000 - 0x00007ffddebdd000 	C:\Windows\SYSTEM32\dhcpcsvc.DLL
0x00007ffde49a0000 - 0x00007ffde4a6b000 	C:\Windows\SYSTEM32\DNSAPI.dll
0x00007ffddec60000 - 0x00007ffddec68000 	C:\Program Files\Java\jdk-19\bin\extnet.dll
0x00007ffddec50000 - 0x00007ffddec5e000 	C:\Program Files\Java\jdk-19\bin\sunmscapi.dll
0x00007ffde5630000 - 0x00007ffde578d000 	C:\Windows\System32\CRYPT32.dll
0x00007ffde4fb0000 - 0x00007ffde4fd8000 	C:\Windows\SYSTEM32\ncrypt.dll
0x00007ffde4f70000 - 0x00007ffde4fab000 	C:\Windows\SYSTEM32\NTASN1.dll
0x00007ffde05b0000 - 0x00007ffde05b7000 	C:\Windows\system32\wshunix.dll

dbghelp: loaded successfully - version: 4.0.5 - missing functions: none
symbol engine: initialized successfully - sym options: 0x614 - pdb path: .;C:\Program Files\Java\jdk-19\bin;C:\Windows\SYSTEM32;C:\Windows\WinSxS\amd64_microsoft.windows.common-controls_6595b64144ccf1df_6.0.19041.3636_none_60b6a03d71f818d5;C:\Program Files\Java\jdk-19\bin\server;C:\Users\savel\.gradle\native\c067742578af261105cb4f569cf0c3c89f3d7b1fecec35dd04571415982c5e48\windows-amd64;C:\Users\savel\.gradle\native\38dada09dfb8b06ba9b0570ebf7e218e3eb74d4ef43ca46872605cf95ebc2f47\windows-amd64

VM Arguments:
jvm_args: --add-opens=java.base/java.util.concurrent.atomic=ALL-UNNAMED -XX:MaxMetaspaceSize=384m -XX:+HeapDumpOnOutOfMemoryError --add-opens=java.base/java.util=ALL-UNNAMED --add-opens=java.base/java.lang=ALL-UNNAMED --add-opens=java.base/java.lang.invoke=ALL-UNNAMED --add-opens=java.prefs/java.util.prefs=ALL-UNNAMED --add-opens=java.base/java.nio.charset=ALL-UNNAMED --add-opens=java.base/java.net=ALL-UNNAMED --add-opens=java.base/java.util.concurrent.atomic=ALL-UNNAMED -Xms256m -Xmx512m -Dfile.encoding=windows-1252 -Duser.country=US -Duser.language=en -Duser.variant -javaagent:C:\Users\savel\.gradle\wrapper\dists\gradle-8.4-bin\1w5dpkrfk8irigvoxmyhowfim\gradle-8.4\lib\agents\gradle-instrumentation-agent-8.4.jar 
java_command: org.gradle.launcher.daemon.bootstrap.GradleDaemon 8.4
java_class_path (initial): C:\Users\savel\.gradle\wrapper\dists\gradle-8.4-bin\1w5dpkrfk8irigvoxmyhowfim\gradle-8.4\lib\gradle-launcher-8.4.jar
Launcher Type: SUN_STANDARD

[Global flags]
     intx CICompilerCount                          = 4                                         {product} {ergonomic}
   size_t CompressedClassSpaceSize                 = 322961408                                 {product} {ergonomic}
     uint ConcGCThreads                            = 2                                         {product} {ergonomic}
     uint G1ConcRefinementThreads                  = 8                                         {product} {ergonomic}
   size_t G1HeapRegionSize                         = 1048576                                   {product} {ergonomic}
    uintx GCDrainStackTargetSize                   = 64                                        {product} {ergonomic}
     bool HeapDumpOnOutOfMemoryError               = true                                   {manageable} {command line}
   size_t InitialHeapSize                          = 268435456                                 {product} {command line}
   size_t MarkStackSize                            = 4194304                                   {product} {ergonomic}
   size_t MaxHeapSize                              = 536870912                                 {product} {command line}
   size_t MaxMetaspaceSize                         = 402653184                                 {product} {command line}
   size_t MaxNewSize                               = 321912832                                 {product} {ergonomic}
   size_t MinHeapDeltaBytes                        = 1048576                                   {product} {ergonomic}
   size_t MinHeapSize                              = 268435456                                 {product} {command line}
    uintx NonNMethodCodeHeapSize                   = 5839372                                {pd product} {ergonomic}
    uintx NonProfiledCodeHeapSize                  = 122909434                              {pd product} {ergonomic}
    uintx ProfiledCodeHeapSize                     = 122909434                              {pd product} {ergonomic}
    uintx ReservedCodeCacheSize                    = 251658240                              {pd product} {ergonomic}
     bool SegmentedCodeCache                       = true                                      {product} {ergonomic}
   size_t SoftMaxHeapSize                          = 536870912                              {manageable} {ergonomic}
     bool UseCompressedClassPointers               = true                           {product lp64_product} {ergonomic}
     bool UseCompressedOops                        = true                           {product lp64_product} {ergonomic}
     bool UseG1GC                                  = true                                      {product} {ergonomic}
     bool UseLargePagesIndividualAllocation        = false                                  {pd product} {ergonomic}

Logging:
Log output configuration:
 #0: stdout all=warning uptime,level,tags foldmultilines=false
 #1: stderr all=off uptime,level,tags foldmultilines=false

Environment Variables:
PATH=C:\Program Files\Common Files\Oracle\Java\javapath;C:\Program Files (x86)\Common Files\Oracle\Java\javapath;C:\ProgramData\Oracle\Java\javapath;C:\Program Files (x86)\NVIDIA Corporation\PhysX\Common;C:\Windows\system32;C:\Windows;C:\Windows\System32\Wbem;C:\Windows\System32\WindowsPowerShell\v1.0\;C:\Windows\System32\OpenSSH\;C:\Program Files (x86)\ZeroTier\One\;C:\Program Files\dotnet\;C:\Program Files\Git\cmd;C:\Program Files\Docker\Docker\resources\bin;C:\Program Files\nodejs\;C:\Users\savel\AppData\Local\Microsoft\WindowsApps;C:\Users\savel\AppData\Local\Programs\Microsoft VS Code\bin;C:\Users\savel\AppData\Local\GitHubDesktop\bin;C:\Users\savel\AppData\Local\gitkraken\bin;C:\Users\savel\AppData\Roaming\npm;C:\Users\savel\AppData\Local\JetBrains\Toolbox\scripts;
USERNAME=savel
OS=Windows_NT
PROCESSOR_IDENTIFIER=AMD64 Family 23 Model 96 Stepping 1, AuthenticAMD
TMP=C:\Users\savel\AppData\Local\Temp
TEMP=C:\Users\savel\AppData\Local\Temp



---------------  S Y S T E M  ---------------

OS:
 Windows 10 , 64 bit Build 19041 (10.0.19041.3636)
OS uptime: 6 days 3:35 hours
Hyper-V role detected

CPU: total 8 (initial active 8) (8 cores per cpu, 1 threads per core) family 23 model 96 stepping 1 microcode 0x0, cx8, cmov, fxsr, mmx, 3dnowpref, sse, sse2, sse3, ssse3, sse4a, sse4.1, sse4.2, popcnt, lzcnt, tsc, tscinvbit, avx, avx2, aes, clmul, bmi1, bmi2, adx, sha, fma, vzeroupper, clflush, clflushopt, hv, rdtscp, rdpid

Memory: 4k page, system-wide physical 15741M (3169M free)
TotalPageFile size 15741M (AvailPageFile size 3M)
current process WorkingSet (physical memory assigned to process): 190M, peak: 190M
current process commit charge ("private bytes"): 417M, peak: 418M

vm_info: Java HotSpot(TM) 64-Bit Server VM (19+36-2238) for windows-amd64 JRE (19+36-2238), built on 2022-08-12T20:29:01Z by "mach5one" with MS VC++ 17.1 (VS2022)

END.
